#
# There is insufficient memory for the Java Runtime Environment to continue.
# Native memory allocation (malloc) failed to allocate 1349776 bytes for Chunk::new
# Possible reasons:
#   The system is out of physical RAM or swap space
#   The process is running with CompressedOops enabled, and the Java Heap may be blocking the growth of the native heap
# Possible solutions:
#   Reduce memory load on the system
#   Increase physical memory or swap space
#   Check if swap backing store is full
#   Decrease Java heap size (-Xmx/-Xms)
#   Decrease number of Java threads
#   Decrease Java thread stack sizes (-Xss)
#   Set larger code cache with -XX:ReservedCodeCacheSize=
#   JVM is running with Unscaled Compressed Oops mode in which the Java heap is
#     placed in the first 4GB address space. The Java Heap base address is the
#     maximum limit for the native heap growth. Please use -XX:HeapBaseMinAddress
#     to set the Java Heap base and to place the Java Heap above 4GB virtual address.
# This output file may be truncated or incomplete.
#
#  Out of Memory Error (./src/hotspot/share/memory/arena.cpp:197), pid=11788, tid=8976
#
# JRE version: OpenJDK Runtime Environment (11.0.8+10) (build 11.0.8+10-b944.6842174)
# Java VM: OpenJDK 64-Bit Server VM (11.0.8+10-b944.6842174, mixed mode, tiered, compressed oops, g1 gc, windows-amd64)
# No core dump will be written. Minidumps are not enabled by default on client versions of Windows
#

---------------  S U M M A R Y ------------

Command Line: --add-opens=java.base/java.util=ALL-UNNAMED --add-opens=java.base/java.lang=ALL-UNNAMED --add-opens=java.base/java.lang.invoke=ALL-UNNAMED --add-opens=java.prefs/java.util.prefs=ALL-UNNAMED -Xmx2048m -Dfile.encoding=UTF-8 -Duser.country=CA -Duser.language=en -Duser.variant org.gradle.launcher.daemon.bootstrap.GradleDaemon 6.5

Host: Intel(R) Core(TM) i5-6200U CPU @ 2.30GHz, 4 cores, 7G,  Windows 10 , 64 bit Build 19041 (10.0.19041.1466)
Time: Wed Feb  2 14:03:30 2022 India Standard Time elapsed time: 1487 seconds (0d 0h 24m 47s)

---------------  T H R E A D  ---------------

Current thread (0x000002df9e6e2000):  JavaThread "C2 CompilerThread1" daemon [_thread_in_native, id=8976, stack(0x000000fd30400000,0x000000fd30500000)]


Current CompileTask:
C2:1487612 15247       4       org.gradle.api.internal.artifacts.transform.ConsumerProvidedResolvedVariant::startVisit (77 bytes)

Stack: [0x000000fd30400000,0x000000fd30500000]
Native frames: (J=compiled Java code, j=interpreted, Vv=VM code, C=native code)
V  [jvm.dll+0x5de50a]
V  [jvm.dll+0x7122f5]
V  [jvm.dll+0x71384d]
V  [jvm.dll+0x713f03]
V  [jvm.dll+0x23e728]
V  [jvm.dll+0xb899c]
V  [jvm.dll+0xb8e9c]
V  [jvm.dll+0x35020b]
V  [jvm.dll+0x193cbc]
V  [jvm.dll+0x1f780e]
V  [jvm.dll+0x1f68d4]
V  [jvm.dll+0x17f32c]
V  [jvm.dll+0x205047]
V  [jvm.dll+0x203891]
V  [jvm.dll+0x6dad3f]
V  [jvm.dll+0x6d3895]
V  [jvm.dll+0x5dd4a6]
C  [ucrtbase.dll+0x21bb2]
C  [KERNEL32.DLL+0x17034]
C  [ntdll.dll+0x52651]


---------------  P R O C E S S  ---------------

Threads class SMR info:
_java_thread_list=0x000002df9eb2b660, length=162, elements={
0x000002dffc3de800, 0x000002df95eba800, 0x000002df95ebc000, 0x000002df96852800,
0x000002df95ed2000, 0x000002df95ed5800, 0x000002df95f0b000, 0x000002df95f0e800,
0x000002df9697c800, 0x000002df969be000, 0x000002df97a7e000, 0x000002df9802a800,
0x000002df97814800, 0x000002df96aef800, 0x000002df96af3800, 0x000002df96af0000,
0x000002df96af5000, 0x000002df96a3e000, 0x000002df9bb7c800, 0x000002df9bb7a800,
0x000002df9bb80800, 0x000002df9bb7f000, 0x000002df9bb7f800, 0x000002df9bb81000,
0x000002df9bb7b800, 0x000002df9bb82000, 0x000002df9bb83000, 0x000002df9bb7d000,
0x000002df9bb7e000, 0x000002df9bb86000, 0x000002df9bb87000, 0x000002df9bb84800,
0x000002df9bb85800, 0x000002df9bb88800, 0x000002df9bb87800, 0x000002df9bb89800,
0x000002df9bb83800, 0x000002df96a3b000, 0x000002df96a41800, 0x000002df96a3b800,
0x000002df96a42800, 0x000002df96a3d800, 0x000002df96a3c800, 0x000002df96a48000,
0x000002df96a46800, 0x000002df96a49000, 0x000002df96a45800, 0x000002df96a47000,
0x000002df96a44000, 0x000002df96a44800, 0x000002df96a43000, 0x000002df96a49800,
0x000002df96af1000, 0x000002df96af2800, 0x000002df96af1800, 0x000002df96af4000,
0x000002df96aee800, 0x000002df9e2fe000, 0x000002df9e2fb800, 0x000002df9e2ff000,
0x000002df9e2fa000, 0x000002df9e2f9800, 0x000002df9e2fc800, 0x000002df9e2fd800,
0x000002df9e300800, 0x000002df9e300000, 0x000002df9e2fb000, 0x000002df9e306800,
0x000002df9e301800, 0x000002df9e305800, 0x000002df9e302000, 0x000002df9e307000,
0x000002df9e308000, 0x000002df9e303000, 0x000002df9e304000, 0x000002df9e304800,
0x000002df980e4800, 0x000002df980e0800, 0x000002df980e7000, 0x000002df980e5800,
0x000002df980e1800, 0x000002df980e2000, 0x000002df980e8800, 0x000002df980e6800,
0x000002df980e8000, 0x000002df980e3000, 0x000002df980e9800, 0x000002df980e4000,
0x000002df980ec000, 0x000002df980ea800, 0x000002df980ef800, 0x000002df980eb000,
0x000002df980ed000, 0x000002df980ed800, 0x000002df980ee800, 0x000002df9c748000,
0x000002df9c744000, 0x000002df9c747000, 0x000002df9c745800, 0x000002df9c749800,
0x000002df9c746000, 0x000002df9c748800, 0x000002df9c74a800, 0x000002df9c744800,
0x000002df9c751000, 0x000002df9c74b000, 0x000002df9c74f000, 0x000002df9c74c000,
0x000002df9c750000, 0x000002df9c751800, 0x000002df9c752800, 0x000002df9c74c800,
0x000002df9c74d800, 0x000002df9c74e800, 0x000002df9b360000, 0x000002df9b35e800,
0x000002df9b35f000, 0x000002df9b360800, 0x000002df9b362800, 0x000002df9b361800,
0x000002df9b35c800, 0x000002df9b363000, 0x000002df9b35d800, 0x000002df9b365800,
0x000002df9b366800, 0x000002df9b369800, 0x000002df9b364000, 0x000002df9b368000,
0x000002df9b367800, 0x000002df9b365000, 0x000002df9b369000, 0x000002df9b36a800,
0x000002df9b36b800, 0x000002df9b9d4800, 0x000002df9b9d0800, 0x000002df9b9d6000,
0x000002df9b9d2000, 0x000002df9b9d5000, 0x000002df9b9d7000, 0x000002df9b9d1000,
0x000002df9b9d7800, 0x000002df9b9d8800, 0x000002df9b9d3000, 0x000002df9b9d9800,
0x000002df9b9d3800, 0x000002df9b9da000, 0x000002df9b9db000, 0x000002df9b9db800,
0x000002df9b9dc800, 0x000002df9b9de000, 0x000002df9b9dd800, 0x000002df9e6e3000,
0x000002df9e6e6000, 0x000002df9e6e4000, 0x000002df9e6e5800, 0x000002df9e6e1800,
0x000002df9e6e8000, 0x000002df9e6e4800, 0x000002df9e6e8800, 0x000002df9e6ed000,
0x000002df9e6eb000, 0x000002df9e6e2000
}

Java Threads: ( => current thread )
  0x000002dffc3de800 JavaThread "main" [_thread_blocked, id=12792, stack(0x000000fd26100000,0x000000fd26200000)]
  0x000002df95eba800 JavaThread "Reference Handler" daemon [_thread_blocked, id=13060, stack(0x000000fd26800000,0x000000fd26900000)]
  0x000002df95ebc000 JavaThread "Finalizer" daemon [_thread_blocked, id=7640, stack(0x000000fd26900000,0x000000fd26a00000)]
  0x000002df96852800 JavaThread "Signal Dispatcher" daemon [_thread_blocked, id=13072, stack(0x000000fd26a00000,0x000000fd26b00000)]
  0x000002df95ed2000 JavaThread "Attach Listener" daemon [_thread_blocked, id=13124, stack(0x000000fd26b00000,0x000000fd26c00000)]
  0x000002df95ed5800 JavaThread "C2 CompilerThread0" daemon [_thread_in_native, id=1072, stack(0x000000fd26c00000,0x000000fd26d00000)]
  0x000002df95f0b000 JavaThread "C1 CompilerThread0" daemon [_thread_blocked, id=10712, stack(0x000000fd26d00000,0x000000fd26e00000)]
  0x000002df95f0e800 JavaThread "Sweeper thread" daemon [_thread_blocked, id=12760, stack(0x000000fd26e00000,0x000000fd26f00000)]
  0x000002df9697c800 JavaThread "Common-Cleaner" daemon [_thread_blocked, id=10716, stack(0x000000fd26f00000,0x000000fd27000000)]
  0x000002df969be000 JavaThread "Service Thread" daemon [_thread_blocked, id=12356, stack(0x000000fd27000000,0x000000fd27100000)]
  0x000002df97a7e000 JavaThread "Daemon health stats" [_thread_blocked, id=12336, stack(0x000000fd27400000,0x000000fd27500000)]
  0x000002df9802a800 JavaThread "Incoming local TCP Connector on port 52976" [_thread_in_native, id=12604, stack(0x000000fd27700000,0x000000fd27800000)]
  0x000002df97814800 JavaThread "Daemon periodic checks" [_thread_in_native, id=8188, stack(0x000000fd27800000,0x000000fd27900000)]
  0x000002df96aef800 JavaThread "Cache worker for journal cache (C:\Users\Jaswinder\.gradle\caches\journal-1)" [_thread_blocked, id=12344, stack(0x000000fd28000000,0x000000fd28100000)]
  0x000002df96af3800 JavaThread "File lock request listener" [_thread_in_native, id=13280, stack(0x000000fd28200000,0x000000fd28300000)]
  0x000002df96af0000 JavaThread "Cache worker for file hash cache (C:\Users\Jaswinder\.gradle\caches\6.5\fileHashes)" [_thread_blocked, id=11652, stack(0x000000fd28300000,0x000000fd28400000)]
  0x000002df96af5000 JavaThread "Cache worker for execution history cache (C:\Users\Jaswinder\.gradle\caches\6.5\executionHistory)" [_thread_blocked, id=5888, stack(0x000000fd28800000,0x000000fd28900000)]
  0x000002df96a3e000 JavaThread "Cache worker for file content cache (C:\Users\Jaswinder\.gradle\caches\6.5\fileContent)" [_thread_blocked, id=12472, stack(0x000000fd28b00000,0x000000fd28c00000)]
  0x000002df9bb7c800 JavaThread "Memory manager" [_thread_blocked, id=12480, stack(0x000000fd30200000,0x000000fd30300000)]
  0x000002df9bb7a800 JavaThread "Daemon Thread 3" [_thread_blocked, id=5032, stack(0x000000fd25f00000,0x000000fd26000000)]
  0x000002df9bb80800 JavaThread "Handler for socket connection from /127.0.0.1:52976 to /127.0.0.1:55791" [_thread_in_native, id=2288, stack(0x000000fd26000000,0x000000fd26100000)]
  0x000002df9bb7f000 JavaThread "Cancel handler" [_thread_blocked, id=4544, stack(0x000000fd27500000,0x000000fd27600000)]
  0x000002df9bb7f800 JavaThread "Daemon worker Thread 3" [_thread_blocked, id=2280, stack(0x000000fd27600000,0x000000fd27700000)]
  0x000002df9bb81000 JavaThread "Asynchronous log dispatcher for DefaultDaemonConnection: socket connection from /127.0.0.1:52976 to /127.0.0.1:55791" [_thread_blocked, id=5820, stack(0x000000fd27900000,0x000000fd27a00000)]
  0x000002df9bb7b800 JavaThread "Stdin handler" [_thread_blocked, id=5824, stack(0x000000fd27a00000,0x000000fd27b00000)]
  0x000002df9bb82000 JavaThread "Thread-282" [_thread_in_native, id=4028, stack(0x000000fd27b00000,0x000000fd27c00000)]
  0x000002df9bb83000 JavaThread "Cache worker for file hash cache (M:\Amu Data\workProject\daily-reporting-mobile-app-22\.gradle\6.5\fileHashes)" [_thread_blocked, id=5616, stack(0x000000fd27c00000,0x000000fd27d00000)]
  0x000002df9bb7d000 JavaThread "Cache worker for checksums cache (M:\Amu Data\workProject\daily-reporting-mobile-app-22\.gradle\checksums)" [_thread_blocked, id=632, stack(0x000000fd27d00000,0x000000fd27e00000)]
  0x000002df9bb7e000 JavaThread "Cache worker for cache directory md-supplier (C:\Users\Jaswinder\.gradle\caches\6.5\md-supplier)" [_thread_blocked, id=4260, stack(0x000000fd27e00000,0x000000fd27f00000)]
  0x000002df9bb86000 JavaThread "Cache worker for cache directory md-rule (C:\Users\Jaswinder\.gradle\caches\6.5\md-rule)" [_thread_blocked, id=5504, stack(0x000000fd27f00000,0x000000fd28000000)]
  0x000002df9bb87000 JavaThread "Build operations" [_thread_in_native, id=5916, stack(0x000000fd28400000,0x000000fd28500000)]
  0x000002df9bb84800 JavaThread "Build operations Thread 2" [_thread_in_native, id=5636, stack(0x000000fd28500000,0x000000fd28600000)]
  0x000002df9bb85800 JavaThread "Build operations Thread 3" [_thread_in_native, id=6956, stack(0x000000fd28600000,0x000000fd28700000)]
  0x000002df9bb88800 JavaThread "Build operations Thread 4" [_thread_blocked, id=6856, stack(0x000000fd28700000,0x000000fd28800000)]
  0x000002df9bb87800 JavaThread "jar transforms Thread 229" [_thread_blocked, id=11392, stack(0x000000fd28900000,0x000000fd28a00000)]
  0x000002df9bb89800 JavaThread "jar transforms Thread 230" [_thread_blocked, id=9500, stack(0x000000fd28a00000,0x000000fd28b00000)]
  0x000002df9bb83800 JavaThread "jar transforms Thread 231" [_thread_blocked, id=4808, stack(0x000000fd28c00000,0x000000fd28d00000)]
  0x000002df96a3b000 JavaThread "jar transforms Thread 232" [_thread_blocked, id=2080, stack(0x000000fd28d00000,0x000000fd28e00000)]
  0x000002df96a41800 JavaThread "jar transforms Thread 233" [_thread_blocked, id=5420, stack(0x000000fd28e00000,0x000000fd28f00000)]
  0x000002df96a3b800 JavaThread "jar transforms Thread 234" [_thread_blocked, id=10032, stack(0x000000fd28f00000,0x000000fd29000000)]
  0x000002df96a42800 JavaThread "jar transforms Thread 235" [_thread_blocked, id=13032, stack(0x000000fd29000000,0x000000fd29100000)]
  0x000002df96a3d800 JavaThread "jar transforms Thread 236" [_thread_blocked, id=9564, stack(0x000000fd29100000,0x000000fd29200000)]
  0x000002df96a3c800 JavaThread "jar transforms Thread 237" [_thread_blocked, id=10000, stack(0x000000fd29200000,0x000000fd29300000)]
  0x000002df96a48000 JavaThread "jar transforms Thread 238" [_thread_blocked, id=13208, stack(0x000000fd29300000,0x000000fd29400000)]
  0x000002df96a46800 JavaThread "jar transforms Thread 239" [_thread_blocked, id=9680, stack(0x000000fd29400000,0x000000fd29500000)]
  0x000002df96a49000 JavaThread "jar transforms Thread 240" [_thread_blocked, id=1944, stack(0x000000fd29500000,0x000000fd29600000)]
  0x000002df96a45800 JavaThread "jar transforms Thread 241" [_thread_blocked, id=5484, stack(0x000000fd29600000,0x000000fd29700000)]
  0x000002df96a47000 JavaThread "jar transforms Thread 242" [_thread_blocked, id=2140, stack(0x000000fd29700000,0x000000fd29800000)]
  0x000002df96a44000 JavaThread "jar transforms Thread 243" [_thread_blocked, id=12096, stack(0x000000fd29800000,0x000000fd29900000)]
  0x000002df96a44800 JavaThread "jar transforms Thread 244" [_thread_blocked, id=8996, stack(0x000000fd29900000,0x000000fd29a00000)]
  0x000002df96a43000 JavaThread "jar transforms Thread 245" [_thread_blocked, id=8340, stack(0x000000fd29a00000,0x000000fd29b00000)]
  0x000002df96a49800 JavaThread "jar transforms Thread 246" [_thread_blocked, id=8616, stack(0x000000fd29b00000,0x000000fd29c00000)]
  0x000002df96af1000 JavaThread "jar transforms Thread 247" [_thread_blocked, id=12144, stack(0x000000fd29c00000,0x000000fd29d00000)]
  0x000002df96af2800 JavaThread "jar transforms Thread 248" [_thread_blocked, id=2724, stack(0x000000fd29d00000,0x000000fd29e00000)]
  0x000002df96af1800 JavaThread "jar transforms Thread 249" [_thread_blocked, id=10296, stack(0x000000fd29e00000,0x000000fd29f00000)]
  0x000002df96af4000 JavaThread "jar transforms Thread 250" [_thread_blocked, id=11148, stack(0x000000fd29f00000,0x000000fd2a000000)]
  0x000002df96aee800 JavaThread "jar transforms Thread 251" [_thread_blocked, id=1980, stack(0x000000fd2a000000,0x000000fd2a100000)]
  0x000002df9e2fe000 JavaThread "jar transforms Thread 252" [_thread_blocked, id=12492, stack(0x000000fd2a100000,0x000000fd2a200000)]
  0x000002df9e2fb800 JavaThread "jar transforms Thread 253" [_thread_blocked, id=2368, stack(0x000000fd2a200000,0x000000fd2a300000)]
  0x000002df9e2ff000 JavaThread "jar transforms Thread 254" [_thread_blocked, id=13008, stack(0x000000fd2a300000,0x000000fd2a400000)]
  0x000002df9e2fa000 JavaThread "jar transforms Thread 255" [_thread_blocked, id=12964, stack(0x000000fd2a400000,0x000000fd2a500000)]
  0x000002df9e2f9800 JavaThread "jar transforms Thread 256" [_thread_blocked, id=13036, stack(0x000000fd2a500000,0x000000fd2a600000)]
  0x000002df9e2fc800 JavaThread "jar transforms Thread 257" [_thread_blocked, id=12708, stack(0x000000fd2a600000,0x000000fd2a700000)]
  0x000002df9e2fd800 JavaThread "jar transforms Thread 258" [_thread_blocked, id=7988, stack(0x000000fd2a700000,0x000000fd2a800000)]
  0x000002df9e300800 JavaThread "jar transforms Thread 259" [_thread_blocked, id=7256, stack(0x000000fd2a800000,0x000000fd2a900000)]
  0x000002df9e300000 JavaThread "jar transforms Thread 260" [_thread_blocked, id=12800, stack(0x000000fd2a900000,0x000000fd2aa00000)]
  0x000002df9e2fb000 JavaThread "jar transforms Thread 261" [_thread_blocked, id=10964, stack(0x000000fd2aa00000,0x000000fd2ab00000)]
  0x000002df9e306800 JavaThread "jar transforms Thread 262" [_thread_blocked, id=8680, stack(0x000000fd2ab00000,0x000000fd2ac00000)]
  0x000002df9e301800 JavaThread "jar transforms Thread 263" [_thread_blocked, id=11572, stack(0x000000fd2ac00000,0x000000fd2ad00000)]
  0x000002df9e305800 JavaThread "jar transforms Thread 264" [_thread_blocked, id=12988, stack(0x000000fd2ad00000,0x000000fd2ae00000)]
  0x000002df9e302000 JavaThread "jar transforms Thread 265" [_thread_blocked, id=12744, stack(0x000000fd2ae00000,0x000000fd2af00000)]
  0x000002df9e307000 JavaThread "jar transforms Thread 266" [_thread_blocked, id=12736, stack(0x000000fd2af00000,0x000000fd2b000000)]
  0x000002df9e308000 JavaThread "jar transforms Thread 267" [_thread_blocked, id=10428, stack(0x000000fd2b000000,0x000000fd2b100000)]
  0x000002df9e303000 JavaThread "jar transforms Thread 268" [_thread_blocked, id=2708, stack(0x000000fd2b100000,0x000000fd2b200000)]
  0x000002df9e304000 JavaThread "jar transforms Thread 269" [_thread_blocked, id=1660, stack(0x000000fd2b200000,0x000000fd2b300000)]
  0x000002df9e304800 JavaThread "jar transforms Thread 270" [_thread_blocked, id=11516, stack(0x000000fd2b300000,0x000000fd2b400000)]
  0x000002df980e4800 JavaThread "jar transforms Thread 271" [_thread_blocked, id=7680, stack(0x000000fd2b400000,0x000000fd2b500000)]
  0x000002df980e0800 JavaThread "jar transforms Thread 272" [_thread_blocked, id=9916, stack(0x000000fd2b500000,0x000000fd2b600000)]
  0x000002df980e7000 JavaThread "jar transforms Thread 273" [_thread_blocked, id=10740, stack(0x000000fd2b600000,0x000000fd2b700000)]
  0x000002df980e5800 JavaThread "jar transforms Thread 274" [_thread_blocked, id=12640, stack(0x000000fd2b700000,0x000000fd2b800000)]
  0x000002df980e1800 JavaThread "jar transforms Thread 275" [_thread_blocked, id=5612, stack(0x000000fd2b800000,0x000000fd2b900000)]
  0x000002df980e2000 JavaThread "jar transforms Thread 276" [_thread_blocked, id=1280, stack(0x000000fd2b900000,0x000000fd2ba00000)]
  0x000002df980e8800 JavaThread "jar transforms Thread 277" [_thread_blocked, id=10800, stack(0x000000fd2ba00000,0x000000fd2bb00000)]
  0x000002df980e6800 JavaThread "jar transforms Thread 278" [_thread_blocked, id=10596, stack(0x000000fd2bb00000,0x000000fd2bc00000)]
  0x000002df980e8000 JavaThread "jar transforms Thread 279" [_thread_blocked, id=7176, stack(0x000000fd2bc00000,0x000000fd2bd00000)]
  0x000002df980e3000 JavaThread "jar transforms Thread 280" [_thread_blocked, id=11868, stack(0x000000fd2bd00000,0x000000fd2be00000)]
  0x000002df980e9800 JavaThread "jar transforms Thread 281" [_thread_blocked, id=8744, stack(0x000000fd2be00000,0x000000fd2bf00000)]
  0x000002df980e4000 JavaThread "jar transforms Thread 282" [_thread_blocked, id=4596, stack(0x000000fd2bf00000,0x000000fd2c000000)]
  0x000002df980ec000 JavaThread "jar transforms Thread 283" [_thread_blocked, id=10204, stack(0x000000fd2c000000,0x000000fd2c100000)]
  0x000002df980ea800 JavaThread "jar transforms Thread 284" [_thread_blocked, id=12444, stack(0x000000fd2c100000,0x000000fd2c200000)]
  0x000002df980ef800 JavaThread "jar transforms Thread 285" [_thread_blocked, id=11708, stack(0x000000fd2c200000,0x000000fd2c300000)]
  0x000002df980eb000 JavaThread "jar transforms Thread 286" [_thread_blocked, id=9940, stack(0x000000fd2c300000,0x000000fd2c400000)]
  0x000002df980ed000 JavaThread "jar transforms Thread 287" [_thread_blocked, id=12628, stack(0x000000fd2c400000,0x000000fd2c500000)]
  0x000002df980ed800 JavaThread "jar transforms Thread 288" [_thread_blocked, id=10028, stack(0x000000fd2c500000,0x000000fd2c600000)]
  0x000002df980ee800 JavaThread "jar transforms Thread 289" [_thread_blocked, id=12972, stack(0x000000fd2c600000,0x000000fd2c700000)]
  0x000002df9c748000 JavaThread "jar transforms Thread 290" [_thread_blocked, id=6344, stack(0x000000fd2c700000,0x000000fd2c800000)]
  0x000002df9c744000 JavaThread "jar transforms Thread 291" [_thread_blocked, id=1364, stack(0x000000fd2c800000,0x000000fd2c900000)]
  0x000002df9c747000 JavaThread "jar transforms Thread 292" [_thread_blocked, id=7064, stack(0x000000fd2c900000,0x000000fd2ca00000)]
  0x000002df9c745800 JavaThread "jar transforms Thread 293" [_thread_blocked, id=10860, stack(0x000000fd2ca00000,0x000000fd2cb00000)]
  0x000002df9c749800 JavaThread "jar transforms Thread 294" [_thread_blocked, id=11992, stack(0x000000fd2cb00000,0x000000fd2cc00000)]
  0x000002df9c746000 JavaThread "jar transforms Thread 295" [_thread_blocked, id=4832, stack(0x000000fd2cc00000,0x000000fd2cd00000)]
  0x000002df9c748800 JavaThread "jar transforms Thread 296" [_thread_blocked, id=7252, stack(0x000000fd2cd00000,0x000000fd2ce00000)]
  0x000002df9c74a800 JavaThread "jar transforms Thread 297" [_thread_blocked, id=3692, stack(0x000000fd2ce00000,0x000000fd2cf00000)]
  0x000002df9c744800 JavaThread "jar transforms Thread 298" [_thread_blocked, id=12524, stack(0x000000fd2cf00000,0x000000fd2d000000)]
  0x000002df9c751000 JavaThread "jar transforms Thread 299" [_thread_blocked, id=12424, stack(0x000000fd2d000000,0x000000fd2d100000)]
  0x000002df9c74b000 JavaThread "jar transforms Thread 300" [_thread_blocked, id=6652, stack(0x000000fd2d100000,0x000000fd2d200000)]
  0x000002df9c74f000 JavaThread "jar transforms Thread 301" [_thread_blocked, id=2392, stack(0x000000fd2d200000,0x000000fd2d300000)]
  0x000002df9c74c000 JavaThread "jar transforms Thread 302" [_thread_blocked, id=11936, stack(0x000000fd2d300000,0x000000fd2d400000)]
  0x000002df9c750000 JavaThread "jar transforms Thread 303" [_thread_blocked, id=3804, stack(0x000000fd2d400000,0x000000fd2d500000)]
  0x000002df9c751800 JavaThread "jar transforms Thread 304" [_thread_blocked, id=1680, stack(0x000000fd2d500000,0x000000fd2d600000)]
  0x000002df9c752800 JavaThread "jar transforms Thread 305" [_thread_blocked, id=10984, stack(0x000000fd2d600000,0x000000fd2d700000)]
  0x000002df9c74c800 JavaThread "jar transforms Thread 306" [_thread_blocked, id=960, stack(0x000000fd2d700000,0x000000fd2d800000)]
  0x000002df9c74d800 JavaThread "jar transforms Thread 307" [_thread_blocked, id=8696, stack(0x000000fd2d800000,0x000000fd2d900000)]
  0x000002df9c74e800 JavaThread "jar transforms Thread 308" [_thread_blocked, id=5256, stack(0x000000fd2d900000,0x000000fd2da00000)]
  0x000002df9b360000 JavaThread "jar transforms Thread 309" [_thread_blocked, id=1992, stack(0x000000fd2da00000,0x000000fd2db00000)]
  0x000002df9b35e800 JavaThread "jar transforms Thread 310" [_thread_blocked, id=4184, stack(0x000000fd2db00000,0x000000fd2dc00000)]
  0x000002df9b35f000 JavaThread "jar transforms Thread 311" [_thread_blocked, id=9652, stack(0x000000fd2dc00000,0x000000fd2dd00000)]
  0x000002df9b360800 JavaThread "jar transforms Thread 312" [_thread_blocked, id=7592, stack(0x000000fd2dd00000,0x000000fd2de00000)]
  0x000002df9b362800 JavaThread "jar transforms Thread 313" [_thread_blocked, id=7588, stack(0x000000fd2de00000,0x000000fd2df00000)]
  0x000002df9b361800 JavaThread "jar transforms Thread 314" [_thread_blocked, id=12684, stack(0x000000fd2df00000,0x000000fd2e000000)]
  0x000002df9b35c800 JavaThread "jar transforms Thread 315" [_thread_blocked, id=12512, stack(0x000000fd2e000000,0x000000fd2e100000)]
  0x000002df9b363000 JavaThread "jar transforms Thread 316" [_thread_blocked, id=3784, stack(0x000000fd2e100000,0x000000fd2e200000)]
  0x000002df9b35d800 JavaThread "jar transforms Thread 317" [_thread_blocked, id=2816, stack(0x000000fd2e200000,0x000000fd2e300000)]
  0x000002df9b365800 JavaThread "jar transforms Thread 318" [_thread_blocked, id=11208, stack(0x000000fd2e300000,0x000000fd2e400000)]
  0x000002df9b366800 JavaThread "jar transforms Thread 319" [_thread_blocked, id=7272, stack(0x000000fd2e400000,0x000000fd2e500000)]
  0x000002df9b369800 JavaThread "jar transforms Thread 320" [_thread_blocked, id=9300, stack(0x000000fd2e500000,0x000000fd2e600000)]
  0x000002df9b364000 JavaThread "jar transforms Thread 321" [_thread_blocked, id=7200, stack(0x000000fd2e600000,0x000000fd2e700000)]
  0x000002df9b368000 JavaThread "jar transforms Thread 322" [_thread_blocked, id=4632, stack(0x000000fd2e700000,0x000000fd2e800000)]
  0x000002df9b367800 JavaThread "jar transforms Thread 323" [_thread_blocked, id=7292, stack(0x000000fd2e800000,0x000000fd2e900000)]
  0x000002df9b365000 JavaThread "jar transforms Thread 324" [_thread_blocked, id=9780, stack(0x000000fd2e900000,0x000000fd2ea00000)]
  0x000002df9b369000 JavaThread "jar transforms Thread 325" [_thread_blocked, id=7460, stack(0x000000fd2ea00000,0x000000fd2eb00000)]
  0x000002df9b36a800 JavaThread "jar transforms Thread 326" [_thread_blocked, id=9268, stack(0x000000fd2eb00000,0x000000fd2ec00000)]
  0x000002df9b36b800 JavaThread "jar transforms Thread 327" [_thread_blocked, id=13188, stack(0x000000fd2ec00000,0x000000fd2ed00000)]
  0x000002df9b9d4800 JavaThread "jar transforms Thread 328" [_thread_blocked, id=9896, stack(0x000000fd2ed00000,0x000000fd2ee00000)]
  0x000002df9b9d0800 JavaThread "jar transforms Thread 329" [_thread_blocked, id=10680, stack(0x000000fd2ee00000,0x000000fd2ef00000)]
  0x000002df9b9d6000 JavaThread "jar transforms Thread 330" [_thread_blocked, id=1988, stack(0x000000fd2ef00000,0x000000fd2f000000)]
  0x000002df9b9d2000 JavaThread "jar transforms Thread 331" [_thread_blocked, id=5240, stack(0x000000fd2f000000,0x000000fd2f100000)]
  0x000002df9b9d5000 JavaThread "jar transforms Thread 332" [_thread_blocked, id=11492, stack(0x000000fd2f100000,0x000000fd2f200000)]
  0x000002df9b9d7000 JavaThread "jar transforms Thread 333" [_thread_blocked, id=7944, stack(0x000000fd2f200000,0x000000fd2f300000)]
  0x000002df9b9d1000 JavaThread "jar transforms Thread 334" [_thread_blocked, id=10864, stack(0x000000fd2f300000,0x000000fd2f400000)]
  0x000002df9b9d7800 JavaThread "jar transforms Thread 335" [_thread_blocked, id=9196, stack(0x000000fd2f400000,0x000000fd2f500000)]
  0x000002df9b9d8800 JavaThread "jar transforms Thread 336" [_thread_blocked, id=8728, stack(0x000000fd2f500000,0x000000fd2f600000)]
  0x000002df9b9d3000 JavaThread "jar transforms Thread 337" [_thread_blocked, id=11188, stack(0x000000fd2f600000,0x000000fd2f700000)]
  0x000002df9b9d9800 JavaThread "jar transforms Thread 338" [_thread_blocked, id=9832, stack(0x000000fd2f700000,0x000000fd2f800000)]
  0x000002df9b9d3800 JavaThread "jar transforms Thread 339" [_thread_blocked, id=12104, stack(0x000000fd2f800000,0x000000fd2f900000)]
  0x000002df9b9da000 JavaThread "jar transforms Thread 340" [_thread_blocked, id=420, stack(0x000000fd2f900000,0x000000fd2fa00000)]
  0x000002df9b9db000 JavaThread "jar transforms Thread 341" [_thread_blocked, id=13120, stack(0x000000fd2fa00000,0x000000fd2fb00000)]
  0x000002df9b9db800 JavaThread "jar transforms Thread 342" [_thread_blocked, id=12824, stack(0x000000fd2fb00000,0x000000fd2fc00000)]
  0x000002df9b9dc800 JavaThread "Cache worker for Build Output Cleanup Cache (M:\Amu Data\workProject\daily-reporting-mobile-app-22\.gradle\buildOutputCleanup)" [_thread_blocked, id=4872, stack(0x000000fd2fc00000,0x000000fd2fd00000)]
  0x000002df9b9de000 JavaThread "Cache worker for file content cache (M:\Amu Data\workProject\daily-reporting-mobile-app-22\.gradle\6.5\fileContent)" [_thread_blocked, id=4472, stack(0x000000fd2fe00000,0x000000fd2ff00000)]
  0x000002df9b9dd800 JavaThread "Execution worker for ':'" [_thread_blocked, id=5048, stack(0x000000fd2ff00000,0x000000fd30000000)]
  0x000002df9e6e3000 JavaThread "Execution worker for ':' Thread 2" [_thread_in_native, id=8408, stack(0x000000fd30000000,0x000000fd30100000)]
  0x000002df9e6e6000 JavaThread "Execution worker for ':' Thread 3" [_thread_blocked, id=12836, stack(0x000000fd30100000,0x000000fd30200000)]
  0x000002df9e6e4000 JavaThread "Cache worker for execution history cache (M:\Amu Data\workProject\daily-reporting-mobile-app-22\.gradle\6.5\executionHistory)" [_thread_blocked, id=12488, stack(0x000000fd30300000,0x000000fd30400000)]
  0x000002df9e6e5800 JavaThread "RMI Scheduler(0)" daemon [_thread_blocked, id=12856, stack(0x000000fd2fd00000,0x000000fd2fe00000)]
  0x000002df9e6e1800 JavaThread "RMI GC Daemon" daemon [_thread_blocked, id=1496, stack(0x000000fd30500000,0x000000fd30600000)]
  0x000002df9e6e8000 JavaThread "RMI TCP Accept-0" daemon [_thread_in_native, id=13116, stack(0x000000fd30600000,0x000000fd30700000)]
  0x000002df9e6e4800 JavaThread "RMI Reaper" [_thread_blocked, id=9776, stack(0x000000fd30700000,0x000000fd30800000)]
  0x000002df9e6e8800 JavaThread "RMI TCP Connection(idle)" daemon [_thread_blocked, id=3320, stack(0x000000fd30900000,0x000000fd30a00000)]
  0x000002df9e6ed000 JavaThread "Cache worker for Java compile cache (C:\Users\Jaswinder\.gradle\caches\6.5\javaCompile)" [_thread_blocked, id=5448, stack(0x000000fd30a00000,0x000000fd30b00000)]
  0x000002df9e6eb000 JavaThread "Cache worker for Java compile cache (M:\Amu Data\workProject\daily-reporting-mobile-app-22\.gradle\6.5\javaCompile)" [_thread_blocked, id=8492, stack(0x000000fd30b00000,0x000000fd30c00000)]
=>0x000002df9e6e2000 JavaThread "C2 CompilerThread1" daemon [_thread_in_native, id=8976, stack(0x000000fd30400000,0x000000fd30500000)]

Other Threads:
  0x000002df95eb2000 VMThread "VM Thread" [stack: 0x000000fd26700000,0x000000fd26800000] [id=1076]
  0x000002df969bf800 WatcherThread [stack: 0x000000fd27100000,0x000000fd27200000] [id=12328]
  0x000002dffc3f2000 GCTaskThread "GC Thread#0" [stack: 0x000000fd26200000,0x000000fd26300000] [id=10220]
  0x000002df97127000 GCTaskThread "GC Thread#1" [stack: 0x000000fd27200000,0x000000fd27300000] [id=3848]
  0x000002df97127800 GCTaskThread "GC Thread#2" [stack: 0x000000fd27300000,0x000000fd27400000] [id=3340]
  0x000002df97ddf800 GCTaskThread "GC Thread#3" [stack: 0x000000fd28100000,0x000000fd28200000] [id=12820]
  0x000002dffc423000 ConcurrentGCThread "G1 Main Marker" [stack: 0x000000fd26300000,0x000000fd26400000] [id=12680]
  0x000002dffc425000 ConcurrentGCThread "G1 Conc#0" [stack: 0x000000fd26400000,0x000000fd26500000] [id=13040]
  0x000002dffc4b3800 ConcurrentGCThread "G1 Refine#0" [stack: 0x000000fd26500000,0x000000fd26600000] [id=13220]
  0x000002dffc4b4800 ConcurrentGCThread "G1 Young RemSet Sampling" [stack: 0x000000fd26600000,0x000000fd26700000] [id=6584]

Threads with active compile tasks:
C2 CompilerThread01487734 15246       4       org.gradle.internal.vfs.impl.DefaultVirtualFileSystem::snapshot (186 bytes)
C2 CompilerThread11487734 15247       4       org.gradle.api.internal.artifacts.transform.ConsumerProvidedResolvedVariant::startVisit (77 bytes)

VM state:not at safepoint (normal execution)

VM Mutex/Monitor currently owned by a thread: None

Heap address: 0x0000000080000000, size: 2048 MB, Compressed Oops mode: 32-bit
Narrow klass base: 0x0000000000000000, Narrow klass shift: 3
Compressed class space size: 1073741824 Address: 0x0000000100000000

Heap:
 garbage-first heap   total 155648K, used 111317K [0x0000000080000000, 0x0000000100000000)
  region size 1024K, 5 young (5120K), 2 survivors (2048K)
 Metaspace       used 99527K, capacity 101912K, committed 101968K, reserved 1138688K
  class space    used 12366K, capacity 13273K, committed 13312K, reserved 1048576K
Heap Regions: E=young(eden), S=young(survivor), O=old, HS=humongous(starts), HC=humongous(continues), CS=collection set, F=free, A=archive, TAMS=top-at-mark-start (previous, next)
|   0|0x0000000080000000, 0x0000000080100000, 0x0000000080100000|100%| O|  |TAMS 0x0000000080100000, 0x0000000080000000| Untracked 
|   1|0x0000000080100000, 0x0000000080200000, 0x0000000080200000|100%| O|  |TAMS 0x0000000080200000, 0x0000000080100000| Untracked 
|   2|0x0000000080200000, 0x0000000080300000, 0x0000000080300000|100%| O|  |TAMS 0x0000000080300000, 0x0000000080200000| Untracked 
|   3|0x0000000080300000, 0x0000000080400000, 0x0000000080400000|100%|HS|  |TAMS 0x0000000080400000, 0x0000000080300000| Complete 
|   4|0x0000000080400000, 0x0000000080500000, 0x0000000080500000|100%|HC|  |TAMS 0x0000000080500000, 0x0000000080400000| Complete 
|   5|0x0000000080500000, 0x0000000080600000, 0x0000000080600000|100%|HC|  |TAMS 0x0000000080600000, 0x0000000080500000| Complete 
|   6|0x0000000080600000, 0x0000000080700000, 0x0000000080700000|100%| O|  |TAMS 0x0000000080700000, 0x0000000080600000| Untracked 
|   7|0x0000000080700000, 0x0000000080800000, 0x0000000080800000|100%| O|  |TAMS 0x0000000080800000, 0x0000000080700000| Untracked 
|   8|0x0000000080800000, 0x0000000080900000, 0x0000000080900000|100%| O|  |TAMS 0x0000000080900000, 0x0000000080800000| Untracked 
|   9|0x0000000080900000, 0x0000000080a00000, 0x0000000080a00000|100%| O|  |TAMS 0x0000000080a00000, 0x0000000080900000| Untracked 
|  10|0x0000000080a00000, 0x0000000080b00000, 0x0000000080b00000|100%| O|  |TAMS 0x0000000080b00000, 0x0000000080a00000| Untracked 
|  11|0x0000000080b00000, 0x0000000080c00000, 0x0000000080c00000|100%| O|  |TAMS 0x0000000080c00000, 0x0000000080b00000| Untracked 
|  12|0x0000000080c00000, 0x0000000080d00000, 0x0000000080d00000|100%| O|  |TAMS 0x0000000080d00000, 0x0000000080c00000| Untracked 
|  13|0x0000000080d00000, 0x0000000080e00000, 0x0000000080e00000|100%| O|  |TAMS 0x0000000080e00000, 0x0000000080d00000| Untracked 
|  14|0x0000000080e00000, 0x0000000080f00000, 0x0000000080f00000|100%| O|  |TAMS 0x0000000080f00000, 0x0000000080e00000| Untracked 
|  15|0x0000000080f00000, 0x0000000081000000, 0x0000000081000000|100%| O|  |TAMS 0x0000000081000000, 0x0000000080f00000| Untracked 
|  16|0x0000000081000000, 0x0000000081100000, 0x0000000081100000|100%| O|  |TAMS 0x0000000081100000, 0x0000000081000000| Untracked 
|  17|0x0000000081100000, 0x0000000081200000, 0x0000000081200000|100%| O|  |TAMS 0x0000000081200000, 0x0000000081100000| Untracked 
|  18|0x0000000081200000, 0x0000000081300000, 0x0000000081300000|100%| O|  |TAMS 0x0000000081300000, 0x0000000081200000| Complete 
|  19|0x0000000081300000, 0x0000000081400000, 0x0000000081400000|100%| O|  |TAMS 0x0000000081400000, 0x0000000081300000| Complete 
|  20|0x0000000081400000, 0x0000000081500000, 0x0000000081500000|100%| O|  |TAMS 0x0000000081500000, 0x0000000081400000| Complete 
|  21|0x0000000081500000, 0x0000000081600000, 0x0000000081600000|100%|HS|  |TAMS 0x0000000081600000, 0x0000000081500000| Complete 
|  22|0x0000000081600000, 0x0000000081700000, 0x0000000081700000|100%|HS|  |TAMS 0x0000000081700000, 0x0000000081600000| Complete 
|  23|0x0000000081700000, 0x0000000081800000, 0x0000000081800000|100%|HC|  |TAMS 0x0000000081800000, 0x0000000081700000| Complete 
|  24|0x0000000081800000, 0x0000000081900000, 0x0000000081900000|100%|HC|  |TAMS 0x0000000081900000, 0x0000000081800000| Complete 
|  25|0x0000000081900000, 0x0000000081a00000, 0x0000000081a00000|100%|HS|  |TAMS 0x0000000081a00000, 0x0000000081900000| Complete 
|  26|0x0000000081a00000, 0x0000000081b00000, 0x0000000081b00000|100%|HC|  |TAMS 0x0000000081b00000, 0x0000000081a00000| Complete 
|  27|0x0000000081b00000, 0x0000000081c00000, 0x0000000081c00000|100%| O|  |TAMS 0x0000000081c00000, 0x0000000081b00000| Untracked 
|  28|0x0000000081c00000, 0x0000000081d00000, 0x0000000081d00000|100%| O|  |TAMS 0x0000000081d00000, 0x0000000081c00000| Untracked 
|  29|0x0000000081d00000, 0x0000000081e00000, 0x0000000081e00000|100%| O|  |TAMS 0x0000000081e00000, 0x0000000081d00000| Untracked 
|  30|0x0000000081e00000, 0x0000000081f00000, 0x0000000081f00000|100%| O|  |TAMS 0x0000000081f00000, 0x0000000081e00000| Untracked 
|  31|0x0000000081f00000, 0x0000000082000000, 0x0000000082000000|100%| O|  |TAMS 0x0000000082000000, 0x0000000081f00000| Complete 
|  32|0x0000000082000000, 0x0000000082100000, 0x0000000082100000|100%| O|  |TAMS 0x0000000082100000, 0x0000000082000000| Complete 
|  33|0x0000000082100000, 0x0000000082200000, 0x0000000082200000|100%| O|  |TAMS 0x0000000082200000, 0x0000000082100000| Complete 
|  34|0x0000000082200000, 0x0000000082300000, 0x0000000082300000|100%| O|  |TAMS 0x0000000082300000, 0x0000000082200000| Untracked 
|  35|0x0000000082300000, 0x0000000082400000, 0x0000000082400000|100%| O|  |TAMS 0x0000000082400000, 0x0000000082300000| Untracked 
|  36|0x0000000082400000, 0x0000000082500000, 0x0000000082500000|100%| O|  |TAMS 0x0000000082500000, 0x0000000082400000| Untracked 
|  37|0x0000000082500000, 0x0000000082600000, 0x0000000082600000|100%| O|  |TAMS 0x0000000082600000, 0x0000000082500000| Untracked 
|  38|0x0000000082600000, 0x0000000082700000, 0x0000000082700000|100%| O|  |TAMS 0x0000000082700000, 0x0000000082600000| Untracked 
|  39|0x0000000082700000, 0x0000000082800000, 0x0000000082800000|100%| O|  |TAMS 0x0000000082800000, 0x0000000082700000| Untracked 
|  40|0x0000000082800000, 0x0000000082900000, 0x0000000082900000|100%| O|  |TAMS 0x0000000082900000, 0x0000000082800000| Untracked 
|  41|0x0000000082900000, 0x0000000082a00000, 0x0000000082a00000|100%| O|  |TAMS 0x0000000082a00000, 0x0000000082900000| Complete 
|  42|0x0000000082a00000, 0x0000000082b00000, 0x0000000082b00000|100%| O|  |TAMS 0x0000000082b00000, 0x0000000082a00000| Untracked 
|  43|0x0000000082b00000, 0x0000000082c00000, 0x0000000082c00000|100%| O|  |TAMS 0x0000000082c00000, 0x0000000082b00000| Untracked 
|  44|0x0000000082c00000, 0x0000000082d00000, 0x0000000082d00000|100%| O|  |TAMS 0x0000000082d00000, 0x0000000082c00000| Untracked 
|  45|0x0000000082d00000, 0x0000000082e00000, 0x0000000082e00000|100%| O|  |TAMS 0x0000000082e00000, 0x0000000082d00000| Untracked 
|  46|0x0000000082e00000, 0x0000000082f00000, 0x0000000082f00000|100%| O|  |TAMS 0x0000000082f00000, 0x0000000082e00000| Untracked 
|  47|0x0000000082f00000, 0x0000000083000000, 0x0000000083000000|100%| O|  |TAMS 0x0000000083000000, 0x0000000082f00000| Complete 
|  48|0x0000000083000000, 0x0000000083100000, 0x0000000083100000|100%| O|  |TAMS 0x0000000083100000, 0x0000000083000000| Complete 
|  49|0x0000000083100000, 0x0000000083200000, 0x0000000083200000|100%| O|  |TAMS 0x0000000083200000, 0x0000000083100000| Untracked 
|  50|0x0000000083200000, 0x0000000083300000, 0x0000000083300000|100%| O|  |TAMS 0x0000000083300000, 0x0000000083200000| Untracked 
|  51|0x0000000083300000, 0x0000000083400000, 0x0000000083400000|100%| O|  |TAMS 0x0000000083400000, 0x0000000083300000| Untracked 
|  52|0x0000000083400000, 0x0000000083500000, 0x0000000083500000|100%| O|  |TAMS 0x0000000083500000, 0x0000000083400000| Complete 
|  53|0x0000000083500000, 0x0000000083600000, 0x0000000083600000|100%| O|  |TAMS 0x0000000083600000, 0x0000000083500000| Complete 
|  54|0x0000000083600000, 0x0000000083700000, 0x0000000083700000|100%| O|  |TAMS 0x0000000083700000, 0x0000000083600000| Complete 
|  55|0x0000000083700000, 0x0000000083800000, 0x0000000083800000|100%| O|  |TAMS 0x0000000083800000, 0x0000000083700000| Complete 
|  56|0x0000000083800000, 0x0000000083900000, 0x0000000083900000|100%| O|  |TAMS 0x0000000083900000, 0x0000000083800000| Complete 
|  57|0x0000000083900000, 0x0000000083a00000, 0x0000000083a00000|100%| O|  |TAMS 0x0000000083a00000, 0x0000000083900000| Complete 
|  58|0x0000000083a00000, 0x0000000083b00000, 0x0000000083b00000|100%| O|  |TAMS 0x0000000083b00000, 0x0000000083a00000| Complete 
|  59|0x0000000083b00000, 0x0000000083c00000, 0x0000000083c00000|100%| O|  |TAMS 0x0000000083c00000, 0x0000000083b00000| Untracked 
|  60|0x0000000083c00000, 0x0000000083d00000, 0x0000000083d00000|100%| O|  |TAMS 0x0000000083d00000, 0x0000000083c00000| Complete 
|  61|0x0000000083d00000, 0x0000000083e00000, 0x0000000083e00000|100%| O|  |TAMS 0x0000000083e00000, 0x0000000083d00000| Complete 
|  62|0x0000000083e00000, 0x0000000083f00000, 0x0000000083f00000|100%| O|  |TAMS 0x0000000083f00000, 0x0000000083e00000| Complete 
|  63|0x0000000083f00000, 0x0000000084000000, 0x0000000084000000|100%| O|  |TAMS 0x0000000084000000, 0x0000000083f00000| Complete 
|  64|0x0000000084000000, 0x0000000084100000, 0x0000000084100000|100%| O|  |TAMS 0x0000000084100000, 0x0000000084000000| Complete 
|  65|0x0000000084100000, 0x0000000084200000, 0x0000000084200000|100%| O|  |TAMS 0x0000000084200000, 0x0000000084100000| Complete 
|  66|0x0000000084200000, 0x0000000084300000, 0x0000000084300000|100%| O|  |TAMS 0x0000000084300000, 0x0000000084200000| Untracked 
|  67|0x0000000084300000, 0x0000000084400000, 0x0000000084400000|100%| O|  |TAMS 0x0000000084400000, 0x0000000084300000| Complete 
|  68|0x0000000084400000, 0x0000000084500000, 0x0000000084500000|100%| O|  |TAMS 0x0000000084500000, 0x0000000084400000| Untracked 
|  69|0x0000000084500000, 0x0000000084600000, 0x0000000084600000|100%| O|  |TAMS 0x0000000084600000, 0x0000000084500000| Untracked 
|  70|0x0000000084600000, 0x0000000084700000, 0x0000000084700000|100%| O|  |TAMS 0x0000000084700000, 0x0000000084600000| Complete 
|  71|0x0000000084700000, 0x0000000084800000, 0x0000000084800000|100%| O|  |TAMS 0x0000000084800000, 0x0000000084700000| Untracked 
|  72|0x0000000084800000, 0x0000000084900000, 0x0000000084900000|100%| O|  |TAMS 0x0000000084900000, 0x0000000084800000| Untracked 
|  73|0x0000000084900000, 0x0000000084a00000, 0x0000000084a00000|100%| O|  |TAMS 0x0000000084a00000, 0x0000000084900000| Complete 
|  74|0x0000000084a00000, 0x0000000084b00000, 0x0000000084b00000|100%| O|  |TAMS 0x0000000084b00000, 0x0000000084a00000| Complete 
|  75|0x0000000084b00000, 0x0000000084b42600, 0x0000000084c00000| 25%| O|  |TAMS 0x0000000084b42600, 0x0000000084b00000| Untracked 
|  76|0x0000000084c00000, 0x0000000084d00000, 0x0000000084d00000|100%| O|  |TAMS 0x0000000084d00000, 0x0000000084c00000| Untracked 
|  77|0x0000000084d00000, 0x0000000084e00000, 0x0000000084e00000|100%| O|  |TAMS 0x0000000084e00000, 0x0000000084d00000| Untracked 
|  78|0x0000000084e00000, 0x0000000084f00000, 0x0000000084f00000|100%| O|  |TAMS 0x0000000084f00000, 0x0000000084e00000| Untracked 
|  79|0x0000000084f00000, 0x0000000085000000, 0x0000000085000000|100%| O|  |TAMS 0x0000000085000000, 0x0000000084f00000| Complete 
|  80|0x0000000085000000, 0x0000000085100000, 0x0000000085100000|100%| O|  |TAMS 0x0000000085100000, 0x0000000085000000| Untracked 
|  81|0x0000000085100000, 0x0000000085200000, 0x0000000085200000|100%| O|  |TAMS 0x0000000085200000, 0x0000000085100000| Untracked 
|  82|0x0000000085200000, 0x0000000085300000, 0x0000000085300000|100%| O|  |TAMS 0x0000000085300000, 0x0000000085200000| Untracked 
|  83|0x0000000085300000, 0x0000000085400000, 0x0000000085400000|100%| O|  |TAMS 0x0000000085400000, 0x0000000085300000| Untracked 
|  84|0x0000000085400000, 0x0000000085500000, 0x0000000085500000|100%| O|  |TAMS 0x0000000085500000, 0x0000000085400000| Complete 
|  85|0x0000000085500000, 0x0000000085600000, 0x0000000085600000|100%| O|  |TAMS 0x0000000085600000, 0x0000000085500000| Complete 
|  86|0x0000000085600000, 0x0000000085700000, 0x0000000085700000|100%| O|  |TAMS 0x0000000085700000, 0x0000000085600000| Untracked 
|  87|0x0000000085700000, 0x0000000085800000, 0x0000000085800000|100%| O|  |TAMS 0x0000000085800000, 0x0000000085700000| Untracked 
|  88|0x0000000085800000, 0x0000000085900000, 0x0000000085900000|100%| O|  |TAMS 0x0000000085900000, 0x0000000085800000| Untracked 
|  89|0x0000000085900000, 0x0000000085a00000, 0x0000000085a00000|100%| O|  |TAMS 0x0000000085a00000, 0x0000000085900000| Complete 
|  90|0x0000000085a00000, 0x0000000085b00000, 0x0000000085b00000|100%|HS|  |TAMS 0x0000000085b00000, 0x0000000085a00000| Complete 
|  91|0x0000000085b00000, 0x0000000085c00000, 0x0000000085c00000|100%|HC|  |TAMS 0x0000000085c00000, 0x0000000085b00000| Complete 
|  92|0x0000000085c00000, 0x0000000085d00000, 0x0000000085d00000|100%| O|  |TAMS 0x0000000085d00000, 0x0000000085c00000| Complete 
|  93|0x0000000085d00000, 0x0000000085e00000, 0x0000000085e00000|100%| O|  |TAMS 0x0000000085e00000, 0x0000000085d00000| Complete 
|  94|0x0000000085e00000, 0x0000000085f00000, 0x0000000085f00000|100%| O|  |TAMS 0x0000000085f00000, 0x0000000085e00000| Complete 
|  95|0x0000000085f00000, 0x0000000086000000, 0x0000000086000000|100%| O|  |TAMS 0x0000000086000000, 0x0000000085f00000| Complete 
|  96|0x0000000086000000, 0x0000000086100000, 0x0000000086100000|100%| O|  |TAMS 0x0000000086100000, 0x0000000086000000| Complete 
|  97|0x0000000086100000, 0x0000000086200000, 0x0000000086200000|100%| O|  |TAMS 0x0000000086200000, 0x0000000086100000| Complete 
|  98|0x0000000086200000, 0x0000000086300000, 0x0000000086300000|100%| O|  |TAMS 0x0000000086300000, 0x0000000086200000| Complete 
|  99|0x0000000086300000, 0x0000000086400000, 0x0000000086400000|100%| O|  |TAMS 0x0000000086400000, 0x0000000086300000| Complete 
| 100|0x0000000086400000, 0x0000000086500000, 0x0000000086500000|100%| O|  |TAMS 0x0000000086500000, 0x0000000086400000| Complete 
| 101|0x0000000086500000, 0x0000000086600000, 0x0000000086600000|100%| O|  |TAMS 0x0000000086600000, 0x0000000086500000| Complete 
| 102|0x0000000086600000, 0x0000000086700000, 0x0000000086700000|100%| O|  |TAMS 0x0000000086700000, 0x0000000086600000| Complete 
| 103|0x0000000086700000, 0x0000000086800000, 0x0000000086800000|100%| O|  |TAMS 0x0000000086800000, 0x0000000086700000| Complete 
| 104|0x0000000086800000, 0x0000000086900000, 0x0000000086900000|100%| O|  |TAMS 0x0000000086900000, 0x0000000086800000| Complete 
| 105|0x0000000086900000, 0x0000000086a00000, 0x0000000086a00000|100%| O|  |TAMS 0x0000000086a00000, 0x0000000086900000| Untracked 
| 106|0x0000000086a00000, 0x0000000086b00000, 0x0000000086b00000|100%| O|  |TAMS 0x0000000086b00000, 0x0000000086a00000| Complete 
| 107|0x0000000086b00000, 0x0000000086b00000, 0x0000000086c00000|  0%| F|  |TAMS 0x0000000086b00000, 0x0000000086b00000| Untracked 
| 108|0x0000000086c00000, 0x0000000086c00000, 0x0000000086d00000|  0%| F|  |TAMS 0x0000000086c00000, 0x0000000086c00000| Untracked 
| 109|0x0000000086d00000, 0x0000000086d00000, 0x0000000086e00000|  0%| F|  |TAMS 0x0000000086d00000, 0x0000000086d00000| Untracked 
| 110|0x0000000086e00000, 0x0000000086e00000, 0x0000000086f00000|  0%| F|  |TAMS 0x0000000086e00000, 0x0000000086e00000| Untracked 
| 111|0x0000000086f00000, 0x0000000086f00000, 0x0000000087000000|  0%| F|  |TAMS 0x0000000086f00000, 0x0000000086f00000| Untracked 
| 112|0x0000000087000000, 0x0000000087000000, 0x0000000087100000|  0%| F|  |TAMS 0x0000000087000000, 0x0000000087000000| Untracked 
| 113|0x0000000087100000, 0x0000000087100000, 0x0000000087200000|  0%| F|  |TAMS 0x0000000087100000, 0x0000000087100000| Untracked 
| 114|0x0000000087200000, 0x0000000087200000, 0x0000000087300000|  0%| F|  |TAMS 0x0000000087200000, 0x0000000087200000| Untracked 
| 115|0x0000000087300000, 0x0000000087300000, 0x0000000087400000|  0%| F|  |TAMS 0x0000000087300000, 0x0000000087300000| Untracked 
| 116|0x0000000087400000, 0x0000000087400000, 0x0000000087500000|  0%| F|  |TAMS 0x0000000087400000, 0x0000000087400000| Untracked 
| 117|0x0000000087500000, 0x0000000087500000, 0x0000000087600000|  0%| F|  |TAMS 0x0000000087500000, 0x0000000087500000| Untracked 
| 118|0x0000000087600000, 0x0000000087600000, 0x0000000087700000|  0%| F|  |TAMS 0x0000000087600000, 0x0000000087600000| Untracked 
| 119|0x0000000087700000, 0x0000000087700000, 0x0000000087800000|  0%| F|  |TAMS 0x0000000087700000, 0x0000000087700000| Untracked 
| 120|0x0000000087800000, 0x0000000087800000, 0x0000000087900000|  0%| F|  |TAMS 0x0000000087800000, 0x0000000087800000| Untracked 
| 121|0x0000000087900000, 0x0000000087900000, 0x0000000087a00000|  0%| F|  |TAMS 0x0000000087900000, 0x0000000087900000| Untracked 
| 122|0x0000000087a00000, 0x0000000087a00000, 0x0000000087b00000|  0%| F|  |TAMS 0x0000000087a00000, 0x0000000087a00000| Untracked 
| 123|0x0000000087b00000, 0x0000000087b00000, 0x0000000087c00000|  0%| F|  |TAMS 0x0000000087b00000, 0x0000000087b00000| Untracked 
| 124|0x0000000087c00000, 0x0000000087c00000, 0x0000000087d00000|  0%| F|  |TAMS 0x0000000087c00000, 0x0000000087c00000| Untracked 
| 125|0x0000000087d00000, 0x0000000087d00000, 0x0000000087e00000|  0%| F|  |TAMS 0x0000000087d00000, 0x0000000087d00000| Untracked 
| 126|0x0000000087e00000, 0x0000000087e00000, 0x0000000087f00000|  0%| F|  |TAMS 0x0000000087e00000, 0x0000000087e00000| Untracked 
| 127|0x0000000087f00000, 0x0000000087f00000, 0x0000000088000000|  0%| F|  |TAMS 0x0000000087f00000, 0x0000000087f00000| Untracked 
| 128|0x0000000088000000, 0x0000000088000000, 0x0000000088100000|  0%| F|  |TAMS 0x0000000088000000, 0x0000000088000000| Untracked 
| 129|0x0000000088100000, 0x0000000088100000, 0x0000000088200000|  0%| F|  |TAMS 0x0000000088100000, 0x0000000088100000| Untracked 
| 130|0x0000000088200000, 0x0000000088200000, 0x0000000088300000|  0%| F|  |TAMS 0x0000000088200000, 0x0000000088200000| Untracked 
| 131|0x0000000088300000, 0x0000000088300000, 0x0000000088400000|  0%| F|  |TAMS 0x0000000088300000, 0x0000000088300000| Untracked 
| 132|0x0000000088400000, 0x0000000088400000, 0x0000000088500000|  0%| F|  |TAMS 0x0000000088400000, 0x0000000088400000| Untracked 
| 133|0x0000000088500000, 0x0000000088500000, 0x0000000088600000|  0%| F|  |TAMS 0x0000000088500000, 0x0000000088500000| Untracked 
| 134|0x0000000088600000, 0x0000000088600000, 0x0000000088700000|  0%| F|  |TAMS 0x0000000088600000, 0x0000000088600000| Untracked 
| 135|0x0000000088700000, 0x00000000887731e0, 0x0000000088800000| 44%| S|CS|TAMS 0x0000000088700000, 0x0000000088700000| Complete 
| 136|0x0000000088800000, 0x0000000088900000, 0x0000000088900000|100%| S|CS|TAMS 0x0000000088800000, 0x0000000088800000| Complete 
| 137|0x0000000088900000, 0x0000000088900000, 0x0000000088a00000|  0%| F|  |TAMS 0x0000000088900000, 0x0000000088900000| Untracked 
| 138|0x0000000088a00000, 0x0000000088a00000, 0x0000000088b00000|  0%| F|  |TAMS 0x0000000088a00000, 0x0000000088a00000| Untracked 
| 139|0x0000000088b00000, 0x0000000088b00000, 0x0000000088c00000|  0%| F|  |TAMS 0x0000000088b00000, 0x0000000088b00000| Untracked 
| 140|0x0000000088c00000, 0x0000000088c00000, 0x0000000088d00000|  0%| F|  |TAMS 0x0000000088c00000, 0x0000000088c00000| Untracked 
| 141|0x0000000088d00000, 0x0000000088d00000, 0x0000000088e00000|  0%| F|  |TAMS 0x0000000088d00000, 0x0000000088d00000| Untracked 
| 142|0x0000000088e00000, 0x0000000088e00000, 0x0000000088f00000|  0%| F|  |TAMS 0x0000000088e00000, 0x0000000088e00000| Untracked 
| 143|0x0000000088f00000, 0x0000000088f00000, 0x0000000089000000|  0%| F|  |TAMS 0x0000000088f00000, 0x0000000088f00000| Untracked 
| 144|0x0000000089000000, 0x0000000089000000, 0x0000000089100000|  0%| F|  |TAMS 0x0000000089000000, 0x0000000089000000| Untracked 
| 145|0x0000000089100000, 0x0000000089100000, 0x0000000089200000|  0%| F|  |TAMS 0x0000000089100000, 0x0000000089100000| Untracked 
| 146|0x0000000089200000, 0x0000000089200000, 0x0000000089300000|  0%| F|  |TAMS 0x0000000089200000, 0x0000000089200000| Untracked 
| 147|0x0000000089300000, 0x0000000089300000, 0x0000000089400000|  0%| F|  |TAMS 0x0000000089300000, 0x0000000089300000| Untracked 
| 148|0x0000000089400000, 0x0000000089400000, 0x0000000089500000|  0%| F|  |TAMS 0x0000000089400000, 0x0000000089400000| Untracked 
| 149|0x0000000089500000, 0x000000008955d678, 0x0000000089600000| 36%| E|  |TAMS 0x0000000089500000, 0x0000000089500000| Complete 
| 150|0x0000000089600000, 0x0000000089700000, 0x0000000089700000|100%| E|  |TAMS 0x0000000089600000, 0x0000000089600000| Complete 
| 151|0x0000000089700000, 0x0000000089800000, 0x0000000089800000|100%| E|CS|TAMS 0x0000000089700000, 0x0000000089700000| Complete 

Card table byte_map: [0x000002df8f400000,0x000002df8f800000] _byte_map_base: 0x000002df8f000000

Marking Bits (Prev, Next): (CMBitMap*) 0x000002dffc419f40, (CMBitMap*) 0x000002dffc419f08
 Prev Bits: [0x000002df91c00000, 0x000002df93c00000)
 Next Bits: [0x000002df8fc00000, 0x000002df91c00000)

Polling page: 0x000002dffa1d0000

Metaspace:

Usage:
  Non-class:     86.56 MB capacity,    85.12 MB ( 98%) used,     1.18 MB (  1%) free+waste,   273.06 KB ( <1%) overhead. 
      Class:     12.96 MB capacity,    12.08 MB ( 93%) used,   785.59 KB (  6%) free+waste,   120.69 KB ( <1%) overhead. 
       Both:     99.52 MB capacity,    97.20 MB ( 98%) used,     1.94 MB (  2%) free+waste,   393.75 KB ( <1%) overhead. 

Virtual space:
  Non-class space:       88.00 MB reserved,      86.58 MB ( 98%) committed 
      Class space:        1.00 GB reserved,      13.00 MB (  1%) committed 
             Both:        1.09 GB reserved,      99.58 MB (  9%) committed 

Chunk freelists:
   Non-Class:  17.00 KB
       Class:  0 bytes
        Both:  17.00 KB

MaxMetaspaceSize: 17179869184.00 GB
CompressedClassSpaceSize: 1.00 GB

CodeHeap 'non-profiled nmethods': size=120064Kb used=10275Kb max_used=10712Kb free=109788Kb
 bounds [0x000002df87ac0000, 0x000002df88550000, 0x000002df8f000000]
CodeHeap 'profiled nmethods': size=120000Kb used=30579Kb max_used=32899Kb free=89420Kb
 bounds [0x000002df80590000, 0x000002df825c0000, 0x000002df87ac0000]
CodeHeap 'non-nmethods': size=5696Kb used=2298Kb max_used=2386Kb free=3397Kb
 bounds [0x000002df80000000, 0x000002df80270000, 0x000002df80590000]
 total_blobs=14771 nmethods=13860 adapters=821
 compilation: enabled
              stopped_count=0, restarted_count=0
 full_count=0

Compilation events (20 events):
Event: 1486.965 Thread 0x000002df95f0b000 15241       3       org.gradle.api.internal.tasks.execution.ExecuteActionsTaskExecuter$TaskExecution$$Lambda$633/0x0000000100a1e040::get (12 bytes)
Event: 1486.966 Thread 0x000002df95f0b000 nmethod 15241 0x000002df825b4c90 code [0x000002df825b4f00, 0x000002df825b5ae8]
Event: 1486.968 Thread 0x000002df95f0b000 15242       3       org.gradle.api.specs.Specs::doIntersect (115 bytes)
Event: 1486.969 Thread 0x000002df95f0b000 nmethod 15242 0x000002df825b5f90 code [0x000002df825b62c0, 0x000002df825b7808]
Event: 1486.978 Thread 0x000002df95f0b000 15243       3       org.gradle.api.internal.artifacts.transform.ConsumerVariantMatchResult$ConsumerVariant::<init> (20 bytes)
Event: 1486.978 Thread 0x000002df95f0b000 nmethod 15243 0x000002df825b7e90 code [0x000002df825b8040, 0x000002df825b8258]
Event: 1486.995 Thread 0x000002df95ed5800 nmethod 15238 0x000002df88532590 code [0x000002df88532880, 0x000002df88534a38]
Event: 1486.995 Thread 0x000002df95ed5800 15244       4       java.lang.AbstractStringBuilder::isLatin1 (19 bytes)
Event: 1486.996 Thread 0x000002df95ed5800 nmethod 15244 0x000002df88535d90 code [0x000002df88535f20, 0x000002df88535f98]
Event: 1486.996 Thread 0x000002df95ed5800 15240   !   4       org.gradle.internal.concurrent.ManagedExecutorImpl$1::run (59 bytes)
Event: 1487.029 Thread 0x000002df95f0b000 15245   !   3       java.nio.file.Files::readAllLines (76 bytes)
Event: 1487.031 Thread 0x000002df95f0b000 nmethod 15245 0x000002df80611410 code [0x000002df806117a0, 0x000002df80612e78]
Event: 1487.034 Thread 0x000002df95ed5800 nmethod 15240 0x000002df87b34790 code [0x000002df87b349e0, 0x000002df87b35b50]
Event: 1487.034 Thread 0x000002df95ed5800 15239   !   4       sun.nio.fs.WindowsPath::toAbsolutePath (55 bytes)
Event: 1487.035 Thread 0x000002df95ed5800 nmethod 15239 0x000002df87af0690 code [0x000002df87af0820, 0x000002df87af08b8]
Event: 1487.041 Thread 0x000002df95ed5800 15246       4       org.gradle.internal.vfs.impl.DefaultVirtualFileSystem::snapshot (186 bytes)
Event: 1487.265 Thread 0x000002df9e6e2000 nmethod 15183 0x000002df88536010 code [0x000002df88536900, 0x000002df88540f18]
Event: 1487.266 Thread 0x000002df9e6e2000 15247       4       org.gradle.api.internal.artifacts.transform.ConsumerProvidedResolvedVariant::startVisit (77 bytes)
Event: 1487.398 Thread 0x000002df95f0b000 15248       3       jdk.internal.misc.VM::addFinalRefCount (24 bytes)
Event: 1487.398 Thread 0x000002df95f0b000 nmethod 15248 0x000002df80590390 code [0x000002df80590540, 0x000002df80590698]

GC Heap History (20 events):
Event: 1483.789 GC heap before
{Heap before GC invocations=71 (full 0):
 garbage-first heap   total 129024K, used 111745K [0x0000000080000000, 0x0000000100000000)
  region size 1024K, 6 young (6144K), 1 survivors (1024K)
 Metaspace       used 98191K, capacity 100574K, committed 100816K, reserved 1136640K
  class space    used 12289K, capacity 13176K, committed 13184K, reserved 1048576K
}
Event: 1483.797 GC heap after
{Heap after GC invocations=72 (full 0):
 garbage-first heap   total 129024K, used 107147K [0x0000000080000000, 0x0000000100000000)
  region size 1024K, 1 young (1024K), 1 survivors (1024K)
 Metaspace       used 98191K, capacity 100574K, committed 100816K, reserved 1136640K
  class space    used 12289K, capacity 13176K, committed 13184K, reserved 1048576K
}
Event: 1484.029 GC heap before
{Heap before GC invocations=72 (full 0):
 garbage-first heap   total 129024K, used 112267K [0x0000000080000000, 0x0000000100000000)
  region size 1024K, 6 young (6144K), 1 survivors (1024K)
 Metaspace       used 98328K, capacity 100715K, committed 100816K, reserved 1136640K
  class space    used 12290K, capacity 13178K, committed 13184K, reserved 1048576K
}
Event: 1484.035 GC heap after
{Heap after GC invocations=73 (full 0):
 garbage-first heap   total 129024K, used 107419K [0x0000000080000000, 0x0000000100000000)
  region size 1024K, 1 young (1024K), 1 survivors (1024K)
 Metaspace       used 98328K, capacity 100715K, committed 100816K, reserved 1136640K
  class space    used 12290K, capacity 13178K, committed 13184K, reserved 1048576K
}
Event: 1484.397 GC heap before
{Heap before GC invocations=73 (full 0):
 garbage-first heap   total 129024K, used 112539K [0x0000000080000000, 0x0000000100000000)
  region size 1024K, 6 young (6144K), 1 survivors (1024K)
 Metaspace       used 98429K, capacity 100786K, committed 100816K, reserved 1136640K
  class space    used 12290K, capacity 13178K, committed 13184K, reserved 1048576K
}
Event: 1484.402 GC heap after
{Heap after GC invocations=74 (full 0):
 garbage-first heap   total 129024K, used 107388K [0x0000000080000000, 0x0000000100000000)
  region size 1024K, 1 young (1024K), 1 survivors (1024K)
 Metaspace       used 98429K, capacity 100786K, committed 100816K, reserved 1136640K
  class space    used 12290K, capacity 13178K, committed 13184K, reserved 1048576K
}
Event: 1484.774 GC heap before
{Heap before GC invocations=75 (full 0):
 garbage-first heap   total 129024K, used 112508K [0x0000000080000000, 0x0000000100000000)
  region size 1024K, 6 young (6144K), 1 survivors (1024K)
 Metaspace       used 99045K, capacity 101439K, committed 101712K, reserved 1138688K
  class space    used 12340K, capacity 13246K, committed 13312K, reserved 1048576K
}
Event: 1484.777 GC heap after
{Heap after GC invocations=76 (full 0):
 garbage-first heap   total 129024K, used 107760K [0x0000000080000000, 0x0000000100000000)
  region size 1024K, 1 young (1024K), 1 survivors (1024K)
 Metaspace       used 99045K, capacity 101439K, committed 101712K, reserved 1138688K
  class space    used 12340K, capacity 13246K, committed 13312K, reserved 1048576K
}
Event: 1485.190 GC heap before
{Heap before GC invocations=76 (full 0):
 garbage-first heap   total 129024K, used 112880K [0x0000000080000000, 0x0000000100000000)
  region size 1024K, 6 young (6144K), 1 survivors (1024K)
 Metaspace       used 99228K, capacity 101637K, committed 101712K, reserved 1138688K
  class space    used 12342K, capacity 13247K, committed 13312K, reserved 1048576K
}
Event: 1485.197 GC heap after
{Heap after GC invocations=77 (full 0):
 garbage-first heap   total 129024K, used 107759K [0x0000000080000000, 0x0000000100000000)
  region size 1024K, 1 young (1024K), 1 survivors (1024K)
 Metaspace       used 99228K, capacity 101637K, committed 101712K, reserved 1138688K
  class space    used 12342K, capacity 13247K, committed 13312K, reserved 1048576K
}
Event: 1485.373 GC heap before
{Heap before GC invocations=77 (full 0):
 garbage-first heap   total 129024K, used 112879K [0x0000000080000000, 0x0000000100000000)
  region size 1024K, 6 young (6144K), 1 survivors (1024K)
 Metaspace       used 99281K, capacity 101638K, committed 101712K, reserved 1138688K
  class space    used 12342K, capacity 13247K, committed 13312K, reserved 1048576K
}
Event: 1485.378 GC heap after
{Heap after GC invocations=78 (full 0):
 garbage-first heap   total 129024K, used 108097K [0x0000000080000000, 0x0000000100000000)
  region size 1024K, 1 young (1024K), 1 survivors (1024K)
 Metaspace       used 99281K, capacity 101638K, committed 101712K, reserved 1138688K
  class space    used 12342K, capacity 13247K, committed 13312K, reserved 1048576K
}
Event: 1485.644 GC heap before
{Heap before GC invocations=78 (full 0):
 garbage-first heap   total 129024K, used 113217K [0x0000000080000000, 0x0000000100000000)
  region size 1024K, 6 young (6144K), 1 survivors (1024K)
 Metaspace       used 99328K, capacity 101703K, committed 101968K, reserved 1138688K
  class space    used 12342K, capacity 13247K, committed 13312K, reserved 1048576K
}
Event: 1485.648 GC heap after
{Heap after GC invocations=79 (full 0):
 garbage-first heap   total 129024K, used 108330K [0x0000000080000000, 0x0000000100000000)
  region size 1024K, 1 young (1024K), 1 survivors (1024K)
 Metaspace       used 99328K, capacity 101703K, committed 101968K, reserved 1138688K
  class space    used 12342K, capacity 13247K, committed 13312K, reserved 1048576K
}
Event: 1486.374 GC heap before
{Heap before GC invocations=80 (full 0):
 garbage-first heap   total 129024K, used 113450K [0x0000000080000000, 0x0000000100000000)
  region size 1024K, 6 young (6144K), 1 survivors (1024K)
 Metaspace       used 99469K, capacity 101788K, committed 101968K, reserved 1138688K
  class space    used 12357K, capacity 13255K, committed 13312K, reserved 1048576K
}
Event: 1486.381 GC heap after
{Heap after GC invocations=81 (full 0):
 garbage-first heap   total 155648K, used 108834K [0x0000000080000000, 0x0000000100000000)
  region size 1024K, 1 young (1024K), 1 survivors (1024K)
 Metaspace       used 99469K, capacity 101788K, committed 101968K, reserved 1138688K
  class space    used 12357K, capacity 13255K, committed 13312K, reserved 1048576K
}
Event: 1486.506 GC heap before
{Heap before GC invocations=81 (full 0):
 garbage-first heap   total 155648K, used 113954K [0x0000000080000000, 0x0000000100000000)
  region size 1024K, 7 young (7168K), 1 survivors (1024K)
 Metaspace       used 99494K, capacity 101821K, committed 101968K, reserved 1138688K
  class space    used 12361K, capacity 13264K, committed 13312K, reserved 1048576K
}
Event: 1486.510 GC heap after
{Heap after GC invocations=82 (full 0):
 garbage-first heap   total 155648K, used 109323K [0x0000000080000000, 0x0000000100000000)
  region size 1024K, 1 young (1024K), 1 survivors (1024K)
 Metaspace       used 99494K, capacity 101821K, committed 101968K, reserved 1138688K
  class space    used 12361K, capacity 13264K, committed 13312K, reserved 1048576K
}
Event: 1487.082 GC heap before
{Heap before GC invocations=82 (full 0):
 garbage-first heap   total 155648K, used 121611K [0x0000000080000000, 0x0000000100000000)
  region size 1024K, 14 young (14336K), 1 survivors (1024K)
 Metaspace       used 99501K, capacity 101821K, committed 101968K, reserved 1138688K
  class space    used 12361K, capacity 13264K, committed 13312K, reserved 1048576K
}
Event: 1487.087 GC heap after
{Heap after GC invocations=83 (full 0):
 garbage-first heap   total 155648K, used 109714K [0x0000000080000000, 0x0000000100000000)
  region size 1024K, 1 young (1024K), 1 survivors (1024K)
 Metaspace       used 99501K, capacity 101821K, committed 101968K, reserved 1138688K
  class space    used 12361K, capacity 13264K, committed 13312K, reserved 1048576K
}

Deoptimization events (20 events):
Event: 1486.359 Thread 0x000002df9bb7f800 Uncommon trap: trap_request=0xffffff4d fr.pc=0x000002df8824fa10 relative=0x0000000000000390
Event: 1486.360 Thread 0x000002df9bb7f800 Uncommon trap: reason=unstable_if action=reinterpret pc=0x000002df8824fa10 method=java.nio.charset.CharsetEncoder.encode(Ljava/nio/CharBuffer;Ljava/nio/ByteBuffer;Z)Ljava/nio/charset/CoderResult; @ 94 c2
Event: 1486.360 Thread 0x000002df9bb7f800 DEOPT PACKING pc=0x000002df8824fa10 sp=0x000000fd276f8ad0
Event: 1486.360 Thread 0x000002df9bb7f800 DEOPT UNPACKING pc=0x000002df800274af sp=0x000000fd276f8920 mode 2
Event: 1486.366 Thread 0x000002df9bb7f800 Uncommon trap: trap_request=0xffffff4d fr.pc=0x000002df88249544 relative=0x00000000000002e4
Event: 1486.366 Thread 0x000002df9bb7f800 Uncommon trap: reason=unstable_if action=reinterpret pc=0x000002df88249544 method=java.nio.charset.CharsetEncoder.encode(Ljava/nio/CharBuffer;Ljava/nio/ByteBuffer;Z)Ljava/nio/charset/CoderResult; @ 94 c2
Event: 1486.366 Thread 0x000002df9bb7f800 DEOPT PACKING pc=0x000002df88249544 sp=0x000000fd276f8960
Event: 1486.366 Thread 0x000002df9bb7f800 DEOPT UNPACKING pc=0x000002df800274af sp=0x000000fd276f8918 mode 2
Event: 1486.383 Thread 0x000002df9bb7f800 Uncommon trap: trap_request=0xffffff4d fr.pc=0x000002df88181218 relative=0x0000000000002738
Event: 1486.383 Thread 0x000002df9bb7f800 Uncommon trap: reason=unstable_if action=reinterpret pc=0x000002df88181218 method=org.gradle.api.internal.changedetection.state.CachingFileHasher.snapshot(Ljava/io/File;JJ)Lorg/gradle/api/internal/changedetection/state/CachingFileHasher$FileInfo; @ 48 c2
Event: 1486.383 Thread 0x000002df9bb7f800 DEOPT PACKING pc=0x000002df88181218 sp=0x000000fd276f96e0
Event: 1486.383 Thread 0x000002df9bb7f800 DEOPT UNPACKING pc=0x000002df800274af sp=0x000000fd276f96f8 mode 2
Event: 1486.467 Thread 0x000002df9bb88800 DEOPT PACKING pc=0x000002df82100844 sp=0x000000fd287fd310
Event: 1486.467 Thread 0x000002df9bb88800 DEOPT UNPACKING pc=0x000002df800272ce sp=0x000000fd287fc8b0 mode 0
Event: 1486.515 Thread 0x000002df9bb84800 DEOPT PACKING pc=0x000002df82100844 sp=0x000000fd285fccb0
Event: 1486.515 Thread 0x000002df9bb84800 DEOPT UNPACKING pc=0x000002df800272ce sp=0x000000fd285fc250 mode 0
Event: 1486.704 Thread 0x000002df9e6e3000 DEOPT PACKING pc=0x000002df82100844 sp=0x000000fd300faaf0
Event: 1486.704 Thread 0x000002df9e6e3000 DEOPT UNPACKING pc=0x000002df800272ce sp=0x000000fd300fa090 mode 0
Event: 1486.885 Thread 0x000002df9e6e3000 DEOPT PACKING pc=0x000002df82100844 sp=0x000000fd300fb880
Event: 1486.885 Thread 0x000002df9e6e3000 DEOPT UNPACKING pc=0x000002df800272ce sp=0x000000fd300fae20 mode 0

Classes redefined (0 events):
No events

Internal exceptions (20 events):
Event: 1485.403 Thread 0x000002df9bb7f800 Exception <a 'sun/nio/fs/WindowsException'{0x0000000087d97778}> (0x0000000087d97778) thrown at [./src/hotspot/share/prims/jni.cpp, line 615]
Event: 1485.403 Thread 0x000002df9bb7f800 Exception <a 'sun/nio/fs/WindowsException'{0x0000000087d9b9c8}> (0x0000000087d9b9c8) thrown at [./src/hotspot/share/prims/jni.cpp, line 615]
Event: 1485.403 Thread 0x000002df9bb7f800 Exception <a 'sun/nio/fs/WindowsException'{0x0000000087d9bb38}> (0x0000000087d9bb38) thrown at [./src/hotspot/share/prims/jni.cpp, line 615]
Event: 1485.688 Thread 0x000002df9bb7f800 Exception <a 'sun/nio/fs/WindowsException'{0x0000000087ccdc68}> (0x0000000087ccdc68) thrown at [./src/hotspot/share/prims/jni.cpp, line 615]
Event: 1485.785 Thread 0x000002df9bb7f800 Exception <a 'sun/nio/fs/WindowsException'{0x0000000087cd7468}> (0x0000000087cd7468) thrown at [./src/hotspot/share/prims/jni.cpp, line 615]
Event: 1485.834 Thread 0x000002df9bb7f800 Exception <a 'sun/nio/fs/WindowsException'{0x0000000087cdfad0}> (0x0000000087cdfad0) thrown at [./src/hotspot/share/prims/jni.cpp, line 615]
Event: 1485.904 Thread 0x000002df9bb7f800 Exception <a 'sun/nio/fs/WindowsException'{0x0000000087ce9710}> (0x0000000087ce9710) thrown at [./src/hotspot/share/prims/jni.cpp, line 615]
Event: 1485.913 Thread 0x000002df9bb7f800 Exception <a 'sun/nio/fs/WindowsException'{0x0000000087cf0fe0}> (0x0000000087cf0fe0) thrown at [./src/hotspot/share/prims/jni.cpp, line 615]
Event: 1485.919 Thread 0x000002df9bb7f800 Exception <a 'sun/nio/fs/WindowsException'{0x0000000087cf8b58}> (0x0000000087cf8b58) thrown at [./src/hotspot/share/prims/jni.cpp, line 615]
Event: 1485.923 Thread 0x000002df9bb7f800 Exception <a 'sun/nio/fs/WindowsException'{0x0000000087b04828}> (0x0000000087b04828) thrown at [./src/hotspot/share/prims/jni.cpp, line 615]
Event: 1485.955 Thread 0x000002df9bb7f800 Exception <a 'sun/nio/fs/WindowsException'{0x0000000087b0dce0}> (0x0000000087b0dce0) thrown at [./src/hotspot/share/prims/jni.cpp, line 615]
Event: 1485.977 Thread 0x000002df9bb7f800 Exception <a 'sun/nio/fs/WindowsException'{0x0000000087b15f78}> (0x0000000087b15f78) thrown at [./src/hotspot/share/prims/jni.cpp, line 615]
Event: 1485.994 Thread 0x000002df9bb7f800 Exception <a 'sun/nio/fs/WindowsException'{0x0000000087b225a8}> (0x0000000087b225a8) thrown at [./src/hotspot/share/prims/jni.cpp, line 615]
Event: 1485.998 Thread 0x000002df9bb7f800 Exception <a 'sun/nio/fs/WindowsException'{0x0000000087b2d278}> (0x0000000087b2d278) thrown at [./src/hotspot/share/prims/jni.cpp, line 615]
Event: 1486.004 Thread 0x000002df9bb7f800 Exception <a 'sun/nio/fs/WindowsException'{0x0000000087b343a0}> (0x0000000087b343a0) thrown at [./src/hotspot/share/prims/jni.cpp, line 615]
Event: 1486.013 Thread 0x000002df9bb7f800 Exception <a 'sun/nio/fs/WindowsException'{0x0000000087b3f6f0}> (0x0000000087b3f6f0) thrown at [./src/hotspot/share/prims/jni.cpp, line 615]
Event: 1486.087 Thread 0x000002df9bb7f800 Exception <a 'sun/nio/fs/WindowsException'{0x0000000087bc51b8}> (0x0000000087bc51b8) thrown at [./src/hotspot/share/prims/jni.cpp, line 615]
Event: 1486.421 Thread 0x000002df9bb82000 Exception <a 'java/lang/NoSuchMethodError'{0x000000008967aba0}: <clinit>> (0x000000008967aba0) thrown at [./src/hotspot/share/prims/jni.cpp, line 1362]
Event: 1486.967 Thread 0x000002df9e6e3000 Exception <a 'sun/nio/fs/WindowsException'{0x0000000088c989e8}> (0x0000000088c989e8) thrown at [./src/hotspot/share/prims/jni.cpp, line 615]
Event: 1486.967 Thread 0x000002df9e6e3000 Exception <a 'sun/nio/fs/WindowsException'{0x0000000088c99608}> (0x0000000088c99608) thrown at [./src/hotspot/share/prims/jni.cpp, line 615]

Events (20 events):
Event: 1487.012 Thread 0x000002df95f0e800 flushing nmethod 0x000002df81577510
Event: 1487.012 Thread 0x000002df95f0e800 flushing nmethod 0x000002df81578610
Event: 1487.012 Thread 0x000002df95f0e800 flushing nmethod 0x000002df81579110
Event: 1487.012 Thread 0x000002df95f0e800 flushing nmethod 0x000002df8157a890
Event: 1487.012 Thread 0x000002df95f0e800 flushing nmethod 0x000002df8157c090
Event: 1487.012 Thread 0x000002df95f0e800 flushing nmethod 0x000002df8157cf10
Event: 1487.012 Thread 0x000002df95f0e800 flushing nmethod 0x000002df81584c90
Event: 1487.013 Thread 0x000002df95f0e800 flushing nmethod 0x000002df81599390
Event: 1487.013 Thread 0x000002df95f0e800 flushing nmethod 0x000002df81601f90
Event: 1487.013 Thread 0x000002df95f0e800 flushing nmethod 0x000002df81607c90
Event: 1487.013 Thread 0x000002df95f0e800 flushing nmethod 0x000002df81659010
Event: 1487.013 Thread 0x000002df95f0e800 flushing nmethod 0x000002df8165c990
Event: 1487.013 Thread 0x000002df95f0e800 flushing nmethod 0x000002df81674510
Event: 1487.014 Thread 0x000002df95f0e800 flushing nmethod 0x000002df816bcf90
Event: 1487.047 Executing VM operation: G1CollectForAllocation
Event: 1487.087 Executing VM operation: G1CollectForAllocation done
Event: 1487.375 Executing VM operation: CGC_Operation
Event: 1487.398 Executing VM operation: CGC_Operation done
Event: 1487.548 Executing VM operation: CGC_Operation
Event: 1487.548 Executing VM operation: CGC_Operation done


Dynamic libraries:
0x00007ff6b4f90000 - 0x00007ff6b4f9a000 	C:\Program Files\Android\Android Studio\jre\bin\java.exe
0x00007ff9c5a10000 - 0x00007ff9c5c05000 	C:\WINDOWS\SYSTEM32\ntdll.dll
0x00007ff9c4480000 - 0x00007ff9c453e000 	C:\WINDOWS\System32\KERNEL32.DLL
0x00007ff9c31b0000 - 0x00007ff9c3478000 	C:\WINDOWS\System32\KERNELBASE.dll
0x00007ff9c38a0000 - 0x00007ff9c39a0000 	C:\WINDOWS\System32\ucrtbase.dll
0x00007ff9be6d0000 - 0x00007ff9be6e9000 	C:\Program Files\Android\Android Studio\jre\bin\jli.dll
0x00007ff9c50d0000 - 0x00007ff9c5271000 	C:\WINDOWS\System32\USER32.dll
0x00007ff9c36b0000 - 0x00007ff9c36d2000 	C:\WINDOWS\System32\win32u.dll
0x00007ff9c4680000 - 0x00007ff9c46ab000 	C:\WINDOWS\System32\GDI32.dll
0x00007ff9c36e0000 - 0x00007ff9c37ed000 	C:\WINDOWS\System32\gdi32full.dll
0x00007ff9c3480000 - 0x00007ff9c351d000 	C:\WINDOWS\System32\msvcp_win.dll
0x00007ff9be6b0000 - 0x00007ff9be6c7000 	C:\Program Files\Android\Android Studio\jre\bin\VCRUNTIME140.dll
0x00007ff9b1dc0000 - 0x00007ff9b205a000 	C:\WINDOWS\WinSxS\amd64_microsoft.windows.common-controls_6595b64144ccf1df_6.0.19041.1110_none_60b5254171f9507e\COMCTL32.dll
0x00007ff9c5030000 - 0x00007ff9c50ce000 	C:\WINDOWS\System32\msvcrt.dll
0x00007ff9c45f0000 - 0x00007ff9c4620000 	C:\WINDOWS\System32\IMM32.DLL
0x00007ff98f590000 - 0x00007ff98f62d000 	C:\Program Files\Android\Android Studio\jre\bin\msvcp140.dll
0x00007ff97f450000 - 0x00007ff97ff0c000 	C:\Program Files\Android\Android Studio\jre\bin\server\jvm.dll
0x00007ff9c4f80000 - 0x00007ff9c502e000 	C:\WINDOWS\System32\ADVAPI32.dll
0x00007ff9c5720000 - 0x00007ff9c57bc000 	C:\WINDOWS\System32\sechost.dll
0x00007ff9c4e50000 - 0x00007ff9c4f75000 	C:\WINDOWS\System32\RPCRT4.dll
0x00007ff9c4db0000 - 0x00007ff9c4db8000 	C:\WINDOWS\System32\PSAPI.DLL
0x00007ff9c04b0000 - 0x00007ff9c04b9000 	C:\WINDOWS\SYSTEM32\WSOCK32.dll
0x00007ff9c4d30000 - 0x00007ff9c4d9b000 	C:\WINDOWS\System32\WS2_32.dll
0x00007ff9b5b00000 - 0x00007ff9b5b27000 	C:\WINDOWS\SYSTEM32\WINMM.dll
0x00007ff9c18a0000 - 0x00007ff9c18aa000 	C:\WINDOWS\SYSTEM32\VERSION.dll
0x00007ff9c1c80000 - 0x00007ff9c1c92000 	C:\WINDOWS\SYSTEM32\kernel.appcore.dll
0x00007ff9bcee0000 - 0x00007ff9bcef1000 	C:\Program Files\Android\Android Studio\jre\bin\verify.dll
0x00007ff9be720000 - 0x00007ff9be904000 	C:\WINDOWS\SYSTEM32\DBGHELP.DLL
0x00007ff9aed70000 - 0x00007ff9aed9c000 	C:\WINDOWS\SYSTEM32\dbgcore.DLL
0x00007ff9c3120000 - 0x00007ff9c31a2000 	C:\WINDOWS\System32\bcryptPrimitives.dll
0x00007ff9bc660000 - 0x00007ff9bc689000 	C:\Program Files\Android\Android Studio\jre\bin\java.dll
0x00007ff9bcbf0000 - 0x00007ff9bcbfb000 	C:\Program Files\Android\Android Studio\jre\bin\jimage.dll
0x00007ff991e00000 - 0x00007ff991e18000 	C:\Program Files\Android\Android Studio\jre\bin\zip.dll
0x00007ff9c3ae0000 - 0x00007ff9c4224000 	C:\WINDOWS\System32\SHELL32.dll
0x00007ff9c10f0000 - 0x00007ff9c1885000 	C:\WINDOWS\SYSTEM32\windows.storage.dll
0x00007ff9c49d0000 - 0x00007ff9c4d25000 	C:\WINDOWS\System32\combase.dll
0x00007ff9c2b00000 - 0x00007ff9c2b2e000 	C:\WINDOWS\SYSTEM32\Wldp.dll
0x00007ff9c4540000 - 0x00007ff9c45ed000 	C:\WINDOWS\System32\SHCORE.dll
0x00007ff9c4620000 - 0x00007ff9c4675000 	C:\WINDOWS\System32\shlwapi.dll
0x00007ff9c3060000 - 0x00007ff9c307f000 	C:\WINDOWS\SYSTEM32\profapi.dll
0x00007ff991de0000 - 0x00007ff991dfa000 	C:\Program Files\Android\Android Studio\jre\bin\net.dll
0x00007ff9b4650000 - 0x00007ff9b475c000 	C:\WINDOWS\SYSTEM32\WINHTTP.dll
0x00007ff9c2800000 - 0x00007ff9c286a000 	C:\WINDOWS\system32\mswsock.dll
0x00007ff991dc0000 - 0x00007ff991dd4000 	C:\Program Files\Android\Android Studio\jre\bin\nio.dll
0x00007ff9be6f0000 - 0x00007ff9be717000 	C:\Users\Jaswinder\.gradle\native\f6784746aeab05261644944871eae4fe03e0ef1612fff0a4a95f87b438bc6780\windows-amd64\native-platform.dll
0x00007ff9bcbe0000 - 0x00007ff9bcbea000 	C:\Program Files\Android\Android Studio\jre\bin\management.dll
0x00007ff9a0720000 - 0x00007ff9a072c000 	C:\Program Files\Android\Android Studio\jre\bin\management_ext.dll
0x00007ff9c29f0000 - 0x00007ff9c2a08000 	C:\WINDOWS\SYSTEM32\CRYPTSP.dll
0x00007ff9c2180000 - 0x00007ff9c21b4000 	C:\WINDOWS\system32\rsaenh.dll
0x00007ff9c3680000 - 0x00007ff9c36a7000 	C:\WINDOWS\System32\bcrypt.dll
0x00007ff9c3020000 - 0x00007ff9c304e000 	C:\WINDOWS\SYSTEM32\USERENV.dll
0x00007ff9c2a10000 - 0x00007ff9c2a1c000 	C:\WINDOWS\SYSTEM32\CRYPTBASE.dll
0x00007ff9c24f0000 - 0x00007ff9c252b000 	C:\WINDOWS\SYSTEM32\IPHLPAPI.DLL
0x00007ff9c4e40000 - 0x00007ff9c4e48000 	C:\WINDOWS\System32\NSI.dll
0x00007ff9bc840000 - 0x00007ff9bc857000 	C:\WINDOWS\SYSTEM32\dhcpcsvc6.DLL
0x00007ff9bc8a0000 - 0x00007ff9bc8bd000 	C:\WINDOWS\SYSTEM32\dhcpcsvc.DLL
0x00007ff9c2530000 - 0x00007ff9c25fb000 	C:\WINDOWS\SYSTEM32\DNSAPI.dll
0x00007ff9bc860000 - 0x00007ff9bc86b000 	C:\WINDOWS\SYSTEM32\WINNSI.DLL
0x00007ff9be5e0000 - 0x00007ff9be5fe000 	C:\Users\Jaswinder\AppData\Local\Temp\native-platform13444019351487355110dir\native-platform.dll
0x00007ff9be660000 - 0x00007ff9be668000 	C:\Program Files\Android\Android Studio\jre\bin\rmi.dll

dbghelp: loaded successfully - version: 4.0.5 - missing functions: none
symbol engine: initialized successfully - sym options: 0x614 - pdb path: .;C:\Program Files\Android\Android Studio\jre\bin;C:\WINDOWS\SYSTEM32;C:\WINDOWS\WinSxS\amd64_microsoft.windows.common-controls_6595b64144ccf1df_6.0.19041.1110_none_60b5254171f9507e;C:\Program Files\Android\Android Studio\jre\bin\server;C:\Users\Jaswinder\.gradle\native\f6784746aeab05261644944871eae4fe03e0ef1612fff0a4a95f87b438bc6780\windows-amd64;C:\Users\Jaswinder\AppData\Local\Temp\native-platform13444019351487355110dir

VM Arguments:
jvm_args: --add-opens=java.base/java.util=ALL-UNNAMED --add-opens=java.base/java.lang=ALL-UNNAMED --add-opens=java.base/java.lang.invoke=ALL-UNNAMED --add-opens=java.prefs/java.util.prefs=ALL-UNNAMED -Xmx2048m -Dfile.encoding=UTF-8 -Duser.country=CA -Duser.language=en -Duser.variant 
java_command: org.gradle.launcher.daemon.bootstrap.GradleDaemon 6.5
java_class_path (initial): C:\Users\Jaswinder\.gradle\wrapper\dists\gradle-6.5-bin\6nifqtx7604sqp1q6g8wikw7p\gradle-6.5\lib\gradle-launcher-6.5.jar
Launcher Type: SUN_STANDARD

[Global flags]
     intx CICompilerCount                          = 3                                         {product} {ergonomic}
     uint ConcGCThreads                            = 1                                         {product} {ergonomic}
     uint G1ConcRefinementThreads                  = 4                                         {product} {ergonomic}
   size_t G1HeapRegionSize                         = 1048576                                   {product} {ergonomic}
    uintx GCDrainStackTargetSize                   = 64                                        {product} {ergonomic}
   size_t InitialHeapSize                          = 132120576                                 {product} {ergonomic}
   size_t MarkStackSize                            = 4194304                                   {product} {ergonomic}
   size_t MaxHeapSize                              = 2147483648                                {product} {command line}
   size_t MaxNewSize                               = 1287651328                                {product} {ergonomic}
   size_t MinHeapDeltaBytes                        = 1048576                                   {product} {ergonomic}
    uintx NonNMethodCodeHeapSize                   = 5830732                                {pd product} {ergonomic}
    uintx NonProfiledCodeHeapSize                  = 122913754                              {pd product} {ergonomic}
    uintx ProfiledCodeHeapSize                     = 122913754                              {pd product} {ergonomic}
    uintx ReservedCodeCacheSize                    = 251658240                              {pd product} {ergonomic}
     bool SegmentedCodeCache                       = true                                      {product} {ergonomic}
     bool UseCompressedClassPointers               = true                                 {lp64_product} {ergonomic}
     bool UseCompressedOops                        = true                                 {lp64_product} {ergonomic}
     bool UseG1GC                                  = true                                      {product} {ergonomic}
     bool UseLargePagesIndividualAllocation        = false                                  {pd product} {ergonomic}

Logging:
Log output configuration:
 #0: stdout all=warning uptime,level,tags
 #1: stderr all=off uptime,level,tags

Environment Variables:
PATH=C:\Program Files (x86)\Intel\iCLS Client\;C:\Program Files\Intel\iCLS Client\;C:\windows\system32;C:\windows;C:\windows\System32\Wbem;C:\windows\System32\WindowsPowerShell\v1.0\;C:\Program Files (x86)\Intel\Intel(R) Management Engine Components\DAL;C:\Program Files\Intel\Intel(R) Management Engine Components\DAL;C:\Program Files (x86)\Intel\Intel(R) Management Engine Components\IPT;C:\Program Files\Intel\Intel(R) Management Engine Components\IPT;C:\Program Files (x86)\NVIDIA Corporation\PhysX\Common;C:\WINDOWS\system32;C:\WINDOWS;C:\WINDOWS\System32\Wbem;C:\WINDOWS\System32\WindowsPowerShell\v1.0\;C:\WINDOWS\System32\OpenSSH\;C:\Program Files (x86)\QuickTime\QTSystem\;C:\Program Files\Git\cmd;C:\Users\Jaswinder\AppData\Local\Microsoft\WindowsApps;
USERNAME=Jaswinder
OS=Windows_NT
PROCESSOR_IDENTIFIER=Intel64 Family 6 Model 78 Stepping 3, GenuineIntel



---------------  S Y S T E M  ---------------

OS: Windows 10 , 64 bit Build 19041 (10.0.19041.1466)
OS uptime: 0 days 0:42 hours

CPU:total 4 (initial active 4) (2 cores per cpu, 2 threads per core) family 6 model 78 stepping 3, cmov, cx8, fxsr, mmx, sse, sse2, sse3, ssse3, sse4.1, sse4.2, popcnt, avx, avx2, aes, clmul, erms, 3dnowpref, lzcnt, ht, tsc, tscinvbit, bmi1, bmi2, adx, fma

Memory: 4k page, system-wide physical 8012M (610M free)
TotalPageFile size 8012M (AvailPageFile size 6M)
current process WorkingSet (physical memory assigned to process): 442M, peak: 442M
current process commit charge ("private bytes"): 487M, peak: 490M

vm_info: OpenJDK 64-Bit Server VM (11.0.8+10-b944.6842174) for windows-amd64 JRE (11.0.8+10-b944.6842174), built on Sep 19 2020 01:11:42 by "builder" with MS VC++ 14.0 (VS2015)

END.
