#
# There is insufficient memory for the Java Runtime Environment to continue.
# Native memory allocation (malloc) failed to allocate 1357776 bytes for Chunk::new
# Possible reasons:
#   The system is out of physical RAM or swap space
#   The process is running with CompressedOops enabled, and the Java Heap may be blocking the growth of the native heap
# Possible solutions:
#   Reduce memory load on the system
#   Increase physical memory or swap space
#   Check if swap backing store is full
#   Decrease Java heap size (-Xmx/-Xms)
#   Decrease number of Java threads
#   Decrease Java thread stack sizes (-Xss)
#   Set larger code cache with -XX:ReservedCodeCacheSize=
#   JVM is running with Unscaled Compressed Oops mode in which the Java heap is
#     placed in the first 4GB address space. The Java Heap base address is the
#     maximum limit for the native heap growth. Please use -XX:HeapBaseMinAddress
#     to set the Java Heap base and to place the Java Heap above 4GB virtual address.
# This output file may be truncated or incomplete.
#
#  Out of Memory Error (./src/hotspot/share/memory/arena.cpp:197), pid=11436, tid=10680
#
# JRE version: OpenJDK Runtime Environment (11.0.8+10) (build 11.0.8+10-b944.6842174)
# Java VM: OpenJDK 64-Bit Server VM (11.0.8+10-b944.6842174, mixed mode, tiered, compressed oops, g1 gc, windows-amd64)
# No core dump will be written. Minidumps are not enabled by default on client versions of Windows
#

---------------  S U M M A R Y ------------

Command Line: --add-opens=java.base/java.util=ALL-UNNAMED --add-opens=java.base/java.lang=ALL-UNNAMED --add-opens=java.base/java.lang.invoke=ALL-UNNAMED --add-opens=java.prefs/java.util.prefs=ALL-UNNAMED -Xmx2048m -Dfile.encoding=UTF-8 -Duser.country=CA -Duser.language=en -Duser.variant org.gradle.launcher.daemon.bootstrap.GradleDaemon 6.5

Host: Intel(R) Core(TM) i5-6200U CPU @ 2.30GHz, 4 cores, 7G,  Windows 10 , 64 bit Build 19041 (10.0.19041.1466)
Time: Wed Feb  2 14:56:26 2022 India Standard Time elapsed time: 23 seconds (0d 0h 0m 23s)

---------------  T H R E A D  ---------------

Current thread (0x000001834c263800):  JavaThread "C2 CompilerThread0" daemon [_thread_in_native, id=10680, stack(0x0000003cffe00000,0x0000003cfff00000)]


Current CompileTask:
C2:  23221 10080   !   4       java.nio.file.FileTreeWalker::visit (204 bytes)

Stack: [0x0000003cffe00000,0x0000003cfff00000]
Native frames: (J=compiled Java code, j=interpreted, Vv=VM code, C=native code)
V  [jvm.dll+0x5de50a]
V  [jvm.dll+0x7122f5]
V  [jvm.dll+0x71384d]
V  [jvm.dll+0x713f03]
V  [jvm.dll+0x23e728]
V  [jvm.dll+0xb899c]
V  [jvm.dll+0xb8e9c]
V  [jvm.dll+0x35020b]
V  [jvm.dll+0x193cbc]
V  [jvm.dll+0x1f780e]
V  [jvm.dll+0x1f68d4]
V  [jvm.dll+0x17f32c]
V  [jvm.dll+0x205047]
V  [jvm.dll+0x203891]
V  [jvm.dll+0x6dad3f]
V  [jvm.dll+0x6d3895]
V  [jvm.dll+0x5dd4a6]
C  [ucrtbase.dll+0x21bb2]
C  [KERNEL32.DLL+0x17034]
C  [ntdll.dll+0x52651]


---------------  P R O C E S S  ---------------

Threads class SMR info:
_java_thread_list=0x000001834e4e88b0, length=157, elements={
0x000001833084a800, 0x000001834c204800, 0x000001834c251800, 0x000001834c25d000,
0x000001834c25e800, 0x000001834c263800, 0x000001834c265800, 0x000001834ca88800,
0x000001834cc16800, 0x000001834cc59800, 0x000001834e9aa000, 0x000001834eb4a800,
0x000001834dcf5800, 0x000001834dcf6000, 0x000001834e0aa000, 0x000001834e79c800,
0x000001834dd8c800, 0x000001834e30c000, 0x000001834e30d000, 0x000001834eb06000,
0x000001834eb8e000, 0x000001834eb8f800, 0x000001834eb92000, 0x000001834eb8c800,
0x000001834eb91000, 0x000001834eb90800, 0x000001834eb8e800, 0x000001834eb93000,
0x000001834eb8d000, 0x000001834f403000, 0x000001834f402000, 0x000001834f403800,
0x000001834f405000, 0x000001834f407800, 0x000001834f408800, 0x000001834f406000,
0x000001834f409800, 0x000001834f40a000, 0x000001834f404800, 0x000001834f40f000,
0x000001834f40c800, 0x000001834f40b000, 0x000001834f410800, 0x000001834f40d800,
0x000001834f40c000, 0x000001834f40e000, 0x000001834f410000, 0x000001835176b000,
0x000001835176c800, 0x000001835176c000, 0x0000018351768800, 0x0000018351769800,
0x000001835176a000, 0x0000018351772800, 0x0000018351771000, 0x0000018351770000,
0x0000018351773000, 0x0000018351771800, 0x000001835176d800, 0x0000018351774000,
0x000001835176e800, 0x0000018351775000, 0x000001835176f000, 0x0000018351775800,
0x0000018351776800, 0x0000018351777800, 0x0000018353745000, 0x0000018353748800,
0x0000018353749000, 0x0000018353744800, 0x000001835374a000, 0x000001835374b800,
0x0000018353746000, 0x000001835374b000, 0x000001835374c800, 0x0000018353746800,
0x000001835374d800, 0x0000018353747800, 0x0000018353750800, 0x000001835374e000,
0x0000018353751800, 0x0000018353753000, 0x000001835374f000, 0x000001835374f800,
0x0000018353752000, 0x00000183534f8000, 0x00000183534f2800, 0x00000183534f3000,
0x00000183534f9000, 0x00000183534f5000, 0x00000183534f5800, 0x00000183534f7000,
0x00000183534f9800, 0x00000183534f6800, 0x00000183534f4000, 0x00000183534ff800,
0x00000183534fb800, 0x00000183534fc000, 0x0000018353500000, 0x00000183534fe000,
0x00000183534fe800, 0x00000183534fd000, 0x00000183534fa800, 0x0000018353501000,
0x0000018351415800, 0x0000018351418800, 0x0000018351419800, 0x0000018351414000,
0x0000018351414800, 0x0000018351416000, 0x000001835141b000, 0x000001835141c000,
0x0000018351418000, 0x000001835141a800, 0x0000018351417000, 0x0000018351420000,
0x000001835141d000, 0x000001835141d800, 0x0000018351421000, 0x0000018351421800,
0x000001835141f000, 0x0000018351422800, 0x000001835141e800, 0x00000183534c4000,
0x00000183534c9000, 0x00000183534c6800, 0x00000183534c9800, 0x00000183534c5800,
0x00000183534c7000, 0x00000183534c8000, 0x00000183534ca800, 0x00000183534c5000,
0x00000183534cb800, 0x00000183534d0000, 0x00000183534d1000, 0x00000183534cd000,
0x00000183534d2000, 0x00000183534ce800, 0x00000183534cd800, 0x00000183534cf800,
0x00000183534cc000, 0x00000183534d2800, 0x00000183513bb800, 0x00000183513ba800,
0x00000183513bc000, 0x00000183513b9000, 0x00000183513be800, 0x00000183513b9800,
0x00000183513c2800, 0x00000183513c2000, 0x00000183513bf800, 0x00000183513bd000,
0x00000183513c0000, 0x00000183513c3800, 0x00000183513c1000, 0x00000183513bd800,
0x00000183513c4000
}

Java Threads: ( => current thread )
  0x000001833084a800 JavaThread "main" [_thread_blocked, id=120, stack(0x0000003cff300000,0x0000003cff400000)]
  0x000001834c204800 JavaThread "Reference Handler" daemon [_thread_blocked, id=11196, stack(0x0000003cffa00000,0x0000003cffb00000)]
  0x000001834c251800 JavaThread "Finalizer" daemon [_thread_blocked, id=9932, stack(0x0000003cffb00000,0x0000003cffc00000)]
  0x000001834c25d000 JavaThread "Signal Dispatcher" daemon [_thread_blocked, id=12228, stack(0x0000003cffc00000,0x0000003cffd00000)]
  0x000001834c25e800 JavaThread "Attach Listener" daemon [_thread_blocked, id=11028, stack(0x0000003cffd00000,0x0000003cffe00000)]
=>0x000001834c263800 JavaThread "C2 CompilerThread0" daemon [_thread_in_native, id=10680, stack(0x0000003cffe00000,0x0000003cfff00000)]
  0x000001834c265800 JavaThread "C1 CompilerThread0" daemon [_thread_blocked, id=10504, stack(0x0000003cfff00000,0x0000003d00000000)]
  0x000001834ca88800 JavaThread "Sweeper thread" daemon [_thread_blocked, id=12088, stack(0x0000003c80000000,0x0000003c80100000)]
  0x000001834cc16800 JavaThread "Common-Cleaner" daemon [_thread_blocked, id=7592, stack(0x0000003c80100000,0x0000003c80200000)]
  0x000001834cc59800 JavaThread "Service Thread" daemon [_thread_blocked, id=8904, stack(0x0000003c80200000,0x0000003c80300000)]
  0x000001834e9aa000 JavaThread "Daemon health stats" [_thread_blocked, id=12212, stack(0x0000003c80700000,0x0000003c80800000)]
  0x000001834eb4a800 JavaThread "Incoming local TCP Connector on port 61023" [_thread_in_native, id=2900, stack(0x0000003c80900000,0x0000003c80a00000)]
  0x000001834dcf5800 JavaThread "Daemon periodic checks" [_thread_blocked, id=9404, stack(0x0000003c80a00000,0x0000003c80b00000)]
  0x000001834dcf6000 JavaThread "Daemon" [_thread_blocked, id=5820, stack(0x0000003c80b00000,0x0000003c80c00000)]
  0x000001834e0aa000 JavaThread "Handler for socket connection from /127.0.0.1:61023 to /127.0.0.1:61024" [_thread_in_native, id=13292, stack(0x0000003c80c00000,0x0000003c80d00000)]
  0x000001834e79c800 JavaThread "Cancel handler" [_thread_blocked, id=9048, stack(0x0000003c80e00000,0x0000003c80f00000)]
  0x000001834dd8c800 JavaThread "Daemon worker" [_thread_blocked, id=10952, stack(0x0000003c80f00000,0x0000003c81000000)]
  0x000001834e30c000 JavaThread "Asynchronous log dispatcher for DefaultDaemonConnection: socket connection from /127.0.0.1:61023 to /127.0.0.1:61024" [_thread_blocked, id=9876, stack(0x0000003c81000000,0x0000003c81100000)]
  0x000001834e30d000 JavaThread "Stdin handler" [_thread_blocked, id=6452, stack(0x0000003c81100000,0x0000003c81200000)]
  0x000001834eb06000 JavaThread "Thread-8" [_thread_blocked, id=3452, stack(0x0000003c81200000,0x0000003c81300000)]
  0x000001834eb8e000 JavaThread "Cache worker for journal cache (C:\Users\Jaswinder\.gradle\caches\journal-1)" [_thread_blocked, id=1468, stack(0x0000003c81400000,0x0000003c81500000)]
  0x000001834eb8f800 JavaThread "File lock request listener" [_thread_in_native, id=11252, stack(0x0000003c81500000,0x0000003c81600000)]
  0x000001834eb92000 JavaThread "Cache worker for file hash cache (C:\Users\Jaswinder\.gradle\caches\6.5\fileHashes)" [_thread_blocked, id=3136, stack(0x0000003c81600000,0x0000003c81700000)]
  0x000001834eb8c800 JavaThread "Cache worker for file hash cache (M:\Amu Data\workProject\daily-reporting-mobile-app-22\.gradle\6.5\fileHashes)" [_thread_blocked, id=12052, stack(0x0000003c81700000,0x0000003c81800000)]
  0x000001834eb91000 JavaThread "Cache worker for checksums cache (M:\Amu Data\workProject\daily-reporting-mobile-app-22\.gradle\checksums)" [_thread_blocked, id=7756, stack(0x0000003c81800000,0x0000003c81900000)]
  0x000001834eb90800 JavaThread "Cache worker for cache directory md-supplier (C:\Users\Jaswinder\.gradle\caches\6.5\md-supplier)" [_thread_blocked, id=4176, stack(0x0000003c81900000,0x0000003c81a00000)]
  0x000001834eb8e800 JavaThread "Cache worker for cache directory md-rule (C:\Users\Jaswinder\.gradle\caches\6.5\md-rule)" [_thread_blocked, id=3012, stack(0x0000003c81a00000,0x0000003c81b00000)]
  0x000001834eb93000 JavaThread "Cache worker for execution history cache (C:\Users\Jaswinder\.gradle\caches\6.5\executionHistory)" [_thread_blocked, id=12848, stack(0x0000003c81b00000,0x0000003c81c00000)]
  0x000001834eb8d000 JavaThread "jar transforms" [_thread_blocked, id=9520, stack(0x0000003c81c00000,0x0000003c81d00000)]
  0x000001834f403000 JavaThread "Cache worker for file content cache (C:\Users\Jaswinder\.gradle\caches\6.5\fileContent)" [_thread_blocked, id=6588, stack(0x0000003c81d00000,0x0000003c81e00000)]
  0x000001834f402000 JavaThread "Build operations" [_thread_blocked, id=4328, stack(0x0000003c81e00000,0x0000003c81f00000)]
  0x000001834f403800 JavaThread "Build operations Thread 2" [_thread_blocked, id=12720, stack(0x0000003c81f00000,0x0000003c82000000)]
  0x000001834f405000 JavaThread "Build operations Thread 3" [_thread_blocked, id=12352, stack(0x0000003c82000000,0x0000003c82100000)]
  0x000001834f407800 JavaThread "Build operations Thread 4" [_thread_blocked, id=11040, stack(0x0000003c82100000,0x0000003c82200000)]
  0x000001834f408800 JavaThread "jar transforms Thread 2" [_thread_blocked, id=7796, stack(0x0000003c82200000,0x0000003c82300000)]
  0x000001834f406000 JavaThread "jar transforms Thread 3" [_thread_blocked, id=10584, stack(0x0000003c82300000,0x0000003c82400000)]
  0x000001834f409800 JavaThread "jar transforms Thread 4" [_thread_blocked, id=11716, stack(0x0000003c82400000,0x0000003c82500000)]
  0x000001834f40a000 JavaThread "jar transforms Thread 5" [_thread_blocked, id=10204, stack(0x0000003c82500000,0x0000003c82600000)]
  0x000001834f404800 JavaThread "jar transforms Thread 6" [_thread_blocked, id=5300, stack(0x0000003c82600000,0x0000003c82700000)]
  0x000001834f40f000 JavaThread "jar transforms Thread 7" [_thread_blocked, id=3832, stack(0x0000003c82700000,0x0000003c82800000)]
  0x000001834f40c800 JavaThread "jar transforms Thread 8" [_thread_blocked, id=5740, stack(0x0000003c82800000,0x0000003c82900000)]
  0x000001834f40b000 JavaThread "jar transforms Thread 9" [_thread_blocked, id=8176, stack(0x0000003c82900000,0x0000003c82a00000)]
  0x000001834f410800 JavaThread "jar transforms Thread 10" [_thread_blocked, id=11212, stack(0x0000003c82a00000,0x0000003c82b00000)]
  0x000001834f40d800 JavaThread "jar transforms Thread 11" [_thread_blocked, id=12836, stack(0x0000003c82b00000,0x0000003c82c00000)]
  0x000001834f40c000 JavaThread "jar transforms Thread 12" [_thread_blocked, id=10332, stack(0x0000003c82c00000,0x0000003c82d00000)]
  0x000001834f40e000 JavaThread "jar transforms Thread 13" [_thread_blocked, id=9108, stack(0x0000003c82d00000,0x0000003c82e00000)]
  0x000001834f410000 JavaThread "jar transforms Thread 14" [_thread_blocked, id=9196, stack(0x0000003c82e00000,0x0000003c82f00000)]
  0x000001835176b000 JavaThread "jar transforms Thread 15" [_thread_blocked, id=5448, stack(0x0000003c82f00000,0x0000003c83000000)]
  0x000001835176c800 JavaThread "jar transforms Thread 16" [_thread_blocked, id=9496, stack(0x0000003c83000000,0x0000003c83100000)]
  0x000001835176c000 JavaThread "jar transforms Thread 17" [_thread_blocked, id=12572, stack(0x0000003c83100000,0x0000003c83200000)]
  0x0000018351768800 JavaThread "jar transforms Thread 18" [_thread_blocked, id=1496, stack(0x0000003c83200000,0x0000003c83300000)]
  0x0000018351769800 JavaThread "jar transforms Thread 19" [_thread_blocked, id=1280, stack(0x0000003c83300000,0x0000003c83400000)]
  0x000001835176a000 JavaThread "jar transforms Thread 20" [_thread_blocked, id=8296, stack(0x0000003c83400000,0x0000003c83500000)]
  0x0000018351772800 JavaThread "jar transforms Thread 21" [_thread_blocked, id=4028, stack(0x0000003c83500000,0x0000003c83600000)]
  0x0000018351771000 JavaThread "jar transforms Thread 22" [_thread_blocked, id=6288, stack(0x0000003c83600000,0x0000003c83700000)]
  0x0000018351770000 JavaThread "jar transforms Thread 23" [_thread_blocked, id=2676, stack(0x0000003c83700000,0x0000003c83800000)]
  0x0000018351773000 JavaThread "jar transforms Thread 24" [_thread_blocked, id=12280, stack(0x0000003c83800000,0x0000003c83900000)]
  0x0000018351771800 JavaThread "jar transforms Thread 25" [_thread_blocked, id=12556, stack(0x0000003c83900000,0x0000003c83a00000)]
  0x000001835176d800 JavaThread "jar transforms Thread 26" [_thread_blocked, id=12492, stack(0x0000003c83a00000,0x0000003c83b00000)]
  0x0000018351774000 JavaThread "jar transforms Thread 27" [_thread_blocked, id=636, stack(0x0000003c83b00000,0x0000003c83c00000)]
  0x000001835176e800 JavaThread "jar transforms Thread 28" [_thread_blocked, id=8912, stack(0x0000003c83c00000,0x0000003c83d00000)]
  0x0000018351775000 JavaThread "jar transforms Thread 29" [_thread_blocked, id=6884, stack(0x0000003c83d00000,0x0000003c83e00000)]
  0x000001835176f000 JavaThread "jar transforms Thread 30" [_thread_blocked, id=12348, stack(0x0000003c83e00000,0x0000003c83f00000)]
  0x0000018351775800 JavaThread "jar transforms Thread 31" [_thread_blocked, id=12464, stack(0x0000003c83f00000,0x0000003c84000000)]
  0x0000018351776800 JavaThread "jar transforms Thread 32" [_thread_blocked, id=6968, stack(0x0000003c84000000,0x0000003c84100000)]
  0x0000018351777800 JavaThread "jar transforms Thread 33" [_thread_blocked, id=7604, stack(0x0000003c84100000,0x0000003c84200000)]
  0x0000018353745000 JavaThread "jar transforms Thread 34" [_thread_blocked, id=2320, stack(0x0000003c84200000,0x0000003c84300000)]
  0x0000018353748800 JavaThread "jar transforms Thread 35" [_thread_blocked, id=2768, stack(0x0000003c84300000,0x0000003c84400000)]
  0x0000018353749000 JavaThread "jar transforms Thread 36" [_thread_blocked, id=6224, stack(0x0000003c84400000,0x0000003c84500000)]
  0x0000018353744800 JavaThread "jar transforms Thread 37" [_thread_blocked, id=1532, stack(0x0000003c84500000,0x0000003c84600000)]
  0x000001835374a000 JavaThread "jar transforms Thread 38" [_thread_blocked, id=5156, stack(0x0000003c84600000,0x0000003c84700000)]
  0x000001835374b800 JavaThread "jar transforms Thread 39" [_thread_blocked, id=12928, stack(0x0000003c84700000,0x0000003c84800000)]
  0x0000018353746000 JavaThread "jar transforms Thread 40" [_thread_blocked, id=8256, stack(0x0000003c84800000,0x0000003c84900000)]
  0x000001835374b000 JavaThread "jar transforms Thread 41" [_thread_blocked, id=4972, stack(0x0000003c84900000,0x0000003c84a00000)]
  0x000001835374c800 JavaThread "jar transforms Thread 42" [_thread_blocked, id=1340, stack(0x0000003c84a00000,0x0000003c84b00000)]
  0x0000018353746800 JavaThread "jar transforms Thread 43" [_thread_blocked, id=10112, stack(0x0000003c84b00000,0x0000003c84c00000)]
  0x000001835374d800 JavaThread "jar transforms Thread 44" [_thread_blocked, id=11960, stack(0x0000003c84c00000,0x0000003c84d00000)]
  0x0000018353747800 JavaThread "jar transforms Thread 45" [_thread_blocked, id=9600, stack(0x0000003c84d00000,0x0000003c84e00000)]
  0x0000018353750800 JavaThread "jar transforms Thread 46" [_thread_blocked, id=12516, stack(0x0000003c84e00000,0x0000003c84f00000)]
  0x000001835374e000 JavaThread "jar transforms Thread 47" [_thread_blocked, id=12316, stack(0x0000003c84f00000,0x0000003c85000000)]
  0x0000018353751800 JavaThread "jar transforms Thread 48" [_thread_blocked, id=12504, stack(0x0000003c85000000,0x0000003c85100000)]
  0x0000018353753000 JavaThread "jar transforms Thread 49" [_thread_blocked, id=9568, stack(0x0000003c85100000,0x0000003c85200000)]
  0x000001835374f000 JavaThread "jar transforms Thread 50" [_thread_blocked, id=7340, stack(0x0000003c85200000,0x0000003c85300000)]
  0x000001835374f800 JavaThread "jar transforms Thread 51" [_thread_blocked, id=12372, stack(0x0000003c85300000,0x0000003c85400000)]
  0x0000018353752000 JavaThread "jar transforms Thread 52" [_thread_blocked, id=7884, stack(0x0000003c85400000,0x0000003c85500000)]
  0x00000183534f8000 JavaThread "jar transforms Thread 53" [_thread_blocked, id=3056, stack(0x0000003c85500000,0x0000003c85600000)]
  0x00000183534f2800 JavaThread "jar transforms Thread 54" [_thread_blocked, id=7956, stack(0x0000003c85600000,0x0000003c85700000)]
  0x00000183534f3000 JavaThread "jar transforms Thread 55" [_thread_blocked, id=8472, stack(0x0000003c85700000,0x0000003c85800000)]
  0x00000183534f9000 JavaThread "jar transforms Thread 56" [_thread_blocked, id=6312, stack(0x0000003c85800000,0x0000003c85900000)]
  0x00000183534f5000 JavaThread "jar transforms Thread 57" [_thread_blocked, id=9672, stack(0x0000003c85900000,0x0000003c85a00000)]
  0x00000183534f5800 JavaThread "jar transforms Thread 58" [_thread_blocked, id=6808, stack(0x0000003c85a00000,0x0000003c85b00000)]
  0x00000183534f7000 JavaThread "jar transforms Thread 59" [_thread_blocked, id=9336, stack(0x0000003c85b00000,0x0000003c85c00000)]
  0x00000183534f9800 JavaThread "jar transforms Thread 60" [_thread_blocked, id=12532, stack(0x0000003c85c00000,0x0000003c85d00000)]
  0x00000183534f6800 JavaThread "jar transforms Thread 61" [_thread_blocked, id=8684, stack(0x0000003c85d00000,0x0000003c85e00000)]
  0x00000183534f4000 JavaThread "jar transforms Thread 62" [_thread_blocked, id=11756, stack(0x0000003c85e00000,0x0000003c85f00000)]
  0x00000183534ff800 JavaThread "jar transforms Thread 63" [_thread_blocked, id=2564, stack(0x0000003c85f00000,0x0000003c86000000)]
  0x00000183534fb800 JavaThread "jar transforms Thread 64" [_thread_blocked, id=10636, stack(0x0000003c86000000,0x0000003c86100000)]
  0x00000183534fc000 JavaThread "jar transforms Thread 65" [_thread_blocked, id=9472, stack(0x0000003c86100000,0x0000003c86200000)]
  0x0000018353500000 JavaThread "jar transforms Thread 66" [_thread_blocked, id=9532, stack(0x0000003c86200000,0x0000003c86300000)]
  0x00000183534fe000 JavaThread "jar transforms Thread 67" [_thread_blocked, id=11572, stack(0x0000003c86300000,0x0000003c86400000)]
  0x00000183534fe800 JavaThread "jar transforms Thread 68" [_thread_blocked, id=12884, stack(0x0000003c86400000,0x0000003c86500000)]
  0x00000183534fd000 JavaThread "jar transforms Thread 69" [_thread_blocked, id=9664, stack(0x0000003c86500000,0x0000003c86600000)]
  0x00000183534fa800 JavaThread "jar transforms Thread 70" [_thread_blocked, id=2368, stack(0x0000003c86600000,0x0000003c86700000)]
  0x0000018353501000 JavaThread "jar transforms Thread 71" [_thread_blocked, id=11224, stack(0x0000003c86700000,0x0000003c86800000)]
  0x0000018351415800 JavaThread "jar transforms Thread 72" [_thread_blocked, id=8076, stack(0x0000003c86800000,0x0000003c86900000)]
  0x0000018351418800 JavaThread "jar transforms Thread 73" [_thread_blocked, id=12292, stack(0x0000003c86900000,0x0000003c86a00000)]
  0x0000018351419800 JavaThread "jar transforms Thread 74" [_thread_blocked, id=10164, stack(0x0000003c86a00000,0x0000003c86b00000)]
  0x0000018351414000 JavaThread "jar transforms Thread 75" [_thread_blocked, id=11740, stack(0x0000003c86b00000,0x0000003c86c00000)]
  0x0000018351414800 JavaThread "jar transforms Thread 76" [_thread_blocked, id=4672, stack(0x0000003c86c00000,0x0000003c86d00000)]
  0x0000018351416000 JavaThread "jar transforms Thread 77" [_thread_blocked, id=5580, stack(0x0000003c86d00000,0x0000003c86e00000)]
  0x000001835141b000 JavaThread "jar transforms Thread 78" [_thread_blocked, id=11272, stack(0x0000003c86e00000,0x0000003c86f00000)]
  0x000001835141c000 JavaThread "jar transforms Thread 79" [_thread_blocked, id=12624, stack(0x0000003c86f00000,0x0000003c87000000)]
  0x0000018351418000 JavaThread "jar transforms Thread 80" [_thread_blocked, id=7960, stack(0x0000003c87000000,0x0000003c87100000)]
  0x000001835141a800 JavaThread "jar transforms Thread 81" [_thread_blocked, id=3916, stack(0x0000003c87100000,0x0000003c87200000)]
  0x0000018351417000 JavaThread "jar transforms Thread 82" [_thread_blocked, id=13084, stack(0x0000003c87200000,0x0000003c87300000)]
  0x0000018351420000 JavaThread "jar transforms Thread 83" [_thread_blocked, id=9480, stack(0x0000003c87300000,0x0000003c87400000)]
  0x000001835141d000 JavaThread "jar transforms Thread 84" [_thread_blocked, id=6512, stack(0x0000003c87400000,0x0000003c87500000)]
  0x000001835141d800 JavaThread "jar transforms Thread 85" [_thread_blocked, id=9528, stack(0x0000003c87500000,0x0000003c87600000)]
  0x0000018351421000 JavaThread "jar transforms Thread 86" [_thread_blocked, id=10428, stack(0x0000003c87600000,0x0000003c87700000)]
  0x0000018351421800 JavaThread "jar transforms Thread 87" [_thread_blocked, id=4748, stack(0x0000003c87700000,0x0000003c87800000)]
  0x000001835141f000 JavaThread "jar transforms Thread 88" [_thread_blocked, id=12784, stack(0x0000003c87800000,0x0000003c87900000)]
  0x0000018351422800 JavaThread "jar transforms Thread 89" [_thread_blocked, id=4872, stack(0x0000003c87900000,0x0000003c87a00000)]
  0x000001835141e800 JavaThread "jar transforms Thread 90" [_thread_blocked, id=10688, stack(0x0000003c87a00000,0x0000003c87b00000)]
  0x00000183534c4000 JavaThread "jar transforms Thread 91" [_thread_blocked, id=1668, stack(0x0000003c87b00000,0x0000003c87c00000)]
  0x00000183534c9000 JavaThread "jar transforms Thread 92" [_thread_blocked, id=10460, stack(0x0000003c87c00000,0x0000003c87d00000)]
  0x00000183534c6800 JavaThread "jar transforms Thread 93" [_thread_blocked, id=9940, stack(0x0000003c87d00000,0x0000003c87e00000)]
  0x00000183534c9800 JavaThread "jar transforms Thread 94" [_thread_blocked, id=6652, stack(0x0000003c87e00000,0x0000003c87f00000)]
  0x00000183534c5800 JavaThread "jar transforms Thread 95" [_thread_blocked, id=8260, stack(0x0000003c87f00000,0x0000003c88000000)]
  0x00000183534c7000 JavaThread "jar transforms Thread 96" [_thread_blocked, id=12628, stack(0x0000003c88000000,0x0000003c88100000)]
  0x00000183534c8000 JavaThread "jar transforms Thread 97" [_thread_blocked, id=1944, stack(0x0000003c88100000,0x0000003c88200000)]
  0x00000183534ca800 JavaThread "jar transforms Thread 98" [_thread_blocked, id=10576, stack(0x0000003c88200000,0x0000003c88300000)]
  0x00000183534c5000 JavaThread "jar transforms Thread 99" [_thread_blocked, id=10956, stack(0x0000003c88300000,0x0000003c88400000)]
  0x00000183534cb800 JavaThread "jar transforms Thread 100" [_thread_blocked, id=9304, stack(0x0000003c88400000,0x0000003c88500000)]
  0x00000183534d0000 JavaThread "jar transforms Thread 101" [_thread_blocked, id=2700, stack(0x0000003c88500000,0x0000003c88600000)]
  0x00000183534d1000 JavaThread "jar transforms Thread 102" [_thread_blocked, id=11292, stack(0x0000003c88600000,0x0000003c88700000)]
  0x00000183534cd000 JavaThread "jar transforms Thread 103" [_thread_blocked, id=13288, stack(0x0000003c88700000,0x0000003c88800000)]
  0x00000183534d2000 JavaThread "jar transforms Thread 104" [_thread_blocked, id=13040, stack(0x0000003c88800000,0x0000003c88900000)]
  0x00000183534ce800 JavaThread "jar transforms Thread 105" [_thread_blocked, id=12476, stack(0x0000003c88900000,0x0000003c88a00000)]
  0x00000183534cd800 JavaThread "jar transforms Thread 106" [_thread_blocked, id=11328, stack(0x0000003c88a00000,0x0000003c88b00000)]
  0x00000183534cf800 JavaThread "jar transforms Thread 107" [_thread_blocked, id=7632, stack(0x0000003c88b00000,0x0000003c88c00000)]
  0x00000183534cc000 JavaThread "jar transforms Thread 108" [_thread_blocked, id=13004, stack(0x0000003c88c00000,0x0000003c88d00000)]
  0x00000183534d2800 JavaThread "jar transforms Thread 109" [_thread_blocked, id=2964, stack(0x0000003c88d00000,0x0000003c88e00000)]
  0x00000183513bb800 JavaThread "jar transforms Thread 110" [_thread_blocked, id=8124, stack(0x0000003c88e00000,0x0000003c88f00000)]
  0x00000183513ba800 JavaThread "jar transforms Thread 111" [_thread_blocked, id=11148, stack(0x0000003c88f00000,0x0000003c89000000)]
  0x00000183513bc000 JavaThread "jar transforms Thread 112" [_thread_blocked, id=5296, stack(0x0000003c89000000,0x0000003c89100000)]
  0x00000183513b9000 JavaThread "jar transforms Thread 113" [_thread_blocked, id=10864, stack(0x0000003c89100000,0x0000003c89200000)]
  0x00000183513be800 JavaThread "jar transforms Thread 114" [_thread_blocked, id=4756, stack(0x0000003c89200000,0x0000003c89300000)]
  0x00000183513b9800 JavaThread "Cache worker for Build Output Cleanup Cache (M:\Amu Data\workProject\daily-reporting-mobile-app-22\.gradle\buildOutputCleanup)" [_thread_blocked, id=6204, stack(0x0000003c80d00000,0x0000003c80e00000)]
  0x00000183513c2800 JavaThread "Memory manager" [_thread_blocked, id=4564, stack(0x0000003c89500000,0x0000003c89600000)]
  0x00000183513c2000 JavaThread "Cache worker for file content cache (M:\Amu Data\workProject\daily-reporting-mobile-app-22\.gradle\6.5\fileContent)" [_thread_blocked, id=2784, stack(0x0000003c89600000,0x0000003c89700000)]
  0x00000183513bf800 JavaThread "Execution worker for ':'" [_thread_in_native, id=2808, stack(0x0000003c89700000,0x0000003c89800000)]
  0x00000183513bd000 JavaThread "Execution worker for ':' Thread 2" [_thread_blocked, id=3580, stack(0x0000003c89800000,0x0000003c89900000)]
  0x00000183513c0000 JavaThread "Execution worker for ':' Thread 3" [_thread_blocked, id=1684, stack(0x0000003c89900000,0x0000003c89a00000)]
  0x00000183513c3800 JavaThread "Cache worker for execution history cache (M:\Amu Data\workProject\daily-reporting-mobile-app-22\.gradle\6.5\executionHistory)" [_thread_blocked, id=10308, stack(0x0000003c89a00000,0x0000003c89b00000)]
  0x00000183513c1000 JavaThread "Cache worker for Java compile cache (C:\Users\Jaswinder\.gradle\caches\6.5\javaCompile)" [_thread_blocked, id=13220, stack(0x0000003c89b00000,0x0000003c89c00000)]
  0x00000183513bd800 JavaThread "Cache worker for Java compile cache (M:\Amu Data\workProject\daily-reporting-mobile-app-22\.gradle\6.5\javaCompile)" [_thread_blocked, id=9700, stack(0x0000003c89c00000,0x0000003c89d00000)]
  0x00000183513c4000 JavaThread "C2 CompilerThread1" daemon [_thread_in_native, id=2560, stack(0x0000003c89300000,0x0000003c89400000)]

Other Threads:
  0x000001834c201800 VMThread "VM Thread" [stack: 0x0000003cff900000,0x0000003cffa00000] [id=12232]
  0x000001834cc5a000 WatcherThread [stack: 0x0000003c80300000,0x0000003c80400000] [id=3364]
  0x0000018330862000 GCTaskThread "GC Thread#0" [stack: 0x0000003cff400000,0x0000003cff500000] [id=4120]
  0x000001834d633800 GCTaskThread "GC Thread#1" [stack: 0x0000003c80500000,0x0000003c80600000] [id=2584]
  0x000001834cfec800 GCTaskThread "GC Thread#2" [stack: 0x0000003c80600000,0x0000003c80700000] [id=4244]
  0x000001834e517000 GCTaskThread "GC Thread#3" [stack: 0x0000003c81300000,0x0000003c81400000] [id=11856]
  0x0000018330893000 ConcurrentGCThread "G1 Main Marker" [stack: 0x0000003cff500000,0x0000003cff600000] [id=10500]
  0x0000018330895800 ConcurrentGCThread "G1 Conc#0" [stack: 0x0000003cff600000,0x0000003cff700000] [id=13304]
  0x0000018330928800 ConcurrentGCThread "G1 Refine#0" [stack: 0x0000003cff700000,0x0000003cff800000] [id=8956]
  0x000001834cc50800 ConcurrentGCThread "G1 Refine#1" [stack: 0x0000003c89400000,0x0000003c89500000] [id=4068]
  0x0000018330929800 ConcurrentGCThread "G1 Young RemSet Sampling" [stack: 0x0000003cff800000,0x0000003cff900000] [id=9160]

Threads with active compile tasks:
C2 CompilerThread0  23265 10080   !   4       java.nio.file.FileTreeWalker::visit (204 bytes)
C2 CompilerThread1  23265 10089   !   4       java.nio.file.FileTreeWalker::next (144 bytes)

VM state:not at safepoint (normal execution)

VM Mutex/Monitor currently owned by a thread: None

Heap address: 0x0000000080000000, size: 2048 MB, Compressed Oops mode: 32-bit
Narrow klass base: 0x0000000000000000, Narrow klass shift: 3
Compressed class space size: 1073741824 Address: 0x0000000100000000

Heap:
 garbage-first heap   total 187392K, used 131680K [0x0000000080000000, 0x0000000100000000)
  region size 1024K, 58 young (59392K), 9 survivors (9216K)
 Metaspace       used 88895K, capacity 90961K, committed 91216K, reserved 1128448K
  class space    used 11421K, capacity 12217K, committed 12288K, reserved 1048576K
Heap Regions: E=young(eden), S=young(survivor), O=old, HS=humongous(starts), HC=humongous(continues), CS=collection set, F=free, A=archive, TAMS=top-at-mark-start (previous, next)
|   0|0x0000000080000000, 0x0000000080100000, 0x0000000080100000|100%| O|  |TAMS 0x0000000080100000, 0x0000000080000000| Untracked 
|   1|0x0000000080100000, 0x0000000080200000, 0x0000000080200000|100%| O|  |TAMS 0x0000000080200000, 0x0000000080100000| Untracked 
|   2|0x0000000080200000, 0x0000000080300000, 0x0000000080300000|100%| O|  |TAMS 0x0000000080300000, 0x0000000080200000| Untracked 
|   3|0x0000000080300000, 0x0000000080400000, 0x0000000080400000|100%|HS|  |TAMS 0x0000000080400000, 0x0000000080300000| Complete 
|   4|0x0000000080400000, 0x0000000080500000, 0x0000000080500000|100%|HC|  |TAMS 0x0000000080500000, 0x0000000080400000| Complete 
|   5|0x0000000080500000, 0x0000000080600000, 0x0000000080600000|100%|HC|  |TAMS 0x0000000080600000, 0x0000000080500000| Complete 
|   6|0x0000000080600000, 0x0000000080700000, 0x0000000080700000|100%| O|  |TAMS 0x0000000080700000, 0x0000000080600000| Untracked 
|   7|0x0000000080700000, 0x0000000080800000, 0x0000000080800000|100%| O|  |TAMS 0x0000000080800000, 0x0000000080700000| Untracked 
|   8|0x0000000080800000, 0x0000000080900000, 0x0000000080900000|100%| O|  |TAMS 0x0000000080900000, 0x0000000080800000| Untracked 
|   9|0x0000000080900000, 0x0000000080a00000, 0x0000000080a00000|100%| O|  |TAMS 0x0000000080a00000, 0x0000000080900000| Untracked 
|  10|0x0000000080a00000, 0x0000000080b00000, 0x0000000080b00000|100%| O|  |TAMS 0x0000000080b00000, 0x0000000080a00000| Untracked 
|  11|0x0000000080b00000, 0x0000000080c00000, 0x0000000080c00000|100%| O|  |TAMS 0x0000000080c00000, 0x0000000080b00000| Untracked 
|  12|0x0000000080c00000, 0x0000000080d00000, 0x0000000080d00000|100%| O|  |TAMS 0x0000000080d00000, 0x0000000080c00000| Untracked 
|  13|0x0000000080d00000, 0x0000000080e00000, 0x0000000080e00000|100%| O|  |TAMS 0x0000000080e00000, 0x0000000080d00000| Untracked 
|  14|0x0000000080e00000, 0x0000000080f00000, 0x0000000080f00000|100%| O|  |TAMS 0x0000000080f00000, 0x0000000080e00000| Untracked 
|  15|0x0000000080f00000, 0x0000000081000000, 0x0000000081000000|100%| O|  |TAMS 0x0000000081000000, 0x0000000080f00000| Untracked 
|  16|0x0000000081000000, 0x0000000081100000, 0x0000000081100000|100%| O|  |TAMS 0x0000000081100000, 0x0000000081000000| Untracked 
|  17|0x0000000081100000, 0x0000000081200000, 0x0000000081200000|100%| O|  |TAMS 0x0000000081200000, 0x0000000081100000| Untracked 
|  18|0x0000000081200000, 0x0000000081300000, 0x0000000081300000|100%| O|  |TAMS 0x0000000081300000, 0x0000000081200000| Untracked 
|  19|0x0000000081300000, 0x0000000081400000, 0x0000000081400000|100%| O|  |TAMS 0x0000000081400000, 0x0000000081300000| Untracked 
|  20|0x0000000081400000, 0x0000000081500000, 0x0000000081500000|100%| O|  |TAMS 0x0000000081500000, 0x0000000081400000| Untracked 
|  21|0x0000000081500000, 0x0000000081600000, 0x0000000081600000|100%|HS|  |TAMS 0x0000000081600000, 0x0000000081500000| Complete 
|  22|0x0000000081600000, 0x0000000081700000, 0x0000000081700000|100%|HS|  |TAMS 0x0000000081700000, 0x0000000081600000| Complete 
|  23|0x0000000081700000, 0x0000000081800000, 0x0000000081800000|100%|HC|  |TAMS 0x0000000081800000, 0x0000000081700000| Complete 
|  24|0x0000000081800000, 0x0000000081900000, 0x0000000081900000|100%|HC|  |TAMS 0x0000000081900000, 0x0000000081800000| Complete 
|  25|0x0000000081900000, 0x0000000081a00000, 0x0000000081a00000|100%|HS|  |TAMS 0x0000000081a00000, 0x0000000081900000| Complete 
|  26|0x0000000081a00000, 0x0000000081b00000, 0x0000000081b00000|100%|HC|  |TAMS 0x0000000081b00000, 0x0000000081a00000| Complete 
|  27|0x0000000081b00000, 0x0000000081c00000, 0x0000000081c00000|100%| O|  |TAMS 0x0000000081c00000, 0x0000000081b00000| Untracked 
|  28|0x0000000081c00000, 0x0000000081d00000, 0x0000000081d00000|100%| O|  |TAMS 0x0000000081d00000, 0x0000000081c00000| Untracked 
|  29|0x0000000081d00000, 0x0000000081e00000, 0x0000000081e00000|100%| O|  |TAMS 0x0000000081e00000, 0x0000000081d00000| Untracked 
|  30|0x0000000081e00000, 0x0000000081f00000, 0x0000000081f00000|100%| O|  |TAMS 0x0000000081f00000, 0x0000000081e00000| Untracked 
|  31|0x0000000081f00000, 0x0000000082000000, 0x0000000082000000|100%| O|  |TAMS 0x0000000082000000, 0x0000000081f00000| Untracked 
|  32|0x0000000082000000, 0x0000000082100000, 0x0000000082100000|100%| O|  |TAMS 0x0000000082100000, 0x0000000082000000| Untracked 
|  33|0x0000000082100000, 0x0000000082200000, 0x0000000082200000|100%| O|  |TAMS 0x0000000082200000, 0x0000000082100000| Untracked 
|  34|0x0000000082200000, 0x0000000082300000, 0x0000000082300000|100%| O|  |TAMS 0x0000000082300000, 0x0000000082200000| Untracked 
|  35|0x0000000082300000, 0x0000000082400000, 0x0000000082400000|100%| O|  |TAMS 0x0000000082400000, 0x0000000082300000| Untracked 
|  36|0x0000000082400000, 0x0000000082500000, 0x0000000082500000|100%| O|  |TAMS 0x0000000082400000, 0x0000000082400000| Untracked 
|  37|0x0000000082500000, 0x0000000082600000, 0x0000000082600000|100%| O|  |TAMS 0x0000000082600000, 0x0000000082500000| Untracked 
|  38|0x0000000082600000, 0x0000000082700000, 0x0000000082700000|100%| O|  |TAMS 0x0000000082700000, 0x0000000082600000| Untracked 
|  39|0x0000000082700000, 0x0000000082800000, 0x0000000082800000|100%| O|  |TAMS 0x0000000082800000, 0x0000000082700000| Untracked 
|  40|0x0000000082800000, 0x0000000082900000, 0x0000000082900000|100%| O|  |TAMS 0x0000000082900000, 0x0000000082800000| Untracked 
|  41|0x0000000082900000, 0x0000000082a00000, 0x0000000082a00000|100%| O|  |TAMS 0x0000000082a00000, 0x0000000082900000| Untracked 
|  42|0x0000000082a00000, 0x0000000082b00000, 0x0000000082b00000|100%| O|  |TAMS 0x0000000082b00000, 0x0000000082a00000| Untracked 
|  43|0x0000000082b00000, 0x0000000082c00000, 0x0000000082c00000|100%| O|  |TAMS 0x0000000082c00000, 0x0000000082b00000| Untracked 
|  44|0x0000000082c00000, 0x0000000082d00000, 0x0000000082d00000|100%| O|  |TAMS 0x0000000082d00000, 0x0000000082c00000| Untracked 
|  45|0x0000000082d00000, 0x0000000082e00000, 0x0000000082e00000|100%| O|  |TAMS 0x0000000082e00000, 0x0000000082d00000| Untracked 
|  46|0x0000000082e00000, 0x0000000082f00000, 0x0000000082f00000|100%| O|  |TAMS 0x0000000082f00000, 0x0000000082e00000| Untracked 
|  47|0x0000000082f00000, 0x0000000083000000, 0x0000000083000000|100%| O|  |TAMS 0x0000000083000000, 0x0000000082f00000| Untracked 
|  48|0x0000000083000000, 0x0000000083100000, 0x0000000083100000|100%| O|  |TAMS 0x0000000083100000, 0x0000000083000000| Untracked 
|  49|0x0000000083100000, 0x0000000083200000, 0x0000000083200000|100%| O|  |TAMS 0x0000000083100000, 0x0000000083100000| Untracked 
|  50|0x0000000083200000, 0x0000000083300000, 0x0000000083300000|100%| O|  |TAMS 0x0000000083200000, 0x0000000083200000| Untracked 
|  51|0x0000000083300000, 0x0000000083400000, 0x0000000083400000|100%| O|  |TAMS 0x0000000083300000, 0x0000000083300000| Untracked 
|  52|0x0000000083400000, 0x0000000083500000, 0x0000000083500000|100%| O|  |TAMS 0x0000000083400000, 0x0000000083400000| Untracked 
|  53|0x0000000083500000, 0x0000000083600000, 0x0000000083600000|100%| O|  |TAMS 0x0000000083500000, 0x0000000083500000| Untracked 
|  54|0x0000000083600000, 0x0000000083700000, 0x0000000083700000|100%| O|  |TAMS 0x0000000083600000, 0x0000000083600000| Untracked 
|  55|0x0000000083700000, 0x0000000083800000, 0x0000000083800000|100%| O|  |TAMS 0x0000000083700000, 0x0000000083700000| Untracked 
|  56|0x0000000083800000, 0x0000000083900000, 0x0000000083900000|100%| O|  |TAMS 0x0000000083800000, 0x0000000083800000| Untracked 
|  57|0x0000000083900000, 0x0000000083a00000, 0x0000000083a00000|100%| O|  |TAMS 0x0000000083900000, 0x0000000083900000| Untracked 
|  58|0x0000000083a00000, 0x0000000083b00000, 0x0000000083b00000|100%| O|  |TAMS 0x0000000083a00000, 0x0000000083a00000| Untracked 
|  59|0x0000000083b00000, 0x0000000083c00000, 0x0000000083c00000|100%| O|  |TAMS 0x0000000083b00000, 0x0000000083b00000| Untracked 
|  60|0x0000000083c00000, 0x0000000083d00000, 0x0000000083d00000|100%| O|  |TAMS 0x0000000083c00000, 0x0000000083c00000| Untracked 
|  61|0x0000000083d00000, 0x0000000083e00000, 0x0000000083e00000|100%| O|  |TAMS 0x0000000083d00000, 0x0000000083d00000| Untracked 
|  62|0x0000000083e00000, 0x0000000083f00000, 0x0000000083f00000|100%| O|  |TAMS 0x0000000083e00000, 0x0000000083e00000| Untracked 
|  63|0x0000000083f00000, 0x0000000084000000, 0x0000000084000000|100%| O|  |TAMS 0x0000000083f00000, 0x0000000083f00000| Untracked 
|  64|0x0000000084000000, 0x0000000084100000, 0x0000000084100000|100%| O|  |TAMS 0x0000000084000000, 0x0000000084000000| Untracked 
|  65|0x0000000084100000, 0x0000000084200000, 0x0000000084200000|100%| O|  |TAMS 0x0000000084100000, 0x0000000084100000| Untracked 
|  66|0x0000000084200000, 0x0000000084300000, 0x0000000084300000|100%| O|  |TAMS 0x0000000084200000, 0x0000000084200000| Untracked 
|  67|0x0000000084300000, 0x0000000084400000, 0x0000000084400000|100%| O|  |TAMS 0x0000000084300000, 0x0000000084300000| Untracked 
|  68|0x0000000084400000, 0x0000000084500000, 0x0000000084500000|100%| O|  |TAMS 0x0000000084400000, 0x0000000084400000| Untracked 
|  69|0x0000000084500000, 0x0000000084598200, 0x0000000084600000| 59%| O|  |TAMS 0x0000000084500000, 0x0000000084500000| Untracked 
|  70|0x0000000084600000, 0x0000000084700000, 0x0000000084700000|100%|HS|  |TAMS 0x0000000084600000, 0x0000000084600000| Complete 
|  71|0x0000000084700000, 0x0000000084800000, 0x0000000084800000|100%|HC|  |TAMS 0x0000000084700000, 0x0000000084700000| Complete 
|  72|0x0000000084800000, 0x0000000084800000, 0x0000000084900000|  0%| F|  |TAMS 0x0000000084800000, 0x0000000084800000| Untracked 
|  73|0x0000000084900000, 0x0000000084900000, 0x0000000084a00000|  0%| F|  |TAMS 0x0000000084900000, 0x0000000084900000| Untracked 
|  74|0x0000000084a00000, 0x0000000084a00000, 0x0000000084b00000|  0%| F|  |TAMS 0x0000000084a00000, 0x0000000084a00000| Untracked 
|  75|0x0000000084b00000, 0x0000000084b00000, 0x0000000084c00000|  0%| F|  |TAMS 0x0000000084b00000, 0x0000000084b00000| Untracked 
|  76|0x0000000084c00000, 0x0000000084c00000, 0x0000000084d00000|  0%| F|  |TAMS 0x0000000084c00000, 0x0000000084c00000| Untracked 
|  77|0x0000000084d00000, 0x0000000084d00000, 0x0000000084e00000|  0%| F|  |TAMS 0x0000000084d00000, 0x0000000084d00000| Untracked 
|  78|0x0000000084e00000, 0x0000000084e00000, 0x0000000084f00000|  0%| F|  |TAMS 0x0000000084e00000, 0x0000000084e00000| Untracked 
|  79|0x0000000084f00000, 0x0000000084f00000, 0x0000000085000000|  0%| F|  |TAMS 0x0000000084f00000, 0x0000000084f00000| Untracked 
|  80|0x0000000085000000, 0x0000000085000000, 0x0000000085100000|  0%| F|  |TAMS 0x0000000085000000, 0x0000000085000000| Untracked 
|  81|0x0000000085100000, 0x0000000085100000, 0x0000000085200000|  0%| F|  |TAMS 0x0000000085100000, 0x0000000085100000| Untracked 
|  82|0x0000000085200000, 0x0000000085200000, 0x0000000085300000|  0%| F|  |TAMS 0x0000000085200000, 0x0000000085200000| Untracked 
|  83|0x0000000085300000, 0x0000000085300000, 0x0000000085400000|  0%| F|  |TAMS 0x0000000085300000, 0x0000000085300000| Untracked 
|  84|0x0000000085400000, 0x0000000085400000, 0x0000000085500000|  0%| F|  |TAMS 0x0000000085400000, 0x0000000085400000| Untracked 
|  85|0x0000000085500000, 0x0000000085500000, 0x0000000085600000|  0%| F|  |TAMS 0x0000000085500000, 0x0000000085500000| Untracked 
|  86|0x0000000085600000, 0x0000000085600000, 0x0000000085700000|  0%| F|  |TAMS 0x0000000085600000, 0x0000000085600000| Untracked 
|  87|0x0000000085700000, 0x0000000085700000, 0x0000000085800000|  0%| F|  |TAMS 0x0000000085700000, 0x0000000085700000| Untracked 
|  88|0x0000000085800000, 0x0000000085800000, 0x0000000085900000|  0%| F|  |TAMS 0x0000000085800000, 0x0000000085800000| Untracked 
|  89|0x0000000085900000, 0x0000000085900000, 0x0000000085a00000|  0%| F|  |TAMS 0x0000000085900000, 0x0000000085900000| Untracked 
|  90|0x0000000085a00000, 0x0000000085a00000, 0x0000000085b00000|  0%| F|  |TAMS 0x0000000085a00000, 0x0000000085a00000| Untracked 
|  91|0x0000000085b00000, 0x0000000085b00000, 0x0000000085c00000|  0%| F|  |TAMS 0x0000000085b00000, 0x0000000085b00000| Untracked 
|  92|0x0000000085c00000, 0x0000000085c00000, 0x0000000085d00000|  0%| F|  |TAMS 0x0000000085c00000, 0x0000000085c00000| Untracked 
|  93|0x0000000085d00000, 0x0000000085d00000, 0x0000000085e00000|  0%| F|  |TAMS 0x0000000085d00000, 0x0000000085d00000| Untracked 
|  94|0x0000000085e00000, 0x0000000085e00000, 0x0000000085f00000|  0%| F|  |TAMS 0x0000000085e00000, 0x0000000085e00000| Untracked 
|  95|0x0000000085f00000, 0x0000000085f00000, 0x0000000086000000|  0%| F|  |TAMS 0x0000000085f00000, 0x0000000085f00000| Untracked 
|  96|0x0000000086000000, 0x0000000086000000, 0x0000000086100000|  0%| F|  |TAMS 0x0000000086000000, 0x0000000086000000| Untracked 
|  97|0x0000000086100000, 0x0000000086100000, 0x0000000086200000|  0%| F|  |TAMS 0x0000000086100000, 0x0000000086100000| Untracked 
|  98|0x0000000086200000, 0x0000000086200000, 0x0000000086300000|  0%| F|  |TAMS 0x0000000086200000, 0x0000000086200000| Untracked 
|  99|0x0000000086300000, 0x0000000086400000, 0x0000000086400000|100%| S|CS|TAMS 0x0000000086300000, 0x0000000086300000| Complete 
| 100|0x0000000086400000, 0x0000000086500000, 0x0000000086500000|100%| S|CS|TAMS 0x0000000086400000, 0x0000000086400000| Complete 
| 101|0x0000000086500000, 0x0000000086600000, 0x0000000086600000|100%| S|CS|TAMS 0x0000000086500000, 0x0000000086500000| Complete 
| 102|0x0000000086600000, 0x0000000086700000, 0x0000000086700000|100%| S|CS|TAMS 0x0000000086600000, 0x0000000086600000| Complete 
| 103|0x0000000086700000, 0x0000000086700000, 0x0000000086800000|  0%| F|  |TAMS 0x0000000086700000, 0x0000000086700000| Untracked 
| 104|0x0000000086800000, 0x0000000086800000, 0x0000000086900000|  0%| F|  |TAMS 0x0000000086800000, 0x0000000086800000| Untracked 
| 105|0x0000000086900000, 0x0000000086900000, 0x0000000086a00000|  0%| F|  |TAMS 0x0000000086900000, 0x0000000086900000| Untracked 
| 106|0x0000000086a00000, 0x0000000086a00000, 0x0000000086b00000|  0%| F|  |TAMS 0x0000000086a00000, 0x0000000086a00000| Untracked 
| 107|0x0000000086b00000, 0x0000000086b00000, 0x0000000086c00000|  0%| F|  |TAMS 0x0000000086b00000, 0x0000000086b00000| Untracked 
| 108|0x0000000086c00000, 0x0000000086c00000, 0x0000000086d00000|  0%| F|  |TAMS 0x0000000086c00000, 0x0000000086c00000| Untracked 
| 109|0x0000000086d00000, 0x0000000086d00000, 0x0000000086e00000|  0%| F|  |TAMS 0x0000000086d00000, 0x0000000086d00000| Untracked 
| 110|0x0000000086e00000, 0x0000000086e00000, 0x0000000086f00000|  0%| F|  |TAMS 0x0000000086e00000, 0x0000000086e00000| Untracked 
| 111|0x0000000086f00000, 0x0000000086f00000, 0x0000000087000000|  0%| F|  |TAMS 0x0000000086f00000, 0x0000000086f00000| Untracked 
| 112|0x0000000087000000, 0x0000000087100000, 0x0000000087100000|100%| S|CS|TAMS 0x0000000087000000, 0x0000000087000000| Complete 
| 113|0x0000000087100000, 0x0000000087200000, 0x0000000087200000|100%| S|CS|TAMS 0x0000000087100000, 0x0000000087100000| Complete 
| 114|0x0000000087200000, 0x0000000087300000, 0x0000000087300000|100%| S|CS|TAMS 0x0000000087200000, 0x0000000087200000| Complete 
| 115|0x0000000087300000, 0x0000000087400000, 0x0000000087400000|100%| S|CS|TAMS 0x0000000087300000, 0x0000000087300000| Complete 
| 116|0x0000000087400000, 0x0000000087500000, 0x0000000087500000|100%| S|CS|TAMS 0x0000000087400000, 0x0000000087400000| Complete 
| 117|0x0000000087500000, 0x0000000087500000, 0x0000000087600000|  0%| F|  |TAMS 0x0000000087500000, 0x0000000087500000| Untracked 
| 118|0x0000000087600000, 0x0000000087600000, 0x0000000087700000|  0%| F|  |TAMS 0x0000000087600000, 0x0000000087600000| Untracked 
| 119|0x0000000087700000, 0x0000000087700000, 0x0000000087800000|  0%| F|  |TAMS 0x0000000087700000, 0x0000000087700000| Untracked 
| 120|0x0000000087800000, 0x0000000087800000, 0x0000000087900000|  0%| F|  |TAMS 0x0000000087800000, 0x0000000087800000| Untracked 
| 121|0x0000000087900000, 0x0000000087900000, 0x0000000087a00000|  0%| F|  |TAMS 0x0000000087900000, 0x0000000087900000| Untracked 
| 122|0x0000000087a00000, 0x0000000087a00000, 0x0000000087b00000|  0%| F|  |TAMS 0x0000000087a00000, 0x0000000087a00000| Untracked 
| 123|0x0000000087b00000, 0x0000000087b00000, 0x0000000087c00000|  0%| F|  |TAMS 0x0000000087b00000, 0x0000000087b00000| Untracked 
| 124|0x0000000087c00000, 0x0000000087c00000, 0x0000000087d00000|  0%| F|  |TAMS 0x0000000087c00000, 0x0000000087c00000| Untracked 
| 125|0x0000000087d00000, 0x0000000087d00000, 0x0000000087e00000|  0%| F|  |TAMS 0x0000000087d00000, 0x0000000087d00000| Untracked 
| 126|0x0000000087e00000, 0x0000000087e00000, 0x0000000087f00000|  0%| F|  |TAMS 0x0000000087e00000, 0x0000000087e00000| Untracked 
| 127|0x0000000087f00000, 0x0000000087f00000, 0x0000000088000000|  0%| F|  |TAMS 0x0000000087f00000, 0x0000000087f00000| Untracked 
| 128|0x0000000088000000, 0x0000000088000000, 0x0000000088100000|  0%| F|  |TAMS 0x0000000088000000, 0x0000000088000000| Untracked 
| 129|0x0000000088100000, 0x0000000088100000, 0x0000000088200000|  0%| F|  |TAMS 0x0000000088100000, 0x0000000088100000| Untracked 
| 130|0x0000000088200000, 0x0000000088200000, 0x0000000088300000|  0%| F|  |TAMS 0x0000000088200000, 0x0000000088200000| Untracked 
| 131|0x0000000088300000, 0x0000000088300000, 0x0000000088400000|  0%| F|  |TAMS 0x0000000088300000, 0x0000000088300000| Untracked 
| 132|0x0000000088400000, 0x0000000088400000, 0x0000000088500000|  0%| F|  |TAMS 0x0000000088400000, 0x0000000088400000| Untracked 
| 133|0x0000000088500000, 0x0000000088500000, 0x0000000088600000|  0%| F|  |TAMS 0x0000000088500000, 0x0000000088500000| Untracked 
| 134|0x0000000088600000, 0x0000000088700000, 0x0000000088700000|100%| E|  |TAMS 0x0000000088600000, 0x0000000088600000| Complete 
| 135|0x0000000088700000, 0x0000000088800000, 0x0000000088800000|100%| E|CS|TAMS 0x0000000088700000, 0x0000000088700000| Complete 
| 136|0x0000000088800000, 0x0000000088900000, 0x0000000088900000|100%| E|CS|TAMS 0x0000000088800000, 0x0000000088800000| Complete 
| 137|0x0000000088900000, 0x0000000088a00000, 0x0000000088a00000|100%| E|CS|TAMS 0x0000000088900000, 0x0000000088900000| Complete 
| 138|0x0000000088a00000, 0x0000000088b00000, 0x0000000088b00000|100%| E|CS|TAMS 0x0000000088a00000, 0x0000000088a00000| Complete 
| 139|0x0000000088b00000, 0x0000000088c00000, 0x0000000088c00000|100%| E|CS|TAMS 0x0000000088b00000, 0x0000000088b00000| Complete 
| 140|0x0000000088c00000, 0x0000000088d00000, 0x0000000088d00000|100%| E|CS|TAMS 0x0000000088c00000, 0x0000000088c00000| Complete 
| 141|0x0000000088d00000, 0x0000000088e00000, 0x0000000088e00000|100%| E|CS|TAMS 0x0000000088d00000, 0x0000000088d00000| Complete 
| 142|0x0000000088e00000, 0x0000000088f00000, 0x0000000088f00000|100%| E|CS|TAMS 0x0000000088e00000, 0x0000000088e00000| Complete 
| 143|0x0000000088f00000, 0x0000000089000000, 0x0000000089000000|100%| E|CS|TAMS 0x0000000088f00000, 0x0000000088f00000| Complete 
| 144|0x0000000089000000, 0x0000000089100000, 0x0000000089100000|100%| E|CS|TAMS 0x0000000089000000, 0x0000000089000000| Complete 
| 145|0x0000000089100000, 0x0000000089200000, 0x0000000089200000|100%| E|CS|TAMS 0x0000000089100000, 0x0000000089100000| Complete 
| 146|0x0000000089200000, 0x0000000089300000, 0x0000000089300000|100%| E|CS|TAMS 0x0000000089200000, 0x0000000089200000| Complete 
| 147|0x0000000089300000, 0x0000000089400000, 0x0000000089400000|100%| E|CS|TAMS 0x0000000089300000, 0x0000000089300000| Complete 
| 148|0x0000000089400000, 0x0000000089500000, 0x0000000089500000|100%| E|CS|TAMS 0x0000000089400000, 0x0000000089400000| Complete 
| 149|0x0000000089500000, 0x0000000089600000, 0x0000000089600000|100%| E|CS|TAMS 0x0000000089500000, 0x0000000089500000| Complete 
| 150|0x0000000089600000, 0x0000000089700000, 0x0000000089700000|100%| E|CS|TAMS 0x0000000089600000, 0x0000000089600000| Complete 
| 151|0x0000000089700000, 0x0000000089800000, 0x0000000089800000|100%| E|CS|TAMS 0x0000000089700000, 0x0000000089700000| Complete 
| 152|0x0000000089800000, 0x0000000089900000, 0x0000000089900000|100%| E|CS|TAMS 0x0000000089800000, 0x0000000089800000| Complete 
| 153|0x0000000089900000, 0x0000000089a00000, 0x0000000089a00000|100%| E|CS|TAMS 0x0000000089900000, 0x0000000089900000| Complete 
| 154|0x0000000089a00000, 0x0000000089b00000, 0x0000000089b00000|100%| E|CS|TAMS 0x0000000089a00000, 0x0000000089a00000| Complete 
| 155|0x0000000089b00000, 0x0000000089c00000, 0x0000000089c00000|100%| E|CS|TAMS 0x0000000089b00000, 0x0000000089b00000| Complete 
| 156|0x0000000089c00000, 0x0000000089d00000, 0x0000000089d00000|100%| E|CS|TAMS 0x0000000089c00000, 0x0000000089c00000| Complete 
| 157|0x0000000089d00000, 0x0000000089e00000, 0x0000000089e00000|100%| E|CS|TAMS 0x0000000089d00000, 0x0000000089d00000| Complete 
| 158|0x0000000089e00000, 0x0000000089f00000, 0x0000000089f00000|100%| E|CS|TAMS 0x0000000089e00000, 0x0000000089e00000| Complete 
| 159|0x0000000089f00000, 0x000000008a000000, 0x000000008a000000|100%| E|CS|TAMS 0x0000000089f00000, 0x0000000089f00000| Complete 
| 160|0x000000008a000000, 0x000000008a100000, 0x000000008a100000|100%| E|CS|TAMS 0x000000008a000000, 0x000000008a000000| Complete 
| 161|0x000000008a100000, 0x000000008a200000, 0x000000008a200000|100%| E|CS|TAMS 0x000000008a100000, 0x000000008a100000| Complete 
| 162|0x000000008a200000, 0x000000008a300000, 0x000000008a300000|100%| E|CS|TAMS 0x000000008a200000, 0x000000008a200000| Complete 
| 163|0x000000008a300000, 0x000000008a400000, 0x000000008a400000|100%| E|CS|TAMS 0x000000008a300000, 0x000000008a300000| Complete 
| 164|0x000000008a400000, 0x000000008a500000, 0x000000008a500000|100%| E|CS|TAMS 0x000000008a400000, 0x000000008a400000| Complete 
| 165|0x000000008a500000, 0x000000008a600000, 0x000000008a600000|100%| E|CS|TAMS 0x000000008a500000, 0x000000008a500000| Complete 
| 166|0x000000008a600000, 0x000000008a700000, 0x000000008a700000|100%| E|CS|TAMS 0x000000008a600000, 0x000000008a600000| Complete 
| 167|0x000000008a700000, 0x000000008a800000, 0x000000008a800000|100%| E|CS|TAMS 0x000000008a700000, 0x000000008a700000| Complete 
| 168|0x000000008a800000, 0x000000008a900000, 0x000000008a900000|100%| E|CS|TAMS 0x000000008a800000, 0x000000008a800000| Complete 
| 169|0x000000008a900000, 0x000000008aa00000, 0x000000008aa00000|100%| E|CS|TAMS 0x000000008a900000, 0x000000008a900000| Complete 
| 170|0x000000008aa00000, 0x000000008ab00000, 0x000000008ab00000|100%| E|CS|TAMS 0x000000008aa00000, 0x000000008aa00000| Complete 
| 171|0x000000008ab00000, 0x000000008ac00000, 0x000000008ac00000|100%| E|CS|TAMS 0x000000008ab00000, 0x000000008ab00000| Complete 
| 172|0x000000008ac00000, 0x000000008ad00000, 0x000000008ad00000|100%| E|CS|TAMS 0x000000008ac00000, 0x000000008ac00000| Complete 
| 173|0x000000008ad00000, 0x000000008ae00000, 0x000000008ae00000|100%| E|CS|TAMS 0x000000008ad00000, 0x000000008ad00000| Complete 
| 174|0x000000008ae00000, 0x000000008af00000, 0x000000008af00000|100%| E|CS|TAMS 0x000000008ae00000, 0x000000008ae00000| Complete 
| 175|0x000000008af00000, 0x000000008b000000, 0x000000008b000000|100%| E|CS|TAMS 0x000000008af00000, 0x000000008af00000| Complete 
| 176|0x000000008b000000, 0x000000008b100000, 0x000000008b100000|100%| E|CS|TAMS 0x000000008b000000, 0x000000008b000000| Complete 
| 177|0x000000008b100000, 0x000000008b200000, 0x000000008b200000|100%| E|CS|TAMS 0x000000008b100000, 0x000000008b100000| Complete 
| 178|0x000000008b200000, 0x000000008b300000, 0x000000008b300000|100%| E|CS|TAMS 0x000000008b200000, 0x000000008b200000| Complete 
| 179|0x000000008b300000, 0x000000008b400000, 0x000000008b400000|100%| E|CS|TAMS 0x000000008b300000, 0x000000008b300000| Complete 
| 180|0x000000008b400000, 0x000000008b500000, 0x000000008b500000|100%| E|CS|TAMS 0x000000008b400000, 0x000000008b400000| Complete 
| 181|0x000000008b500000, 0x000000008b600000, 0x000000008b600000|100%| E|CS|TAMS 0x000000008b500000, 0x000000008b500000| Complete 
| 182|0x000000008b600000, 0x000000008b700000, 0x000000008b700000|100%| E|CS|TAMS 0x000000008b600000, 0x000000008b600000| Complete 

Card table byte_map: [0x00000183453e0000,0x00000183457e0000] _byte_map_base: 0x0000018344fe0000

Marking Bits (Prev, Next): (CMBitMap*) 0x000001833088a230, (CMBitMap*) 0x000001833088a1f8
 Prev Bits: [0x0000018347be0000, 0x0000018349be0000)
 Next Bits: [0x0000018345be0000, 0x0000018347be0000)

Polling page: 0x0000018330930000

Metaspace:

Usage:
  Non-class:     76.90 MB capacity,    75.66 MB ( 98%) used,     1.03 MB (  1%) free+waste,   219.38 KB ( <1%) overhead. 
      Class:     11.93 MB capacity,    11.15 MB ( 93%) used,   696.23 KB (  6%) free+waste,    99.25 KB ( <1%) overhead. 
       Both:     88.83 MB capacity,    86.81 MB ( 98%) used,     1.71 MB (  2%) free+waste,   318.63 KB ( <1%) overhead. 

Virtual space:
  Non-class space:       78.00 MB reserved,      77.08 MB ( 99%) committed 
      Class space:        1.00 GB reserved,      12.00 MB (  1%) committed 
             Both:        1.08 GB reserved,      89.08 MB (  8%) committed 

Chunk freelists:
   Non-Class:  56.00 KB
       Class:  7.00 KB
        Both:  63.00 KB

MaxMetaspaceSize: 17179869184.00 GB
CompressedClassSpaceSize: 1.00 GB

CodeHeap 'non-profiled nmethods': size=120064Kb used=5769Kb max_used=5769Kb free=114294Kb
 bounds [0x000001833d480000, 0x000001833da30000, 0x00000183449c0000]
CodeHeap 'profiled nmethods': size=120000Kb used=22224Kb max_used=22224Kb free=97775Kb
 bounds [0x0000018335f50000, 0x0000018337510000, 0x000001833d480000]
CodeHeap 'non-nmethods': size=5696Kb used=2270Kb max_used=2337Kb free=3425Kb
 bounds [0x00000183359c0000, 0x0000018335c30000, 0x0000018335f50000]
 total_blobs=10747 nmethods=9877 adapters=780
 compilation: enabled
              stopped_count=0, restarted_count=0
 full_count=0

Compilation events (20 events):
Event: 23.074 Thread 0x00000183513c4000 nmethod 10098 0x000001833da21090 code [0x000001833da21240, 0x000001833da21418]
Event: 23.074 Thread 0x00000183513c4000 10099       4       jdk.nio.zipfs.ZipFileAttributeView::get (46 bytes)
Event: 23.077 Thread 0x00000183513c4000 nmethod 10099 0x000001833da21590 code [0x000001833da21740, 0x000001833da218b8]
Event: 23.077 Thread 0x00000183513c4000 10115       4       jdk.nio.zipfs.ZipFileSystem$IndexNode::name (14 bytes)
Event: 23.084 Thread 0x00000183513c4000 nmethod 10115 0x000001833da21990 code [0x000001833da21b20, 0x000001833da21df8]
Event: 23.084 Thread 0x00000183513c4000 10149       4       jdk.internal.util.ArraysSupport::mismatch (73 bytes)
Event: 23.088 Thread 0x00000183513c4000 nmethod 10149 0x000001833da21f10 code [0x000001833da220a0, 0x000001833da22278]
Event: 23.088 Thread 0x00000183513c4000 10144       4       java.lang.Byte::toUnsignedInt (6 bytes)
Event: 23.088 Thread 0x00000183513c4000 nmethod 10144 0x000001833da22410 code [0x000001833da225a0, 0x000001833da225f8]
Event: 23.088 Thread 0x00000183513c4000 10089   !   4       java.nio.file.FileTreeWalker::next (144 bytes)
Event: 23.122 Thread 0x000001834c265800 10156       3       sun.nio.fs.WindowsPath::compareTo (118 bytes)
Event: 23.125 Thread 0x000001834c265800 nmethod 10156 0x00000183374ffc10 code [0x00000183374fff60, 0x0000018337501428]
Event: 23.146 Thread 0x000001834c265800 10157       3       com.sun.tools.javac.file.JavacFileManager$ArchiveContainer$1::preVisitDirectory (60 bytes)
Event: 23.146 Thread 0x000001834c265800 nmethod 10157 0x0000018337501e10 code [0x0000018337502020, 0x0000018337502578]
Event: 23.148 Thread 0x000001834c265800 10158   !   3       sun.nio.fs.WindowsFileSystemProvider::checkAccess (294 bytes)
Event: 23.150 Thread 0x000001834c265800 nmethod 10158 0x0000018337502790 code [0x0000018337502b40, 0x00000183375047d8]
Event: 23.168 Thread 0x000001834c265800 10159       3       jdk.nio.zipfs.ZipFileSystem$IndexNode::<init> (25 bytes)
Event: 23.169 Thread 0x000001834c265800 nmethod 10159 0x0000018337505210 code [0x00000183375053e0, 0x0000018337505648]
Event: 23.181 Thread 0x000001834c265800 10160       3       jdk.nio.zipfs.ZipFileSystem$Entry::<init> (104 bytes)
Event: 23.181 Thread 0x000001834c265800 nmethod 10160 0x0000018337505790 code [0x0000018337505960, 0x0000018337505d08]

GC Heap History (20 events):
Event: 7.662 GC heap before
{Heap before GC invocations=9 (full 0):
 garbage-first heap   total 129024K, used 77950K [0x0000000080000000, 0x0000000100000000)
  region size 1024K, 59 young (60416K), 6 survivors (6144K)
 Metaspace       used 39749K, capacity 40583K, committed 40912K, reserved 1085440K
  class space    used 5069K, capacity 5385K, committed 5504K, reserved 1048576K
}
Event: 7.678 GC heap after
{Heap after GC invocations=10 (full 0):
 garbage-first heap   total 155648K, used 25249K [0x0000000080000000, 0x0000000100000000)
  region size 1024K, 8 young (8192K), 8 survivors (8192K)
 Metaspace       used 39749K, capacity 40583K, committed 40912K, reserved 1085440K
  class space    used 5069K, capacity 5385K, committed 5504K, reserved 1048576K
}
Event: 9.035 GC heap before
{Heap before GC invocations=10 (full 0):
 garbage-first heap   total 155648K, used 97953K [0x0000000080000000, 0x0000000100000000)
  region size 1024K, 79 young (80896K), 8 survivors (8192K)
 Metaspace       used 43505K, capacity 44421K, committed 44752K, reserved 1087488K
  class space    used 5556K, capacity 5917K, committed 6016K, reserved 1048576K
}
Event: 9.050 GC heap after
{Heap after GC invocations=11 (full 0):
 garbage-first heap   total 155648K, used 28966K [0x0000000080000000, 0x0000000100000000)
  region size 1024K, 8 young (8192K), 8 survivors (8192K)
 Metaspace       used 43505K, capacity 44421K, committed 44752K, reserved 1087488K
  class space    used 5556K, capacity 5917K, committed 6016K, reserved 1048576K
}
Event: 10.902 GC heap before
{Heap before GC invocations=11 (full 0):
 garbage-first heap   total 155648K, used 118054K [0x0000000080000000, 0x0000000100000000)
  region size 1024K, 90 young (92160K), 8 survivors (8192K)
 Metaspace       used 53871K, capacity 55110K, committed 55248K, reserved 1097728K
  class space    used 6822K, capacity 7290K, committed 7296K, reserved 1048576K
}
Event: 10.925 GC heap after
{Heap after GC invocations=12 (full 0):
 garbage-first heap   total 155648K, used 48413K [0x0000000080000000, 0x0000000100000000)
  region size 1024K, 12 young (12288K), 12 survivors (12288K)
 Metaspace       used 53871K, capacity 55110K, committed 55248K, reserved 1097728K
  class space    used 6822K, capacity 7290K, committed 7296K, reserved 1048576K
}
Event: 11.935 GC heap before
{Heap before GC invocations=12 (full 0):
 garbage-first heap   total 155648K, used 84253K [0x0000000080000000, 0x0000000100000000)
  region size 1024K, 47 young (48128K), 12 survivors (12288K)
 Metaspace       used 58695K, capacity 60061K, committed 60240K, reserved 1101824K
  class space    used 7386K, capacity 7907K, committed 7936K, reserved 1048576K
}
Event: 11.963 GC heap after
{Heap after GC invocations=13 (full 0):
 garbage-first heap   total 155648K, used 52684K [0x0000000080000000, 0x0000000100000000)
  region size 1024K, 4 young (4096K), 4 survivors (4096K)
 Metaspace       used 58695K, capacity 60061K, committed 60240K, reserved 1101824K
  class space    used 7386K, capacity 7907K, committed 7936K, reserved 1048576K
}
Event: 13.112 GC heap before
{Heap before GC invocations=14 (full 0):
 garbage-first heap   total 155648K, used 104908K [0x0000000080000000, 0x0000000100000000)
  region size 1024K, 55 young (56320K), 4 survivors (4096K)
 Metaspace       used 62443K, capacity 63873K, committed 64080K, reserved 1105920K
  class space    used 7866K, capacity 8412K, committed 8448K, reserved 1048576K
}
Event: 13.131 GC heap after
{Heap after GC invocations=15 (full 0):
 garbage-first heap   total 187392K, used 57733K [0x0000000080000000, 0x0000000100000000)
  region size 1024K, 7 young (7168K), 7 survivors (7168K)
 Metaspace       used 62443K, capacity 63873K, committed 64080K, reserved 1105920K
  class space    used 7866K, capacity 8412K, committed 8448K, reserved 1048576K
}
Event: 15.102 GC heap before
{Heap before GC invocations=15 (full 0):
 garbage-first heap   total 187392K, used 124293K [0x0000000080000000, 0x0000000100000000)
  region size 1024K, 72 young (73728K), 7 survivors (7168K)
 Metaspace       used 69316K, capacity 70900K, committed 71120K, reserved 1112064K
  class space    used 8942K, capacity 9567K, committed 9600K, reserved 1048576K
}
Event: 15.120 GC heap after
{Heap after GC invocations=16 (full 0):
 garbage-first heap   total 187392K, used 62691K [0x0000000080000000, 0x0000000100000000)
  region size 1024K, 5 young (5120K), 5 survivors (5120K)
 Metaspace       used 69316K, capacity 70900K, committed 71120K, reserved 1112064K
  class space    used 8942K, capacity 9567K, committed 9600K, reserved 1048576K
}
Event: 17.221 GC heap before
{Heap before GC invocations=16 (full 0):
 garbage-first heap   total 187392K, used 130275K [0x0000000080000000, 0x0000000100000000)
  region size 1024K, 71 young (72704K), 5 survivors (5120K)
 Metaspace       used 75553K, capacity 77285K, committed 77520K, reserved 1116160K
  class space    used 9836K, capacity 10513K, committed 10624K, reserved 1048576K
}
Event: 17.236 GC heap after
{Heap after GC invocations=17 (full 0):
 garbage-first heap   total 187392K, used 66783K [0x0000000080000000, 0x0000000100000000)
  region size 1024K, 9 young (9216K), 9 survivors (9216K)
 Metaspace       used 75553K, capacity 77285K, committed 77520K, reserved 1116160K
  class space    used 9836K, capacity 10513K, committed 10624K, reserved 1048576K
}
Event: 18.534 GC heap before
{Heap before GC invocations=17 (full 0):
 garbage-first heap   total 187392K, used 134367K [0x0000000080000000, 0x0000000100000000)
  region size 1024K, 75 young (76800K), 9 survivors (9216K)
 Metaspace       used 76295K, capacity 78035K, committed 78288K, reserved 1118208K
  class space    used 9861K, capacity 10535K, committed 10624K, reserved 1048576K
}
Event: 18.556 GC heap after
{Heap after GC invocations=18 (full 0):
 garbage-first heap   total 187392K, used 71336K [0x0000000080000000, 0x0000000100000000)
  region size 1024K, 10 young (10240K), 10 survivors (10240K)
 Metaspace       used 76295K, capacity 78035K, committed 78288K, reserved 1118208K
  class space    used 9861K, capacity 10535K, committed 10624K, reserved 1048576K
}
Event: 19.721 GC heap before
{Heap before GC invocations=18 (full 0):
 garbage-first heap   total 187392K, used 137896K [0x0000000080000000, 0x0000000100000000)
  region size 1024K, 76 young (77824K), 10 survivors (10240K)
 Metaspace       used 77470K, capacity 79301K, committed 79440K, reserved 1118208K
  class space    used 10002K, capacity 10677K, committed 10752K, reserved 1048576K
}
Event: 19.739 GC heap after
{Heap after GC invocations=19 (full 0):
 garbage-first heap   total 187392K, used 75584K [0x0000000080000000, 0x0000000100000000)
  region size 1024K, 9 young (9216K), 9 survivors (9216K)
 Metaspace       used 77470K, capacity 79301K, committed 79440K, reserved 1118208K
  class space    used 10002K, capacity 10677K, committed 10752K, reserved 1048576K
}
Event: 21.414 GC heap before
{Heap before GC invocations=19 (full 0):
 garbage-first heap   total 187392K, used 142144K [0x0000000080000000, 0x0000000100000000)
  region size 1024K, 75 young (76800K), 9 survivors (9216K)
 Metaspace       used 83857K, capacity 85917K, committed 85968K, reserved 1124352K
  class space    used 10837K, capacity 11621K, committed 11648K, reserved 1048576K
}
Event: 21.432 GC heap after
{Heap after GC invocations=20 (full 0):
 garbage-first heap   total 187392K, used 80480K [0x0000000080000000, 0x0000000100000000)
  region size 1024K, 9 young (9216K), 9 survivors (9216K)
 Metaspace       used 83857K, capacity 85917K, committed 85968K, reserved 1124352K
  class space    used 10837K, capacity 11621K, committed 11648K, reserved 1048576K
}

Deoptimization events (20 events):
Event: 22.943 Thread 0x00000183513bf800 Uncommon trap: trap_request=0xffffff6e fr.pc=0x000001833d5415c4 relative=0x0000000000001124
Event: 22.943 Thread 0x00000183513bf800 Uncommon trap: reason=speculate_class_check action=maybe_recompile pc=0x000001833d5415c4 method=java.util.zip.InflaterInputStream.read([BII)I @ 100 c2
Event: 22.943 Thread 0x00000183513bf800 DEOPT PACKING pc=0x000001833d5415c4 sp=0x0000003c897f97b0
Event: 22.943 Thread 0x00000183513bf800 DEOPT UNPACKING pc=0x00000183359e74af sp=0x0000003c897f97f0 mode 2
Event: 22.955 Thread 0x00000183513bf800 Uncommon trap: trap_request=0xffffff6e fr.pc=0x000001833d5415c4 relative=0x0000000000001124
Event: 22.955 Thread 0x00000183513bf800 Uncommon trap: reason=speculate_class_check action=maybe_recompile pc=0x000001833d5415c4 method=java.util.zip.InflaterInputStream.read([BII)I @ 100 c2
Event: 22.955 Thread 0x00000183513bf800 DEOPT PACKING pc=0x000001833d5415c4 sp=0x0000003c897f97b0
Event: 22.955 Thread 0x00000183513bf800 DEOPT UNPACKING pc=0x00000183359e74af sp=0x0000003c897f97f0 mode 2
Event: 22.969 Thread 0x00000183513bf800 Uncommon trap: trap_request=0xffffff6e fr.pc=0x000001833d5415c4 relative=0x0000000000001124
Event: 22.969 Thread 0x00000183513bf800 Uncommon trap: reason=speculate_class_check action=maybe_recompile pc=0x000001833d5415c4 method=java.util.zip.InflaterInputStream.read([BII)I @ 100 c2
Event: 22.969 Thread 0x00000183513bf800 DEOPT PACKING pc=0x000001833d5415c4 sp=0x0000003c897f97b0
Event: 22.969 Thread 0x00000183513bf800 DEOPT UNPACKING pc=0x00000183359e74af sp=0x0000003c897f97f0 mode 2
Event: 22.974 Thread 0x00000183513bf800 Uncommon trap: trap_request=0xffffff6e fr.pc=0x000001833d5415c4 relative=0x0000000000001124
Event: 22.974 Thread 0x00000183513bf800 Uncommon trap: reason=speculate_class_check action=maybe_recompile pc=0x000001833d5415c4 method=java.util.zip.InflaterInputStream.read([BII)I @ 100 c2
Event: 22.974 Thread 0x00000183513bf800 DEOPT PACKING pc=0x000001833d5415c4 sp=0x0000003c897f9710
Event: 22.974 Thread 0x00000183513bf800 DEOPT UNPACKING pc=0x00000183359e74af sp=0x0000003c897f9750 mode 2
Event: 23.047 Thread 0x00000183513bf800 Uncommon trap: trap_request=0xffffff4d fr.pc=0x000001833da1af40 relative=0x0000000000003780
Event: 23.047 Thread 0x00000183513bf800 Uncommon trap: reason=unstable_if action=reinterpret pc=0x000001833da1af40 method=jdk.nio.zipfs.ZipFileSystem$Entry.cen(Ljdk/nio/zipfs/ZipFileSystem;Ljdk/nio/zipfs/ZipFileSystem$IndexNode;)Ljdk/nio/zipfs/ZipFileSystem$Entry; @ 168 c2
Event: 23.047 Thread 0x00000183513bf800 DEOPT PACKING pc=0x000001833da1af40 sp=0x0000003c897f9b10
Event: 23.047 Thread 0x00000183513bf800 DEOPT UNPACKING pc=0x00000183359e74af sp=0x0000003c897f9828 mode 2

Classes redefined (0 events):
No events

Internal exceptions (20 events):
Event: 20.754 Thread 0x00000183513bf800 Exception <a 'sun/nio/fs/WindowsException'{0x0000000088aaed10}> (0x0000000088aaed10) thrown at [./src/hotspot/share/prims/jni.cpp, line 615]
Event: 20.754 Thread 0x00000183513bf800 Exception <a 'sun/nio/fs/WindowsException'{0x0000000088aaf6c0}> (0x0000000088aaf6c0) thrown at [./src/hotspot/share/prims/jni.cpp, line 615]
Event: 20.789 Thread 0x00000183513bf800 Exception <a 'sun/nio/fs/WindowsException'{0x00000000889f5138}> (0x00000000889f5138) thrown at [./src/hotspot/share/prims/jni.cpp, line 615]
Event: 20.789 Thread 0x00000183513bf800 Exception <a 'sun/nio/fs/WindowsException'{0x00000000889f5ae8}> (0x00000000889f5ae8) thrown at [./src/hotspot/share/prims/jni.cpp, line 615]
Event: 20.790 Thread 0x00000183513bf800 Exception <a 'sun/nio/fs/WindowsException'{0x00000000889f7590}> (0x00000000889f7590) thrown at [./src/hotspot/share/prims/jni.cpp, line 615]
Event: 20.790 Thread 0x00000183513bf800 Exception <a 'sun/nio/fs/WindowsException'{0x00000000889f7f40}> (0x00000000889f7f40) thrown at [./src/hotspot/share/prims/jni.cpp, line 615]
Event: 20.790 Thread 0x00000183513bf800 Exception <a 'sun/nio/fs/WindowsException'{0x00000000889f98c8}> (0x00000000889f98c8) thrown at [./src/hotspot/share/prims/jni.cpp, line 615]
Event: 20.790 Thread 0x00000183513bf800 Exception <a 'sun/nio/fs/WindowsException'{0x00000000889fa270}> (0x00000000889fa270) thrown at [./src/hotspot/share/prims/jni.cpp, line 615]
Event: 20.790 Thread 0x00000183513bf800 Exception <a 'sun/nio/fs/WindowsException'{0x00000000889fbe50}> (0x00000000889fbe50) thrown at [./src/hotspot/share/prims/jni.cpp, line 615]
Event: 20.791 Thread 0x00000183513bf800 Exception <a 'sun/nio/fs/WindowsException'{0x00000000889fc800}> (0x00000000889fc800) thrown at [./src/hotspot/share/prims/jni.cpp, line 615]
Event: 20.791 Thread 0x00000183513bf800 Exception <a 'sun/nio/fs/WindowsException'{0x00000000889fe1d0}> (0x00000000889fe1d0) thrown at [./src/hotspot/share/prims/jni.cpp, line 615]
Event: 20.791 Thread 0x00000183513bf800 Exception <a 'sun/nio/fs/WindowsException'{0x00000000889feb80}> (0x00000000889feb80) thrown at [./src/hotspot/share/prims/jni.cpp, line 615]
Event: 20.791 Thread 0x00000183513bf800 Exception <a 'java/lang/NoSuchMethodError'{0x0000000088823828}: 'int java.lang.invoke.DirectMethodHandle$Holder.invokeSpecial(java.lang.Object, java.lang.Object, java.lang.Object, java.lang.Object, java.lang.Object)'> (0x0000000088823828) thrown at [./src/hotspot/share/interpreter/linkResolver.cpp, line 773]
Event: 20.868 Thread 0x00000183513bf800 Exception <a 'java/lang/NoSuchMethodError'{0x000000008857b848}: 'void java.lang.invoke.DirectMethodHandle$Holder.invokeStatic(java.lang.Object, java.lang.Object, java.lang.Object, java.lang.Object, int, java.lang.Object)'> (0x000000008857b848) thrown at [./src/hotspot/share/interpreter/linkResolver.cpp, line 773]
Event: 20.897 Thread 0x00000183513bf800 Exception <a 'java/lang/NoSuchMethodError'{0x000000008840eff0}: 'void java.lang.invoke.DirectMethodHandle$Holder.invokeVirtual(java.lang.Object, java.lang.Object)'> (0x000000008840eff0) thrown at [./src/hotspot/share/interpreter/linkResolver.cpp, line 773]
Event: 21.393 Thread 0x00000183513bf800 Exception <a 'sun/nio/fs/WindowsException'{0x0000000087520568}> (0x0000000087520568) thrown at [./src/hotspot/share/prims/jni.cpp, line 615]
Event: 21.394 Thread 0x00000183513bf800 Exception <a 'java/lang/NoSuchMethodError'{0x000000008752c590}: 'java.lang.Object java.lang.invoke.Invokers$Holder.linkToTargetMethod(java.lang.Object, java.lang.Object, java.lang.Object, int, int, java.lang.Object)'> (0x000000008752c590) thrown at [./src/hotspot/share/interpreter/linkResolver.cpp, line 773]
Event: 21.412 Thread 0x00000183513bf800 Exception <a 'java/lang/NoSuchMethodError'{0x00000000875f3358}: 'int java.lang.invoke.DirectMethodHandle$Holder.invokeVirtual(java.lang.Object, java.lang.Object, java.lang.Object)'> (0x00000000875f3358) thrown at [./src/hotspot/share/interpreter/linkResolver.cpp, line 773]
Event: 22.715 Thread 0x00000183513bf800 Exception <a 'sun/nio/fs/WindowsException'{0x00000000893f8478}> (0x00000000893f8478) thrown at [./src/hotspot/share/prims/jni.cpp, line 615]
Event: 22.716 Thread 0x00000183513bf800 Exception <a 'sun/nio/fs/WindowsException'{0x00000000893f8580}> (0x00000000893f8580) thrown at [./src/hotspot/share/prims/jni.cpp, line 615]

Events (20 events):
Event: 22.730 loading class sun/nio/fs/WindowsSecurity
Event: 22.730 loading class sun/nio/fs/WindowsSecurity done
Event: 22.731 loading class sun/nio/fs/WindowsFileStore
Event: 22.731 loading class sun/nio/fs/WindowsFileStore done
Event: 22.737 loading class java/nio/file/AccessDeniedException
Event: 22.738 loading class java/nio/file/AccessDeniedException done
Event: 22.810 loading class java/time/DateTimeException
Event: 22.811 loading class java/time/DateTimeException done
Event: 22.811 loading class java/util/regex/PatternSyntaxException
Event: 22.811 loading class java/util/regex/PatternSyntaxException done
Event: 22.812 loading class java/nio/file/SimpleFileVisitor
Event: 22.812 loading class java/nio/file/SimpleFileVisitor done
Event: 22.813 loading class java/nio/file/ClosedDirectoryStreamException
Event: 22.813 loading class java/nio/file/ClosedDirectoryStreamException done
Event: 22.813 loading class java/nio/file/DirectoryIteratorException
Event: 22.814 loading class java/nio/file/DirectoryIteratorException done
Event: 22.897 loading class com/sun/tools/javac/code/Symbol$PackageSymbol
Event: 22.897 loading class com/sun/tools/javac/code/Symbol$PackageSymbol done
Event: 22.897 loading class com/sun/tools/javac/code/ClassFinder
Event: 22.897 loading class com/sun/tools/javac/code/ClassFinder done


Dynamic libraries:
0x00007ff6b4f90000 - 0x00007ff6b4f9a000 	C:\Program Files\Android\Android Studio\jre\bin\java.exe
0x00007ff9c5a10000 - 0x00007ff9c5c05000 	C:\WINDOWS\SYSTEM32\ntdll.dll
0x00007ff9c4480000 - 0x00007ff9c453e000 	C:\WINDOWS\System32\KERNEL32.DLL
0x00007ff9c31b0000 - 0x00007ff9c3478000 	C:\WINDOWS\System32\KERNELBASE.dll
0x00007ff9c38a0000 - 0x00007ff9c39a0000 	C:\WINDOWS\System32\ucrtbase.dll
0x00007ff9be6d0000 - 0x00007ff9be6e9000 	C:\Program Files\Android\Android Studio\jre\bin\jli.dll
0x00007ff9be6b0000 - 0x00007ff9be6c7000 	C:\Program Files\Android\Android Studio\jre\bin\VCRUNTIME140.dll
0x00007ff9c50d0000 - 0x00007ff9c5271000 	C:\WINDOWS\System32\USER32.dll
0x00007ff9c36b0000 - 0x00007ff9c36d2000 	C:\WINDOWS\System32\win32u.dll
0x00007ff9c4680000 - 0x00007ff9c46ab000 	C:\WINDOWS\System32\GDI32.dll
0x00007ff9c36e0000 - 0x00007ff9c37ed000 	C:\WINDOWS\System32\gdi32full.dll
0x00007ff9c3480000 - 0x00007ff9c351d000 	C:\WINDOWS\System32\msvcp_win.dll
0x00007ff9b1dc0000 - 0x00007ff9b205a000 	C:\WINDOWS\WinSxS\amd64_microsoft.windows.common-controls_6595b64144ccf1df_6.0.19041.1110_none_60b5254171f9507e\COMCTL32.dll
0x00007ff9c5030000 - 0x00007ff9c50ce000 	C:\WINDOWS\System32\msvcrt.dll
0x00007ff9c45f0000 - 0x00007ff9c4620000 	C:\WINDOWS\System32\IMM32.DLL
0x00007ff98f590000 - 0x00007ff98f62d000 	C:\Program Files\Android\Android Studio\jre\bin\msvcp140.dll
0x00007ff97f450000 - 0x00007ff97ff0c000 	C:\Program Files\Android\Android Studio\jre\bin\server\jvm.dll
0x00007ff9c4f80000 - 0x00007ff9c502e000 	C:\WINDOWS\System32\ADVAPI32.dll
0x00007ff9c5720000 - 0x00007ff9c57bc000 	C:\WINDOWS\System32\sechost.dll
0x00007ff9c4e50000 - 0x00007ff9c4f75000 	C:\WINDOWS\System32\RPCRT4.dll
0x00007ff9c4db0000 - 0x00007ff9c4db8000 	C:\WINDOWS\System32\PSAPI.DLL
0x00007ff9c04b0000 - 0x00007ff9c04b9000 	C:\WINDOWS\SYSTEM32\WSOCK32.dll
0x00007ff9c4d30000 - 0x00007ff9c4d9b000 	C:\WINDOWS\System32\WS2_32.dll
0x00007ff9b5b00000 - 0x00007ff9b5b27000 	C:\WINDOWS\SYSTEM32\WINMM.dll
0x00007ff9c18a0000 - 0x00007ff9c18aa000 	C:\WINDOWS\SYSTEM32\VERSION.dll
0x00007ff9c1c80000 - 0x00007ff9c1c92000 	C:\WINDOWS\SYSTEM32\kernel.appcore.dll
0x00007ff9bcee0000 - 0x00007ff9bcef1000 	C:\Program Files\Android\Android Studio\jre\bin\verify.dll
0x00007ff9be720000 - 0x00007ff9be904000 	C:\WINDOWS\SYSTEM32\DBGHELP.DLL
0x00007ff9aed70000 - 0x00007ff9aed9c000 	C:\WINDOWS\SYSTEM32\dbgcore.DLL
0x00007ff9c3120000 - 0x00007ff9c31a2000 	C:\WINDOWS\System32\bcryptPrimitives.dll
0x00007ff9bc660000 - 0x00007ff9bc689000 	C:\Program Files\Android\Android Studio\jre\bin\java.dll
0x00007ff9bcbf0000 - 0x00007ff9bcbfb000 	C:\Program Files\Android\Android Studio\jre\bin\jimage.dll
0x00007ff991e00000 - 0x00007ff991e18000 	C:\Program Files\Android\Android Studio\jre\bin\zip.dll
0x00007ff9c3ae0000 - 0x00007ff9c4224000 	C:\WINDOWS\System32\SHELL32.dll
0x00007ff9c10f0000 - 0x00007ff9c1885000 	C:\WINDOWS\SYSTEM32\windows.storage.dll
0x00007ff9c49d0000 - 0x00007ff9c4d25000 	C:\WINDOWS\System32\combase.dll
0x00007ff9c2b00000 - 0x00007ff9c2b2e000 	C:\WINDOWS\SYSTEM32\Wldp.dll
0x00007ff9c4540000 - 0x00007ff9c45ed000 	C:\WINDOWS\System32\SHCORE.dll
0x00007ff9c4620000 - 0x00007ff9c4675000 	C:\WINDOWS\System32\shlwapi.dll
0x00007ff9c3060000 - 0x00007ff9c307f000 	C:\WINDOWS\SYSTEM32\profapi.dll
0x00007ff991de0000 - 0x00007ff991dfa000 	C:\Program Files\Android\Android Studio\jre\bin\net.dll
0x00007ff9b4650000 - 0x00007ff9b475c000 	C:\WINDOWS\SYSTEM32\WINHTTP.dll
0x00007ff9c2800000 - 0x00007ff9c286a000 	C:\WINDOWS\system32\mswsock.dll
0x00007ff991dc0000 - 0x00007ff991dd4000 	C:\Program Files\Android\Android Studio\jre\bin\nio.dll
0x00007ff9be6f0000 - 0x00007ff9be717000 	C:\Users\Jaswinder\.gradle\native\f6784746aeab05261644944871eae4fe03e0ef1612fff0a4a95f87b438bc6780\windows-amd64\native-platform.dll
0x00007ff9bcbe0000 - 0x00007ff9bcbea000 	C:\Program Files\Android\Android Studio\jre\bin\management.dll
0x00007ff9a0720000 - 0x00007ff9a072c000 	C:\Program Files\Android\Android Studio\jre\bin\management_ext.dll
0x00007ff9c29f0000 - 0x00007ff9c2a08000 	C:\WINDOWS\SYSTEM32\CRYPTSP.dll
0x00007ff9c2180000 - 0x00007ff9c21b4000 	C:\WINDOWS\system32\rsaenh.dll
0x00007ff9c3680000 - 0x00007ff9c36a7000 	C:\WINDOWS\System32\bcrypt.dll
0x00007ff9c3020000 - 0x00007ff9c304e000 	C:\WINDOWS\SYSTEM32\USERENV.dll
0x00007ff9c2a10000 - 0x00007ff9c2a1c000 	C:\WINDOWS\SYSTEM32\CRYPTBASE.dll
0x00007ff9c24f0000 - 0x00007ff9c252b000 	C:\WINDOWS\SYSTEM32\IPHLPAPI.DLL
0x00007ff9c4e40000 - 0x00007ff9c4e48000 	C:\WINDOWS\System32\NSI.dll
0x00007ff9bc840000 - 0x00007ff9bc857000 	C:\WINDOWS\SYSTEM32\dhcpcsvc6.DLL
0x00007ff9bc8a0000 - 0x00007ff9bc8bd000 	C:\WINDOWS\SYSTEM32\dhcpcsvc.DLL
0x00007ff9c2530000 - 0x00007ff9c25fb000 	C:\WINDOWS\SYSTEM32\DNSAPI.dll
0x00007ff9bc860000 - 0x00007ff9bc86b000 	C:\WINDOWS\SYSTEM32\WINNSI.DLL

dbghelp: loaded successfully - version: 4.0.5 - missing functions: none
symbol engine: initialized successfully - sym options: 0x614 - pdb path: .;C:\Program Files\Android\Android Studio\jre\bin;C:\WINDOWS\SYSTEM32;C:\WINDOWS\WinSxS\amd64_microsoft.windows.common-controls_6595b64144ccf1df_6.0.19041.1110_none_60b5254171f9507e;C:\Program Files\Android\Android Studio\jre\bin\server;C:\Users\Jaswinder\.gradle\native\f6784746aeab05261644944871eae4fe03e0ef1612fff0a4a95f87b438bc6780\windows-amd64

VM Arguments:
jvm_args: --add-opens=java.base/java.util=ALL-UNNAMED --add-opens=java.base/java.lang=ALL-UNNAMED --add-opens=java.base/java.lang.invoke=ALL-UNNAMED --add-opens=java.prefs/java.util.prefs=ALL-UNNAMED -Xmx2048m -Dfile.encoding=UTF-8 -Duser.country=CA -Duser.language=en -Duser.variant 
java_command: org.gradle.launcher.daemon.bootstrap.GradleDaemon 6.5
java_class_path (initial): C:\Users\Jaswinder\.gradle\wrapper\dists\gradle-6.5-bin\6nifqtx7604sqp1q6g8wikw7p\gradle-6.5\lib\gradle-launcher-6.5.jar
Launcher Type: SUN_STANDARD

[Global flags]
     intx CICompilerCount                          = 3                                         {product} {ergonomic}
     uint ConcGCThreads                            = 1                                         {product} {ergonomic}
     uint G1ConcRefinementThreads                  = 4                                         {product} {ergonomic}
   size_t G1HeapRegionSize                         = 1048576                                   {product} {ergonomic}
    uintx GCDrainStackTargetSize                   = 64                                        {product} {ergonomic}
   size_t InitialHeapSize                          = 132120576                                 {product} {ergonomic}
   size_t MarkStackSize                            = 4194304                                   {product} {ergonomic}
   size_t MaxHeapSize                              = 2147483648                                {product} {command line}
   size_t MaxNewSize                               = 1287651328                                {product} {ergonomic}
   size_t MinHeapDeltaBytes                        = 1048576                                   {product} {ergonomic}
    uintx NonNMethodCodeHeapSize                   = 5830732                                {pd product} {ergonomic}
    uintx NonProfiledCodeHeapSize                  = 122913754                              {pd product} {ergonomic}
    uintx ProfiledCodeHeapSize                     = 122913754                              {pd product} {ergonomic}
    uintx ReservedCodeCacheSize                    = 251658240                              {pd product} {ergonomic}
     bool SegmentedCodeCache                       = true                                      {product} {ergonomic}
     bool UseCompressedClassPointers               = true                                 {lp64_product} {ergonomic}
     bool UseCompressedOops                        = true                                 {lp64_product} {ergonomic}
     bool UseG1GC                                  = true                                      {product} {ergonomic}
     bool UseLargePagesIndividualAllocation        = false                                  {pd product} {ergonomic}

Logging:
Log output configuration:
 #0: stdout all=warning uptime,level,tags
 #1: stderr all=off uptime,level,tags

Environment Variables:
PATH=C:\Program Files (x86)\Intel\iCLS Client\;C:\Program Files\Intel\iCLS Client\;C:\windows\system32;C:\windows;C:\windows\System32\Wbem;C:\windows\System32\WindowsPowerShell\v1.0\;C:\Program Files (x86)\Intel\Intel(R) Management Engine Components\DAL;C:\Program Files\Intel\Intel(R) Management Engine Components\DAL;C:\Program Files (x86)\Intel\Intel(R) Management Engine Components\IPT;C:\Program Files\Intel\Intel(R) Management Engine Components\IPT;C:\Program Files (x86)\NVIDIA Corporation\PhysX\Common;C:\WINDOWS\system32;C:\WINDOWS;C:\WINDOWS\System32\Wbem;C:\WINDOWS\System32\WindowsPowerShell\v1.0\;C:\WINDOWS\System32\OpenSSH\;C:\Program Files (x86)\QuickTime\QTSystem\;C:\Program Files\Git\cmd;C:\Users\Jaswinder\AppData\Local\Microsoft\WindowsApps;
USERNAME=Jaswinder
OS=Windows_NT
PROCESSOR_IDENTIFIER=Intel64 Family 6 Model 78 Stepping 3, GenuineIntel



---------------  S Y S T E M  ---------------

OS: Windows 10 , 64 bit Build 19041 (10.0.19041.1466)
OS uptime: 0 days 1:35 hours

CPU:total 4 (initial active 4) (2 cores per cpu, 2 threads per core) family 6 model 78 stepping 3, cmov, cx8, fxsr, mmx, sse, sse2, sse3, ssse3, sse4.1, sse4.2, popcnt, avx, avx2, aes, clmul, erms, 3dnowpref, lzcnt, ht, tsc, tscinvbit, bmi1, bmi2, adx, fma

Memory: 4k page, system-wide physical 8012M (718M free)
TotalPageFile size 8012M (AvailPageFile size 5M)
current process WorkingSet (physical memory assigned to process): 441M, peak: 441M
current process commit charge ("private bytes"): 473M, peak: 475M

vm_info: OpenJDK 64-Bit Server VM (11.0.8+10-b944.6842174) for windows-amd64 JRE (11.0.8+10-b944.6842174), built on Sep 19 2020 01:11:42 by "builder" with MS VC++ 14.0 (VS2015)

END.
