#
# There is insufficient memory for the Java Runtime Environment to continue.
# Native memory allocation (malloc) failed to allocate 1908496 bytes for Chunk::new
# Possible reasons:
#   The system is out of physical RAM or swap space
#   The process is running with CompressedOops enabled, and the Java Heap may be blocking the growth of the native heap
# Possible solutions:
#   Reduce memory load on the system
#   Increase physical memory or swap space
#   Check if swap backing store is full
#   Decrease Java heap size (-Xmx/-Xms)
#   Decrease number of Java threads
#   Decrease Java thread stack sizes (-Xss)
#   Set larger code cache with -XX:ReservedCodeCacheSize=
#   JVM is running with Unscaled Compressed Oops mode in which the Java heap is
#     placed in the first 4GB address space. The Java Heap base address is the
#     maximum limit for the native heap growth. Please use -XX:HeapBaseMinAddress
#     to set the Java Heap base and to place the Java Heap above 4GB virtual address.
# This output file may be truncated or incomplete.
#
#  Out of Memory Error (./src/hotspot/share/memory/arena.cpp:197), pid=12620, tid=11880
#
# JRE version: OpenJDK Runtime Environment (11.0.8+10) (build 11.0.8+10-b944.6842174)
# Java VM: OpenJDK 64-Bit Server VM (11.0.8+10-b944.6842174, mixed mode, tiered, compressed oops, g1 gc, windows-amd64)
# No core dump will be written. Minidumps are not enabled by default on client versions of Windows
#

---------------  S U M M A R Y ------------

Command Line: --add-opens=java.base/java.util=ALL-UNNAMED --add-opens=java.base/java.lang=ALL-UNNAMED --add-opens=java.base/java.lang.invoke=ALL-UNNAMED --add-opens=java.prefs/java.util.prefs=ALL-UNNAMED -Xmx2048m -Dfile.encoding=UTF-8 -Duser.country=CA -Duser.language=en -Duser.variant org.gradle.launcher.daemon.bootstrap.GradleDaemon 6.5

Host: Intel(R) Core(TM) i5-6200U CPU @ 2.30GHz, 4 cores, 7G,  Windows 10 , 64 bit Build 19041 (10.0.19041.1466)
Time: Wed Feb  2 14:57:16 2022 India Standard Time elapsed time: 18 seconds (0d 0h 0m 18s)

---------------  T H R E A D  ---------------

Current thread (0x00000164d9d18000):  JavaThread "C2 CompilerThread0" daemon [_thread_in_native, id=11880, stack(0x000000520ae00000,0x000000520af00000)]


Current CompileTask:
C2:  18015 6705 %     4       org.gradle.internal.instantiation.generator.AbstractClassGenerator::inspectType @ 107 (560 bytes)

Stack: [0x000000520ae00000,0x000000520af00000]
Native frames: (J=compiled Java code, j=interpreted, Vv=VM code, C=native code)
V  [jvm.dll+0x5de50a]
V  [jvm.dll+0x7122f5]
V  [jvm.dll+0x71384d]
V  [jvm.dll+0x713f03]
V  [jvm.dll+0x23e728]
V  [jvm.dll+0xb899c]
V  [jvm.dll+0xb8e9c]
V  [jvm.dll+0x35020b]
V  [jvm.dll+0x31dea3]
V  [jvm.dll+0x31d39a]
V  [jvm.dll+0x1f7702]
V  [jvm.dll+0x1f68d4]
V  [jvm.dll+0x17f32c]
V  [jvm.dll+0x205047]
V  [jvm.dll+0x203891]
V  [jvm.dll+0x6dad3f]
V  [jvm.dll+0x6d3895]
V  [jvm.dll+0x5dd4a6]
C  [ucrtbase.dll+0x21bb2]
C  [KERNEL32.DLL+0x17034]
C  [ntdll.dll+0x52651]


---------------  P R O C E S S  ---------------

Threads class SMR info:
_java_thread_list=0x00000164e04f0c70, length=155, elements={
0x00000164bfb59800, 0x00000164d9cff000, 0x00000164d9d02800, 0x00000164da692800,
0x00000164d9d16000, 0x00000164d9d18000, 0x00000164d9d23000, 0x00000164d9d28800,
0x00000164da7be800, 0x00000164da7eb000, 0x00000164dbef5800, 0x00000164dc102800,
0x00000164db585800, 0x00000164dbd6c800, 0x00000164dc499800, 0x00000164dc091800,
0x00000164dc092000, 0x00000164dc062800, 0x00000164dc063800, 0x00000164dc03e800,
0x00000164dc506000, 0x00000164dc500800, 0x00000164dc502000, 0x00000164dc505000,
0x00000164dc504800, 0x00000164dc507000, 0x00000164dc502800, 0x00000164dc503800,
0x00000164dc501000, 0x00000164de66c800, 0x00000164de670800, 0x00000164de66d800,
0x00000164de66e000, 0x00000164de66f000, 0x00000164de670000, 0x00000164de671800,
0x00000164de66b800, 0x00000164de675800, 0x00000164de674000, 0x00000164de677000,
0x00000164de674800, 0x00000164de676800, 0x00000164de678000, 0x00000164de672000,
0x00000164de679000, 0x00000164de673000, 0x00000164de679800, 0x00000164de772800,
0x00000164de76f800, 0x00000164de774800, 0x00000164de775000, 0x00000164de776000,
0x00000164de770000, 0x00000164de777000, 0x00000164de773800, 0x00000164de771000,
0x00000164de777800, 0x00000164de772000, 0x00000164de77a000, 0x00000164de77b800,
0x00000164de77b000, 0x00000164de77c800, 0x00000164de77e000, 0x00000164de77d800,
0x00000164de778800, 0x00000164de779000, 0x00000164dede2000, 0x00000164dede2800,
0x00000164dede1000, 0x00000164dede3800, 0x00000164dede4800, 0x00000164dede5000,
0x00000164dede6000, 0x00000164dede0800, 0x00000164dede7800, 0x00000164dede8800,
0x00000164dede9800, 0x00000164dedea000, 0x00000164dedeb000, 0x00000164dedeb800,
0x00000164dedec800, 0x00000164dede7000, 0x00000164deded800, 0x00000164dedee000,
0x00000164dedef000, 0x00000164de895800, 0x00000164de892000, 0x00000164de894800,
0x00000164de893000, 0x00000164de893800, 0x00000164de896000, 0x00000164de897000,
0x00000164de891800, 0x00000164de899800, 0x00000164de898800, 0x00000164de89a000,
0x00000164de89b000, 0x00000164de898000, 0x00000164de89c000, 0x00000164de89c800,
0x00000164de8a0000, 0x00000164de89d800, 0x00000164de89e800, 0x00000164de89f000,
0x00000164de81a800, 0x00000164de81b800, 0x00000164de822000, 0x00000164de81d000,
0x00000164de81e000, 0x00000164de821000, 0x00000164de81e800, 0x00000164de81f800,
0x00000164de820000, 0x00000164de81c000, 0x00000164de826000, 0x00000164de827000,
0x00000164de827800, 0x00000164de828800, 0x00000164de824800, 0x00000164de822800,
0x00000164de829000, 0x00000164de823800, 0x00000164de825000, 0x00000164dfe80800,
0x00000164dfe84000, 0x00000164dfe7e000, 0x00000164dfe82800, 0x00000164dfe81800,
0x00000164dfe85000, 0x00000164dfe83000, 0x00000164dfe7f000, 0x00000164dfe80000,
0x00000164dfe89000, 0x00000164dfe89800, 0x00000164dfe8a800, 0x00000164dfe8b800,
0x00000164dfe85800, 0x00000164dfe88000, 0x00000164dfe86800, 0x00000164dfe8c000,
0x00000164dfe8d000, 0x00000164dfe87000, 0x00000164dff96800, 0x00000164dff93000,
0x00000164dff94800, 0x00000164dff95800, 0x00000164dff94000, 0x00000164dff90800,
0x00000164dc63e000, 0x00000164dff97000, 0x00000164dff91800, 0x00000164dff98000,
0x00000164dff92000, 0x00000164dff9d800, 0x00000164dff99800
}

Java Threads: ( => current thread )
  0x00000164bfb59800 JavaThread "main" [_thread_blocked, id=7268, stack(0x000000520a300000,0x000000520a400000)]
  0x00000164d9cff000 JavaThread "Reference Handler" daemon [_thread_blocked, id=10880, stack(0x000000520aa00000,0x000000520ab00000)]
  0x00000164d9d02800 JavaThread "Finalizer" daemon [_thread_blocked, id=11260, stack(0x000000520ab00000,0x000000520ac00000)]
  0x00000164da692800 JavaThread "Signal Dispatcher" daemon [_thread_blocked, id=5192, stack(0x000000520ac00000,0x000000520ad00000)]
  0x00000164d9d16000 JavaThread "Attach Listener" daemon [_thread_blocked, id=2704, stack(0x000000520ad00000,0x000000520ae00000)]
=>0x00000164d9d18000 JavaThread "C2 CompilerThread0" daemon [_thread_in_native, id=11880, stack(0x000000520ae00000,0x000000520af00000)]
  0x00000164d9d23000 JavaThread "C1 CompilerThread0" daemon [_thread_blocked, id=9452, stack(0x000000520af00000,0x000000520b000000)]
  0x00000164d9d28800 JavaThread "Sweeper thread" daemon [_thread_blocked, id=12920, stack(0x000000520b000000,0x000000520b100000)]
  0x00000164da7be800 JavaThread "Common-Cleaner" daemon [_thread_blocked, id=12080, stack(0x000000520b100000,0x000000520b200000)]
  0x00000164da7eb000 JavaThread "Service Thread" daemon [_thread_blocked, id=9740, stack(0x000000520b200000,0x000000520b300000)]
  0x00000164dbef5800 JavaThread "Daemon health stats" [_thread_blocked, id=3760, stack(0x000000520b700000,0x000000520b800000)]
  0x00000164dc102800 JavaThread "Incoming local TCP Connector on port 56397" [_thread_in_native, id=11140, stack(0x000000520bb00000,0x000000520bc00000)]
  0x00000164db585800 JavaThread "Daemon periodic checks" [_thread_blocked, id=13300, stack(0x000000520bc00000,0x000000520bd00000)]
  0x00000164dbd6c800 JavaThread "Daemon" [_thread_blocked, id=8528, stack(0x000000520bd00000,0x000000520be00000)]
  0x00000164dc499800 JavaThread "Handler for socket connection from /127.0.0.1:56397 to /127.0.0.1:56398" [_thread_in_native, id=11984, stack(0x000000520be00000,0x000000520bf00000)]
  0x00000164dc091800 JavaThread "Cancel handler" [_thread_blocked, id=11636, stack(0x000000520bf00000,0x000000520c000000)]
  0x00000164dc092000 JavaThread "Daemon worker" [_thread_blocked, id=1144, stack(0x000000520c000000,0x000000520c100000)]
  0x00000164dc062800 JavaThread "Asynchronous log dispatcher for DefaultDaemonConnection: socket connection from /127.0.0.1:56397 to /127.0.0.1:56398" [_thread_blocked, id=10852, stack(0x000000520c100000,0x000000520c200000)]
  0x00000164dc063800 JavaThread "Stdin handler" [_thread_blocked, id=72, stack(0x000000520c200000,0x000000520c300000)]
  0x00000164dc03e800 JavaThread "Thread-8" [_thread_blocked, id=13268, stack(0x000000520c300000,0x000000520c400000)]
  0x00000164dc506000 JavaThread "Cache worker for journal cache (C:\Users\Jaswinder\.gradle\caches\journal-1)" [_thread_blocked, id=6600, stack(0x000000520c400000,0x000000520c500000)]
  0x00000164dc500800 JavaThread "File lock request listener" [_thread_in_native, id=12792, stack(0x000000520c500000,0x000000520c600000)]
  0x00000164dc502000 JavaThread "Cache worker for file hash cache (C:\Users\Jaswinder\.gradle\caches\6.5\fileHashes)" [_thread_blocked, id=10072, stack(0x000000520c600000,0x000000520c700000)]
  0x00000164dc505000 JavaThread "Cache worker for file hash cache (M:\Amu Data\workProject\daily-reporting-mobile-app-22\.gradle\6.5\fileHashes)" [_thread_blocked, id=12336, stack(0x000000520c800000,0x000000520c900000)]
  0x00000164dc504800 JavaThread "Cache worker for checksums cache (M:\Amu Data\workProject\daily-reporting-mobile-app-22\.gradle\checksums)" [_thread_blocked, id=8984, stack(0x000000520c900000,0x000000520ca00000)]
  0x00000164dc507000 JavaThread "Cache worker for cache directory md-supplier (C:\Users\Jaswinder\.gradle\caches\6.5\md-supplier)" [_thread_blocked, id=8576, stack(0x000000520ca00000,0x000000520cb00000)]
  0x00000164dc502800 JavaThread "Cache worker for cache directory md-rule (C:\Users\Jaswinder\.gradle\caches\6.5\md-rule)" [_thread_blocked, id=2724, stack(0x000000520cb00000,0x000000520cc00000)]
  0x00000164dc503800 JavaThread "Cache worker for execution history cache (C:\Users\Jaswinder\.gradle\caches\6.5\executionHistory)" [_thread_blocked, id=11696, stack(0x000000520cc00000,0x000000520cd00000)]
  0x00000164dc501000 JavaThread "jar transforms" [_thread_blocked, id=2428, stack(0x000000520cd00000,0x000000520ce00000)]
  0x00000164de66c800 JavaThread "Cache worker for file content cache (C:\Users\Jaswinder\.gradle\caches\6.5\fileContent)" [_thread_blocked, id=5452, stack(0x000000520ce00000,0x000000520cf00000)]
  0x00000164de670800 JavaThread "Build operations" [_thread_blocked, id=9188, stack(0x000000520cf00000,0x000000520d000000)]
  0x00000164de66d800 JavaThread "Build operations Thread 2" [_thread_blocked, id=12376, stack(0x000000520d000000,0x000000520d100000)]
  0x00000164de66e000 JavaThread "Build operations Thread 3" [_thread_blocked, id=13116, stack(0x000000520d100000,0x000000520d200000)]
  0x00000164de66f000 JavaThread "Build operations Thread 4" [_thread_blocked, id=8040, stack(0x000000520d200000,0x000000520d300000)]
  0x00000164de670000 JavaThread "jar transforms Thread 2" [_thread_blocked, id=9040, stack(0x000000520d300000,0x000000520d400000)]
  0x00000164de671800 JavaThread "jar transforms Thread 3" [_thread_blocked, id=11532, stack(0x000000520d400000,0x000000520d500000)]
  0x00000164de66b800 JavaThread "jar transforms Thread 4" [_thread_blocked, id=6992, stack(0x000000520d500000,0x000000520d600000)]
  0x00000164de675800 JavaThread "jar transforms Thread 5" [_thread_blocked, id=1324, stack(0x000000520d600000,0x000000520d700000)]
  0x00000164de674000 JavaThread "jar transforms Thread 6" [_thread_blocked, id=6644, stack(0x000000520d700000,0x000000520d800000)]
  0x00000164de677000 JavaThread "jar transforms Thread 7" [_thread_blocked, id=9592, stack(0x000000520d800000,0x000000520d900000)]
  0x00000164de674800 JavaThread "jar transforms Thread 8" [_thread_blocked, id=11448, stack(0x000000520d900000,0x000000520da00000)]
  0x00000164de676800 JavaThread "jar transforms Thread 9" [_thread_blocked, id=9320, stack(0x000000520da00000,0x000000520db00000)]
  0x00000164de678000 JavaThread "jar transforms Thread 10" [_thread_blocked, id=11172, stack(0x000000520db00000,0x000000520dc00000)]
  0x00000164de672000 JavaThread "jar transforms Thread 11" [_thread_blocked, id=7964, stack(0x000000520dc00000,0x000000520dd00000)]
  0x00000164de679000 JavaThread "jar transforms Thread 12" [_thread_blocked, id=5944, stack(0x000000520dd00000,0x000000520de00000)]
  0x00000164de673000 JavaThread "jar transforms Thread 13" [_thread_blocked, id=12756, stack(0x000000520de00000,0x000000520df00000)]
  0x00000164de679800 JavaThread "jar transforms Thread 14" [_thread_blocked, id=11700, stack(0x000000520df00000,0x000000520e000000)]
  0x00000164de772800 JavaThread "jar transforms Thread 15" [_thread_blocked, id=9920, stack(0x000000520e000000,0x000000520e100000)]
  0x00000164de76f800 JavaThread "jar transforms Thread 16" [_thread_blocked, id=11832, stack(0x000000520e100000,0x000000520e200000)]
  0x00000164de774800 JavaThread "jar transforms Thread 17" [_thread_blocked, id=2100, stack(0x000000520e200000,0x000000520e300000)]
  0x00000164de775000 JavaThread "jar transforms Thread 18" [_thread_blocked, id=9832, stack(0x000000520e300000,0x000000520e400000)]
  0x00000164de776000 JavaThread "jar transforms Thread 19" [_thread_blocked, id=8480, stack(0x000000520e400000,0x000000520e500000)]
  0x00000164de770000 JavaThread "jar transforms Thread 20" [_thread_blocked, id=8648, stack(0x000000520e500000,0x000000520e600000)]
  0x00000164de777000 JavaThread "jar transforms Thread 21" [_thread_blocked, id=7236, stack(0x000000520e600000,0x000000520e700000)]
  0x00000164de773800 JavaThread "jar transforms Thread 22" [_thread_blocked, id=11580, stack(0x000000520e700000,0x000000520e800000)]
  0x00000164de771000 JavaThread "jar transforms Thread 23" [_thread_blocked, id=4580, stack(0x000000520e800000,0x000000520e900000)]
  0x00000164de777800 JavaThread "jar transforms Thread 24" [_thread_blocked, id=7920, stack(0x000000520e900000,0x000000520ea00000)]
  0x00000164de772000 JavaThread "jar transforms Thread 25" [_thread_blocked, id=12924, stack(0x000000520ea00000,0x000000520eb00000)]
  0x00000164de77a000 JavaThread "jar transforms Thread 26" [_thread_blocked, id=10800, stack(0x000000520eb00000,0x000000520ec00000)]
  0x00000164de77b800 JavaThread "jar transforms Thread 27" [_thread_blocked, id=1988, stack(0x000000520ec00000,0x000000520ed00000)]
  0x00000164de77b000 JavaThread "jar transforms Thread 28" [_thread_blocked, id=11200, stack(0x000000520ed00000,0x000000520ee00000)]
  0x00000164de77c800 JavaThread "jar transforms Thread 29" [_thread_blocked, id=12224, stack(0x000000520ee00000,0x000000520ef00000)]
  0x00000164de77e000 JavaThread "jar transforms Thread 30" [_thread_blocked, id=12916, stack(0x000000520ef00000,0x000000520f000000)]
  0x00000164de77d800 JavaThread "jar transforms Thread 31" [_thread_blocked, id=12244, stack(0x000000520f000000,0x000000520f100000)]
  0x00000164de778800 JavaThread "jar transforms Thread 32" [_thread_blocked, id=12308, stack(0x000000520f100000,0x000000520f200000)]
  0x00000164de779000 JavaThread "jar transforms Thread 33" [_thread_blocked, id=3972, stack(0x000000520f200000,0x000000520f300000)]
  0x00000164dede2000 JavaThread "jar transforms Thread 34" [_thread_blocked, id=10104, stack(0x000000520f300000,0x000000520f400000)]
  0x00000164dede2800 JavaThread "jar transforms Thread 35" [_thread_blocked, id=1140, stack(0x000000520f400000,0x000000520f500000)]
  0x00000164dede1000 JavaThread "jar transforms Thread 36" [_thread_blocked, id=9344, stack(0x000000520f500000,0x000000520f600000)]
  0x00000164dede3800 JavaThread "jar transforms Thread 37" [_thread_blocked, id=7816, stack(0x000000520f600000,0x000000520f700000)]
  0x00000164dede4800 JavaThread "jar transforms Thread 38" [_thread_blocked, id=8884, stack(0x000000520f700000,0x000000520f800000)]
  0x00000164dede5000 JavaThread "jar transforms Thread 39" [_thread_blocked, id=5208, stack(0x000000520f800000,0x000000520f900000)]
  0x00000164dede6000 JavaThread "jar transforms Thread 40" [_thread_blocked, id=10652, stack(0x000000520f900000,0x000000520fa00000)]
  0x00000164dede0800 JavaThread "jar transforms Thread 41" [_thread_blocked, id=10004, stack(0x000000520fa00000,0x000000520fb00000)]
  0x00000164dede7800 JavaThread "jar transforms Thread 42" [_thread_blocked, id=1872, stack(0x000000520fb00000,0x000000520fc00000)]
  0x00000164dede8800 JavaThread "jar transforms Thread 43" [_thread_blocked, id=12980, stack(0x000000520fc00000,0x000000520fd00000)]
  0x00000164dede9800 JavaThread "jar transforms Thread 44" [_thread_blocked, id=11336, stack(0x000000520fd00000,0x000000520fe00000)]
  0x00000164dedea000 JavaThread "jar transforms Thread 45" [_thread_blocked, id=1992, stack(0x000000520fe00000,0x000000520ff00000)]
  0x00000164dedeb000 JavaThread "jar transforms Thread 46" [_thread_blocked, id=11920, stack(0x000000520ff00000,0x0000005210000000)]
  0x00000164dedeb800 JavaThread "jar transforms Thread 47" [_thread_blocked, id=8100, stack(0x0000005210000000,0x0000005210100000)]
  0x00000164dedec800 JavaThread "jar transforms Thread 48" [_thread_blocked, id=6344, stack(0x0000005210100000,0x0000005210200000)]
  0x00000164dede7000 JavaThread "jar transforms Thread 49" [_thread_blocked, id=8292, stack(0x0000005210200000,0x0000005210300000)]
  0x00000164deded800 JavaThread "jar transforms Thread 50" [_thread_blocked, id=13144, stack(0x0000005210300000,0x0000005210400000)]
  0x00000164dedee000 JavaThread "jar transforms Thread 51" [_thread_blocked, id=9668, stack(0x0000005210400000,0x0000005210500000)]
  0x00000164dedef000 JavaThread "jar transforms Thread 52" [_thread_blocked, id=12036, stack(0x0000005210500000,0x0000005210600000)]
  0x00000164de895800 JavaThread "jar transforms Thread 53" [_thread_blocked, id=7732, stack(0x0000005210600000,0x0000005210700000)]
  0x00000164de892000 JavaThread "jar transforms Thread 54" [_thread_blocked, id=8420, stack(0x0000005210700000,0x0000005210800000)]
  0x00000164de894800 JavaThread "jar transforms Thread 55" [_thread_blocked, id=3804, stack(0x0000005210800000,0x0000005210900000)]
  0x00000164de893000 JavaThread "jar transforms Thread 56" [_thread_blocked, id=7100, stack(0x0000005210900000,0x0000005210a00000)]
  0x00000164de893800 JavaThread "jar transforms Thread 57" [_thread_blocked, id=8004, stack(0x0000005210a00000,0x0000005210b00000)]
  0x00000164de896000 JavaThread "jar transforms Thread 58" [_thread_blocked, id=10616, stack(0x0000005210b00000,0x0000005210c00000)]
  0x00000164de897000 JavaThread "jar transforms Thread 59" [_thread_blocked, id=12696, stack(0x0000005210c00000,0x0000005210d00000)]
  0x00000164de891800 JavaThread "jar transforms Thread 60" [_thread_blocked, id=12188, stack(0x0000005210d00000,0x0000005210e00000)]
  0x00000164de899800 JavaThread "jar transforms Thread 61" [_thread_blocked, id=1824, stack(0x0000005210e00000,0x0000005210f00000)]
  0x00000164de898800 JavaThread "jar transforms Thread 62" [_thread_blocked, id=10756, stack(0x0000005210f00000,0x0000005211000000)]
  0x00000164de89a000 JavaThread "jar transforms Thread 63" [_thread_blocked, id=10924, stack(0x0000005211000000,0x0000005211100000)]
  0x00000164de89b000 JavaThread "jar transforms Thread 64" [_thread_blocked, id=1792, stack(0x0000005211100000,0x0000005211200000)]
  0x00000164de898000 JavaThread "jar transforms Thread 65" [_thread_blocked, id=7188, stack(0x0000005211200000,0x0000005211300000)]
  0x00000164de89c000 JavaThread "jar transforms Thread 66" [_thread_blocked, id=1344, stack(0x0000005211300000,0x0000005211400000)]
  0x00000164de89c800 JavaThread "jar transforms Thread 67" [_thread_blocked, id=12676, stack(0x0000005211400000,0x0000005211500000)]
  0x00000164de8a0000 JavaThread "jar transforms Thread 68" [_thread_blocked, id=7996, stack(0x0000005211500000,0x0000005211600000)]
  0x00000164de89d800 JavaThread "jar transforms Thread 69" [_thread_blocked, id=6188, stack(0x0000005211600000,0x0000005211700000)]
  0x00000164de89e800 JavaThread "jar transforms Thread 70" [_thread_blocked, id=4692, stack(0x0000005211700000,0x0000005211800000)]
  0x00000164de89f000 JavaThread "jar transforms Thread 71" [_thread_blocked, id=3348, stack(0x0000005211800000,0x0000005211900000)]
  0x00000164de81a800 JavaThread "jar transforms Thread 72" [_thread_blocked, id=7272, stack(0x0000005211900000,0x0000005211a00000)]
  0x00000164de81b800 JavaThread "jar transforms Thread 73" [_thread_blocked, id=5352, stack(0x0000005211a00000,0x0000005211b00000)]
  0x00000164de822000 JavaThread "jar transforms Thread 74" [_thread_blocked, id=5240, stack(0x0000005211b00000,0x0000005211c00000)]
  0x00000164de81d000 JavaThread "jar transforms Thread 75" [_thread_blocked, id=7288, stack(0x0000005211c00000,0x0000005211d00000)]
  0x00000164de81e000 JavaThread "jar transforms Thread 76" [_thread_blocked, id=12596, stack(0x0000005211d00000,0x0000005211e00000)]
  0x00000164de821000 JavaThread "jar transforms Thread 77" [_thread_blocked, id=13184, stack(0x0000005211e00000,0x0000005211f00000)]
  0x00000164de81e800 JavaThread "jar transforms Thread 78" [_thread_blocked, id=8896, stack(0x0000005211f00000,0x0000005212000000)]
  0x00000164de81f800 JavaThread "jar transforms Thread 79" [_thread_blocked, id=9368, stack(0x0000005212000000,0x0000005212100000)]
  0x00000164de820000 JavaThread "jar transforms Thread 80" [_thread_blocked, id=1072, stack(0x0000005212100000,0x0000005212200000)]
  0x00000164de81c000 JavaThread "jar transforms Thread 81" [_thread_blocked, id=2092, stack(0x0000005212200000,0x0000005212300000)]
  0x00000164de826000 JavaThread "jar transforms Thread 82" [_thread_blocked, id=2600, stack(0x0000005212300000,0x0000005212400000)]
  0x00000164de827000 JavaThread "jar transforms Thread 83" [_thread_blocked, id=12168, stack(0x0000005212400000,0x0000005212500000)]
  0x00000164de827800 JavaThread "jar transforms Thread 84" [_thread_blocked, id=9416, stack(0x0000005212500000,0x0000005212600000)]
  0x00000164de828800 JavaThread "jar transforms Thread 85" [_thread_blocked, id=10076, stack(0x0000005212600000,0x0000005212700000)]
  0x00000164de824800 JavaThread "jar transforms Thread 86" [_thread_blocked, id=11632, stack(0x0000005212700000,0x0000005212800000)]
  0x00000164de822800 JavaThread "jar transforms Thread 87" [_thread_blocked, id=12388, stack(0x0000005212800000,0x0000005212900000)]
  0x00000164de829000 JavaThread "jar transforms Thread 88" [_thread_blocked, id=5600, stack(0x0000005212900000,0x0000005212a00000)]
  0x00000164de823800 JavaThread "jar transforms Thread 89" [_thread_blocked, id=12632, stack(0x0000005212a00000,0x0000005212b00000)]
  0x00000164de825000 JavaThread "jar transforms Thread 90" [_thread_blocked, id=11216, stack(0x0000005212b00000,0x0000005212c00000)]
  0x00000164dfe80800 JavaThread "jar transforms Thread 91" [_thread_blocked, id=8888, stack(0x0000005212c00000,0x0000005212d00000)]
  0x00000164dfe84000 JavaThread "jar transforms Thread 92" [_thread_blocked, id=11396, stack(0x0000005212d00000,0x0000005212e00000)]
  0x00000164dfe7e000 JavaThread "jar transforms Thread 93" [_thread_blocked, id=10244, stack(0x0000005212e00000,0x0000005212f00000)]
  0x00000164dfe82800 JavaThread "jar transforms Thread 94" [_thread_blocked, id=12976, stack(0x0000005212f00000,0x0000005213000000)]
  0x00000164dfe81800 JavaThread "jar transforms Thread 95" [_thread_blocked, id=9896, stack(0x0000005213000000,0x0000005213100000)]
  0x00000164dfe85000 JavaThread "jar transforms Thread 96" [_thread_blocked, id=4820, stack(0x0000005213100000,0x0000005213200000)]
  0x00000164dfe83000 JavaThread "jar transforms Thread 97" [_thread_blocked, id=9776, stack(0x0000005213200000,0x0000005213300000)]
  0x00000164dfe7f000 JavaThread "jar transforms Thread 98" [_thread_blocked, id=1208, stack(0x0000005213300000,0x0000005213400000)]
  0x00000164dfe80000 JavaThread "jar transforms Thread 99" [_thread_blocked, id=11412, stack(0x0000005213400000,0x0000005213500000)]
  0x00000164dfe89000 JavaThread "jar transforms Thread 100" [_thread_blocked, id=13156, stack(0x0000005213500000,0x0000005213600000)]
  0x00000164dfe89800 JavaThread "jar transforms Thread 101" [_thread_blocked, id=11332, stack(0x0000005213600000,0x0000005213700000)]
  0x00000164dfe8a800 JavaThread "jar transforms Thread 102" [_thread_blocked, id=696, stack(0x0000005213700000,0x0000005213800000)]
  0x00000164dfe8b800 JavaThread "jar transforms Thread 103" [_thread_blocked, id=11948, stack(0x0000005213800000,0x0000005213900000)]
  0x00000164dfe85800 JavaThread "jar transforms Thread 104" [_thread_blocked, id=12008, stack(0x0000005213900000,0x0000005213a00000)]
  0x00000164dfe88000 JavaThread "jar transforms Thread 105" [_thread_blocked, id=1500, stack(0x0000005213a00000,0x0000005213b00000)]
  0x00000164dfe86800 JavaThread "jar transforms Thread 106" [_thread_blocked, id=11896, stack(0x0000005213b00000,0x0000005213c00000)]
  0x00000164dfe8c000 JavaThread "jar transforms Thread 107" [_thread_blocked, id=10876, stack(0x0000005213c00000,0x0000005213d00000)]
  0x00000164dfe8d000 JavaThread "jar transforms Thread 108" [_thread_blocked, id=2664, stack(0x0000005213d00000,0x0000005213e00000)]
  0x00000164dfe87000 JavaThread "jar transforms Thread 109" [_thread_blocked, id=664, stack(0x0000005213e00000,0x0000005213f00000)]
  0x00000164dff96800 JavaThread "jar transforms Thread 110" [_thread_blocked, id=872, stack(0x0000005213f00000,0x0000005214000000)]
  0x00000164dff93000 JavaThread "jar transforms Thread 111" [_thread_blocked, id=8612, stack(0x0000005214000000,0x0000005214100000)]
  0x00000164dff94800 JavaThread "jar transforms Thread 112" [_thread_blocked, id=984, stack(0x0000005214100000,0x0000005214200000)]
  0x00000164dff95800 JavaThread "jar transforms Thread 113" [_thread_blocked, id=12332, stack(0x0000005214200000,0x0000005214300000)]
  0x00000164dff94000 JavaThread "jar transforms Thread 114" [_thread_blocked, id=10896, stack(0x0000005214300000,0x0000005214400000)]
  0x00000164dff90800 JavaThread "Cache worker for Build Output Cleanup Cache (M:\Amu Data\workProject\daily-reporting-mobile-app-22\.gradle\buildOutputCleanup)" [_thread_blocked, id=10984, stack(0x0000005214400000,0x0000005214500000)]
  0x00000164dc63e000 JavaThread "C2 CompilerThread1" daemon [_thread_blocked, id=8764, stack(0x000000520c700000,0x000000520c800000)]
  0x00000164dff97000 JavaThread "Memory manager" [_thread_blocked, id=10840, stack(0x0000005214500000,0x0000005214600000)]
  0x00000164dff91800 JavaThread "Cache worker for file content cache (M:\Amu Data\workProject\daily-reporting-mobile-app-22\.gradle\6.5\fileContent)" [_thread_blocked, id=4932, stack(0x0000005214600000,0x0000005214700000)]
  0x00000164dff98000 JavaThread "Execution worker for ':'" [_thread_blocked, id=10188, stack(0x0000005214700000,0x0000005214800000)]
  0x00000164dff92000 JavaThread "Execution worker for ':' Thread 2" [_thread_blocked, id=9260, stack(0x0000005214800000,0x0000005214900000)]
  0x00000164dff9d800 JavaThread "Execution worker for ':' Thread 3" [_thread_blocked, id=8512, stack(0x0000005214900000,0x0000005214a00000)]
  0x00000164dff99800 JavaThread "Cache worker for execution history cache (M:\Amu Data\workProject\daily-reporting-mobile-app-22\.gradle\6.5\executionHistory)" [_thread_blocked, id=1816, stack(0x0000005214a00000,0x0000005214b00000)]

Other Threads:
  0x00000164d9cf8000 VMThread "VM Thread" [stack: 0x000000520a900000,0x000000520aa00000] [id=6568]
  0x00000164da7ec000 WatcherThread [stack: 0x000000520b300000,0x000000520b400000] [id=12804]
  0x00000164bfb72000 GCTaskThread "GC Thread#0" [stack: 0x000000520a400000,0x000000520a500000] [id=9724]
  0x00000164daf53800 GCTaskThread "GC Thread#1" [stack: 0x000000520b500000,0x000000520b600000] [id=12680]
  0x00000164daff6800 GCTaskThread "GC Thread#2" [stack: 0x000000520b600000,0x000000520b700000] [id=10704]
  0x00000164db95e800 GCTaskThread "GC Thread#3" [stack: 0x000000520b800000,0x000000520b900000] [id=7728]
  0x00000164bfba4800 ConcurrentGCThread "G1 Main Marker" [stack: 0x000000520a500000,0x000000520a600000] [id=12724]
  0x00000164bfba6800 ConcurrentGCThread "G1 Conc#0" [stack: 0x000000520a600000,0x000000520a700000] [id=5204]
  0x00000164bfc39000 ConcurrentGCThread "G1 Refine#0" [stack: 0x000000520a700000,0x000000520a800000] [id=13032]
  0x00000164db2de800 ConcurrentGCThread "G1 Refine#1" [stack: 0x000000520b900000,0x000000520ba00000] [id=12356]
  0x00000164bfc3a000 ConcurrentGCThread "G1 Young RemSet Sampling" [stack: 0x000000520a800000,0x000000520a900000] [id=624]

Threads with active compile tasks:
C2 CompilerThread0  18202 6705 %     4       org.gradle.internal.instantiation.generator.AbstractClassGenerator::inspectType @ 107 (560 bytes)
C1 CompilerThread0  18202 7271   !   3       com.google.common.cache.LocalCache$Segment::put (439 bytes)
C2 CompilerThread1  18202 7215       4       org.gradle.internal.serialize.kryo.KryoBackedDecoder::readString (5 bytes)

VM state:not at safepoint (normal execution)

VM Mutex/Monitor currently owned by a thread:  ([mutex/lock_event])
[0x00000164bfb55c10] Heap_lock - owner thread: 0x00000164de670800

Heap address: 0x0000000080000000, size: 2048 MB, Compressed Oops mode: 32-bit
Narrow klass base: 0x0000000000000000, Narrow klass shift: 3
Compressed class space size: 1073741824 Address: 0x0000000100000000

Heap:
 garbage-first heap   total 187392K, used 62669K [0x0000000080000000, 0x0000000100000000)
  region size 1024K, 6 young (6144K), 6 survivors (6144K)
 Metaspace       used 75375K, capacity 77091K, committed 77292K, reserved 1126400K
  class space    used 9804K, capacity 10470K, committed 10476K, reserved 1048576K
Heap Regions: E=young(eden), S=young(survivor), O=old, HS=humongous(starts), HC=humongous(continues), CS=collection set, F=free, A=archive, TAMS=top-at-mark-start (previous, next)
|   0|0x0000000080000000, 0x0000000080100000, 0x0000000080100000|100%| O|  |TAMS 0x0000000080100000, 0x0000000080100000| Untracked 
|   1|0x0000000080100000, 0x0000000080200000, 0x0000000080200000|100%| O|  |TAMS 0x0000000080200000, 0x0000000080200000| Untracked 
|   2|0x0000000080200000, 0x0000000080300000, 0x0000000080300000|100%| O|  |TAMS 0x0000000080300000, 0x0000000080300000| Untracked 
|   3|0x0000000080300000, 0x0000000080400000, 0x0000000080400000|100%|HS|  |TAMS 0x0000000080400000, 0x0000000080400000| Complete 
|   4|0x0000000080400000, 0x0000000080500000, 0x0000000080500000|100%|HC|  |TAMS 0x0000000080500000, 0x0000000080500000| Complete 
|   5|0x0000000080500000, 0x0000000080600000, 0x0000000080600000|100%|HC|  |TAMS 0x0000000080600000, 0x0000000080600000| Complete 
|   6|0x0000000080600000, 0x0000000080700000, 0x0000000080700000|100%| O|  |TAMS 0x0000000080700000, 0x0000000080700000| Untracked 
|   7|0x0000000080700000, 0x0000000080800000, 0x0000000080800000|100%| O|  |TAMS 0x0000000080800000, 0x0000000080800000| Untracked 
|   8|0x0000000080800000, 0x0000000080900000, 0x0000000080900000|100%| O|  |TAMS 0x0000000080900000, 0x0000000080900000| Untracked 
|   9|0x0000000080900000, 0x0000000080a00000, 0x0000000080a00000|100%| O|  |TAMS 0x0000000080a00000, 0x0000000080a00000| Untracked 
|  10|0x0000000080a00000, 0x0000000080b00000, 0x0000000080b00000|100%| O|  |TAMS 0x0000000080b00000, 0x0000000080b00000| Untracked 
|  11|0x0000000080b00000, 0x0000000080c00000, 0x0000000080c00000|100%| O|  |TAMS 0x0000000080c00000, 0x0000000080c00000| Untracked 
|  12|0x0000000080c00000, 0x0000000080d00000, 0x0000000080d00000|100%| O|  |TAMS 0x0000000080d00000, 0x0000000080d00000| Untracked 
|  13|0x0000000080d00000, 0x0000000080e00000, 0x0000000080e00000|100%| O|  |TAMS 0x0000000080e00000, 0x0000000080e00000| Untracked 
|  14|0x0000000080e00000, 0x0000000080f00000, 0x0000000080f00000|100%| O|  |TAMS 0x0000000080f00000, 0x0000000080f00000| Untracked 
|  15|0x0000000080f00000, 0x0000000081000000, 0x0000000081000000|100%| O|  |TAMS 0x0000000081000000, 0x0000000081000000| Untracked 
|  16|0x0000000081000000, 0x0000000081100000, 0x0000000081100000|100%| O|  |TAMS 0x0000000081100000, 0x0000000081100000| Untracked 
|  17|0x0000000081100000, 0x0000000081200000, 0x0000000081200000|100%| O|  |TAMS 0x0000000081200000, 0x0000000081200000| Untracked 
|  18|0x0000000081200000, 0x0000000081300000, 0x0000000081300000|100%| O|  |TAMS 0x0000000081300000, 0x0000000081300000| Untracked 
|  19|0x0000000081300000, 0x0000000081400000, 0x0000000081400000|100%| O|  |TAMS 0x0000000081400000, 0x0000000081400000| Untracked 
|  20|0x0000000081400000, 0x0000000081500000, 0x0000000081500000|100%| O|  |TAMS 0x0000000081500000, 0x0000000081500000| Untracked 
|  21|0x0000000081500000, 0x0000000081600000, 0x0000000081600000|100%|HS|  |TAMS 0x0000000081600000, 0x0000000081600000| Complete 
|  22|0x0000000081600000, 0x0000000081700000, 0x0000000081700000|100%|HS|  |TAMS 0x0000000081700000, 0x0000000081700000| Complete 
|  23|0x0000000081700000, 0x0000000081800000, 0x0000000081800000|100%|HC|  |TAMS 0x0000000081800000, 0x0000000081800000| Complete 
|  24|0x0000000081800000, 0x0000000081900000, 0x0000000081900000|100%|HC|  |TAMS 0x0000000081900000, 0x0000000081900000| Complete 
|  25|0x0000000081900000, 0x0000000081a00000, 0x0000000081a00000|100%|HS|  |TAMS 0x0000000081a00000, 0x0000000081a00000| Complete 
|  26|0x0000000081a00000, 0x0000000081b00000, 0x0000000081b00000|100%|HC|  |TAMS 0x0000000081b00000, 0x0000000081b00000| Complete 
|  27|0x0000000081b00000, 0x0000000081c00000, 0x0000000081c00000|100%| O|  |TAMS 0x0000000081c00000, 0x0000000081c00000| Untracked 
|  28|0x0000000081c00000, 0x0000000081d00000, 0x0000000081d00000|100%| O|  |TAMS 0x0000000081d00000, 0x0000000081d00000| Untracked 
|  29|0x0000000081d00000, 0x0000000081e00000, 0x0000000081e00000|100%| O|  |TAMS 0x0000000081e00000, 0x0000000081e00000| Untracked 
|  30|0x0000000081e00000, 0x0000000081f00000, 0x0000000081f00000|100%| O|  |TAMS 0x0000000081f00000, 0x0000000081f00000| Untracked 
|  31|0x0000000081f00000, 0x0000000082000000, 0x0000000082000000|100%| O|  |TAMS 0x0000000082000000, 0x0000000082000000| Untracked 
|  32|0x0000000082000000, 0x0000000082100000, 0x0000000082100000|100%| O|  |TAMS 0x0000000082100000, 0x0000000082100000| Untracked 
|  33|0x0000000082100000, 0x0000000082200000, 0x0000000082200000|100%| O|  |TAMS 0x0000000082200000, 0x0000000082200000| Untracked 
|  34|0x0000000082200000, 0x0000000082300000, 0x0000000082300000|100%| O|  |TAMS 0x0000000082300000, 0x0000000082300000| Untracked 
|  35|0x0000000082300000, 0x0000000082400000, 0x0000000082400000|100%| O|  |TAMS 0x0000000082400000, 0x0000000082400000| Untracked 
|  36|0x0000000082400000, 0x0000000082500000, 0x0000000082500000|100%| O|  |TAMS 0x0000000082500000, 0x0000000082500000| Untracked 
|  37|0x0000000082500000, 0x0000000082600000, 0x0000000082600000|100%| O|  |TAMS 0x0000000082600000, 0x0000000082600000| Untracked 
|  38|0x0000000082600000, 0x0000000082700000, 0x0000000082700000|100%| O|  |TAMS 0x0000000082700000, 0x0000000082700000| Untracked 
|  39|0x0000000082700000, 0x0000000082800000, 0x0000000082800000|100%| O|  |TAMS 0x0000000082800000, 0x0000000082800000| Untracked 
|  40|0x0000000082800000, 0x0000000082900000, 0x0000000082900000|100%| O|  |TAMS 0x0000000082900000, 0x0000000082900000| Untracked 
|  41|0x0000000082900000, 0x0000000082a00000, 0x0000000082a00000|100%| O|  |TAMS 0x0000000082a00000, 0x0000000082a00000| Untracked 
|  42|0x0000000082a00000, 0x0000000082b00000, 0x0000000082b00000|100%| O|  |TAMS 0x0000000082b00000, 0x0000000082b00000| Untracked 
|  43|0x0000000082b00000, 0x0000000082c00000, 0x0000000082c00000|100%| O|  |TAMS 0x0000000082c00000, 0x0000000082c00000| Untracked 
|  44|0x0000000082c00000, 0x0000000082d00000, 0x0000000082d00000|100%| O|  |TAMS 0x0000000082d00000, 0x0000000082d00000| Untracked 
|  45|0x0000000082d00000, 0x0000000082e00000, 0x0000000082e00000|100%| O|  |TAMS 0x0000000082e00000, 0x0000000082e00000| Untracked 
|  46|0x0000000082e00000, 0x0000000082f00000, 0x0000000082f00000|100%| O|  |TAMS 0x0000000082f00000, 0x0000000082f00000| Untracked 
|  47|0x0000000082f00000, 0x0000000083000000, 0x0000000083000000|100%| O|  |TAMS 0x0000000082f00000, 0x0000000083000000| Untracked 
|  48|0x0000000083000000, 0x0000000083100000, 0x0000000083100000|100%| O|  |TAMS 0x0000000083000000, 0x0000000083100000| Untracked 
|  49|0x0000000083100000, 0x0000000083200000, 0x0000000083200000|100%| O|  |TAMS 0x0000000083100000, 0x0000000083200000| Untracked 
|  50|0x0000000083200000, 0x0000000083300000, 0x0000000083300000|100%| O|  |TAMS 0x0000000083200000, 0x0000000083300000| Untracked 
|  51|0x0000000083300000, 0x0000000083400000, 0x0000000083400000|100%| O|  |TAMS 0x0000000083300000, 0x0000000083400000| Untracked 
|  52|0x0000000083400000, 0x0000000083500000, 0x0000000083500000|100%| O|  |TAMS 0x0000000083400000, 0x0000000083500000| Untracked 
|  53|0x0000000083500000, 0x0000000083600000, 0x0000000083600000|100%| O|  |TAMS 0x0000000083500000, 0x0000000083600000| Untracked 
|  54|0x0000000083600000, 0x0000000083700000, 0x0000000083700000|100%| O|  |TAMS 0x0000000083600000, 0x0000000083700000| Untracked 
|  55|0x0000000083700000, 0x00000000837a2c00, 0x0000000083800000| 63%| O|  |TAMS 0x0000000083700000, 0x00000000837a2c00| Untracked 
|  56|0x0000000083800000, 0x0000000083800000, 0x0000000083900000|  0%| F|  |TAMS 0x0000000083800000, 0x0000000083800000| Untracked 
|  57|0x0000000083900000, 0x0000000083900000, 0x0000000083a00000|  0%| F|  |TAMS 0x0000000083900000, 0x0000000083900000| Untracked 
|  58|0x0000000083a00000, 0x0000000083a00000, 0x0000000083b00000|  0%| F|  |TAMS 0x0000000083a00000, 0x0000000083a00000| Untracked 
|  59|0x0000000083b00000, 0x0000000083b00000, 0x0000000083c00000|  0%| F|  |TAMS 0x0000000083b00000, 0x0000000083b00000| Untracked 
|  60|0x0000000083c00000, 0x0000000083c00000, 0x0000000083d00000|  0%| F|  |TAMS 0x0000000083c00000, 0x0000000083c00000| Untracked 
|  61|0x0000000083d00000, 0x0000000083d00000, 0x0000000083e00000|  0%| F|  |TAMS 0x0000000083d00000, 0x0000000083d00000| Untracked 
|  62|0x0000000083e00000, 0x0000000083e00000, 0x0000000083f00000|  0%| F|  |TAMS 0x0000000083e00000, 0x0000000083e00000| Untracked 
|  63|0x0000000083f00000, 0x0000000083f00000, 0x0000000084000000|  0%| F|  |TAMS 0x0000000083f00000, 0x0000000083f00000| Untracked 
|  64|0x0000000084000000, 0x0000000084000000, 0x0000000084100000|  0%| F|  |TAMS 0x0000000084000000, 0x0000000084000000| Untracked 
|  65|0x0000000084100000, 0x0000000084100000, 0x0000000084200000|  0%| F|  |TAMS 0x0000000084100000, 0x0000000084100000| Untracked 
|  66|0x0000000084200000, 0x0000000084200000, 0x0000000084300000|  0%| F|  |TAMS 0x0000000084200000, 0x0000000084200000| Untracked 
|  67|0x0000000084300000, 0x0000000084300000, 0x0000000084400000|  0%| F|  |TAMS 0x0000000084300000, 0x0000000084300000| Untracked 
|  68|0x0000000084400000, 0x0000000084400000, 0x0000000084500000|  0%| F|  |TAMS 0x0000000084400000, 0x0000000084400000| Untracked 
|  69|0x0000000084500000, 0x0000000084500000, 0x0000000084600000|  0%| F|  |TAMS 0x0000000084500000, 0x0000000084500000| Untracked 
|  70|0x0000000084600000, 0x0000000084600000, 0x0000000084700000|  0%| F|  |TAMS 0x0000000084600000, 0x0000000084600000| Untracked 
|  71|0x0000000084700000, 0x0000000084700000, 0x0000000084800000|  0%| F|  |TAMS 0x0000000084700000, 0x0000000084700000| Untracked 
|  72|0x0000000084800000, 0x0000000084800000, 0x0000000084900000|  0%| F|  |TAMS 0x0000000084800000, 0x0000000084800000| Untracked 
|  73|0x0000000084900000, 0x0000000084900000, 0x0000000084a00000|  0%| F|  |TAMS 0x0000000084900000, 0x0000000084900000| Untracked 
|  74|0x0000000084a00000, 0x0000000084a00000, 0x0000000084b00000|  0%| F|  |TAMS 0x0000000084a00000, 0x0000000084a00000| Untracked 
|  75|0x0000000084b00000, 0x0000000084b00000, 0x0000000084c00000|  0%| F|  |TAMS 0x0000000084b00000, 0x0000000084b00000| Untracked 
|  76|0x0000000084c00000, 0x0000000084c00000, 0x0000000084d00000|  0%| F|  |TAMS 0x0000000084c00000, 0x0000000084c00000| Untracked 
|  77|0x0000000084d00000, 0x0000000084d00000, 0x0000000084e00000|  0%| F|  |TAMS 0x0000000084d00000, 0x0000000084d00000| Untracked 
|  78|0x0000000084e00000, 0x0000000084e00000, 0x0000000084f00000|  0%| F|  |TAMS 0x0000000084e00000, 0x0000000084e00000| Untracked 
|  79|0x0000000084f00000, 0x0000000084f00000, 0x0000000085000000|  0%| F|  |TAMS 0x0000000084f00000, 0x0000000084f00000| Untracked 
|  80|0x0000000085000000, 0x0000000085000000, 0x0000000085100000|  0%| F|  |TAMS 0x0000000085000000, 0x0000000085000000| Untracked 
|  81|0x0000000085100000, 0x0000000085100000, 0x0000000085200000|  0%| F|  |TAMS 0x0000000085100000, 0x0000000085100000| Untracked 
|  82|0x0000000085200000, 0x0000000085200000, 0x0000000085300000|  0%| F|  |TAMS 0x0000000085200000, 0x0000000085200000| Untracked 
|  83|0x0000000085300000, 0x0000000085300000, 0x0000000085400000|  0%| F|  |TAMS 0x0000000085300000, 0x0000000085300000| Untracked 
|  84|0x0000000085400000, 0x0000000085400000, 0x0000000085500000|  0%| F|  |TAMS 0x0000000085400000, 0x0000000085400000| Untracked 
|  85|0x0000000085500000, 0x0000000085500000, 0x0000000085600000|  0%| F|  |TAMS 0x0000000085500000, 0x0000000085500000| Untracked 
|  86|0x0000000085600000, 0x0000000085600000, 0x0000000085700000|  0%| F|  |TAMS 0x0000000085600000, 0x0000000085600000| Untracked 
|  87|0x0000000085700000, 0x0000000085700000, 0x0000000085800000|  0%| F|  |TAMS 0x0000000085700000, 0x0000000085700000| Untracked 
|  88|0x0000000085800000, 0x0000000085800000, 0x0000000085900000|  0%| F|  |TAMS 0x0000000085800000, 0x0000000085800000| Untracked 
|  89|0x0000000085900000, 0x0000000085900000, 0x0000000085a00000|  0%| F|  |TAMS 0x0000000085900000, 0x0000000085900000| Untracked 
|  90|0x0000000085a00000, 0x0000000085a00000, 0x0000000085b00000|  0%| F|  |TAMS 0x0000000085a00000, 0x0000000085a00000| Untracked 
|  91|0x0000000085b00000, 0x0000000085b00000, 0x0000000085c00000|  0%| F|  |TAMS 0x0000000085b00000, 0x0000000085b00000| Untracked 
|  92|0x0000000085c00000, 0x0000000085c00000, 0x0000000085d00000|  0%| F|  |TAMS 0x0000000085c00000, 0x0000000085c00000| Untracked 
|  93|0x0000000085d00000, 0x0000000085d00000, 0x0000000085e00000|  0%| F|  |TAMS 0x0000000085d00000, 0x0000000085d00000| Untracked 
|  94|0x0000000085e00000, 0x0000000085e00000, 0x0000000085f00000|  0%| F|  |TAMS 0x0000000085e00000, 0x0000000085e00000| Untracked 
|  95|0x0000000085f00000, 0x0000000085f00000, 0x0000000086000000|  0%| F|  |TAMS 0x0000000085f00000, 0x0000000085f00000| Untracked 
|  96|0x0000000086000000, 0x0000000086000000, 0x0000000086100000|  0%| F|  |TAMS 0x0000000086000000, 0x0000000086000000| Untracked 
|  97|0x0000000086100000, 0x0000000086100000, 0x0000000086200000|  0%| F|  |TAMS 0x0000000086100000, 0x0000000086100000| Untracked 
|  98|0x0000000086200000, 0x0000000086200000, 0x0000000086300000|  0%| F|  |TAMS 0x0000000086200000, 0x0000000086200000| Untracked 
|  99|0x0000000086300000, 0x0000000086300000, 0x0000000086400000|  0%| F|  |TAMS 0x0000000086300000, 0x0000000086300000| Untracked 
| 100|0x0000000086400000, 0x0000000086400000, 0x0000000086500000|  0%| F|  |TAMS 0x0000000086400000, 0x0000000086400000| Untracked 
| 101|0x0000000086500000, 0x0000000086500000, 0x0000000086600000|  0%| F|  |TAMS 0x0000000086500000, 0x0000000086500000| Untracked 
| 102|0x0000000086600000, 0x0000000086600000, 0x0000000086700000|  0%| F|  |TAMS 0x0000000086600000, 0x0000000086600000| Untracked 
| 103|0x0000000086700000, 0x0000000086700000, 0x0000000086800000|  0%| F|  |TAMS 0x0000000086700000, 0x0000000086700000| Untracked 
| 104|0x0000000086800000, 0x0000000086800000, 0x0000000086900000|  0%| F|  |TAMS 0x0000000086800000, 0x0000000086800000| Untracked 
| 105|0x0000000086900000, 0x0000000086900000, 0x0000000086a00000|  0%| F|  |TAMS 0x0000000086900000, 0x0000000086900000| Untracked 
| 106|0x0000000086a00000, 0x0000000086a00000, 0x0000000086b00000|  0%| F|  |TAMS 0x0000000086a00000, 0x0000000086a00000| Untracked 
| 107|0x0000000086b00000, 0x0000000086b00000, 0x0000000086c00000|  0%| F|  |TAMS 0x0000000086b00000, 0x0000000086b00000| Untracked 
| 108|0x0000000086c00000, 0x0000000086c00000, 0x0000000086d00000|  0%| F|  |TAMS 0x0000000086c00000, 0x0000000086c00000| Untracked 
| 109|0x0000000086d00000, 0x0000000086d00000, 0x0000000086e00000|  0%| F|  |TAMS 0x0000000086d00000, 0x0000000086d00000| Untracked 
| 110|0x0000000086e00000, 0x0000000086e00000, 0x0000000086f00000|  0%| F|  |TAMS 0x0000000086e00000, 0x0000000086e00000| Untracked 
| 111|0x0000000086f00000, 0x0000000086f00000, 0x0000000087000000|  0%| F|  |TAMS 0x0000000086f00000, 0x0000000086f00000| Untracked 
| 112|0x0000000087000000, 0x0000000087000000, 0x0000000087100000|  0%| F|  |TAMS 0x0000000087000000, 0x0000000087000000| Untracked 
| 113|0x0000000087100000, 0x0000000087100000, 0x0000000087200000|  0%| F|  |TAMS 0x0000000087100000, 0x0000000087100000| Untracked 
| 114|0x0000000087200000, 0x0000000087200000, 0x0000000087300000|  0%| F|  |TAMS 0x0000000087200000, 0x0000000087200000| Untracked 
| 115|0x0000000087300000, 0x0000000087300000, 0x0000000087400000|  0%| F|  |TAMS 0x0000000087300000, 0x0000000087300000| Untracked 
| 116|0x0000000087400000, 0x0000000087400000, 0x0000000087500000|  0%| F|  |TAMS 0x0000000087400000, 0x0000000087400000| Untracked 
| 117|0x0000000087500000, 0x0000000087500000, 0x0000000087600000|  0%| F|  |TAMS 0x0000000087500000, 0x0000000087500000| Untracked 
| 118|0x0000000087600000, 0x0000000087600000, 0x0000000087700000|  0%| F|  |TAMS 0x0000000087600000, 0x0000000087600000| Untracked 
| 119|0x0000000087700000, 0x0000000087700000, 0x0000000087800000|  0%| F|  |TAMS 0x0000000087700000, 0x0000000087700000| Untracked 
| 120|0x0000000087800000, 0x0000000087800000, 0x0000000087900000|  0%| F|  |TAMS 0x0000000087800000, 0x0000000087800000| Untracked 
| 121|0x0000000087900000, 0x0000000087900000, 0x0000000087a00000|  0%| F|  |TAMS 0x0000000087900000, 0x0000000087900000| Untracked 
| 122|0x0000000087a00000, 0x0000000087a00000, 0x0000000087b00000|  0%| F|  |TAMS 0x0000000087a00000, 0x0000000087a00000| Untracked 
| 123|0x0000000087b00000, 0x0000000087b00000, 0x0000000087c00000|  0%| F|  |TAMS 0x0000000087b00000, 0x0000000087b00000| Untracked 
| 124|0x0000000087c00000, 0x0000000087c00000, 0x0000000087d00000|  0%| F|  |TAMS 0x0000000087c00000, 0x0000000087c00000| Untracked 
| 125|0x0000000087d00000, 0x0000000087d00000, 0x0000000087e00000|  0%| F|  |TAMS 0x0000000087d00000, 0x0000000087d00000| Untracked 
| 126|0x0000000087e00000, 0x0000000087e00000, 0x0000000087f00000|  0%| F|  |TAMS 0x0000000087e00000, 0x0000000087e00000| Untracked 
| 127|0x0000000087f00000, 0x0000000087f00000, 0x0000000088000000|  0%| F|  |TAMS 0x0000000087f00000, 0x0000000087f00000| Untracked 
| 128|0x0000000088000000, 0x0000000088000000, 0x0000000088100000|  0%| F|  |TAMS 0x0000000088000000, 0x0000000088000000| Untracked 
| 129|0x0000000088100000, 0x0000000088100000, 0x0000000088200000|  0%| F|  |TAMS 0x0000000088100000, 0x0000000088100000| Untracked 
| 130|0x0000000088200000, 0x0000000088200000, 0x0000000088300000|  0%| F|  |TAMS 0x0000000088200000, 0x0000000088200000| Untracked 
| 131|0x0000000088300000, 0x0000000088300000, 0x0000000088400000|  0%| F|  |TAMS 0x0000000088300000, 0x0000000088300000| Untracked 
| 132|0x0000000088400000, 0x0000000088400000, 0x0000000088500000|  0%| F|  |TAMS 0x0000000088400000, 0x0000000088400000| Untracked 
| 133|0x0000000088500000, 0x0000000088500000, 0x0000000088600000|  0%| F|  |TAMS 0x0000000088500000, 0x0000000088500000| Untracked 
| 134|0x0000000088600000, 0x0000000088600000, 0x0000000088700000|  0%| F|  |TAMS 0x0000000088600000, 0x0000000088600000| Untracked 
| 135|0x0000000088700000, 0x0000000088700000, 0x0000000088800000|  0%| F|  |TAMS 0x0000000088700000, 0x0000000088700000| Untracked 
| 136|0x0000000088800000, 0x0000000088800000, 0x0000000088900000|  0%| F|  |TAMS 0x0000000088800000, 0x0000000088800000| Untracked 
| 137|0x0000000088900000, 0x0000000088900000, 0x0000000088a00000|  0%| F|  |TAMS 0x0000000088900000, 0x0000000088900000| Untracked 
| 138|0x0000000088a00000, 0x0000000088a00000, 0x0000000088b00000|  0%| F|  |TAMS 0x0000000088a00000, 0x0000000088a00000| Untracked 
| 139|0x0000000088b00000, 0x0000000088b00000, 0x0000000088c00000|  0%| F|  |TAMS 0x0000000088b00000, 0x0000000088b00000| Untracked 
| 140|0x0000000088c00000, 0x0000000088c00000, 0x0000000088d00000|  0%| F|  |TAMS 0x0000000088c00000, 0x0000000088c00000| Untracked 
| 141|0x0000000088d00000, 0x0000000088d00000, 0x0000000088e00000|  0%| F|  |TAMS 0x0000000088d00000, 0x0000000088d00000| Untracked 
| 142|0x0000000088e00000, 0x0000000088e00000, 0x0000000088f00000|  0%| F|  |TAMS 0x0000000088e00000, 0x0000000088e00000| Untracked 
| 143|0x0000000088f00000, 0x0000000088f00000, 0x0000000089000000|  0%| F|  |TAMS 0x0000000088f00000, 0x0000000088f00000| Untracked 
| 144|0x0000000089000000, 0x0000000089000000, 0x0000000089100000|  0%| F|  |TAMS 0x0000000089000000, 0x0000000089000000| Untracked 
| 145|0x0000000089100000, 0x0000000089100000, 0x0000000089200000|  0%| F|  |TAMS 0x0000000089100000, 0x0000000089100000| Untracked 
| 146|0x0000000089200000, 0x0000000089200000, 0x0000000089300000|  0%| F|  |TAMS 0x0000000089200000, 0x0000000089200000| Untracked 
| 147|0x0000000089300000, 0x0000000089300000, 0x0000000089400000|  0%| F|  |TAMS 0x0000000089300000, 0x0000000089300000| Untracked 
| 148|0x0000000089400000, 0x0000000089400000, 0x0000000089500000|  0%| F|  |TAMS 0x0000000089400000, 0x0000000089400000| Untracked 
| 149|0x0000000089500000, 0x0000000089500000, 0x0000000089600000|  0%| F|  |TAMS 0x0000000089500000, 0x0000000089500000| Untracked 
| 150|0x0000000089600000, 0x0000000089600000, 0x0000000089700000|  0%| F|  |TAMS 0x0000000089600000, 0x0000000089600000| Untracked 
| 151|0x0000000089700000, 0x0000000089700000, 0x0000000089800000|  0%| F|  |TAMS 0x0000000089700000, 0x0000000089700000| Untracked 
| 152|0x0000000089800000, 0x0000000089800000, 0x0000000089900000|  0%| F|  |TAMS 0x0000000089800000, 0x0000000089800000| Untracked 
| 153|0x0000000089900000, 0x0000000089900000, 0x0000000089a00000|  0%| F|  |TAMS 0x0000000089900000, 0x0000000089900000| Untracked 
| 154|0x0000000089a00000, 0x0000000089a00000, 0x0000000089b00000|  0%| F|  |TAMS 0x0000000089a00000, 0x0000000089a00000| Untracked 
| 155|0x0000000089b00000, 0x0000000089b00000, 0x0000000089c00000|  0%| F|  |TAMS 0x0000000089b00000, 0x0000000089b00000| Untracked 
| 156|0x0000000089c00000, 0x0000000089c00000, 0x0000000089d00000|  0%| F|  |TAMS 0x0000000089c00000, 0x0000000089c00000| Untracked 
| 157|0x0000000089d00000, 0x0000000089d90bd0, 0x0000000089e00000| 56%| S|CS|TAMS 0x0000000089d00000, 0x0000000089d00000| Complete 
| 158|0x0000000089e00000, 0x0000000089f00000, 0x0000000089f00000|100%| S|CS|TAMS 0x0000000089e00000, 0x0000000089e00000| Complete 
| 159|0x0000000089f00000, 0x000000008a000000, 0x000000008a000000|100%| S|CS|TAMS 0x0000000089f00000, 0x0000000089f00000| Complete 
| 160|0x000000008a000000, 0x000000008a100000, 0x000000008a100000|100%| S|CS|TAMS 0x000000008a000000, 0x000000008a000000| Complete 
| 161|0x000000008a100000, 0x000000008a200000, 0x000000008a200000|100%| S|CS|TAMS 0x000000008a100000, 0x000000008a100000| Complete 
| 162|0x000000008a200000, 0x000000008a300000, 0x000000008a300000|100%| S|CS|TAMS 0x000000008a200000, 0x000000008a200000| Complete 
| 163|0x000000008a300000, 0x000000008a300000, 0x000000008a400000|  0%| F|  |TAMS 0x000000008a300000, 0x000000008a300000| Untracked 
| 164|0x000000008a400000, 0x000000008a400000, 0x000000008a500000|  0%| F|  |TAMS 0x000000008a400000, 0x000000008a400000| Untracked 
| 165|0x000000008a500000, 0x000000008a500000, 0x000000008a600000|  0%| F|  |TAMS 0x000000008a500000, 0x000000008a500000| Untracked 
| 166|0x000000008a600000, 0x000000008a600000, 0x000000008a700000|  0%| F|  |TAMS 0x000000008a600000, 0x000000008a600000| Untracked 
| 167|0x000000008a700000, 0x000000008a700000, 0x000000008a800000|  0%| F|  |TAMS 0x000000008a700000, 0x000000008a700000| Untracked 
| 168|0x000000008a800000, 0x000000008a800000, 0x000000008a900000|  0%| F|  |TAMS 0x000000008a800000, 0x000000008a800000| Untracked 
| 169|0x000000008a900000, 0x000000008a900000, 0x000000008aa00000|  0%| F|  |TAMS 0x000000008a900000, 0x000000008a900000| Untracked 
| 170|0x000000008aa00000, 0x000000008aa00000, 0x000000008ab00000|  0%| F|  |TAMS 0x000000008aa00000, 0x000000008aa00000| Untracked 
| 171|0x000000008ab00000, 0x000000008ab00000, 0x000000008ac00000|  0%| F|  |TAMS 0x000000008ab00000, 0x000000008ab00000| Untracked 
| 172|0x000000008ac00000, 0x000000008ac00000, 0x000000008ad00000|  0%| F|  |TAMS 0x000000008ac00000, 0x000000008ac00000| Untracked 
| 173|0x000000008ad00000, 0x000000008ad00000, 0x000000008ae00000|  0%| F|  |TAMS 0x000000008ad00000, 0x000000008ad00000| Untracked 
| 174|0x000000008ae00000, 0x000000008ae00000, 0x000000008af00000|  0%| F|  |TAMS 0x000000008ae00000, 0x000000008ae00000| Untracked 
| 175|0x000000008af00000, 0x000000008af00000, 0x000000008b000000|  0%| F|  |TAMS 0x000000008af00000, 0x000000008af00000| Untracked 
| 176|0x000000008b000000, 0x000000008b000000, 0x000000008b100000|  0%| F|  |TAMS 0x000000008b000000, 0x000000008b000000| Untracked 
| 177|0x000000008b100000, 0x000000008b100000, 0x000000008b200000|  0%| F|  |TAMS 0x000000008b100000, 0x000000008b100000| Untracked 
| 178|0x000000008b200000, 0x000000008b200000, 0x000000008b300000|  0%| F|  |TAMS 0x000000008b200000, 0x000000008b200000| Untracked 
| 179|0x000000008b300000, 0x000000008b300000, 0x000000008b400000|  0%| F|  |TAMS 0x000000008b300000, 0x000000008b300000| Untracked 
| 180|0x000000008b400000, 0x000000008b400000, 0x000000008b500000|  0%| F|  |TAMS 0x000000008b400000, 0x000000008b400000| Untracked 
| 181|0x000000008b500000, 0x000000008b500000, 0x000000008b600000|  0%| F|  |TAMS 0x000000008b500000, 0x000000008b500000| Untracked 
| 182|0x000000008b600000, 0x000000008b634fb0, 0x000000008b700000| 20%| E|  |TAMS 0x000000008b600000, 0x000000008b600000| Complete 

Card table byte_map: [0x00000164d2f10000,0x00000164d3310000] _byte_map_base: 0x00000164d2b10000

Marking Bits (Prev, Next): (CMBitMap*) 0x00000164bfb9b768, (CMBitMap*) 0x00000164bfb9b7a0
 Prev Bits: [0x00000164d3710000, 0x00000164d5710000)
 Next Bits: [0x00000164d5710000, 0x00000164d7710000)

Polling page: 0x00000164be2b0000

Metaspace:

Usage:
  Non-class:     65.06 MB capacity,    64.04 MB ( 98%) used,   865.10 KB (  1%) free+waste,   177.94 KB ( <1%) overhead. 
      Class:     10.22 MB capacity,     9.58 MB ( 94%) used,   580.67 KB (  6%) free+waste,    83.13 KB ( <1%) overhead. 
       Both:     75.28 MB capacity,    73.62 MB ( 98%) used,     1.41 MB (  2%) free+waste,   261.06 KB ( <1%) overhead. 

Virtual space:
  Non-class space:       76.00 MB reserved,      65.25 MB ( 86%) committed 
      Class space:        1.00 GB reserved,      10.23 MB ( <1%) committed 
             Both:        1.07 GB reserved,      75.48 MB (  7%) committed 

Chunk freelists:
   Non-Class:  3.00 KB
       Class:  0 bytes
        Both:  3.00 KB

MaxMetaspaceSize: 17179869184.00 GB
CompressedClassSpaceSize: 1.00 GB

CodeHeap 'non-profiled nmethods': size=120064Kb used=4064Kb max_used=4064Kb free=116000Kb
 bounds [0x00000164cafa0000, 0x00000164cb3a0000, 0x00000164d24e0000]
CodeHeap 'profiled nmethods': size=120000Kb used=15414Kb max_used=15414Kb free=104585Kb
 bounds [0x00000164c3a70000, 0x00000164c4980000, 0x00000164cafa0000]
CodeHeap 'non-nmethods': size=5696Kb used=2248Kb max_used=2300Kb free=3447Kb
 bounds [0x00000164c34e0000, 0x00000164c3750000, 0x00000164c3a70000]
 total_blobs=7863 nmethods=7026 adapters=747
 compilation: enabled
              stopped_count=0, restarted_count=0
 full_count=0

Compilation events (20 events):
Event: 18.000 Thread 0x00000164d9d23000 7070       3       org.gradle.internal.component.external.model.DefaultConfigurationMetadata::<init> (40 bytes)
Event: 18.001 Thread 0x00000164d9d23000 nmethod 7070 0x00000164c490fe90 code [0x00000164c4910060, 0x00000164c49102c8]
Event: 18.001 Thread 0x00000164d9d23000 7071       3       org.gradle.internal.component.external.model.AbstractConfigurationMetadata::setConfigDependenciesFactory (48 bytes)
Event: 18.001 Thread 0x00000164d9d23000 nmethod 7071 0x00000164c4910390 code [0x00000164c4910540, 0x00000164c49106b8]
Event: 18.005 Thread 0x00000164d9d23000 7072       3       org.gradle.api.internal.artifacts.repositories.metadata.DefaultMetadataFileSourceCodec::decode (6 bytes)
Event: 18.005 Thread 0x00000164d9d23000 nmethod 7072 0x00000164c4910790 code [0x00000164c4910940, 0x00000164c4910a88]
Event: 18.005 Thread 0x00000164d9d23000 7073       3       org.gradle.api.internal.artifacts.repositories.metadata.DefaultMetadataFileSourceCodec::createSource (50 bytes)
Event: 18.006 Thread 0x00000164d9d23000 nmethod 7073 0x00000164c4910b10 code [0x00000164c4910d80, 0x00000164c49117b8]
Event: 18.006 Thread 0x00000164d9d23000 7074       3       org.gradle.internal.resource.local.GroupedAndNamedUniqueFileStore::whereIs (18 bytes)
Event: 18.007 Thread 0x00000164d9d23000 nmethod 7074 0x00000164c4911c90 code [0x00000164c4911e60, 0x00000164c4912038]
Event: 18.007 Thread 0x00000164d9d23000 7075       3       org.gradle.internal.resource.local.GroupedAndNamedUniqueFileStore::toPath (61 bytes)
Event: 18.008 Thread 0x00000164d9d23000 nmethod 7075 0x00000164c4912110 code [0x00000164c49123c0, 0x00000164c4912f08]
Event: 18.008 Thread 0x00000164d9d23000 7076       3       org.gradle.internal.component.external.model.DefaultModuleComponentSelector::getGroup (10 bytes)
Event: 18.008 Thread 0x00000164d9d23000 nmethod 7076 0x00000164c4913310 code [0x00000164c49134c0, 0x00000164c4913618]
Event: 18.008 Thread 0x00000164d9d23000 7077       3       org.gradle.internal.component.external.model.DefaultModuleComponentSelector::getModule (10 bytes)
Event: 18.008 Thread 0x00000164d9d23000 nmethod 7077 0x00000164c4913710 code [0x00000164c49138c0, 0x00000164c4913a18]
Event: 18.008 Thread 0x00000164d9d23000 7078       1       org.gradle.internal.component.external.model.GradleDependencyMetadata::isEndorsingStrictVersions (5 bytes)
Event: 18.008 Thread 0x00000164d9d23000 nmethod 7078 0x00000164cb382690 code [0x00000164cb382840, 0x00000164cb3828f8]
Event: 18.010 Thread 0x00000164d9d23000 7079       3       java.io.File::getParent (65 bytes)
Event: 18.010 Thread 0x00000164d9d23000 nmethod 7079 0x00000164c4913b10 code [0x00000164c4913d60, 0x00000164c4914418]

GC Heap History (20 events):
Event: 5.780 GC heap before
{Heap before GC invocations=5 (full 0):
 garbage-first heap   total 129024K, used 67132K [0x0000000080000000, 0x0000000100000000)
  region size 1024K, 52 young (53248K), 2 survivors (2048K)
 Metaspace       used 26569K, capacity 27214K, committed 27520K, reserved 1073152K
  class space    used 3404K, capacity 3599K, committed 3712K, reserved 1048576K
}
Event: 5.786 GC heap after
{Heap after GC invocations=6 (full 0):
 garbage-first heap   total 129024K, used 17944K [0x0000000080000000, 0x0000000100000000)
  region size 1024K, 4 young (4096K), 4 survivors (4096K)
 Metaspace       used 26569K, capacity 27214K, committed 27520K, reserved 1073152K
  class space    used 3404K, capacity 3599K, committed 3712K, reserved 1048576K
}
Event: 6.821 GC heap before
{Heap before GC invocations=6 (full 0):
 garbage-first heap   total 129024K, used 59928K [0x0000000080000000, 0x0000000100000000)
  region size 1024K, 47 young (48128K), 4 survivors (4096K)
 Metaspace       used 34847K, capacity 35511K, committed 35628K, reserved 1081344K
  class space    used 4453K, capacity 4706K, committed 4736K, reserved 1048576K
}
Event: 6.836 GC heap after
{Heap after GC invocations=7 (full 0):
 garbage-first heap   total 129024K, used 20865K [0x0000000080000000, 0x0000000100000000)
  region size 1024K, 7 young (7168K), 7 survivors (7168K)
 Metaspace       used 34847K, capacity 35511K, committed 35628K, reserved 1081344K
  class space    used 4453K, capacity 4706K, committed 4736K, reserved 1048576K
}
Event: 8.092 GC heap before
{Heap before GC invocations=8 (full 0):
 garbage-first heap   total 129024K, used 77185K [0x0000000080000000, 0x0000000100000000)
  region size 1024K, 60 young (61440K), 7 survivors (7168K)
 Metaspace       used 39583K, capacity 40447K, committed 40576K, reserved 1085440K
  class space    used 5046K, capacity 5382K, committed 5504K, reserved 1048576K
}
Event: 8.111 GC heap after
{Heap after GC invocations=9 (full 0):
 garbage-first heap   total 129024K, used 24802K [0x0000000080000000, 0x0000000100000000)
  region size 1024K, 7 young (7168K), 7 survivors (7168K)
 Metaspace       used 39583K, capacity 40447K, committed 40576K, reserved 1085440K
  class space    used 5046K, capacity 5382K, committed 5504K, reserved 1048576K
}
Event: 9.406 GC heap before
{Heap before GC invocations=9 (full 0):
 garbage-first heap   total 129024K, used 80098K [0x0000000080000000, 0x0000000100000000)
  region size 1024K, 61 young (62464K), 7 survivors (7168K)
 Metaspace       used 43387K, capacity 44340K, committed 44672K, reserved 1087488K
  class space    used 5551K, capacity 5914K, committed 6016K, reserved 1048576K
}
Event: 9.421 GC heap after
{Heap after GC invocations=10 (full 0):
 garbage-first heap   total 155648K, used 27902K [0x0000000080000000, 0x0000000100000000)
  region size 1024K, 7 young (7168K), 7 survivors (7168K)
 Metaspace       used 43387K, capacity 44340K, committed 44672K, reserved 1087488K
  class space    used 5551K, capacity 5914K, committed 6016K, reserved 1048576K
}
Event: 10.717 GC heap before
{Heap before GC invocations=10 (full 0):
 garbage-first heap   total 155648K, used 96510K [0x0000000080000000, 0x0000000100000000)
  region size 1024K, 69 young (70656K), 7 survivors (7168K)
 Metaspace       used 49909K, capacity 51064K, committed 51200K, reserved 1093632K
  class space    used 6377K, capacity 6818K, committed 6912K, reserved 1048576K
}
Event: 10.734 GC heap after
{Heap after GC invocations=11 (full 0):
 garbage-first heap   total 155648K, used 42408K [0x0000000080000000, 0x0000000100000000)
  region size 1024K, 9 young (9216K), 9 survivors (9216K)
 Metaspace       used 49909K, capacity 51064K, committed 51200K, reserved 1093632K
  class space    used 6377K, capacity 6818K, committed 6912K, reserved 1048576K
}
Event: 12.438 GC heap before
{Heap before GC invocations=11 (full 0):
 garbage-first heap   total 155648K, used 104872K [0x0000000080000000, 0x0000000100000000)
  region size 1024K, 70 young (71680K), 9 survivors (9216K)
 Metaspace       used 57106K, capacity 58424K, committed 58752K, reserved 1099776K
  class space    used 7207K, capacity 7697K, committed 7808K, reserved 1048576K
}
Event: 12.454 GC heap after
{Heap after GC invocations=12 (full 0):
 garbage-first heap   total 155648K, used 49128K [0x0000000080000000, 0x0000000100000000)
  region size 1024K, 6 young (6144K), 6 survivors (6144K)
 Metaspace       used 57106K, capacity 58424K, committed 58752K, reserved 1099776K
  class space    used 7207K, capacity 7697K, committed 7808K, reserved 1048576K
}
Event: 12.683 GC heap before
{Heap before GC invocations=12 (full 0):
 garbage-first heap   total 155648K, used 54248K [0x0000000080000000, 0x0000000100000000)
  region size 1024K, 12 young (12288K), 6 survivors (6144K)
 Metaspace       used 58540K, capacity 59866K, committed 59904K, reserved 1101824K
  class space    used 7374K, capacity 7906K, committed 7936K, reserved 1048576K
}
Event: 12.691 GC heap after
{Heap after GC invocations=13 (full 0):
 garbage-first heap   total 155648K, used 49152K [0x0000000080000000, 0x0000000100000000)
  region size 1024K, 1 young (1024K), 1 survivors (1024K)
 Metaspace       used 58540K, capacity 59866K, committed 59904K, reserved 1101824K
  class space    used 7374K, capacity 7906K, committed 7936K, reserved 1048576K
}
Event: 14.118 GC heap before
{Heap before GC invocations=14 (full 0):
 garbage-first heap   total 155648K, used 103424K [0x0000000080000000, 0x0000000100000000)
  region size 1024K, 54 young (55296K), 1 survivors (1024K)
 Metaspace       used 62771K, capacity 64219K, committed 64364K, reserved 1105920K
  class space    used 7892K, capacity 8463K, committed 8556K, reserved 1048576K
}
Event: 14.129 GC heap after
{Heap after GC invocations=15 (full 0):
 garbage-first heap   total 155648K, used 53745K [0x0000000080000000, 0x0000000100000000)
  region size 1024K, 6 young (6144K), 6 survivors (6144K)
 Metaspace       used 62771K, capacity 64219K, committed 64364K, reserved 1105920K
  class space    used 7892K, capacity 8463K, committed 8556K, reserved 1048576K
}
Event: 15.718 GC heap before
{Heap before GC invocations=16 (full 0):
 garbage-first heap   total 155648K, used 108017K [0x0000000080000000, 0x0000000100000000)
  region size 1024K, 59 young (60416K), 6 survivors (6144K)
 Metaspace       used 68588K, capacity 70242K, committed 70508K, reserved 1110016K
  class space    used 8832K, capacity 9481K, committed 9580K, reserved 1048576K
}
Event: 15.734 GC heap after
{Heap after GC invocations=17 (full 0):
 garbage-first heap   total 155648K, used 57346K [0x0000000080000000, 0x0000000100000000)
  region size 1024K, 4 young (4096K), 4 survivors (4096K)
 Metaspace       used 68588K, capacity 70242K, committed 70508K, reserved 1110016K
  class space    used 8832K, capacity 9481K, committed 9580K, reserved 1048576K
}
Event: 17.501 GC heap before
{Heap before GC invocations=17 (full 0):
 garbage-first heap   total 155648K, used 112642K [0x0000000080000000, 0x0000000100000000)
  region size 1024K, 58 young (59392K), 4 survivors (4096K)
 Metaspace       used 73548K, capacity 75193K, committed 75244K, reserved 1114112K
  class space    used 9543K, capacity 10174K, committed 10220K, reserved 1048576K
}
Event: 17.515 GC heap after
{Heap after GC invocations=18 (full 0):
 garbage-first heap   total 187392K, used 60458K [0x0000000080000000, 0x0000000100000000)
  region size 1024K, 7 young (7168K), 7 survivors (7168K)
 Metaspace       used 73548K, capacity 75193K, committed 75244K, reserved 1114112K
  class space    used 9543K, capacity 10174K, committed 10220K, reserved 1048576K
}

Deoptimization events (20 events):
Event: 17.741 Thread 0x00000164dff92000 Uncommon trap: trap_request=0xffffffc6 fr.pc=0x00000164cb0e4610 relative=0x0000000000000430
Event: 17.741 Thread 0x00000164dff92000 Uncommon trap: reason=bimorphic_or_optimized_type_check action=maybe_recompile pc=0x00000164cb0e4610 method=java.util.Collections$SetFromMap.remove(Ljava/lang/Object;)Z @ 5 c2
Event: 17.741 Thread 0x00000164dff92000 DEOPT PACKING pc=0x00000164cb0e4610 sp=0x00000052148feb50
Event: 17.741 Thread 0x00000164dff92000 DEOPT UNPACKING pc=0x00000164c35074af sp=0x00000052148feb48 mode 2
Event: 17.768 Thread 0x00000164dff99800 Uncommon trap: trap_request=0xffffffc6 fr.pc=0x00000164cb1e0eb0 relative=0x0000000000000730
Event: 17.768 Thread 0x00000164dff99800 Uncommon trap: reason=bimorphic_or_optimized_type_check action=maybe_recompile pc=0x00000164cb1e0eb0 method=java.util.Arrays.binarySearch0([Ljava/lang/Object;IILjava/lang/Object;Ljava/util/Comparator;)I @ 48 c2
Event: 17.768 Thread 0x00000164dff99800 DEOPT PACKING pc=0x00000164cb1e0eb0 sp=0x0000005214afe1d0
Event: 17.768 Thread 0x00000164dff99800 DEOPT UNPACKING pc=0x00000164c35074af sp=0x0000005214afe150 mode 2
Event: 17.768 Thread 0x00000164dff99800 Uncommon trap: trap_request=0xffffffc6 fr.pc=0x00000164cb1e0eb0 relative=0x0000000000000730
Event: 17.768 Thread 0x00000164dff99800 Uncommon trap: reason=bimorphic_or_optimized_type_check action=maybe_recompile pc=0x00000164cb1e0eb0 method=java.util.Arrays.binarySearch0([Ljava/lang/Object;IILjava/lang/Object;Ljava/util/Comparator;)I @ 48 c2
Event: 17.768 Thread 0x00000164dff99800 DEOPT PACKING pc=0x00000164cb1e0eb0 sp=0x0000005214afe1d0
Event: 17.768 Thread 0x00000164dff99800 DEOPT UNPACKING pc=0x00000164c35074af sp=0x0000005214afe150 mode 2
Event: 17.768 Thread 0x00000164dff99800 Uncommon trap: trap_request=0xffffffc6 fr.pc=0x00000164cb1e0eb0 relative=0x0000000000000730
Event: 17.768 Thread 0x00000164dff99800 Uncommon trap: reason=bimorphic_or_optimized_type_check action=maybe_recompile pc=0x00000164cb1e0eb0 method=java.util.Arrays.binarySearch0([Ljava/lang/Object;IILjava/lang/Object;Ljava/util/Comparator;)I @ 48 c2
Event: 17.768 Thread 0x00000164dff99800 DEOPT PACKING pc=0x00000164cb1e0eb0 sp=0x0000005214afe1d0
Event: 17.768 Thread 0x00000164dff99800 DEOPT UNPACKING pc=0x00000164c35074af sp=0x0000005214afe150 mode 2
Event: 17.768 Thread 0x00000164dff99800 Uncommon trap: trap_request=0xffffffc6 fr.pc=0x00000164cb1e0eb0 relative=0x0000000000000730
Event: 17.768 Thread 0x00000164dff99800 Uncommon trap: reason=bimorphic_or_optimized_type_check action=maybe_recompile pc=0x00000164cb1e0eb0 method=java.util.Arrays.binarySearch0([Ljava/lang/Object;IILjava/lang/Object;Ljava/util/Comparator;)I @ 48 c2
Event: 17.768 Thread 0x00000164dff99800 DEOPT PACKING pc=0x00000164cb1e0eb0 sp=0x0000005214afe1d0
Event: 17.768 Thread 0x00000164dff99800 DEOPT UNPACKING pc=0x00000164c35074af sp=0x0000005214afe150 mode 2

Classes redefined (0 events):
No events

Internal exceptions (20 events):
Event: 14.842 Thread 0x00000164dc092000 Exception <a 'java/lang/ClassNotFoundException'{0x0000000087d46d30}: com/android/build/gradle/internal/api/ApkVariantOutputImpl_DecoratedCustomizer> (0x0000000087d46d30) thrown at [./src/hotspot/share/classfile/systemDictionary.cpp, line 231]
Event: 15.235 Thread 0x00000164dc092000 Exception <a 'java/lang/ClassNotFoundException'{0x00000000870b9f00}: org/gradle/api/internal/file/collections/DefaultConfigurableFileTreeBeanInfo> (0x00000000870b9f00) thrown at [./src/hotspot/share/classfile/systemDictionary.cpp, line 231]
Event: 15.236 Thread 0x00000164dc092000 Exception <a 'java/lang/ClassNotFoundException'{0x00000000870caec0}: org/gradle/api/internal/file/CompositeFileTreeBeanInfo> (0x00000000870caec0) thrown at [./src/hotspot/share/classfile/systemDictionary.cpp, line 231]
Event: 15.236 Thread 0x00000164dc092000 Exception <a 'java/lang/ClassNotFoundException'{0x00000000870dca78}: org/gradle/api/internal/file/CompositeFileCollectionBeanInfo> (0x00000000870dca78) thrown at [./src/hotspot/share/classfile/systemDictionary.cpp, line 231]
Event: 15.237 Thread 0x00000164dc092000 Exception <a 'java/lang/ClassNotFoundException'{0x00000000870ee630}: org/gradle/api/internal/file/AbstractFileCollectionBeanInfo> (0x00000000870ee630) thrown at [./src/hotspot/share/classfile/systemDictionary.cpp, line 231]
Event: 15.238 Thread 0x00000164dc092000 Exception <a 'java/lang/ClassNotFoundException'{0x0000000086f00420}: org/gradle/api/internal/file/AbstractFileCollectionCustomizer> (0x0000000086f00420) thrown at [./src/hotspot/share/classfile/systemDictionary.cpp, line 231]
Event: 15.242 Thread 0x00000164dc092000 Exception <a 'java/lang/ClassNotFoundException'{0x0000000086f1f480}: org/gradle/api/internal/file/CompositeFileCollectionCustomizer> (0x0000000086f1f480) thrown at [./src/hotspot/share/classfile/systemDictionary.cpp, line 231]
Event: 15.244 Thread 0x00000164dc092000 Exception <a 'java/lang/ClassNotFoundException'{0x0000000086f39488}: org/gradle/api/internal/file/CompositeFileTreeCustomizer> (0x0000000086f39488) thrown at [./src/hotspot/share/classfile/systemDictionary.cpp, line 231]
Event: 15.247 Thread 0x00000164dc092000 Exception <a 'java/lang/ClassNotFoundException'{0x0000000086f55c20}: org/gradle/api/internal/file/collections/DefaultConfigurableFileTreeCustomizer> (0x0000000086f55c20) thrown at [./src/hotspot/share/classfile/systemDictionary.cpp, line 231]
Event: 15.536 Thread 0x00000164dc092000 Exception <a 'java/lang/NoSuchMethodError'{0x000000008683d7c0}: 'java.lang.Object java.lang.invoke.DirectMethodHandle$Holder.invokeStatic(java.lang.Object, int, int, java.lang.Object)'> (0x000000008683d7c0) thrown at [./src/hotspot/share/interpreter/linkResolver.cpp, line 773]
Event: 15.849 Thread 0x00000164dc092000 Exception <a 'sun/nio/fs/WindowsException'{0x000000008945ae40}> (0x000000008945ae40) thrown at [./src/hotspot/share/prims/jni.cpp, line 615]
Event: 16.103 Thread 0x00000164dc092000 Exception <a 'java/lang/NullPointerException'{0x0000000088c2b168}> (0x0000000088c2b168) thrown at [./src/hotspot/share/interpreter/linkResolver.cpp, line 1440]
Event: 16.604 Thread 0x00000164dc092000 Exception <a 'java/lang/NoSuchMethodError'{0x0000000087d2b918}: 'int java.lang.invoke.DirectMethodHandle$Holder.invokeStatic(java.lang.Object, java.lang.Object, int, java.lang.Object)'> (0x0000000087d2b918) thrown at [./src/hotspot/share/interpreter/linkResolver.cpp, line 773]
Event: 17.236 Thread 0x00000164dc092000 Exception <a 'java/lang/NoSuchMethodError'{0x0000000086b62860}: 'void java.lang.invoke.DirectMethodHandle$Holder.invokeStatic(java.lang.Object, java.lang.Object, java.lang.Object, java.lang.Object, java.lang.Object, java.lang.Object, java.lang.Object)'> (0x0000000086b62860) thrown at [./src/hotspot/share/interpreter/linkResolver.cpp, line 773]
Event: 17.631 Thread 0x00000164dc03e800 Exception <a 'java/lang/NoSuchMethodError'{0x000000008b285590}: <clinit>> (0x000000008b285590) thrown at [./src/hotspot/share/prims/jni.cpp, line 1362]
Event: 17.632 Thread 0x00000164dc03e800 Exception <a 'java/lang/NoSuchMethodError'{0x000000008b28f8c8}: <clinit>> (0x000000008b28f8c8) thrown at [./src/hotspot/share/prims/jni.cpp, line 1362]
Event: 17.666 Thread 0x00000164dc03e800 Exception <a 'java/lang/NoSuchMethodError'{0x000000008b187608}: <clinit>> (0x000000008b187608) thrown at [./src/hotspot/share/prims/jni.cpp, line 1362]
Event: 17.668 Thread 0x00000164dc03e800 Exception <a 'java/lang/NoSuchMethodError'{0x000000008b1987b0}: <clinit>> (0x000000008b1987b0) thrown at [./src/hotspot/share/prims/jni.cpp, line 1362]
Event: 17.668 Thread 0x00000164dc03e800 Exception <a 'java/lang/NoSuchMethodError'{0x000000008b199d00}: <clinit>> (0x000000008b199d00) thrown at [./src/hotspot/share/prims/jni.cpp, line 1362]
Event: 17.747 Thread 0x00000164dc03e800 Exception <a 'java/lang/NoSuchMethodError'{0x000000008afbdb78}: <clinit>> (0x000000008afbdb78) thrown at [./src/hotspot/share/prims/jni.cpp, line 1362]

Events (20 events):
Event: 17.888 loading class org/gradle/internal/component/external/model/ComponentVariant
Event: 17.888 loading class org/gradle/internal/component/external/model/ComponentVariant done
Event: 17.915 Executing VM operation: RevokeBias
Event: 17.915 Executing VM operation: RevokeBias done
Event: 17.916 loading class org/gradle/api/attributes/CompatibilityCheckDetails
Event: 17.916 loading class org/gradle/api/attributes/CompatibilityCheckDetails done
Event: 17.916 Executing VM operation: RevokeBias
Event: 17.917 Executing VM operation: RevokeBias done
Event: 17.917 loading class org/gradle/internal/component/external/model/LazyVariantBackedConfigurationMetadata
Event: 17.917 loading class org/gradle/internal/component/external/model/LazyVariantBackedConfigurationMetadata done
Event: 17.919 loading class org/gradle/internal/component/external/model/AbstractVariantBackedConfigurationMetadata
Event: 17.919 loading class org/gradle/internal/component/external/model/AbstractVariantBackedConfigurationMetadata done
Event: 17.920 loading class org/gradle/internal/component/external/model/LazyVariantBackedConfigurationMetadata$RuleAwareVariant
Event: 17.920 loading class org/gradle/internal/component/external/model/LazyVariantBackedConfigurationMetadata$RuleAwareVariant done
Event: 17.926 Executing VM operation: RevokeBias
Event: 17.927 Executing VM operation: RevokeBias done
Event: 17.927 Executing VM operation: RevokeBias
Event: 17.927 Executing VM operation: RevokeBias done
Event: 17.982 loading class com/android/build/gradle/internal/dependency/AndroidXDependencySubstitution$replaceOldSupportLibraries$1$1$1$3
Event: 17.982 loading class com/android/build/gradle/internal/dependency/AndroidXDependencySubstitution$replaceOldSupportLibraries$1$1$1$3 done


Dynamic libraries:
0x00007ff6b4f90000 - 0x00007ff6b4f9a000 	C:\Program Files\Android\Android Studio\jre\bin\java.exe
0x00007ff9c5a10000 - 0x00007ff9c5c05000 	C:\WINDOWS\SYSTEM32\ntdll.dll
0x00007ff9c4480000 - 0x00007ff9c453e000 	C:\WINDOWS\System32\KERNEL32.DLL
0x00007ff9c31b0000 - 0x00007ff9c3478000 	C:\WINDOWS\System32\KERNELBASE.dll
0x00007ff9c38a0000 - 0x00007ff9c39a0000 	C:\WINDOWS\System32\ucrtbase.dll
0x00007ff9be6b0000 - 0x00007ff9be6c7000 	C:\Program Files\Android\Android Studio\jre\bin\VCRUNTIME140.dll
0x00007ff9be6d0000 - 0x00007ff9be6e9000 	C:\Program Files\Android\Android Studio\jre\bin\jli.dll
0x00007ff9c50d0000 - 0x00007ff9c5271000 	C:\WINDOWS\System32\USER32.dll
0x00007ff9c36b0000 - 0x00007ff9c36d2000 	C:\WINDOWS\System32\win32u.dll
0x00007ff9c4680000 - 0x00007ff9c46ab000 	C:\WINDOWS\System32\GDI32.dll
0x00007ff9c36e0000 - 0x00007ff9c37ed000 	C:\WINDOWS\System32\gdi32full.dll
0x00007ff9c3480000 - 0x00007ff9c351d000 	C:\WINDOWS\System32\msvcp_win.dll
0x00007ff9b1dc0000 - 0x00007ff9b205a000 	C:\WINDOWS\WinSxS\amd64_microsoft.windows.common-controls_6595b64144ccf1df_6.0.19041.1110_none_60b5254171f9507e\COMCTL32.dll
0x00007ff9c5030000 - 0x00007ff9c50ce000 	C:\WINDOWS\System32\msvcrt.dll
0x00007ff9c45f0000 - 0x00007ff9c4620000 	C:\WINDOWS\System32\IMM32.DLL
0x00007ff98f590000 - 0x00007ff98f62d000 	C:\Program Files\Android\Android Studio\jre\bin\msvcp140.dll
0x00007ff97f450000 - 0x00007ff97ff0c000 	C:\Program Files\Android\Android Studio\jre\bin\server\jvm.dll
0x00007ff9c4f80000 - 0x00007ff9c502e000 	C:\WINDOWS\System32\ADVAPI32.dll
0x00007ff9c5720000 - 0x00007ff9c57bc000 	C:\WINDOWS\System32\sechost.dll
0x00007ff9c4e50000 - 0x00007ff9c4f75000 	C:\WINDOWS\System32\RPCRT4.dll
0x00007ff9c4db0000 - 0x00007ff9c4db8000 	C:\WINDOWS\System32\PSAPI.DLL
0x00007ff9c04b0000 - 0x00007ff9c04b9000 	C:\WINDOWS\SYSTEM32\WSOCK32.dll
0x00007ff9c4d30000 - 0x00007ff9c4d9b000 	C:\WINDOWS\System32\WS2_32.dll
0x00007ff9b5b00000 - 0x00007ff9b5b27000 	C:\WINDOWS\SYSTEM32\WINMM.dll
0x00007ff9c18a0000 - 0x00007ff9c18aa000 	C:\WINDOWS\SYSTEM32\VERSION.dll
0x00007ff9c1c80000 - 0x00007ff9c1c92000 	C:\WINDOWS\SYSTEM32\kernel.appcore.dll
0x00007ff9bcee0000 - 0x00007ff9bcef1000 	C:\Program Files\Android\Android Studio\jre\bin\verify.dll
0x00007ff9be720000 - 0x00007ff9be904000 	C:\WINDOWS\SYSTEM32\DBGHELP.DLL
0x00007ff9aed70000 - 0x00007ff9aed9c000 	C:\WINDOWS\SYSTEM32\dbgcore.DLL
0x00007ff9c3120000 - 0x00007ff9c31a2000 	C:\WINDOWS\System32\bcryptPrimitives.dll
0x00007ff9bc660000 - 0x00007ff9bc689000 	C:\Program Files\Android\Android Studio\jre\bin\java.dll
0x00007ff9bcbf0000 - 0x00007ff9bcbfb000 	C:\Program Files\Android\Android Studio\jre\bin\jimage.dll
0x00007ff991e00000 - 0x00007ff991e18000 	C:\Program Files\Android\Android Studio\jre\bin\zip.dll
0x00007ff9c3ae0000 - 0x00007ff9c4224000 	C:\WINDOWS\System32\SHELL32.dll
0x00007ff9c10f0000 - 0x00007ff9c1885000 	C:\WINDOWS\SYSTEM32\windows.storage.dll
0x00007ff9c49d0000 - 0x00007ff9c4d25000 	C:\WINDOWS\System32\combase.dll
0x00007ff9c2b00000 - 0x00007ff9c2b2e000 	C:\WINDOWS\SYSTEM32\Wldp.dll
0x00007ff9c4540000 - 0x00007ff9c45ed000 	C:\WINDOWS\System32\SHCORE.dll
0x00007ff9c4620000 - 0x00007ff9c4675000 	C:\WINDOWS\System32\shlwapi.dll
0x00007ff9c3060000 - 0x00007ff9c307f000 	C:\WINDOWS\SYSTEM32\profapi.dll
0x00007ff991de0000 - 0x00007ff991dfa000 	C:\Program Files\Android\Android Studio\jre\bin\net.dll
0x00007ff9b4650000 - 0x00007ff9b475c000 	C:\WINDOWS\SYSTEM32\WINHTTP.dll
0x00007ff9c2800000 - 0x00007ff9c286a000 	C:\WINDOWS\system32\mswsock.dll
0x00007ff991dc0000 - 0x00007ff991dd4000 	C:\Program Files\Android\Android Studio\jre\bin\nio.dll
0x00007ff9be6f0000 - 0x00007ff9be717000 	C:\Users\Jaswinder\.gradle\native\f6784746aeab05261644944871eae4fe03e0ef1612fff0a4a95f87b438bc6780\windows-amd64\native-platform.dll
0x00007ff9bcbe0000 - 0x00007ff9bcbea000 	C:\Program Files\Android\Android Studio\jre\bin\management.dll
0x00007ff9a0720000 - 0x00007ff9a072c000 	C:\Program Files\Android\Android Studio\jre\bin\management_ext.dll
0x00007ff9c29f0000 - 0x00007ff9c2a08000 	C:\WINDOWS\SYSTEM32\CRYPTSP.dll
0x00007ff9c2180000 - 0x00007ff9c21b4000 	C:\WINDOWS\system32\rsaenh.dll
0x00007ff9c3680000 - 0x00007ff9c36a7000 	C:\WINDOWS\System32\bcrypt.dll
0x00007ff9c3020000 - 0x00007ff9c304e000 	C:\WINDOWS\SYSTEM32\USERENV.dll
0x00007ff9c2a10000 - 0x00007ff9c2a1c000 	C:\WINDOWS\SYSTEM32\CRYPTBASE.dll
0x00007ff9c24f0000 - 0x00007ff9c252b000 	C:\WINDOWS\SYSTEM32\IPHLPAPI.DLL
0x00007ff9c4e40000 - 0x00007ff9c4e48000 	C:\WINDOWS\System32\NSI.dll
0x00007ff9bc840000 - 0x00007ff9bc857000 	C:\WINDOWS\SYSTEM32\dhcpcsvc6.DLL
0x00007ff9bc8a0000 - 0x00007ff9bc8bd000 	C:\WINDOWS\SYSTEM32\dhcpcsvc.DLL
0x00007ff9c2530000 - 0x00007ff9c25fb000 	C:\WINDOWS\SYSTEM32\DNSAPI.dll
0x00007ff9bc860000 - 0x00007ff9bc86b000 	C:\WINDOWS\SYSTEM32\WINNSI.DLL

dbghelp: loaded successfully - version: 4.0.5 - missing functions: none
symbol engine: initialized successfully - sym options: 0x614 - pdb path: .;C:\Program Files\Android\Android Studio\jre\bin;C:\WINDOWS\SYSTEM32;C:\WINDOWS\WinSxS\amd64_microsoft.windows.common-controls_6595b64144ccf1df_6.0.19041.1110_none_60b5254171f9507e;C:\Program Files\Android\Android Studio\jre\bin\server;C:\Users\Jaswinder\.gradle\native\f6784746aeab05261644944871eae4fe03e0ef1612fff0a4a95f87b438bc6780\windows-amd64

VM Arguments:
jvm_args: --add-opens=java.base/java.util=ALL-UNNAMED --add-opens=java.base/java.lang=ALL-UNNAMED --add-opens=java.base/java.lang.invoke=ALL-UNNAMED --add-opens=java.prefs/java.util.prefs=ALL-UNNAMED -Xmx2048m -Dfile.encoding=UTF-8 -Duser.country=CA -Duser.language=en -Duser.variant 
java_command: org.gradle.launcher.daemon.bootstrap.GradleDaemon 6.5
java_class_path (initial): C:\Users\Jaswinder\.gradle\wrapper\dists\gradle-6.5-bin\6nifqtx7604sqp1q6g8wikw7p\gradle-6.5\lib\gradle-launcher-6.5.jar
Launcher Type: SUN_STANDARD

[Global flags]
     intx CICompilerCount                          = 3                                         {product} {ergonomic}
     uint ConcGCThreads                            = 1                                         {product} {ergonomic}
     uint G1ConcRefinementThreads                  = 4                                         {product} {ergonomic}
   size_t G1HeapRegionSize                         = 1048576                                   {product} {ergonomic}
    uintx GCDrainStackTargetSize                   = 64                                        {product} {ergonomic}
   size_t InitialHeapSize                          = 132120576                                 {product} {ergonomic}
   size_t MarkStackSize                            = 4194304                                   {product} {ergonomic}
   size_t MaxHeapSize                              = 2147483648                                {product} {command line}
   size_t MaxNewSize                               = 1287651328                                {product} {ergonomic}
   size_t MinHeapDeltaBytes                        = 1048576                                   {product} {ergonomic}
    uintx NonNMethodCodeHeapSize                   = 5830732                                {pd product} {ergonomic}
    uintx NonProfiledCodeHeapSize                  = 122913754                              {pd product} {ergonomic}
    uintx ProfiledCodeHeapSize                     = 122913754                              {pd product} {ergonomic}
    uintx ReservedCodeCacheSize                    = 251658240                              {pd product} {ergonomic}
     bool SegmentedCodeCache                       = true                                      {product} {ergonomic}
     bool UseCompressedClassPointers               = true                                 {lp64_product} {ergonomic}
     bool UseCompressedOops                        = true                                 {lp64_product} {ergonomic}
     bool UseG1GC                                  = true                                      {product} {ergonomic}
     bool UseLargePagesIndividualAllocation        = false                                  {pd product} {ergonomic}

Logging:
Log output configuration:
 #0: stdout all=warning uptime,level,tags
 #1: stderr all=off uptime,level,tags

Environment Variables:
PATH=C:\Program Files (x86)\Intel\iCLS Client\;C:\Program Files\Intel\iCLS Client\;C:\windows\system32;C:\windows;C:\windows\System32\Wbem;C:\windows\System32\WindowsPowerShell\v1.0\;C:\Program Files (x86)\Intel\Intel(R) Management Engine Components\DAL;C:\Program Files\Intel\Intel(R) Management Engine Components\DAL;C:\Program Files (x86)\Intel\Intel(R) Management Engine Components\IPT;C:\Program Files\Intel\Intel(R) Management Engine Components\IPT;C:\Program Files (x86)\NVIDIA Corporation\PhysX\Common;C:\WINDOWS\system32;C:\WINDOWS;C:\WINDOWS\System32\Wbem;C:\WINDOWS\System32\WindowsPowerShell\v1.0\;C:\WINDOWS\System32\OpenSSH\;C:\Program Files (x86)\QuickTime\QTSystem\;C:\Program Files\Git\cmd;C:\Users\Jaswinder\AppData\Local\Microsoft\WindowsApps;
USERNAME=Jaswinder
OS=Windows_NT
PROCESSOR_IDENTIFIER=Intel64 Family 6 Model 78 Stepping 3, GenuineIntel



---------------  S Y S T E M  ---------------

OS: Windows 10 , 64 bit Build 19041 (10.0.19041.1466)
OS uptime: 0 days 1:36 hours

CPU:total 4 (initial active 4) (2 cores per cpu, 2 threads per core) family 6 model 78 stepping 3, cmov, cx8, fxsr, mmx, sse, sse2, sse3, ssse3, sse4.1, sse4.2, popcnt, avx, avx2, aes, clmul, erms, 3dnowpref, lzcnt, ht, tsc, tscinvbit, bmi1, bmi2, adx, fma

Memory: 4k page, system-wide physical 8012M (737M free)
TotalPageFile size 8012M (AvailPageFile size 5M)
current process WorkingSet (physical memory assigned to process): 400M, peak: 400M
current process commit charge ("private bytes"): 446M, peak: 446M

vm_info: OpenJDK 64-Bit Server VM (11.0.8+10-b944.6842174) for windows-amd64 JRE (11.0.8+10-b944.6842174), built on Sep 19 2020 01:11:42 by "builder" with MS VC++ 14.0 (VS2015)

END.
