#
# There is insufficient memory for the Java Runtime Environment to continue.
# Native memory allocation (mmap) failed to map 132120576 bytes for Failed to commit area from 0x0000000082c00000 to 0x000000008aa00000 of length 132120576.
# Possible reasons:
#   The system is out of physical RAM or swap space
#   The process is running with CompressedOops enabled, and the Java Heap may be blocking the growth of the native heap
# Possible solutions:
#   Reduce memory load on the system
#   Increase physical memory or swap space
#   Check if swap backing store is full
#   Decrease Java heap size (-Xmx/-Xms)
#   Decrease number of Java threads
#   Decrease Java thread stack sizes (-Xss)
#   Set larger code cache with -XX:ReservedCodeCacheSize=
# This output file may be truncated or incomplete.
#
#  Out of Memory Error (./src/hotspot/os/windows/os_windows.cpp:3303), pid=6028, tid=14992
#
# JRE version:  (11.0.8+10) (build )
# Java VM: OpenJDK 64-Bit Server VM (11.0.8+10-b944.6842174, mixed mode, sharing, tiered, compressed oops, g1 gc, windows-amd64)
# No core dump will be written. Minidumps are not enabled by default on client versions of Windows
#

---------------  S U M M A R Y ------------

Command Line: org.jetbrains.git4idea.http.GitAskPassApp Username for 'https://gitlab.com': 

Host: Intel(R) Core(TM) i5-6200U CPU @ 2.30GHz, 4 cores, 7G,  Windows 10 , 64 bit Build 19041 (10.0.19041.1466)
Time: Thu Jan 27 20:59:05 2022 India Standard Time elapsed time: 0 seconds (0d 0h 0m 0s)

---------------  T H R E A D  ---------------

Current thread (0x000001b21f4cb000):  JavaThread "Unknown thread" [_thread_in_vm, id=14992, stack(0x00000068a6e00000,0x00000068a6f00000)]

Stack: [0x00000068a6e00000,0x00000068a6f00000]
Native frames: (J=compiled Java code, j=interpreted, Vv=VM code, C=native code)
V  [jvm.dll+0x5de50a]
V  [jvm.dll+0x7122f5]
V  [jvm.dll+0x71384d]
V  [jvm.dll+0x713f03]
V  [jvm.dll+0x23e728]
V  [jvm.dll+0x5db9a4]
V  [jvm.dll+0x5d0ae5]
V  [jvm.dll+0x2fb20b]
V  [jvm.dll+0x2fb17a]
V  [jvm.dll+0x2fb052]
V  [jvm.dll+0x2fff16]
V  [jvm.dll+0x348743]
V  [jvm.dll+0x348e46]
V  [jvm.dll+0x348843]
V  [jvm.dll+0x2d5d68]
V  [jvm.dll+0x2d6f07]
V  [jvm.dll+0x6f11f7]
V  [jvm.dll+0x6f29ec]
V  [jvm.dll+0x355cb9]
V  [jvm.dll+0x6d4ade]
V  [jvm.dll+0x3bdfe3]
V  [jvm.dll+0x3c0201]
C  [jli.dll+0x5373]
C  [ucrtbase.dll+0x21bb2]
C  [KERNEL32.DLL+0x17034]
C  [ntdll.dll+0x52651]


---------------  P R O C E S S  ---------------

Threads class SMR info:
_java_thread_list=0x000001b21f33fd50, length=0, elements={
}

Java Threads: ( => current thread )

Other Threads:
  0x000001b21f4e3000 GCTaskThread "GC Thread#0" [stack: 0x00000068a6f00000,0x00000068a7000000] [id=7380]
  0x000001b21f515000 ConcurrentGCThread "G1 Main Marker" [stack: 0x00000068a7000000,0x00000068a7100000] [id=6224]
  0x000001b21f517000 ConcurrentGCThread "G1 Conc#0" [stack: 0x00000068a7100000,0x00000068a7200000] [id=12924]

[error occurred during error reporting (printing all threads), id 0xc0000005, EXCEPTION_ACCESS_VIOLATION (0xc0000005) at pc=0x00007ffc6f066357]

VM state:not at safepoint (not fully initialized)

VM Mutex/Monitor currently owned by a thread:  ([mutex/lock_event])
[0x000001b21f4c7090] Heap_lock - owner thread: 0x000001b21f4cb000

Heap address: 0x0000000082c00000, size: 2004 MB, Compressed Oops mode: Non-zero based: 0x0000000082c00000
Narrow klass base: 0x0000000000000000, Narrow klass shift: 0

GC Heap History (0 events):
No events

Deoptimization events (0 events):
No events

Classes redefined (0 events):
No events

Internal exceptions (0 events):
No events

Events (1 events):
Event: 0.009 Loaded shared library C:\Program Files\Android\Android Studio\jre\bin\zip.dll


Dynamic libraries:
0x00007ff783650000 - 0x00007ff78365a000 	C:\Program Files\Android\Android Studio\jre\bin\java.exe
0x00007ffcb54d0000 - 0x00007ffcb56c5000 	C:\WINDOWS\SYSTEM32\ntdll.dll
0x00007ffcb3ac0000 - 0x00007ffcb3b7e000 	C:\WINDOWS\System32\KERNEL32.DLL
0x00007ffcb2f90000 - 0x00007ffcb3258000 	C:\WINDOWS\System32\KERNELBASE.dll
0x00007ffcb3260000 - 0x00007ffcb3360000 	C:\WINDOWS\System32\ucrtbase.dll
0x00007ffcaa6d0000 - 0x00007ffcaa6e7000 	C:\Program Files\Android\Android Studio\jre\bin\VCRUNTIME140.dll
0x00007ffca6fb0000 - 0x00007ffca6fc9000 	C:\Program Files\Android\Android Studio\jre\bin\jli.dll
0x00007ffcb4640000 - 0x00007ffcb47e1000 	C:\WINDOWS\System32\USER32.dll
0x00007ffc9fe10000 - 0x00007ffca00aa000 	C:\WINDOWS\WinSxS\amd64_microsoft.windows.common-controls_6595b64144ccf1df_6.0.19041.1110_none_60b5254171f9507e\COMCTL32.dll
0x00007ffcb2f60000 - 0x00007ffcb2f82000 	C:\WINDOWS\System32\win32u.dll
0x00007ffcb3c00000 - 0x00007ffcb3c9e000 	C:\WINDOWS\System32\msvcrt.dll
0x00007ffcb3610000 - 0x00007ffcb363b000 	C:\WINDOWS\System32\GDI32.dll
0x00007ffcb2be0000 - 0x00007ffcb2ced000 	C:\WINDOWS\System32\gdi32full.dll
0x00007ffcb2ec0000 - 0x00007ffcb2f5d000 	C:\WINDOWS\System32\msvcp_win.dll
0x00007ffcb3930000 - 0x00007ffcb3960000 	C:\WINDOWS\System32\IMM32.DLL
0x00007ffc807d0000 - 0x00007ffc8086d000 	C:\Program Files\Android\Android Studio\jre\bin\msvcp140.dll
0x00007ffc6ed80000 - 0x00007ffc6f83c000 	C:\Program Files\Android\Android Studio\jre\bin\server\jvm.dll
0x00007ffcb4f60000 - 0x00007ffcb500e000 	C:\WINDOWS\System32\ADVAPI32.dll
0x00007ffcb36f0000 - 0x00007ffcb378c000 	C:\WINDOWS\System32\sechost.dll
0x00007ffcb4a00000 - 0x00007ffcb4b25000 	C:\WINDOWS\System32\RPCRT4.dll
0x00007ffcb37f0000 - 0x00007ffcb37f8000 	C:\WINDOWS\System32\PSAPI.DLL
0x00007ffcb1350000 - 0x00007ffcb1359000 	C:\WINDOWS\SYSTEM32\WSOCK32.dll
0x00007ffca3840000 - 0x00007ffca3867000 	C:\WINDOWS\SYSTEM32\WINMM.dll
0x00007ffcac050000 - 0x00007ffcac05a000 	C:\WINDOWS\SYSTEM32\VERSION.dll
0x00007ffcb43f0000 - 0x00007ffcb445b000 	C:\WINDOWS\System32\WS2_32.dll
0x00007ffcb1740000 - 0x00007ffcb1752000 	C:\WINDOWS\SYSTEM32\kernel.appcore.dll
0x00007ffcac930000 - 0x00007ffcac941000 	C:\Program Files\Android\Android Studio\jre\bin\verify.dll
0x00007ffcb0800000 - 0x00007ffcb09e4000 	C:\WINDOWS\SYSTEM32\DBGHELP.DLL
0x00007ffc9c280000 - 0x00007ffc9c2ac000 	C:\WINDOWS\SYSTEM32\dbgcore.DLL
0x00007ffcb2cf0000 - 0x00007ffcb2d72000 	C:\WINDOWS\System32\bcryptPrimitives.dll
0x00007ffca0900000 - 0x00007ffca0929000 	C:\Program Files\Android\Android Studio\jre\bin\java.dll
0x00007ffcaec50000 - 0x00007ffcaec5b000 	C:\Program Files\Android\Android Studio\jre\bin\jimage.dll
0x00007ffca08e0000 - 0x00007ffca08f8000 	C:\Program Files\Android\Android Studio\jre\bin\zip.dll

dbghelp: loaded successfully - version: 4.0.5 - missing functions: none
symbol engine: initialized successfully - sym options: 0x614 - pdb path: .;C:\Program Files\Android\Android Studio\jre\bin;C:\WINDOWS\SYSTEM32;C:\WINDOWS\WinSxS\amd64_microsoft.windows.common-controls_6595b64144ccf1df_6.0.19041.1110_none_60b5254171f9507e;C:\Program Files\Android\Android Studio\jre\bin\server

VM Arguments:
java_command: org.jetbrains.git4idea.http.GitAskPassApp Username for 'https://gitlab.com': 
java_class_path (initial): C:/Program Files/Android/Android Studio/plugins/git4idea/lib/git4idea-rt.jar;C:/Program Files/Android/Android Studio/lib/xmlrpc-2.0.1.jar;C:/Program Files/Android/Android Studio/lib/commons-codec-1.14.jar
Launcher Type: SUN_STANDARD

[Global flags]
     intx CICompilerCount                          = 3                                         {product} {ergonomic}
     uint ConcGCThreads                            = 1                                         {product} {ergonomic}
     uint G1ConcRefinementThreads                  = 4                                         {product} {ergonomic}
   size_t G1HeapRegionSize                         = 1048576                                   {product} {ergonomic}
    uintx GCDrainStackTargetSize                   = 64                                        {product} {ergonomic}
   size_t InitialHeapSize                          = 132120576                                 {product} {ergonomic}
   size_t MarkStackSize                            = 4194304                                   {product} {ergonomic}
   size_t MaxHeapSize                              = 2101346304                                {product} {ergonomic}
   size_t MinHeapDeltaBytes                        = 1048576                                   {product} {ergonomic}
    uintx NonNMethodCodeHeapSize                   = 5830732                                {pd product} {ergonomic}
    uintx NonProfiledCodeHeapSize                  = 122913754                              {pd product} {ergonomic}
    uintx ProfiledCodeHeapSize                     = 122913754                              {pd product} {ergonomic}
    uintx ReservedCodeCacheSize                    = 251658240                              {pd product} {ergonomic}
     bool SegmentedCodeCache                       = true                                      {product} {ergonomic}
     bool UseCompressedClassPointers               = true                                 {lp64_product} {ergonomic}
     bool UseCompressedOops                        = true                                 {lp64_product} {ergonomic}
     bool UseG1GC                                  = true                                      {product} {ergonomic}
     bool UseLargePagesIndividualAllocation        = false                                  {pd product} {ergonomic}

Logging:
Log output configuration:
 #0: stdout all=warning uptime,level,tags
 #1: stderr all=off uptime,level,tags

Environment Variables:
PATH=C:\Program Files\Git\mingw64\libexec\git-core;C:\Program Files\Git\mingw64\libexec\git-core;C:\Program Files\Git\mingw64\bin;C:\Program Files\Git\usr\bin;C:\Users\Jaswinder\bin;C:\Program Files (x86)\Intel\iCLS Client;C:\Program Files\Intel\iCLS Client;C:\windows\system32;C:\windows;C:\windows\System32\Wbem;C:\windows\System32\WindowsPowerShell\v1.0;C:\Program Files (x86)\Intel\Intel(R) Management Engine Components\DAL;C:\Program Files\Intel\Intel(R) Management Engine Components\DAL;C:\Program Files (x86)\Intel\Intel(R) Management Engine Components\IPT;C:\Program Files\Intel\Intel(R) Management Engine Components\IPT;C:\Program Files (x86)\NVIDIA Corporation\PhysX\Common;C:\WINDOWS\system32;C:\WINDOWS;C:\WINDOWS\System32\Wbem;C:\WINDOWS\System32\WindowsPowerShell\v1.0;C:\WINDOWS\System32\OpenSSH;C:\Program Files (x86)\QuickTime\QTSystem;C:\Program Files\Git\cmd;C:\Users\Jaswinder\AppData\Local\Microsoft\WindowsApps
USERNAME=Jaswinder
DISPLAY=:0.0
LC_ALL=en_US.UTF-8
OS=Windows_NT
PROCESSOR_IDENTIFIER=Intel64 Family 6 Model 78 Stepping 3, GenuineIntel



---------------  S Y S T E M  ---------------

OS: Windows 10 , 64 bit Build 19041 (10.0.19041.1466)
OS uptime: 3 days 2:48 hours

CPU:total 4 (initial active 4) (2 cores per cpu, 2 threads per core) family 6 model 78 stepping 3, cmov, cx8, fxsr, mmx, sse, sse2, sse3, ssse3, sse4.1, sse4.2, popcnt, avx, avx2, aes, clmul, erms, 3dnowpref, lzcnt, ht, tsc, tscinvbit, bmi1, bmi2, adx, fma

Memory: 4k page, system-wide physical 8012M (961M free)
TotalPageFile size 8012M (AvailPageFile size 121M)
current process WorkingSet (physical memory assigned to process): 9M, peak: 9M
current process commit charge ("private bytes"): 51M, peak: 177M

vm_info: OpenJDK 64-Bit Server VM (11.0.8+10-b944.6842174) for windows-amd64 JRE (11.0.8+10-b944.6842174), built on Sep 19 2020 01:11:42 by "builder" with MS VC++ 14.0 (VS2015)

END.
