#
# There is insufficient memory for the Java Runtime Environment to continue.
# Native memory allocation (malloc) failed to allocate 1048576 bytes for AllocateHeap
# Possible reasons:
#   The system is out of physical RAM or swap space
#   The process is running with CompressedOops enabled, and the Java Heap may be blocking the growth of the native heap
# Possible solutions:
#   Reduce memory load on the system
#   Increase physical memory or swap space
#   Check if swap backing store is full
#   Decrease Java heap size (-Xmx/-Xms)
#   Decrease number of Java threads
#   Decrease Java thread stack sizes (-Xss)
#   Set larger code cache with -XX:ReservedCodeCacheSize=
#   JVM is running with Unscaled Compressed Oops mode in which the Java heap is
#     placed in the first 4GB address space. The Java Heap base address is the
#     maximum limit for the native heap growth. Please use -XX:HeapBaseMinAddress
#     to set the Java Heap base and to place the Java Heap above 4GB virtual address.
# This output file may be truncated or incomplete.
#
#  Out of Memory Error (./src/hotspot/share/memory/allocation.cpp:46), pid=9104, tid=6668
#
# JRE version: OpenJDK Runtime Environment (11.0.8+10) (build 11.0.8+10-b944.6842174)
# Java VM: OpenJDK 64-Bit Server VM (11.0.8+10-b944.6842174, mixed mode, tiered, compressed oops, g1 gc, windows-amd64)
# No core dump will be written. Minidumps are not enabled by default on client versions of Windows
#

---------------  S U M M A R Y ------------

Command Line: org.jetbrains.git4idea.http.GitAskPassApp Password for 'https://amritkaur.nextpage@gmail.com@gitlab.com': 

Host: Intel(R) Core(TM) i5-6200U CPU @ 2.30GHz, 4 cores, 7G,  Windows 10 , 64 bit Build 19041 (10.0.19041.1466)
Time: Mon Jan 17 11:47:22 2022 India Standard Time elapsed time: 0 seconds (0d 0h 0m 0s)

---------------  T H R E A D  ---------------

Current thread (0x000001c4b423e800):  VMThread "VM Thread" [stack: 0x0000007fa7200000,0x0000007fa7300000] [id=6668]

Stack: [0x0000007fa7200000,0x0000007fa7300000]
[error occurred during error reporting (printing stack bounds), id 0xc0000005, EXCEPTION_ACCESS_VIOLATION (0xc0000005) at pc=0x000001c49e310dad]

Native frames: (J=compiled Java code, j=interpreted, Vv=VM code, C=native code)
V  [jvm.dll+0x5de50a]
V  [jvm.dll+0x7122f5]
V  [jvm.dll+0x71384d]
V  [jvm.dll+0x713e65]
V  [jvm.dll+0x713e1b]
V  [jvm.dll+0x5dd958]
V  [jvm.dll+0x5de0f8]
C  [ntdll.dll+0xa20cf]
C  [ntdll.dll+0x51454]
C  [ntdll.dll+0xa0bfe]
C  0x000001c49e310dad

VM_Operation (0x0000007fa6cfcb80): CollectForMetadataAllocation, mode: safepoint, requested by thread 0x000001c49a98a800


---------------  P R O C E S S  ---------------

Threads class SMR info:
_java_thread_list=0x000001c4b4cb64a0, length=10, elements={
0x000001c49a98a800, 0x000001c4b4265800, 0x000001c4b4267000, 0x000001c4b4281800,
0x000001c4b4283000, 0x000001c4b4285800, 0x000001c4b428c800, 0x000001c4b428e800,
0x000001c4b4d26000, 0x000001c4b4d2e000
}

Java Threads: ( => current thread )
  0x000001c49a98a800 JavaThread "main" [_thread_blocked, id=13004, stack(0x0000007fa6c00000,0x0000007fa6d00000)]
  0x000001c4b4265800 JavaThread "Reference Handler" daemon [_thread_blocked, id=6356, stack(0x0000007fa7300000,0x0000007fa7400000)]
  0x000001c4b4267000 JavaThread "Finalizer" daemon [_thread_blocked, id=12532, stack(0x0000007fa7400000,0x0000007fa7500000)]
  0x000001c4b4281800 JavaThread "Signal Dispatcher" daemon [_thread_blocked, id=7312, stack(0x0000007fa7500000,0x0000007fa7600000)]
  0x000001c4b4283000 JavaThread "Attach Listener" daemon [_thread_blocked, id=5788, stack(0x0000007fa7600000,0x0000007fa7700000)]
  0x000001c4b4285800 JavaThread "C2 CompilerThread0" daemon [_thread_blocked, id=120, stack(0x0000007fa7700000,0x0000007fa7800000)]
  0x000001c4b428c800 JavaThread "C1 CompilerThread0" daemon [_thread_blocked, id=10364, stack(0x0000007fa7800000,0x0000007fa7900000)]
  0x000001c4b428e800 JavaThread "Sweeper thread" daemon [_thread_blocked, id=13052, stack(0x0000007fa7900000,0x0000007fa7a00000)]
  0x000001c4b4d26000 JavaThread "Service Thread" daemon [_thread_blocked, id=10904, stack(0x0000007fa7a00000,0x0000007fa7b00000)]
  0x000001c4b4d2e000 JavaThread "Common-Cleaner" daemon [_thread_blocked, id=7424, stack(0x0000007fa7c00000,0x0000007fa7d00000)]

Other Threads:
=>0x000001c4b423e800 VMThread "VM Thread" [stack: 0x0000007fa7200000,0x0000007fa7300000] [id=6668]
  0x000001c4b4d27000 WatcherThread [stack: 0x0000007fa7b00000,0x0000007fa7c00000] [id=5948]
  0x000001c49a9a3000 GCTaskThread "GC Thread#0" [stack: 0x0000007fa6d00000,0x0000007fa6e00000] [id=12800]
  0x000001c4b4f02000 GCTaskThread "GC Thread#1" [stack: 0x0000007fa7d00000,0x0000007fa7e00000] [id=9224]
  0x000001c4b4f03000 GCTaskThread "GC Thread#2" [stack: 0x0000007fa7e00000,0x0000007fa7f00000] [id=12924]
  0x000001c49a9d2800 ConcurrentGCThread "G1 Main Marker" [stack: 0x0000007fa6e00000,0x0000007fa6f00000] [id=12600]
  0x000001c49a9d6000 ConcurrentGCThread "G1 Conc#0" [stack: 0x0000007fa6f00000,0x0000007fa7000000] [id=7108]
  0x000001c49aa67800 ConcurrentGCThread "G1 Refine#0" [stack: 0x0000007fa7000000,0x0000007fa7100000] [id=9500]
  0x000001c49aa68800 ConcurrentGCThread "G1 Young RemSet Sampling" [stack: 0x0000007fa7100000,0x0000007fa7200000] [id=2904]

Threads with active compile tasks:

VM state:at safepoint (normal execution)

VM Mutex/Monitor currently owned by a thread:  ([mutex/lock_event])
[0x000001c49a986cc0] Threads_lock - owner thread: 0x000001c4b423e800
[0x000001c49a987800] Heap_lock - owner thread: 0x000001c49a98a800

Heap address: 0x0000000082c00000, size: 2004 MB, Compressed Oops mode: 32-bit
Narrow klass base: 0x0000000000000000, Narrow klass shift: 3
Compressed class space size: 1073741824 Address: 0x0000000100000000

Heap:
 garbage-first heap   total 129024K, used 1490K [0x0000000082c00000, 0x0000000100000000)
  region size 1024K, 2 young (2048K), 2 survivors (2048K)
 Metaspace       used 8071K, capacity 8131K, committed 8192K, reserved 1069056K
  class space    used 724K, capacity 768K, committed 768K, reserved 1048576K
Heap Regions: E=young(eden), S=young(survivor), O=old, HS=humongous(starts), HC=humongous(continues), CS=collection set, F=free, A=archive, TAMS=top-at-mark-start (previous, next)
|   0|0x0000000082c00000, 0x0000000082c00000, 0x0000000082d00000|  0%| F|  |TAMS 0x0000000082c00000, 0x0000000082c00000| Untracked 
|   1|0x0000000082d00000, 0x0000000082d00000, 0x0000000082e00000|  0%| F|  |TAMS 0x0000000082d00000, 0x0000000082d00000| Untracked 
|   2|0x0000000082e00000, 0x0000000082e00000, 0x0000000082f00000|  0%| F|  |TAMS 0x0000000082e00000, 0x0000000082e00000| Untracked 
|   3|0x0000000082f00000, 0x0000000082f00000, 0x0000000083000000|  0%| F|  |TAMS 0x0000000082f00000, 0x0000000082f00000| Untracked 
|   4|0x0000000083000000, 0x0000000083000000, 0x0000000083100000|  0%| F|  |TAMS 0x0000000083000000, 0x0000000083000000| Untracked 
|   5|0x0000000083100000, 0x0000000083100000, 0x0000000083200000|  0%| F|  |TAMS 0x0000000083100000, 0x0000000083100000| Untracked 
|   6|0x0000000083200000, 0x0000000083200000, 0x0000000083300000|  0%| F|  |TAMS 0x0000000083200000, 0x0000000083200000| Untracked 
|   7|0x0000000083300000, 0x0000000083300000, 0x0000000083400000|  0%| F|  |TAMS 0x0000000083300000, 0x0000000083300000| Untracked 
|   8|0x0000000083400000, 0x0000000083400000, 0x0000000083500000|  0%| F|  |TAMS 0x0000000083400000, 0x0000000083400000| Untracked 
|   9|0x0000000083500000, 0x0000000083500000, 0x0000000083600000|  0%| F|  |TAMS 0x0000000083500000, 0x0000000083500000| Untracked 
|  10|0x0000000083600000, 0x0000000083600000, 0x0000000083700000|  0%| F|  |TAMS 0x0000000083600000, 0x0000000083600000| Untracked 
|  11|0x0000000083700000, 0x0000000083700000, 0x0000000083800000|  0%| F|  |TAMS 0x0000000083700000, 0x0000000083700000| Untracked 
|  12|0x0000000083800000, 0x0000000083800000, 0x0000000083900000|  0%| F|  |TAMS 0x0000000083800000, 0x0000000083800000| Untracked 
|  13|0x0000000083900000, 0x0000000083900000, 0x0000000083a00000|  0%| F|  |TAMS 0x0000000083900000, 0x0000000083900000| Untracked 
|  14|0x0000000083a00000, 0x0000000083a00000, 0x0000000083b00000|  0%| F|  |TAMS 0x0000000083a00000, 0x0000000083a00000| Untracked 
|  15|0x0000000083b00000, 0x0000000083b00000, 0x0000000083c00000|  0%| F|  |TAMS 0x0000000083b00000, 0x0000000083b00000| Untracked 
|  16|0x0000000083c00000, 0x0000000083c00000, 0x0000000083d00000|  0%| F|  |TAMS 0x0000000083c00000, 0x0000000083c00000| Untracked 
|  17|0x0000000083d00000, 0x0000000083d00000, 0x0000000083e00000|  0%| F|  |TAMS 0x0000000083d00000, 0x0000000083d00000| Untracked 
|  18|0x0000000083e00000, 0x0000000083e00000, 0x0000000083f00000|  0%| F|  |TAMS 0x0000000083e00000, 0x0000000083e00000| Untracked 
|  19|0x0000000083f00000, 0x0000000083f00000, 0x0000000084000000|  0%| F|  |TAMS 0x0000000083f00000, 0x0000000083f00000| Untracked 
|  20|0x0000000084000000, 0x0000000084000000, 0x0000000084100000|  0%| F|  |TAMS 0x0000000084000000, 0x0000000084000000| Untracked 
|  21|0x0000000084100000, 0x0000000084100000, 0x0000000084200000|  0%| F|  |TAMS 0x0000000084100000, 0x0000000084100000| Untracked 
|  22|0x0000000084200000, 0x0000000084200000, 0x0000000084300000|  0%| F|  |TAMS 0x0000000084200000, 0x0000000084200000| Untracked 
|  23|0x0000000084300000, 0x0000000084300000, 0x0000000084400000|  0%| F|  |TAMS 0x0000000084300000, 0x0000000084300000| Untracked 
|  24|0x0000000084400000, 0x0000000084400000, 0x0000000084500000|  0%| F|  |TAMS 0x0000000084400000, 0x0000000084400000| Untracked 
|  25|0x0000000084500000, 0x0000000084500000, 0x0000000084600000|  0%| F|  |TAMS 0x0000000084500000, 0x0000000084500000| Untracked 
|  26|0x0000000084600000, 0x0000000084600000, 0x0000000084700000|  0%| F|  |TAMS 0x0000000084600000, 0x0000000084600000| Untracked 
|  27|0x0000000084700000, 0x0000000084700000, 0x0000000084800000|  0%| F|  |TAMS 0x0000000084700000, 0x0000000084700000| Untracked 
|  28|0x0000000084800000, 0x0000000084800000, 0x0000000084900000|  0%| F|  |TAMS 0x0000000084800000, 0x0000000084800000| Untracked 
|  29|0x0000000084900000, 0x0000000084900000, 0x0000000084a00000|  0%| F|  |TAMS 0x0000000084900000, 0x0000000084900000| Untracked 
|  30|0x0000000084a00000, 0x0000000084a00000, 0x0000000084b00000|  0%| F|  |TAMS 0x0000000084a00000, 0x0000000084a00000| Untracked 
|  31|0x0000000084b00000, 0x0000000084b00000, 0x0000000084c00000|  0%| F|  |TAMS 0x0000000084b00000, 0x0000000084b00000| Untracked 
|  32|0x0000000084c00000, 0x0000000084c00000, 0x0000000084d00000|  0%| F|  |TAMS 0x0000000084c00000, 0x0000000084c00000| Untracked 
|  33|0x0000000084d00000, 0x0000000084d00000, 0x0000000084e00000|  0%| F|  |TAMS 0x0000000084d00000, 0x0000000084d00000| Untracked 
|  34|0x0000000084e00000, 0x0000000084e00000, 0x0000000084f00000|  0%| F|  |TAMS 0x0000000084e00000, 0x0000000084e00000| Untracked 
|  35|0x0000000084f00000, 0x0000000084f00000, 0x0000000085000000|  0%| F|  |TAMS 0x0000000084f00000, 0x0000000084f00000| Untracked 
|  36|0x0000000085000000, 0x0000000085000000, 0x0000000085100000|  0%| F|  |TAMS 0x0000000085000000, 0x0000000085000000| Untracked 
|  37|0x0000000085100000, 0x0000000085100000, 0x0000000085200000|  0%| F|  |TAMS 0x0000000085100000, 0x0000000085100000| Untracked 
|  38|0x0000000085200000, 0x0000000085200000, 0x0000000085300000|  0%| F|  |TAMS 0x0000000085200000, 0x0000000085200000| Untracked 
|  39|0x0000000085300000, 0x0000000085300000, 0x0000000085400000|  0%| F|  |TAMS 0x0000000085300000, 0x0000000085300000| Untracked 
|  40|0x0000000085400000, 0x0000000085400000, 0x0000000085500000|  0%| F|  |TAMS 0x0000000085400000, 0x0000000085400000| Untracked 
|  41|0x0000000085500000, 0x0000000085500000, 0x0000000085600000|  0%| F|  |TAMS 0x0000000085500000, 0x0000000085500000| Untracked 
|  42|0x0000000085600000, 0x0000000085600000, 0x0000000085700000|  0%| F|  |TAMS 0x0000000085600000, 0x0000000085600000| Untracked 
|  43|0x0000000085700000, 0x0000000085700000, 0x0000000085800000|  0%| F|  |TAMS 0x0000000085700000, 0x0000000085700000| Untracked 
|  44|0x0000000085800000, 0x0000000085800000, 0x0000000085900000|  0%| F|  |TAMS 0x0000000085800000, 0x0000000085800000| Untracked 
|  45|0x0000000085900000, 0x0000000085900000, 0x0000000085a00000|  0%| F|  |TAMS 0x0000000085900000, 0x0000000085900000| Untracked 
|  46|0x0000000085a00000, 0x0000000085a00000, 0x0000000085b00000|  0%| F|  |TAMS 0x0000000085a00000, 0x0000000085a00000| Untracked 
|  47|0x0000000085b00000, 0x0000000085b00000, 0x0000000085c00000|  0%| F|  |TAMS 0x0000000085b00000, 0x0000000085b00000| Untracked 
|  48|0x0000000085c00000, 0x0000000085c00000, 0x0000000085d00000|  0%| F|  |TAMS 0x0000000085c00000, 0x0000000085c00000| Untracked 
|  49|0x0000000085d00000, 0x0000000085d00000, 0x0000000085e00000|  0%| F|  |TAMS 0x0000000085d00000, 0x0000000085d00000| Untracked 
|  50|0x0000000085e00000, 0x0000000085e00000, 0x0000000085f00000|  0%| F|  |TAMS 0x0000000085e00000, 0x0000000085e00000| Untracked 
|  51|0x0000000085f00000, 0x0000000085f00000, 0x0000000086000000|  0%| F|  |TAMS 0x0000000085f00000, 0x0000000085f00000| Untracked 
|  52|0x0000000086000000, 0x0000000086000000, 0x0000000086100000|  0%| F|  |TAMS 0x0000000086000000, 0x0000000086000000| Untracked 
|  53|0x0000000086100000, 0x0000000086100000, 0x0000000086200000|  0%| F|  |TAMS 0x0000000086100000, 0x0000000086100000| Untracked 
|  54|0x0000000086200000, 0x0000000086200000, 0x0000000086300000|  0%| F|  |TAMS 0x0000000086200000, 0x0000000086200000| Untracked 
|  55|0x0000000086300000, 0x0000000086300000, 0x0000000086400000|  0%| F|  |TAMS 0x0000000086300000, 0x0000000086300000| Untracked 
|  56|0x0000000086400000, 0x0000000086400000, 0x0000000086500000|  0%| F|  |TAMS 0x0000000086400000, 0x0000000086400000| Untracked 
|  57|0x0000000086500000, 0x0000000086500000, 0x0000000086600000|  0%| F|  |TAMS 0x0000000086500000, 0x0000000086500000| Untracked 
|  58|0x0000000086600000, 0x0000000086600000, 0x0000000086700000|  0%| F|  |TAMS 0x0000000086600000, 0x0000000086600000| Untracked 
|  59|0x0000000086700000, 0x0000000086700000, 0x0000000086800000|  0%| F|  |TAMS 0x0000000086700000, 0x0000000086700000| Untracked 
|  60|0x0000000086800000, 0x0000000086800000, 0x0000000086900000|  0%| F|  |TAMS 0x0000000086800000, 0x0000000086800000| Untracked 
|  61|0x0000000086900000, 0x0000000086900000, 0x0000000086a00000|  0%| F|  |TAMS 0x0000000086900000, 0x0000000086900000| Untracked 
|  62|0x0000000086a00000, 0x0000000086a00000, 0x0000000086b00000|  0%| F|  |TAMS 0x0000000086a00000, 0x0000000086a00000| Untracked 
|  63|0x0000000086b00000, 0x0000000086b00000, 0x0000000086c00000|  0%| F|  |TAMS 0x0000000086b00000, 0x0000000086b00000| Untracked 
|  64|0x0000000086c00000, 0x0000000086c00000, 0x0000000086d00000|  0%| F|  |TAMS 0x0000000086c00000, 0x0000000086c00000| Untracked 
|  65|0x0000000086d00000, 0x0000000086d00000, 0x0000000086e00000|  0%| F|  |TAMS 0x0000000086d00000, 0x0000000086d00000| Untracked 
|  66|0x0000000086e00000, 0x0000000086e00000, 0x0000000086f00000|  0%| F|  |TAMS 0x0000000086e00000, 0x0000000086e00000| Untracked 
|  67|0x0000000086f00000, 0x0000000086f00000, 0x0000000087000000|  0%| F|  |TAMS 0x0000000086f00000, 0x0000000086f00000| Untracked 
|  68|0x0000000087000000, 0x0000000087000000, 0x0000000087100000|  0%| F|  |TAMS 0x0000000087000000, 0x0000000087000000| Untracked 
|  69|0x0000000087100000, 0x0000000087100000, 0x0000000087200000|  0%| F|  |TAMS 0x0000000087100000, 0x0000000087100000| Untracked 
|  70|0x0000000087200000, 0x0000000087200000, 0x0000000087300000|  0%| F|  |TAMS 0x0000000087200000, 0x0000000087200000| Untracked 
|  71|0x0000000087300000, 0x0000000087300000, 0x0000000087400000|  0%| F|  |TAMS 0x0000000087300000, 0x0000000087300000| Untracked 
|  72|0x0000000087400000, 0x0000000087400000, 0x0000000087500000|  0%| F|  |TAMS 0x0000000087400000, 0x0000000087400000| Untracked 
|  73|0x0000000087500000, 0x0000000087500000, 0x0000000087600000|  0%| F|  |TAMS 0x0000000087500000, 0x0000000087500000| Untracked 
|  74|0x0000000087600000, 0x0000000087600000, 0x0000000087700000|  0%| F|  |TAMS 0x0000000087600000, 0x0000000087600000| Untracked 
|  75|0x0000000087700000, 0x0000000087700000, 0x0000000087800000|  0%| F|  |TAMS 0x0000000087700000, 0x0000000087700000| Untracked 
|  76|0x0000000087800000, 0x0000000087800000, 0x0000000087900000|  0%| F|  |TAMS 0x0000000087800000, 0x0000000087800000| Untracked 
|  77|0x0000000087900000, 0x0000000087900000, 0x0000000087a00000|  0%| F|  |TAMS 0x0000000087900000, 0x0000000087900000| Untracked 
|  78|0x0000000087a00000, 0x0000000087a00000, 0x0000000087b00000|  0%| F|  |TAMS 0x0000000087a00000, 0x0000000087a00000| Untracked 
|  79|0x0000000087b00000, 0x0000000087b00000, 0x0000000087c00000|  0%| F|  |TAMS 0x0000000087b00000, 0x0000000087b00000| Untracked 
|  80|0x0000000087c00000, 0x0000000087c00000, 0x0000000087d00000|  0%| F|  |TAMS 0x0000000087c00000, 0x0000000087c00000| Untracked 
|  81|0x0000000087d00000, 0x0000000087d00000, 0x0000000087e00000|  0%| F|  |TAMS 0x0000000087d00000, 0x0000000087d00000| Untracked 
|  82|0x0000000087e00000, 0x0000000087e00000, 0x0000000087f00000|  0%| F|  |TAMS 0x0000000087e00000, 0x0000000087e00000| Untracked 
|  83|0x0000000087f00000, 0x0000000087f00000, 0x0000000088000000|  0%| F|  |TAMS 0x0000000087f00000, 0x0000000087f00000| Untracked 
|  84|0x0000000088000000, 0x0000000088000000, 0x0000000088100000|  0%| F|  |TAMS 0x0000000088000000, 0x0000000088000000| Untracked 
|  85|0x0000000088100000, 0x0000000088100000, 0x0000000088200000|  0%| F|  |TAMS 0x0000000088100000, 0x0000000088100000| Untracked 
|  86|0x0000000088200000, 0x0000000088200000, 0x0000000088300000|  0%| F|  |TAMS 0x0000000088200000, 0x0000000088200000| Untracked 
|  87|0x0000000088300000, 0x0000000088300000, 0x0000000088400000|  0%| F|  |TAMS 0x0000000088300000, 0x0000000088300000| Untracked 
|  88|0x0000000088400000, 0x0000000088400000, 0x0000000088500000|  0%| F|  |TAMS 0x0000000088400000, 0x0000000088400000| Untracked 
|  89|0x0000000088500000, 0x0000000088500000, 0x0000000088600000|  0%| F|  |TAMS 0x0000000088500000, 0x0000000088500000| Untracked 
|  90|0x0000000088600000, 0x0000000088600000, 0x0000000088700000|  0%| F|  |TAMS 0x0000000088600000, 0x0000000088600000| Untracked 
|  91|0x0000000088700000, 0x0000000088700000, 0x0000000088800000|  0%| F|  |TAMS 0x0000000088700000, 0x0000000088700000| Untracked 
|  92|0x0000000088800000, 0x0000000088800000, 0x0000000088900000|  0%| F|  |TAMS 0x0000000088800000, 0x0000000088800000| Untracked 
|  93|0x0000000088900000, 0x0000000088900000, 0x0000000088a00000|  0%| F|  |TAMS 0x0000000088900000, 0x0000000088900000| Untracked 
|  94|0x0000000088a00000, 0x0000000088a00000, 0x0000000088b00000|  0%| F|  |TAMS 0x0000000088a00000, 0x0000000088a00000| Untracked 
|  95|0x0000000088b00000, 0x0000000088b00000, 0x0000000088c00000|  0%| F|  |TAMS 0x0000000088b00000, 0x0000000088b00000| Untracked 
|  96|0x0000000088c00000, 0x0000000088c00000, 0x0000000088d00000|  0%| F|  |TAMS 0x0000000088c00000, 0x0000000088c00000| Untracked 
|  97|0x0000000088d00000, 0x0000000088d00000, 0x0000000088e00000|  0%| F|  |TAMS 0x0000000088d00000, 0x0000000088d00000| Untracked 
|  98|0x0000000088e00000, 0x0000000088e00000, 0x0000000088f00000|  0%| F|  |TAMS 0x0000000088e00000, 0x0000000088e00000| Untracked 
|  99|0x0000000088f00000, 0x0000000088f00000, 0x0000000089000000|  0%| F|  |TAMS 0x0000000088f00000, 0x0000000088f00000| Untracked 
| 100|0x0000000089000000, 0x0000000089000000, 0x0000000089100000|  0%| F|  |TAMS 0x0000000089000000, 0x0000000089000000| Untracked 
| 101|0x0000000089100000, 0x0000000089100000, 0x0000000089200000|  0%| F|  |TAMS 0x0000000089100000, 0x0000000089100000| Untracked 
| 102|0x0000000089200000, 0x0000000089200000, 0x0000000089300000|  0%| F|  |TAMS 0x0000000089200000, 0x0000000089200000| Untracked 
| 103|0x0000000089300000, 0x0000000089300000, 0x0000000089400000|  0%| F|  |TAMS 0x0000000089300000, 0x0000000089300000| Untracked 
| 104|0x0000000089400000, 0x0000000089400000, 0x0000000089500000|  0%| F|  |TAMS 0x0000000089400000, 0x0000000089400000| Untracked 
| 105|0x0000000089500000, 0x0000000089500000, 0x0000000089600000|  0%| F|  |TAMS 0x0000000089500000, 0x0000000089500000| Untracked 
| 106|0x0000000089600000, 0x0000000089600000, 0x0000000089700000|  0%| F|  |TAMS 0x0000000089600000, 0x0000000089600000| Untracked 
| 107|0x0000000089700000, 0x0000000089700000, 0x0000000089800000|  0%| F|  |TAMS 0x0000000089700000, 0x0000000089700000| Untracked 
| 108|0x0000000089800000, 0x0000000089800000, 0x0000000089900000|  0%| F|  |TAMS 0x0000000089800000, 0x0000000089800000| Untracked 
| 109|0x0000000089900000, 0x0000000089900000, 0x0000000089a00000|  0%| F|  |TAMS 0x0000000089900000, 0x0000000089900000| Untracked 
| 110|0x0000000089a00000, 0x0000000089a00000, 0x0000000089b00000|  0%| F|  |TAMS 0x0000000089a00000, 0x0000000089a00000| Untracked 
| 111|0x0000000089b00000, 0x0000000089b00000, 0x0000000089c00000|  0%| F|  |TAMS 0x0000000089b00000, 0x0000000089b00000| Untracked 
| 112|0x0000000089c00000, 0x0000000089c00000, 0x0000000089d00000|  0%| F|  |TAMS 0x0000000089c00000, 0x0000000089c00000| Untracked 
| 113|0x0000000089d00000, 0x0000000089d00000, 0x0000000089e00000|  0%| F|  |TAMS 0x0000000089d00000, 0x0000000089d00000| Untracked 
| 114|0x0000000089e00000, 0x0000000089e00000, 0x0000000089f00000|  0%| F|  |TAMS 0x0000000089e00000, 0x0000000089e00000| Untracked 
| 115|0x0000000089f00000, 0x0000000089f00000, 0x000000008a000000|  0%| F|  |TAMS 0x0000000089f00000, 0x0000000089f00000| Untracked 
| 116|0x000000008a000000, 0x000000008a000000, 0x000000008a100000|  0%| F|  |TAMS 0x000000008a000000, 0x000000008a000000| Untracked 
| 117|0x000000008a100000, 0x000000008a100000, 0x000000008a200000|  0%| F|  |TAMS 0x000000008a100000, 0x000000008a100000| Untracked 
| 118|0x000000008a200000, 0x000000008a2749b0, 0x000000008a300000| 45%| S|CS|TAMS 0x000000008a200000, 0x000000008a200000| Complete 
| 119|0x000000008a300000, 0x000000008a400000, 0x000000008a400000|100%| S|CS|TAMS 0x000000008a300000, 0x000000008a300000| Complete 
| 120|0x000000008a400000, 0x000000008a400000, 0x000000008a500000|  0%| F|  |TAMS 0x000000008a400000, 0x000000008a400000| Untracked 
| 121|0x000000008a500000, 0x000000008a500000, 0x000000008a600000|  0%| F|  |TAMS 0x000000008a500000, 0x000000008a500000| Untracked 
| 122|0x000000008a600000, 0x000000008a600000, 0x000000008a700000|  0%| F|  |TAMS 0x000000008a600000, 0x000000008a600000| Untracked 
| 123|0x000000008a700000, 0x000000008a700000, 0x000000008a800000|  0%| F|  |TAMS 0x000000008a700000, 0x000000008a700000| Untracked 
| 124|0x000000008a800000, 0x000000008a800000, 0x000000008a900000|  0%| F|  |TAMS 0x000000008a800000, 0x000000008a800000| Untracked 
| 125|0x000000008a900000, 0x000000008a900000, 0x000000008aa00000|  0%| F|  |TAMS 0x000000008a900000, 0x000000008a900000| Untracked 

Card table byte_map: [0x000001c4ad700000,0x000001c4adaf0000] _byte_map_base: 0x000001c4ad2ea000

Marking Bits (Prev, Next): (CMBitMap*) 0x000001c49a9c9fe8, (CMBitMap*) 0x000001c49a9ca020
 Prev Bits: [0x000001c4adee0000, 0x000001c4afe30000)
 Next Bits: [0x000001c4afe30000, 0x000001c4b1d80000)

Polling page: 0x000001c498b30000

Metaspace:

Usage:
  Non-class:      7.19 MB capacity,     7.17 MB (>99%) used,    10.59 KB ( <1%) free+waste,     5.31 KB ( <1%) overhead. 
      Class:    768.00 KB capacity,   724.34 KB ( 94%) used,    41.54 KB (  5%) free+waste,     2.13 KB ( <1%) overhead. 
       Both:      7.94 MB capacity,     7.88 MB (>99%) used,    52.13 KB ( <1%) free+waste,     7.44 KB ( <1%) overhead. 

Virtual space:
  Non-class space:       20.00 MB reserved,       7.25 MB ( 36%) committed 
      Class space:        1.00 GB reserved,     768.00 KB ( <1%) committed 
             Both:        1.02 GB reserved,       8.00 MB ( <1%) committed 

Chunk freelists:
   Non-Class:  61.00 KB
       Class:  0 bytes
        Both:  61.00 KB

MaxMetaspaceSize: 17179869184.00 GB
CompressedClassSpaceSize: 1.00 GB

CodeHeap 'non-profiled nmethods': size=120064Kb used=65Kb max_used=65Kb free=119998Kb
 bounds [0x000001c4a5dd0000, 0x000001c4a6040000, 0x000001c4ad310000]
CodeHeap 'profiled nmethods': size=120000Kb used=450Kb max_used=450Kb free=119549Kb
 bounds [0x000001c49e8a0000, 0x000001c49eb10000, 0x000001c4a5dd0000]
CodeHeap 'non-nmethods': size=5696Kb used=1062Kb max_used=1065Kb free=4633Kb
 bounds [0x000001c49e310000, 0x000001c49e580000, 0x000001c49e8a0000]
 total_blobs=665 nmethods=305 adapters=272
 compilation: enabled
              stopped_count=0, restarted_count=0
 full_count=0

Compilation events (20 events):
Event: 0.346 Thread 0x000001c4b428c800  291       1       java.lang.invoke.MethodType::form (5 bytes)
Event: 0.346 Thread 0x000001c4b428c800 nmethod 291 0x000001c4a5ddec10 code [0x000001c4a5ddedc0, 0x000001c4a5ddee78]
Event: 0.347 Thread 0x000001c4b428c800  292       1       java.lang.invoke.MethodType::ptypes (5 bytes)
Event: 0.347 Thread 0x000001c4b428c800 nmethod 292 0x000001c4a5ddef10 code [0x000001c4a5ddf0c0, 0x000001c4a5ddf178]
Event: 0.350 Thread 0x000001c4b428c800  297       3       java.lang.invoke.MethodType::checkSlotCount (33 bytes)
Event: 0.351 Thread 0x000001c4b428c800 nmethod 297 0x000001c49e90e790 code [0x000001c49e90ea00, 0x000001c49e90f298]
Event: 0.351 Thread 0x000001c4b428c800  298       3       java.lang.ref.WeakReference::<init> (6 bytes)
Event: 0.351 Thread 0x000001c4b428c800 nmethod 298 0x000001c49e90f590 code [0x000001c49e90f760, 0x000001c49e90fa58]
Event: 0.353 Thread 0x000001c4b428c800  300       3       java.nio.ByteBuffer::limit (8 bytes)
Event: 0.353 Thread 0x000001c4b428c800 nmethod 300 0x000001c49e90fb90 code [0x000001c49e90fd40, 0x000001c49e90fe88]
Event: 0.353 Thread 0x000001c4b428c800  302       3       java.nio.MappedByteBuffer::position (8 bytes)
Event: 0.354 Thread 0x000001c4b428c800 nmethod 302 0x000001c49e90ff10 code [0x000001c49e9100e0, 0x000001c49e910288]
Event: 0.354 Thread 0x000001c4b428c800  303       3       java.util.Optional::orElse (16 bytes)
Event: 0.354 Thread 0x000001c4b428c800 nmethod 303 0x000001c49e910390 code [0x000001c49e910540, 0x000001c49e910698]
Event: 0.354 Thread 0x000001c4b428c800  301       1       java.nio.DirectByteBuffer::address (5 bytes)
Event: 0.354 Thread 0x000001c4b428c800 nmethod 301 0x000001c4a5ddff10 code [0x000001c4a5de00c0, 0x000001c4a5de0178]
Event: 0.354 Thread 0x000001c4b428c800  304       1       java.util.ArrayList::size (5 bytes)
Event: 0.354 Thread 0x000001c4b428c800 nmethod 304 0x000001c4a5de0210 code [0x000001c4a5de03c0, 0x000001c4a5de0478]
Event: 0.355 Thread 0x000001c4b428c800  305       3       java.lang.String::startsWith (7 bytes)
Event: 0.356 Thread 0x000001c4b428c800 nmethod 305 0x000001c49e910710 code [0x000001c49e9108c0, 0x000001c49e910a08]

GC Heap History (2 events):
Event: 0.364 GC heap before
{Heap before GC invocations=0 (full 0):
 garbage-first heap   total 129024K, used 4096K [0x0000000082c00000, 0x0000000100000000)
  region size 1024K, 6 young (6144K), 0 survivors (0K)
 Metaspace       used 8071K, capacity 8131K, committed 8192K, reserved 1067008K
  class space    used 724K, capacity 768K, committed 768K, reserved 1048576K
}
Event: 0.368 GC heap after
{Heap after GC invocations=1 (full 0):
 garbage-first heap   total 129024K, used 1490K [0x0000000082c00000, 0x0000000100000000)
  region size 1024K, 2 young (2048K), 2 survivors (2048K)
 Metaspace       used 8071K, capacity 8131K, committed 8192K, reserved 1067008K
  class space    used 724K, capacity 768K, committed 768K, reserved 1048576K
}

Deoptimization events (4 events):
Event: 0.135 Thread 0x000001c49a98a800 Uncommon trap: trap_request=0xffffff4d fr.pc=0x000001c4a5dd3c10 relative=0x00000000000001f0
Event: 0.135 Thread 0x000001c49a98a800 Uncommon trap: reason=unstable_if action=reinterpret pc=0x000001c4a5dd3c10 method=java.lang.String.hashCode()I @ 14 c2
Event: 0.135 Thread 0x000001c49a98a800 DEOPT PACKING pc=0x000001c4a5dd3c10 sp=0x0000007fa6cfd810
Event: 0.135 Thread 0x000001c49a98a800 DEOPT UNPACKING pc=0x000001c49e3374af sp=0x0000007fa6cfd7a8 mode 2

Classes redefined (0 events):
No events

Internal exceptions (0 events):
No events

Events (20 events):
Event: 0.361 loading class java/net/InetAddress
Event: 0.362 loading class java/net/InetAddress done
Event: 0.362 loading class java/net/InetAddress$1
Event: 0.362 loading class java/net/InetAddress$1 done
Event: 0.362 loading class java/net/InetAddress$2
Event: 0.362 loading class jdk/internal/misc/JavaNetInetAddressAccess
Event: 0.362 loading class jdk/internal/misc/JavaNetInetAddressAccess done
Event: 0.362 loading class java/net/InetAddress$2 done
Event: 0.362 loading class java/net/InetAddress$InetAddressHolder
Event: 0.362 loading class java/net/InetAddress$InetAddressHolder done
Event: 0.362 loading class java/util/concurrent/ConcurrentSkipListSet
Event: 0.362 loading class java/util/NavigableSet
Event: 0.362 loading class java/util/SortedSet
Event: 0.363 loading class java/util/SortedSet done
Event: 0.363 loading class java/util/NavigableSet done
Event: 0.363 loading class java/util/concurrent/ConcurrentSkipListSet done
Event: 0.363 loading class java/util/concurrent/ConcurrentSkipListMap
Event: 0.363 loading class java/util/concurrent/ConcurrentNavigableMap
Event: 0.363 loading class java/util/concurrent/ConcurrentNavigableMap done
Event: 0.364 Executing VM operation: CollectForMetadataAllocation


Dynamic libraries:
0x00007ff789c80000 - 0x00007ff789c8a000 	C:\Program Files\Android\Android Studio\jre\bin\java.exe
0x00007ffb39110000 - 0x00007ffb39305000 	C:\WINDOWS\SYSTEM32\ntdll.dll
0x00007ffb380b0000 - 0x00007ffb3816e000 	C:\WINDOWS\System32\KERNEL32.DLL
0x00007ffb369c0000 - 0x00007ffb36c88000 	C:\WINDOWS\System32\KERNELBASE.dll
0x00007ffb37050000 - 0x00007ffb37150000 	C:\WINDOWS\System32\ucrtbase.dll
0x00007ffb10700000 - 0x00007ffb10717000 	C:\Program Files\Android\Android Studio\jre\bin\VCRUNTIME140.dll
0x00007ffb10790000 - 0x00007ffb107a9000 	C:\Program Files\Android\Android Studio\jre\bin\jli.dll
0x00007ffb385b0000 - 0x00007ffb38751000 	C:\WINDOWS\System32\USER32.dll
0x00007ffb36e20000 - 0x00007ffb36e42000 	C:\WINDOWS\System32\win32u.dll
0x00007ffb2b760000 - 0x00007ffb2b9fa000 	C:\WINDOWS\WinSxS\amd64_microsoft.windows.common-controls_6595b64144ccf1df_6.0.19041.1110_none_60b5254171f9507e\COMCTL32.dll
0x00007ffb376d0000 - 0x00007ffb376fb000 	C:\WINDOWS\System32\GDI32.dll
0x00007ffb37f30000 - 0x00007ffb37fce000 	C:\WINDOWS\System32\msvcrt.dll
0x00007ffb36f40000 - 0x00007ffb3704d000 	C:\WINDOWS\System32\gdi32full.dll
0x00007ffb36870000 - 0x00007ffb3690d000 	C:\WINDOWS\System32\msvcp_win.dll
0x00007ffb38760000 - 0x00007ffb38790000 	C:\WINDOWS\System32\IMM32.DLL
0x00007ffb02720000 - 0x00007ffb027bd000 	C:\Program Files\Android\Android Studio\jre\bin\msvcp140.dll
0x00007ffaf6860000 - 0x00007ffaf731c000 	C:\Program Files\Android\Android Studio\jre\bin\server\jvm.dll
0x00007ffb37d50000 - 0x00007ffb37dfe000 	C:\WINDOWS\System32\ADVAPI32.dll
0x00007ffb37b80000 - 0x00007ffb37c1c000 	C:\WINDOWS\System32\sechost.dll
0x00007ffb37c20000 - 0x00007ffb37d45000 	C:\WINDOWS\System32\RPCRT4.dll
0x00007ffb37fd0000 - 0x00007ffb37fd8000 	C:\WINDOWS\System32\PSAPI.DLL
0x00007ffb34f80000 - 0x00007ffb34f89000 	C:\WINDOWS\SYSTEM32\WSOCK32.dll
0x00007ffb2d700000 - 0x00007ffb2d727000 	C:\WINDOWS\SYSTEM32\WINMM.dll
0x00007ffb38450000 - 0x00007ffb384bb000 	C:\WINDOWS\System32\WS2_32.dll
0x00007ffb30a80000 - 0x00007ffb30a8a000 	C:\WINDOWS\SYSTEM32\VERSION.dll
0x00007ffb350f0000 - 0x00007ffb35102000 	C:\WINDOWS\SYSTEM32\kernel.appcore.dll
0x00007ffb2ff90000 - 0x00007ffb2ffa1000 	C:\Program Files\Android\Android Studio\jre\bin\verify.dll
0x00007ffb34d70000 - 0x00007ffb34f54000 	C:\WINDOWS\SYSTEM32\DBGHELP.DLL
0x00007ffb2fce0000 - 0x00007ffb2fd0c000 	C:\WINDOWS\SYSTEM32\dbgcore.DLL
0x00007ffb36e50000 - 0x00007ffb36ed2000 	C:\WINDOWS\System32\bcryptPrimitives.dll
0x00007ffb2fec0000 - 0x00007ffb2fee9000 	C:\Program Files\Android\Android Studio\jre\bin\java.dll
0x00007ffb31bf0000 - 0x00007ffb31bfb000 	C:\Program Files\Android\Android Studio\jre\bin\jimage.dll
0x00007ffb2ce90000 - 0x00007ffb2cea8000 	C:\Program Files\Android\Android Studio\jre\bin\zip.dll
0x00007ffb38980000 - 0x00007ffb390c4000 	C:\WINDOWS\System32\SHELL32.dll
0x00007ffb345d0000 - 0x00007ffb34d65000 	C:\WINDOWS\SYSTEM32\windows.storage.dll
0x00007ffb37310000 - 0x00007ffb37665000 	C:\WINDOWS\System32\combase.dll
0x00007ffb36270000 - 0x00007ffb3629e000 	C:\WINDOWS\SYSTEM32\Wldp.dll
0x00007ffb38790000 - 0x00007ffb3883d000 	C:\WINDOWS\System32\SHCORE.dll
0x00007ffb384d0000 - 0x00007ffb38525000 	C:\WINDOWS\System32\shlwapi.dll
0x00007ffb36760000 - 0x00007ffb3677f000 	C:\WINDOWS\SYSTEM32\profapi.dll
0x00007ffb29de0000 - 0x00007ffb29dfa000 	C:\Program Files\Android\Android Studio\jre\bin\net.dll
0x00007ffb2d310000 - 0x00007ffb2d41c000 	C:\WINDOWS\SYSTEM32\WINHTTP.dll
0x00007ffb35fd0000 - 0x00007ffb3603a000 	C:\WINDOWS\system32\mswsock.dll
0x00007ffb29dc0000 - 0x00007ffb29dd4000 	C:\Program Files\Android\Android Studio\jre\bin\nio.dll

dbghelp: loaded successfully - version: 4.0.5 - missing functions: none
symbol engine: initialized successfully - sym options: 0x614 - pdb path: .;C:\Program Files\Android\Android Studio\jre\bin;C:\WINDOWS\SYSTEM32;C:\WINDOWS\WinSxS\amd64_microsoft.windows.common-controls_6595b64144ccf1df_6.0.19041.1110_none_60b5254171f9507e;C:\Program Files\Android\Android Studio\jre\bin\server

VM Arguments:
java_command: org.jetbrains.git4idea.http.GitAskPassApp Password for 'https://amritkaur.nextpage@gmail.com@gitlab.com': 
java_class_path (initial): C:/Program Files/Android/Android Studio/plugins/git4idea/lib/git4idea-rt.jar;C:/Program Files/Android/Android Studio/lib/xmlrpc-2.0.1.jar;C:/Program Files/Android/Android Studio/lib/commons-codec-1.14.jar
Launcher Type: SUN_STANDARD

[Global flags]
     intx CICompilerCount                          = 3                                         {product} {ergonomic}
     uint ConcGCThreads                            = 1                                         {product} {ergonomic}
     uint G1ConcRefinementThreads                  = 4                                         {product} {ergonomic}
   size_t G1HeapRegionSize                         = 1048576                                   {product} {ergonomic}
    uintx GCDrainStackTargetSize                   = 64                                        {product} {ergonomic}
   size_t InitialHeapSize                          = 132120576                                 {product} {ergonomic}
   size_t MarkStackSize                            = 4194304                                   {product} {ergonomic}
   size_t MaxHeapSize                              = 2101346304                                {product} {ergonomic}
   size_t MaxNewSize                               = 1260388352                                {product} {ergonomic}
   size_t MinHeapDeltaBytes                        = 1048576                                   {product} {ergonomic}
    uintx NonNMethodCodeHeapSize                   = 5830732                                {pd product} {ergonomic}
    uintx NonProfiledCodeHeapSize                  = 122913754                              {pd product} {ergonomic}
    uintx ProfiledCodeHeapSize                     = 122913754                              {pd product} {ergonomic}
    uintx ReservedCodeCacheSize                    = 251658240                              {pd product} {ergonomic}
     bool SegmentedCodeCache                       = true                                      {product} {ergonomic}
     bool UseCompressedClassPointers               = true                                 {lp64_product} {ergonomic}
     bool UseCompressedOops                        = true                                 {lp64_product} {ergonomic}
     bool UseG1GC                                  = true                                      {product} {ergonomic}
     bool UseLargePagesIndividualAllocation        = false                                  {pd product} {ergonomic}

Logging:
Log output configuration:
 #0: stdout all=warning uptime,level,tags
 #1: stderr all=off uptime,level,tags

Environment Variables:
PATH=C:\Program Files\Git\mingw64\libexec\git-core;C:\Program Files\Git\mingw64\libexec\git-core;C:\Program Files\Git\mingw64\bin;C:\Program Files\Git\usr\bin;C:\Users\Jaswinder\bin;C:\Program Files (x86)\Intel\iCLS Client;C:\Program Files\Intel\iCLS Client;C:\windows\system32;C:\windows;C:\windows\System32\Wbem;C:\windows\System32\WindowsPowerShell\v1.0;C:\Program Files (x86)\Intel\Intel(R) Management Engine Components\DAL;C:\Program Files\Intel\Intel(R) Management Engine Components\DAL;C:\Program Files (x86)\Intel\Intel(R) Management Engine Components\IPT;C:\Program Files\Intel\Intel(R) Management Engine Components\IPT;C:\Program Files (x86)\NVIDIA Corporation\PhysX\Common;C:\WINDOWS\system32;C:\WINDOWS;C:\WINDOWS\System32\Wbem;C:\WINDOWS\System32\WindowsPowerShell\v1.0;C:\WINDOWS\System32\OpenSSH;C:\Program Files (x86)\QuickTime\QTSystem;C:\Program Files\Git\cmd;C:\Users\Jaswinder\AppData\Local\Microsoft\WindowsApps
USERNAME=Jaswinder
DISPLAY=:0.0
LC_ALL=en_US.UTF-8
OS=Windows_NT
PROCESSOR_IDENTIFIER=Intel64 Family 6 Model 78 Stepping 3, GenuineIntel



---------------  S Y S T E M  ---------------

OS: Windows 10 , 64 bit Build 19041 (10.0.19041.1466)
OS uptime: 1 days 17:30 hours

CPU:total 4 (initial active 4) (2 cores per cpu, 2 threads per core) family 6 model 78 stepping 3, cmov, cx8, fxsr, mmx, sse, sse2, sse3, ssse3, sse4.1, sse4.2, popcnt, avx, avx2, aes, clmul, erms, 3dnowpref, lzcnt, ht, tsc, tscinvbit, bmi1, bmi2, adx, fma

Memory: 4k page, system-wide physical 8012M (627M free)
TotalPageFile size 8012M (AvailPageFile size 25M)
current process WorkingSet (physical memory assigned to process): 46M, peak: 46M
current process commit charge ("private bytes"): 197M, peak: 198M

vm_info: OpenJDK 64-Bit Server VM (11.0.8+10-b944.6842174) for windows-amd64 JRE (11.0.8+10-b944.6842174), built on Sep 19 2020 01:11:42 by "builder" with MS VC++ 14.0 (VS2015)

END.
