#
# There is insufficient memory for the Java Runtime Environment to continue.
# Native memory allocation (malloc) failed to allocate 32744 bytes for ChunkPool::allocate
# Possible reasons:
#   The system is out of physical RAM or swap space
#   The process is running with CompressedOops enabled, and the Java Heap may be blocking the growth of the native heap
# Possible solutions:
#   Reduce memory load on the system
#   Increase physical memory or swap space
#   Check if swap backing store is full
#   Decrease Java heap size (-Xmx/-Xms)
#   Decrease number of Java threads
#   Decrease Java thread stack sizes (-Xss)
#   Set larger code cache with -XX:ReservedCodeCacheSize=
#   JVM is running with Unscaled Compressed Oops mode in which the Java heap is
#     placed in the first 4GB address space. The Java Heap base address is the
#     maximum limit for the native heap growth. Please use -XX:HeapBaseMinAddress
#     to set the Java Heap base and to place the Java Heap above 4GB virtual address.
# This output file may be truncated or incomplete.
#
#  Out of Memory Error (./src/hotspot/share/memory/arena.cpp:81), pid=9224, tid=11416
#
# JRE version: OpenJDK Runtime Environment (11.0.8+10) (build 11.0.8+10-b944.6842174)
# Java VM: OpenJDK 64-Bit Server VM (11.0.8+10-b944.6842174, mixed mode, tiered, compressed oops, g1 gc, windows-amd64)
# No core dump will be written. Minidumps are not enabled by default on client versions of Windows
#

---------------  S U M M A R Y ------------

Command Line: --add-opens=java.base/java.util=ALL-UNNAMED --add-opens=java.base/java.lang=ALL-UNNAMED --add-opens=java.base/java.lang.invoke=ALL-UNNAMED --add-opens=java.prefs/java.util.prefs=ALL-UNNAMED -Xmx2048m -Dfile.encoding=UTF-8 -Duser.country=CA -Duser.language=en -Duser.variant org.gradle.launcher.daemon.bootstrap.GradleDaemon 6.5

Host: Intel(R) Core(TM) i5-6200U CPU @ 2.30GHz, 4 cores, 7G,  Windows 10 , 64 bit Build 19041 (10.0.19041.1466)
Time: Wed Feb  2 14:33:57 2022 India Standard Time elapsed time: 495 seconds (0d 0h 8m 15s)

---------------  T H R E A D  ---------------

Current thread (0x000001bbebc0a000):  JavaThread "C2 CompilerThread0" daemon [_thread_in_native, id=11416, stack(0x0000001510c00000,0x0000001510d00000)]


Current CompileTask:
C2: 495427 17139   !   4       com.sun.tools.javac.comp.Resolve::selectBest (339 bytes)

Stack: [0x0000001510c00000,0x0000001510d00000]
Native frames: (J=compiled Java code, j=interpreted, Vv=VM code, C=native code)
V  [jvm.dll+0x5de50a]
V  [jvm.dll+0x7122f5]
V  [jvm.dll+0x71384d]
V  [jvm.dll+0x713f03]
V  [jvm.dll+0x23e728]
V  [jvm.dll+0xb8beb]
V  [jvm.dll+0xb8e9c]
V  [jvm.dll+0x355b56]
V  [jvm.dll+0x3553d1]
V  [jvm.dll+0x355414]
V  [jvm.dll+0x3504ca]
V  [jvm.dll+0x34efb3]
V  [jvm.dll+0x193ef0]
V  [jvm.dll+0x1f780e]
V  [jvm.dll+0x1f68d4]
V  [jvm.dll+0x17f32c]
V  [jvm.dll+0x205047]
V  [jvm.dll+0x203891]
V  [jvm.dll+0x6dad3f]
V  [jvm.dll+0x6d3895]
V  [jvm.dll+0x5dd4a6]
C  [ucrtbase.dll+0x21bb2]
C  [KERNEL32.DLL+0x17034]
C  [ntdll.dll+0x52651]


---------------  P R O C E S S  ---------------

Threads class SMR info:
_java_thread_list=0x000001bbf42357f0, length=163, elements={
0x000001bbd219a000, 0x000001bbebbfe800, 0x000001bbebc00000, 0x000001bbec592800,
0x000001bbebc09000, 0x000001bbebc0a000, 0x000001bbec5b8800, 0x000001bbec5c7000,
0x000001bbec6bc000, 0x000001bbec6f5800, 0x000001bbee289800, 0x000001bbedf94800,
0x000001bbedccf000, 0x000001bbed5c6000, 0x000001bbed5c6800, 0x000001bbed5c9000,
0x000001bbed5c4000, 0x000001bbf06b6000, 0x000001bbf1fd1800, 0x000001bbf1fce000,
0x000001bbf1fd5000, 0x000001bbf1fd5800, 0x000001bbf1fd0800, 0x000001bbf1fdd000,
0x000001bbf1fd8000, 0x000001bbf0bd4000, 0x000001bbf0bd8000, 0x000001bbf0bd3000,
0x000001bbf0bd8800, 0x000001bbf0bd9800, 0x000001bbf0bda800, 0x000001bbf0bd6000,
0x000001bbf0bd4800, 0x000001bbf0bd7000, 0x000001bbf0bdb000, 0x000001bbf0bd5800,
0x000001bbf0bdd000, 0x000001bbf0bdc000, 0x000001bbf0bdd800, 0x000001bbf0bde800,
0x000001bbf0be0000, 0x000001bbf0be1000, 0x000001bbf0be1800, 0x000001bbf268a800,
0x000001bbf268b000, 0x000001bbf268e800, 0x000001bbf268f000, 0x000001bbf268c000,
0x000001bbf2689800, 0x000001bbf2690000, 0x000001bbf2691000, 0x000001bbf2691800,
0x000001bbf268c800, 0x000001bbf2693000, 0x000001bbf2695800, 0x000001bbf2696800,
0x000001bbf2695000, 0x000001bbf2697800, 0x000001bbf2694000, 0x000001bbf2692800,
0x000001bbf2698000, 0x000001bbf1fd2800, 0x000001bbf1fd3000, 0x000001bbf1fd4000,
0x000001bbf1fcf000, 0x000001bbf1fd0000, 0x000001bbf1fd7000, 0x000001bbf1fd9000,
0x000001bbf1fd9800, 0x000001bbf1fdb800, 0x000001bbed5c7800, 0x000001bbed5c3800,
0x000001bbed5c5000, 0x000001bbed5ca000, 0x000001bbed5c8800, 0x000001bbf06bc000,
0x000001bbf06bc800, 0x000001bbf06ba800, 0x000001bbf06bb000, 0x000001bbf06b8000,
0x000001bbf0bc4000, 0x000001bbf0bc4800, 0x000001bbf0bc8800, 0x000001bbf0bc7000,
0x000001bbf0bc5800, 0x000001bbf0bc8000, 0x000001bbf0bc6000, 0x000001bbf0bc3000,
0x000001bbf0bce800, 0x000001bbf0bcd800, 0x000001bbf0bcf000, 0x000001bbf0bc9800,
0x000001bbf0bd0000, 0x000001bbf0bca800, 0x000001bbf0bcc000, 0x000001bbf0bcd000,
0x000001bbf0bd1000, 0x000001bbf0bcb000, 0x000001bbf0bd1800, 0x000001bbf1028000,
0x000001bbf1025800, 0x000001bbf1029000, 0x000001bbf102a000, 0x000001bbf1024000,
0x000001bbf1026800, 0x000001bbf102a800, 0x000001bbf1025000, 0x000001bbf102b800,
0x000001bbf1027800, 0x000001bbf102c000, 0x000001bbf1032800, 0x000001bbf1031000,
0x000001bbf102d000, 0x000001bbf1030800, 0x000001bbf1032000, 0x000001bbf102e000,
0x000001bbf102e800, 0x000001bbf102f800, 0x000001bbee617000, 0x000001bbee616800,
0x000001bbee614800, 0x000001bbee613000, 0x000001bbee612000, 0x000001bbee615800,
0x000001bbee618000, 0x000001bbee618800, 0x000001bbee619800, 0x000001bbee614000,
0x000001bbee61a800, 0x000001bbee61f000, 0x000001bbee61b000, 0x000001bbee620000,
0x000001bbee61d000, 0x000001bbee621000, 0x000001bbee61c000, 0x000001bbee61d800,
0x000001bbee61e800, 0x000001bbeec4d000, 0x000001bbeec4a800, 0x000001bbeec4e800,
0x000001bbeec49800, 0x000001bbeec51000, 0x000001bbeec4f800, 0x000001bbeec4c000,
0x000001bbeec50000, 0x000001bbeec4d800, 0x000001bbeec4b000, 0x000001bbeec57800,
0x000001bbeec54000, 0x000001bbeec51800, 0x000001bbeec58000, 0x000001bbeec56800,
0x000001bbeec52800, 0x000001bbeec55000, 0x000001bbeec56000, 0x000001bbef1ae800,
0x000001bbef1ac000, 0x000001bbef1ad800, 0x000001bbef1ac800, 0x000001bbef1af000,
0x000001bbef1ab000, 0x000001bbef1aa000, 0x000001bbf0ebe800
}

Java Threads: ( => current thread )
  0x000001bbd219a000 JavaThread "main" [_thread_blocked, id=6288, stack(0x0000001510100000,0x0000001510200000)]
  0x000001bbebbfe800 JavaThread "Reference Handler" daemon [_thread_blocked, id=9568, stack(0x0000001510800000,0x0000001510900000)]
  0x000001bbebc00000 JavaThread "Finalizer" daemon [_thread_blocked, id=12316, stack(0x0000001510900000,0x0000001510a00000)]
  0x000001bbec592800 JavaThread "Signal Dispatcher" daemon [_thread_blocked, id=7884, stack(0x0000001510a00000,0x0000001510b00000)]
  0x000001bbebc09000 JavaThread "Attach Listener" daemon [_thread_blocked, id=12504, stack(0x0000001510b00000,0x0000001510c00000)]
=>0x000001bbebc0a000 JavaThread "C2 CompilerThread0" daemon [_thread_in_native, id=11416, stack(0x0000001510c00000,0x0000001510d00000)]
  0x000001bbec5b8800 JavaThread "C1 CompilerThread0" daemon [_thread_in_native, id=7956, stack(0x0000001510d00000,0x0000001510e00000)]
  0x000001bbec5c7000 JavaThread "Sweeper thread" daemon [_thread_blocked, id=9600, stack(0x0000001510e00000,0x0000001510f00000)]
  0x000001bbec6bc000 JavaThread "Common-Cleaner" daemon [_thread_blocked, id=12372, stack(0x0000001510f00000,0x0000001511000000)]
  0x000001bbec6f5800 JavaThread "Service Thread" daemon [_thread_blocked, id=11960, stack(0x0000001511000000,0x0000001511100000)]
  0x000001bbee289800 JavaThread "Daemon health stats" [_thread_blocked, id=1340, stack(0x0000001511400000,0x0000001511500000)]
  0x000001bbedf94800 JavaThread "Incoming local TCP Connector on port 60260" [_thread_in_native, id=11204, stack(0x0000001511700000,0x0000001511800000)]
  0x000001bbedccf000 JavaThread "Daemon periodic checks" [_thread_blocked, id=12280, stack(0x0000001511900000,0x0000001511a00000)]
  0x000001bbed5c6000 JavaThread "Cache worker for journal cache (C:\Users\Jaswinder\.gradle\caches\journal-1)" [_thread_in_native, id=8912, stack(0x0000001512000000,0x0000001512100000)]
  0x000001bbed5c6800 JavaThread "File lock request listener" [_thread_in_native, id=6884, stack(0x0000001512200000,0x0000001512300000)]
  0x000001bbed5c9000 JavaThread "Cache worker for file hash cache (C:\Users\Jaswinder\.gradle\caches\6.5\fileHashes)" [_thread_blocked, id=12348, stack(0x0000001512300000,0x0000001512400000)]
  0x000001bbed5c4000 JavaThread "Cache worker for execution history cache (C:\Users\Jaswinder\.gradle\caches\6.5\executionHistory)" [_thread_blocked, id=7604, stack(0x0000001512900000,0x0000001512a00000)]
  0x000001bbf06b6000 JavaThread "Cache worker for file content cache (C:\Users\Jaswinder\.gradle\caches\6.5\fileContent)" [_thread_blocked, id=1532, stack(0x0000001512b00000,0x0000001512c00000)]
  0x000001bbf1fd1800 JavaThread "Memory manager" [_thread_blocked, id=5000, stack(0x000000151a200000,0x000000151a300000)]
  0x000001bbf1fce000 JavaThread "RMI Scheduler(0)" daemon [_thread_blocked, id=12640, stack(0x000000151a100000,0x000000151a200000)]
  0x000001bbf1fd5000 JavaThread "RMI GC Daemon" daemon [_thread_blocked, id=11352, stack(0x000000151a900000,0x000000151aa00000)]
  0x000001bbf1fd5800 JavaThread "RMI TCP Accept-0" daemon [_thread_in_native, id=10784, stack(0x000000151aa00000,0x000000151ab00000)]
  0x000001bbf1fd0800 JavaThread "RMI Reaper" [_thread_blocked, id=2652, stack(0x000000151ab00000,0x000000151ac00000)]
  0x000001bbf1fdd000 JavaThread "Cache worker for Java compile cache (C:\Users\Jaswinder\.gradle\caches\6.5\javaCompile)" [_thread_blocked, id=7092, stack(0x000000151ad00000,0x000000151ae00000)]
  0x000001bbf1fd8000 JavaThread "ForkJoinPool.commonPool-worker-3" daemon [_thread_blocked, id=12404, stack(0x000000151a800000,0x000000151a900000)]
  0x000001bbf0bd4000 JavaThread "Daemon Thread 2" [_thread_blocked, id=11308, stack(0x000000150fe00000,0x000000150ff00000)]
  0x000001bbf0bd8000 JavaThread "Handler for socket connection from /127.0.0.1:60260 to /127.0.0.1:50731" [_thread_in_native, id=12752, stack(0x000000150ff00000,0x0000001510000000)]
  0x000001bbf0bd3000 JavaThread "Cancel handler" [_thread_blocked, id=5824, stack(0x0000001510000000,0x0000001510100000)]
  0x000001bbf0bd8800 JavaThread "Daemon worker Thread 2" [_thread_blocked, id=12820, stack(0x0000001511800000,0x0000001511900000)]
  0x000001bbf0bd9800 JavaThread "Asynchronous log dispatcher for DefaultDaemonConnection: socket connection from /127.0.0.1:60260 to /127.0.0.1:50731" [_thread_blocked, id=6112, stack(0x0000001511a00000,0x0000001511b00000)]
  0x000001bbf0bda800 JavaThread "Stdin handler" [_thread_blocked, id=6956, stack(0x0000001511b00000,0x0000001511c00000)]
  0x000001bbf0bd6000 JavaThread "Thread-155" [_thread_blocked, id=3388, stack(0x0000001511c00000,0x0000001511d00000)]
  0x000001bbf0bd4800 JavaThread "Cache worker for file hash cache (M:\Amu Data\workProject\daily-reporting-mobile-app-22\.gradle\6.5\fileHashes)" [_thread_blocked, id=10280, stack(0x0000001511d00000,0x0000001511e00000)]
  0x000001bbf0bd7000 JavaThread "Cache worker for checksums cache (M:\Amu Data\workProject\daily-reporting-mobile-app-22\.gradle\checksums)" [_thread_blocked, id=9452, stack(0x0000001511e00000,0x0000001511f00000)]
  0x000001bbf0bdb000 JavaThread "Cache worker for cache directory md-supplier (C:\Users\Jaswinder\.gradle\caches\6.5\md-supplier)" [_thread_blocked, id=12556, stack(0x0000001511f00000,0x0000001512000000)]
  0x000001bbf0bd5800 JavaThread "Cache worker for cache directory md-rule (C:\Users\Jaswinder\.gradle\caches\6.5\md-rule)" [_thread_blocked, id=12484, stack(0x0000001512400000,0x0000001512500000)]
  0x000001bbf0bdd000 JavaThread "Build operations" [_thread_in_Java, id=7224, stack(0x0000001512500000,0x0000001512600000)]
  0x000001bbf0bdc000 JavaThread "Build operations Thread 2" [_thread_in_native, id=3448, stack(0x0000001512600000,0x0000001512700000)]
  0x000001bbf0bdd800 JavaThread "Build operations Thread 3" [_thread_blocked, id=5944, stack(0x0000001512700000,0x0000001512800000)]
  0x000001bbf0bde800 JavaThread "Build operations Thread 4" [_thread_in_native, id=12080, stack(0x0000001512800000,0x0000001512900000)]
  0x000001bbf0be0000 JavaThread "jar transforms Thread 115" [_thread_blocked, id=2724, stack(0x0000001512a00000,0x0000001512b00000)]
  0x000001bbf0be1000 JavaThread "jar transforms Thread 116" [_thread_blocked, id=10296, stack(0x0000001512c00000,0x0000001512d00000)]
  0x000001bbf0be1800 JavaThread "jar transforms Thread 117" [_thread_blocked, id=4808, stack(0x0000001512d00000,0x0000001512e00000)]
  0x000001bbf268a800 JavaThread "jar transforms Thread 118" [_thread_blocked, id=2280, stack(0x0000001512e00000,0x0000001512f00000)]
  0x000001bbf268b000 JavaThread "jar transforms Thread 119" [_thread_blocked, id=12912, stack(0x0000001512f00000,0x0000001513000000)]
  0x000001bbf268e800 JavaThread "jar transforms Thread 120" [_thread_blocked, id=8124, stack(0x0000001513000000,0x0000001513100000)]
  0x000001bbf268f000 JavaThread "jar transforms Thread 121" [_thread_blocked, id=2560, stack(0x0000001513100000,0x0000001513200000)]
  0x000001bbf268c000 JavaThread "jar transforms Thread 122" [_thread_blocked, id=2708, stack(0x0000001513200000,0x0000001513300000)]
  0x000001bbf2689800 JavaThread "jar transforms Thread 123" [_thread_blocked, id=4184, stack(0x0000001513300000,0x0000001513400000)]
  0x000001bbf2690000 JavaThread "jar transforms Thread 124" [_thread_blocked, id=12804, stack(0x0000001513400000,0x0000001513500000)]
  0x000001bbf2691000 JavaThread "jar transforms Thread 125" [_thread_blocked, id=13032, stack(0x0000001513500000,0x0000001513600000)]
  0x000001bbf2691800 JavaThread "jar transforms Thread 126" [_thread_blocked, id=12724, stack(0x0000001513600000,0x0000001513700000)]
  0x000001bbf268c800 JavaThread "jar transforms Thread 127" [_thread_blocked, id=12424, stack(0x0000001513700000,0x0000001513800000)]
  0x000001bbf2693000 JavaThread "jar transforms Thread 128" [_thread_blocked, id=5612, stack(0x0000001513800000,0x0000001513900000)]
  0x000001bbf2695800 JavaThread "jar transforms Thread 129" [_thread_blocked, id=9488, stack(0x0000001513900000,0x0000001513a00000)]
  0x000001bbf2696800 JavaThread "jar transforms Thread 130" [_thread_blocked, id=5504, stack(0x0000001513a00000,0x0000001513b00000)]
  0x000001bbf2695000 JavaThread "jar transforms Thread 131" [_thread_blocked, id=10236, stack(0x0000001513b00000,0x0000001513c00000)]
  0x000001bbf2697800 JavaThread "jar transforms Thread 132" [_thread_blocked, id=12492, stack(0x0000001513c00000,0x0000001513d00000)]
  0x000001bbf2694000 JavaThread "jar transforms Thread 133" [_thread_blocked, id=4028, stack(0x0000001513d00000,0x0000001513e00000)]
  0x000001bbf2692800 JavaThread "jar transforms Thread 134" [_thread_blocked, id=12380, stack(0x0000001513e00000,0x0000001513f00000)]
  0x000001bbf2698000 JavaThread "jar transforms Thread 135" [_thread_blocked, id=7608, stack(0x0000001513f00000,0x0000001514000000)]
  0x000001bbf1fd2800 JavaThread "jar transforms Thread 136" [_thread_blocked, id=9420, stack(0x0000001514000000,0x0000001514100000)]
  0x000001bbf1fd3000 JavaThread "jar transforms Thread 137" [_thread_blocked, id=252, stack(0x0000001514100000,0x0000001514200000)]
  0x000001bbf1fd4000 JavaThread "jar transforms Thread 138" [_thread_blocked, id=10124, stack(0x0000001514200000,0x0000001514300000)]
  0x000001bbf1fcf000 JavaThread "jar transforms Thread 139" [_thread_blocked, id=9396, stack(0x0000001514300000,0x0000001514400000)]
  0x000001bbf1fd0000 JavaThread "jar transforms Thread 140" [_thread_blocked, id=6804, stack(0x0000001514400000,0x0000001514500000)]
  0x000001bbf1fd7000 JavaThread "jar transforms Thread 141" [_thread_blocked, id=6416, stack(0x0000001514500000,0x0000001514600000)]
  0x000001bbf1fd9000 JavaThread "jar transforms Thread 142" [_thread_blocked, id=9700, stack(0x0000001514600000,0x0000001514700000)]
  0x000001bbf1fd9800 JavaThread "jar transforms Thread 143" [_thread_blocked, id=11544, stack(0x0000001514700000,0x0000001514800000)]
  0x000001bbf1fdb800 JavaThread "jar transforms Thread 144" [_thread_blocked, id=5988, stack(0x0000001514800000,0x0000001514900000)]
  0x000001bbed5c7800 JavaThread "jar transforms Thread 145" [_thread_blocked, id=9464, stack(0x0000001514900000,0x0000001514a00000)]
  0x000001bbed5c3800 JavaThread "jar transforms Thread 146" [_thread_blocked, id=7252, stack(0x0000001514a00000,0x0000001514b00000)]
  0x000001bbed5c5000 JavaThread "jar transforms Thread 147" [_thread_blocked, id=13004, stack(0x0000001514b00000,0x0000001514c00000)]
  0x000001bbed5ca000 JavaThread "jar transforms Thread 148" [_thread_blocked, id=1660, stack(0x0000001514c00000,0x0000001514d00000)]
  0x000001bbed5c8800 JavaThread "jar transforms Thread 149" [_thread_blocked, id=2452, stack(0x0000001514d00000,0x0000001514e00000)]
  0x000001bbf06bc000 JavaThread "jar transforms Thread 150" [_thread_blocked, id=264, stack(0x0000001514e00000,0x0000001514f00000)]
  0x000001bbf06bc800 JavaThread "jar transforms Thread 151" [_thread_blocked, id=2752, stack(0x0000001514f00000,0x0000001515000000)]
  0x000001bbf06ba800 JavaThread "jar transforms Thread 152" [_thread_blocked, id=9740, stack(0x0000001515000000,0x0000001515100000)]
  0x000001bbf06bb000 JavaThread "jar transforms Thread 153" [_thread_blocked, id=1612, stack(0x0000001515100000,0x0000001515200000)]
  0x000001bbf06b8000 JavaThread "jar transforms Thread 154" [_thread_blocked, id=5464, stack(0x0000001515200000,0x0000001515300000)]
  0x000001bbf0bc4000 JavaThread "jar transforms Thread 155" [_thread_blocked, id=7124, stack(0x0000001515300000,0x0000001515400000)]
  0x000001bbf0bc4800 JavaThread "jar transforms Thread 156" [_thread_blocked, id=1804, stack(0x0000001515400000,0x0000001515500000)]
  0x000001bbf0bc8800 JavaThread "jar transforms Thread 157" [_thread_blocked, id=1768, stack(0x0000001515500000,0x0000001515600000)]
  0x000001bbf0bc7000 JavaThread "jar transforms Thread 158" [_thread_blocked, id=3580, stack(0x0000001515600000,0x0000001515700000)]
  0x000001bbf0bc5800 JavaThread "jar transforms Thread 159" [_thread_blocked, id=12620, stack(0x0000001515700000,0x0000001515800000)]
  0x000001bbf0bc8000 JavaThread "jar transforms Thread 160" [_thread_blocked, id=3760, stack(0x0000001515800000,0x0000001515900000)]
  0x000001bbf0bc6000 JavaThread "jar transforms Thread 161" [_thread_blocked, id=10308, stack(0x0000001515900000,0x0000001515a00000)]
  0x000001bbf0bc3000 JavaThread "jar transforms Thread 162" [_thread_blocked, id=8260, stack(0x0000001515a00000,0x0000001515b00000)]
  0x000001bbf0bce800 JavaThread "jar transforms Thread 163" [_thread_blocked, id=8844, stack(0x0000001515b00000,0x0000001515c00000)]
  0x000001bbf0bcd800 JavaThread "jar transforms Thread 164" [_thread_blocked, id=2964, stack(0x0000001515c00000,0x0000001515d00000)]
  0x000001bbf0bcf000 JavaThread "jar transforms Thread 165" [_thread_blocked, id=7632, stack(0x0000001515d00000,0x0000001515e00000)]
  0x000001bbf0bc9800 JavaThread "jar transforms Thread 166" [_thread_blocked, id=9912, stack(0x0000001515e00000,0x0000001515f00000)]
  0x000001bbf0bd0000 JavaThread "jar transforms Thread 167" [_thread_blocked, id=12920, stack(0x0000001515f00000,0x0000001516000000)]
  0x000001bbf0bca800 JavaThread "jar transforms Thread 168" [_thread_blocked, id=13092, stack(0x0000001516000000,0x0000001516100000)]
  0x000001bbf0bcc000 JavaThread "jar transforms Thread 169" [_thread_blocked, id=12968, stack(0x0000001516100000,0x0000001516200000)]
  0x000001bbf0bcd000 JavaThread "jar transforms Thread 170" [_thread_blocked, id=12416, stack(0x0000001516200000,0x0000001516300000)]
  0x000001bbf0bd1000 JavaThread "jar transforms Thread 171" [_thread_blocked, id=10872, stack(0x0000001516300000,0x0000001516400000)]
  0x000001bbf0bcb000 JavaThread "jar transforms Thread 172" [_thread_blocked, id=1368, stack(0x0000001516400000,0x0000001516500000)]
  0x000001bbf0bd1800 JavaThread "jar transforms Thread 173" [_thread_blocked, id=9780, stack(0x0000001516500000,0x0000001516600000)]
  0x000001bbf1028000 JavaThread "jar transforms Thread 174" [_thread_blocked, id=9064, stack(0x0000001516600000,0x0000001516700000)]
  0x000001bbf1025800 JavaThread "jar transforms Thread 175" [_thread_blocked, id=2740, stack(0x0000001516700000,0x0000001516800000)]
  0x000001bbf1029000 JavaThread "jar transforms Thread 176" [_thread_blocked, id=3320, stack(0x0000001516800000,0x0000001516900000)]
  0x000001bbf102a000 JavaThread "jar transforms Thread 177" [_thread_blocked, id=12928, stack(0x0000001516900000,0x0000001516a00000)]
  0x000001bbf1024000 JavaThread "jar transforms Thread 178" [_thread_blocked, id=9544, stack(0x0000001516a00000,0x0000001516b00000)]
  0x000001bbf1026800 JavaThread "jar transforms Thread 179" [_thread_blocked, id=5100, stack(0x0000001516b00000,0x0000001516c00000)]
  0x000001bbf102a800 JavaThread "jar transforms Thread 180" [_thread_blocked, id=8096, stack(0x0000001516c00000,0x0000001516d00000)]
  0x000001bbf1025000 JavaThread "jar transforms Thread 181" [_thread_blocked, id=9564, stack(0x0000001516d00000,0x0000001516e00000)]
  0x000001bbf102b800 JavaThread "jar transforms Thread 182" [_thread_blocked, id=9412, stack(0x0000001516e00000,0x0000001516f00000)]
  0x000001bbf1027800 JavaThread "jar transforms Thread 183" [_thread_blocked, id=12744, stack(0x0000001516f00000,0x0000001517000000)]
  0x000001bbf102c000 JavaThread "jar transforms Thread 184" [_thread_blocked, id=3084, stack(0x0000001517000000,0x0000001517100000)]
  0x000001bbf1032800 JavaThread "jar transforms Thread 185" [_thread_blocked, id=6568, stack(0x0000001517100000,0x0000001517200000)]
  0x000001bbf1031000 JavaThread "jar transforms Thread 186" [_thread_blocked, id=2704, stack(0x0000001517200000,0x0000001517300000)]
  0x000001bbf102d000 JavaThread "jar transforms Thread 187" [_thread_blocked, id=11260, stack(0x0000001517300000,0x0000001517400000)]
  0x000001bbf1030800 JavaThread "jar transforms Thread 188" [_thread_blocked, id=5592, stack(0x0000001517400000,0x0000001517500000)]
  0x000001bbf1032000 JavaThread "jar transforms Thread 189" [_thread_blocked, id=12464, stack(0x0000001517500000,0x0000001517600000)]
  0x000001bbf102e000 JavaThread "jar transforms Thread 190" [_thread_blocked, id=8256, stack(0x0000001517600000,0x0000001517700000)]
  0x000001bbf102e800 JavaThread "jar transforms Thread 191" [_thread_blocked, id=6968, stack(0x0000001517700000,0x0000001517800000)]
  0x000001bbf102f800 JavaThread "jar transforms Thread 192" [_thread_blocked, id=2720, stack(0x0000001517800000,0x0000001517900000)]
  0x000001bbee617000 JavaThread "jar transforms Thread 193" [_thread_blocked, id=3028, stack(0x0000001517900000,0x0000001517a00000)]
  0x000001bbee616800 JavaThread "jar transforms Thread 194" [_thread_blocked, id=6468, stack(0x0000001517a00000,0x0000001517b00000)]
  0x000001bbee614800 JavaThread "jar transforms Thread 195" [_thread_blocked, id=8560, stack(0x0000001517b00000,0x0000001517c00000)]
  0x000001bbee613000 JavaThread "jar transforms Thread 196" [_thread_blocked, id=12436, stack(0x0000001517c00000,0x0000001517d00000)]
  0x000001bbee612000 JavaThread "jar transforms Thread 197" [_thread_blocked, id=8800, stack(0x0000001517d00000,0x0000001517e00000)]
  0x000001bbee615800 JavaThread "jar transforms Thread 198" [_thread_blocked, id=12396, stack(0x0000001517e00000,0x0000001517f00000)]
  0x000001bbee618000 JavaThread "jar transforms Thread 199" [_thread_blocked, id=12432, stack(0x0000001517f00000,0x0000001518000000)]
  0x000001bbee618800 JavaThread "jar transforms Thread 200" [_thread_blocked, id=10444, stack(0x0000001518000000,0x0000001518100000)]
  0x000001bbee619800 JavaThread "jar transforms Thread 201" [_thread_blocked, id=9004, stack(0x0000001518100000,0x0000001518200000)]
  0x000001bbee614000 JavaThread "jar transforms Thread 202" [_thread_blocked, id=10944, stack(0x0000001518200000,0x0000001518300000)]
  0x000001bbee61a800 JavaThread "jar transforms Thread 203" [_thread_blocked, id=680, stack(0x0000001518300000,0x0000001518400000)]
  0x000001bbee61f000 JavaThread "jar transforms Thread 204" [_thread_blocked, id=7268, stack(0x0000001518400000,0x0000001518500000)]
  0x000001bbee61b000 JavaThread "jar transforms Thread 205" [_thread_blocked, id=624, stack(0x0000001518500000,0x0000001518600000)]
  0x000001bbee620000 JavaThread "jar transforms Thread 206" [_thread_blocked, id=12096, stack(0x0000001518600000,0x0000001518700000)]
  0x000001bbee61d000 JavaThread "jar transforms Thread 207" [_thread_blocked, id=6760, stack(0x0000001518700000,0x0000001518800000)]
  0x000001bbee621000 JavaThread "jar transforms Thread 208" [_thread_blocked, id=11516, stack(0x0000001518800000,0x0000001518900000)]
  0x000001bbee61c000 JavaThread "jar transforms Thread 209" [_thread_blocked, id=1784, stack(0x0000001518900000,0x0000001518a00000)]
  0x000001bbee61d800 JavaThread "jar transforms Thread 210" [_thread_blocked, id=5492, stack(0x0000001518a00000,0x0000001518b00000)]
  0x000001bbee61e800 JavaThread "jar transforms Thread 211" [_thread_blocked, id=7988, stack(0x0000001518b00000,0x0000001518c00000)]
  0x000001bbeec4d000 JavaThread "jar transforms Thread 212" [_thread_blocked, id=10212, stack(0x0000001518c00000,0x0000001518d00000)]
  0x000001bbeec4a800 JavaThread "jar transforms Thread 213" [_thread_blocked, id=13128, stack(0x0000001518d00000,0x0000001518e00000)]
  0x000001bbeec4e800 JavaThread "jar transforms Thread 214" [_thread_blocked, id=9724, stack(0x0000001518e00000,0x0000001518f00000)]
  0x000001bbeec49800 JavaThread "jar transforms Thread 215" [_thread_blocked, id=13020, stack(0x0000001518f00000,0x0000001519000000)]
  0x000001bbeec51000 JavaThread "jar transforms Thread 216" [_thread_blocked, id=5432, stack(0x0000001519000000,0x0000001519100000)]
  0x000001bbeec4f800 JavaThread "jar transforms Thread 217" [_thread_blocked, id=1684, stack(0x0000001519100000,0x0000001519200000)]
  0x000001bbeec4c000 JavaThread "jar transforms Thread 218" [_thread_blocked, id=2768, stack(0x0000001519200000,0x0000001519300000)]
  0x000001bbeec50000 JavaThread "jar transforms Thread 219" [_thread_blocked, id=11328, stack(0x0000001519300000,0x0000001519400000)]
  0x000001bbeec4d800 JavaThread "jar transforms Thread 220" [_thread_blocked, id=6224, stack(0x0000001519400000,0x0000001519500000)]
  0x000001bbeec4b000 JavaThread "jar transforms Thread 221" [_thread_blocked, id=2320, stack(0x0000001519500000,0x0000001519600000)]
  0x000001bbeec57800 JavaThread "jar transforms Thread 222" [_thread_blocked, id=9908, stack(0x0000001519600000,0x0000001519700000)]
  0x000001bbeec54000 JavaThread "jar transforms Thread 223" [_thread_blocked, id=11324, stack(0x0000001519700000,0x0000001519800000)]
  0x000001bbeec51800 JavaThread "jar transforms Thread 224" [_thread_blocked, id=9652, stack(0x0000001519800000,0x0000001519900000)]
  0x000001bbeec58000 JavaThread "jar transforms Thread 225" [_thread_blocked, id=1144, stack(0x0000001519900000,0x0000001519a00000)]
  0x000001bbeec56800 JavaThread "jar transforms Thread 226" [_thread_blocked, id=12872, stack(0x0000001519a00000,0x0000001519b00000)]
  0x000001bbeec52800 JavaThread "jar transforms Thread 227" [_thread_blocked, id=8040, stack(0x0000001519b00000,0x0000001519c00000)]
  0x000001bbeec55000 JavaThread "jar transforms Thread 228" [_thread_blocked, id=12680, stack(0x0000001519c00000,0x0000001519d00000)]
  0x000001bbeec56000 JavaThread "Cache worker for Build Output Cleanup Cache (M:\Amu Data\workProject\daily-reporting-mobile-app-22\.gradle\buildOutputCleanup)" [_thread_blocked, id=10704, stack(0x0000001519d00000,0x0000001519e00000)]
  0x000001bbef1ae800 JavaThread "Cache worker for file content cache (M:\Amu Data\workProject\daily-reporting-mobile-app-22\.gradle\6.5\fileContent)" [_thread_blocked, id=5192, stack(0x0000001519f00000,0x000000151a000000)]
  0x000001bbef1ac000 JavaThread "Execution worker for ':'" [_thread_blocked, id=72, stack(0x000000151a000000,0x000000151a100000)]
  0x000001bbef1ad800 JavaThread "Execution worker for ':' Thread 2" [_thread_blocked, id=11776, stack(0x000000151a300000,0x000000151a400000)]
  0x000001bbef1ac800 JavaThread "Execution worker for ':' Thread 3" [_thread_blocked, id=352, stack(0x000000151a400000,0x000000151a500000)]
  0x000001bbef1af000 JavaThread "Cache worker for execution history cache (M:\Amu Data\workProject\daily-reporting-mobile-app-22\.gradle\6.5\executionHistory)" [_thread_blocked, id=6856, stack(0x000000151a500000,0x000000151a600000)]
  0x000001bbef1ab000 JavaThread "RMI TCP Connection(3)-127.0.0.1" daemon [_thread_in_native, id=636, stack(0x000000151a700000,0x000000151a800000)]
  0x000001bbef1aa000 JavaThread "Cache worker for Java compile cache (M:\Amu Data\workProject\daily-reporting-mobile-app-22\.gradle\6.5\javaCompile)" [_thread_blocked, id=3384, stack(0x000000151ac00000,0x000000151ad00000)]
  0x000001bbf0ebe800 JavaThread "C2 CompilerThread1" daemon [_thread_in_native, id=10184, stack(0x0000001519e00000,0x0000001519f00000)]

Other Threads:
  0x000001bbebbf7000 VMThread "VM Thread" [stack: 0x0000001510700000,0x0000001510800000] [id=8472]
  0x000001bbec6f7000 WatcherThread [stack: 0x0000001511100000,0x0000001511200000] [id=10112]
  0x000001bbd21b2000 GCTaskThread "GC Thread#0" [stack: 0x0000001510200000,0x0000001510300000] [id=12476]
  0x000001bbeccdd800 GCTaskThread "GC Thread#1" [stack: 0x0000001511200000,0x0000001511300000] [id=3056]
  0x000001bbec94d800 GCTaskThread "GC Thread#2" [stack: 0x0000001511300000,0x0000001511400000] [id=12516]
  0x000001bbedd70800 GCTaskThread "GC Thread#3" [stack: 0x0000001512100000,0x0000001512200000] [id=4972]
  0x000001bbd21e3000 ConcurrentGCThread "G1 Main Marker" [stack: 0x0000001510300000,0x0000001510400000] [id=11040]
  0x000001bbd21e5800 ConcurrentGCThread "G1 Conc#0" [stack: 0x0000001510400000,0x0000001510500000] [id=12440]
  0x000001bbd2273800 ConcurrentGCThread "G1 Refine#0" [stack: 0x0000001510500000,0x0000001510600000] [id=6312]
  0x000001bbd2274800 ConcurrentGCThread "G1 Young RemSet Sampling" [stack: 0x0000001510600000,0x0000001510700000] [id=7340]

Threads with active compile tasks:
C2 CompilerThread0 495600 17139   !   4       com.sun.tools.javac.comp.Resolve::selectBest (339 bytes)
C1 CompilerThread0 495600 17319   !   3       com.sun.tools.javac.comp.Attr::visitNewClass (1559 bytes)
C2 CompilerThread1 495600 17229       4       com.sun.tools.javac.code.Types$SignatureGenerator::assembleSig (533 bytes)

VM state:not at safepoint (normal execution)

VM Mutex/Monitor currently owned by a thread: None

OutOfMemory and StackOverflow Exception counts:
OutOfMemoryError java_heap_errors=1
LinkageErrors=167

Heap address: 0x0000000080000000, size: 2048 MB, Compressed Oops mode: 32-bit
Narrow klass base: 0x0000000000000000, Narrow klass shift: 3
Compressed class space size: 1073741824 Address: 0x0000000100000000

Heap:
 garbage-first heap   total 187392K, used 118662K [0x0000000080000000, 0x0000000100000000)
  region size 1024K, 8 young (8192K), 3 survivors (3072K)
 Metaspace       used 112175K, capacity 115065K, committed 115280K, reserved 1148928K
  class space    used 14113K, capacity 15265K, committed 15360K, reserved 1048576K
Heap Regions: E=young(eden), S=young(survivor), O=old, HS=humongous(starts), HC=humongous(continues), CS=collection set, F=free, A=archive, TAMS=top-at-mark-start (previous, next)
|   0|0x0000000080000000, 0x0000000080100000, 0x0000000080100000|100%| O|  |TAMS 0x0000000080100000, 0x0000000080000000| Untracked 
|   1|0x0000000080100000, 0x0000000080200000, 0x0000000080200000|100%| O|  |TAMS 0x0000000080200000, 0x0000000080100000| Untracked 
|   2|0x0000000080200000, 0x0000000080300000, 0x0000000080300000|100%| O|  |TAMS 0x0000000080300000, 0x0000000080200000| Untracked 
|   3|0x0000000080300000, 0x0000000080400000, 0x0000000080400000|100%|HS|  |TAMS 0x0000000080400000, 0x0000000080300000| Complete 
|   4|0x0000000080400000, 0x0000000080500000, 0x0000000080500000|100%|HC|  |TAMS 0x0000000080500000, 0x0000000080400000| Complete 
|   5|0x0000000080500000, 0x0000000080600000, 0x0000000080600000|100%|HC|  |TAMS 0x0000000080600000, 0x0000000080500000| Complete 
|   6|0x0000000080600000, 0x0000000080700000, 0x0000000080700000|100%| O|  |TAMS 0x0000000080700000, 0x0000000080600000| Untracked 
|   7|0x0000000080700000, 0x0000000080800000, 0x0000000080800000|100%| O|  |TAMS 0x0000000080800000, 0x0000000080700000| Untracked 
|   8|0x0000000080800000, 0x0000000080900000, 0x0000000080900000|100%| O|  |TAMS 0x0000000080900000, 0x0000000080800000| Untracked 
|   9|0x0000000080900000, 0x0000000080a00000, 0x0000000080a00000|100%| O|  |TAMS 0x0000000080a00000, 0x0000000080900000| Untracked 
|  10|0x0000000080a00000, 0x0000000080b00000, 0x0000000080b00000|100%| O|  |TAMS 0x0000000080b00000, 0x0000000080a00000| Untracked 
|  11|0x0000000080b00000, 0x0000000080c00000, 0x0000000080c00000|100%| O|  |TAMS 0x0000000080c00000, 0x0000000080b00000| Untracked 
|  12|0x0000000080c00000, 0x0000000080d00000, 0x0000000080d00000|100%| O|  |TAMS 0x0000000080d00000, 0x0000000080c00000| Untracked 
|  13|0x0000000080d00000, 0x0000000080e00000, 0x0000000080e00000|100%| O|  |TAMS 0x0000000080e00000, 0x0000000080d00000| Untracked 
|  14|0x0000000080e00000, 0x0000000080f00000, 0x0000000080f00000|100%| O|  |TAMS 0x0000000080f00000, 0x0000000080e00000| Untracked 
|  15|0x0000000080f00000, 0x0000000081000000, 0x0000000081000000|100%| O|  |TAMS 0x0000000081000000, 0x0000000080f00000| Untracked 
|  16|0x0000000081000000, 0x0000000081100000, 0x0000000081100000|100%| O|  |TAMS 0x0000000081100000, 0x0000000081000000| Untracked 
|  17|0x0000000081100000, 0x0000000081200000, 0x0000000081200000|100%| O|  |TAMS 0x0000000081200000, 0x0000000081100000| Untracked 
|  18|0x0000000081200000, 0x0000000081300000, 0x0000000081300000|100%| O|  |TAMS 0x0000000081300000, 0x0000000081200000| Complete 
|  19|0x0000000081300000, 0x0000000081400000, 0x0000000081400000|100%| O|  |TAMS 0x0000000081400000, 0x0000000081300000| Complete 
|  20|0x0000000081400000, 0x0000000081500000, 0x0000000081500000|100%| O|  |TAMS 0x0000000081500000, 0x0000000081400000| Complete 
|  21|0x0000000081500000, 0x0000000081600000, 0x0000000081600000|100%|HS|  |TAMS 0x0000000081600000, 0x0000000081500000| Complete 
|  22|0x0000000081600000, 0x0000000081700000, 0x0000000081700000|100%|HS|  |TAMS 0x0000000081700000, 0x0000000081600000| Complete 
|  23|0x0000000081700000, 0x0000000081800000, 0x0000000081800000|100%|HC|  |TAMS 0x0000000081800000, 0x0000000081700000| Complete 
|  24|0x0000000081800000, 0x0000000081900000, 0x0000000081900000|100%|HC|  |TAMS 0x0000000081900000, 0x0000000081800000| Complete 
|  25|0x0000000081900000, 0x0000000081a00000, 0x0000000081a00000|100%|HS|  |TAMS 0x0000000081a00000, 0x0000000081900000| Complete 
|  26|0x0000000081a00000, 0x0000000081b00000, 0x0000000081b00000|100%|HC|  |TAMS 0x0000000081b00000, 0x0000000081a00000| Complete 
|  27|0x0000000081b00000, 0x0000000081c00000, 0x0000000081c00000|100%| O|  |TAMS 0x0000000081c00000, 0x0000000081b00000| Untracked 
|  28|0x0000000081c00000, 0x0000000081d00000, 0x0000000081d00000|100%| O|  |TAMS 0x0000000081d00000, 0x0000000081c00000| Untracked 
|  29|0x0000000081d00000, 0x0000000081e00000, 0x0000000081e00000|100%| O|  |TAMS 0x0000000081e00000, 0x0000000081d00000| Complete 
|  30|0x0000000081e00000, 0x0000000081f00000, 0x0000000081f00000|100%| O|  |TAMS 0x0000000081f00000, 0x0000000081e00000| Untracked 
|  31|0x0000000081f00000, 0x0000000082000000, 0x0000000082000000|100%| O|  |TAMS 0x0000000082000000, 0x0000000081f00000| Untracked 
|  32|0x0000000082000000, 0x0000000082100000, 0x0000000082100000|100%| O|  |TAMS 0x0000000082100000, 0x0000000082000000| Complete 
|  33|0x0000000082100000, 0x0000000082200000, 0x0000000082200000|100%| O|  |TAMS 0x0000000082200000, 0x0000000082100000| Complete 
|  34|0x0000000082200000, 0x0000000082300000, 0x0000000082300000|100%| O|  |TAMS 0x0000000082300000, 0x0000000082200000| Untracked 
|  35|0x0000000082300000, 0x0000000082400000, 0x0000000082400000|100%| O|  |TAMS 0x0000000082400000, 0x0000000082300000| Untracked 
|  36|0x0000000082400000, 0x0000000082500000, 0x0000000082500000|100%| O|  |TAMS 0x0000000082500000, 0x0000000082400000| Untracked 
|  37|0x0000000082500000, 0x0000000082600000, 0x0000000082600000|100%| O|  |TAMS 0x0000000082600000, 0x0000000082500000| Untracked 
|  38|0x0000000082600000, 0x0000000082700000, 0x0000000082700000|100%| O|  |TAMS 0x0000000082700000, 0x0000000082600000| Complete 
|  39|0x0000000082700000, 0x0000000082800000, 0x0000000082800000|100%| O|  |TAMS 0x0000000082800000, 0x0000000082700000| Untracked 
|  40|0x0000000082800000, 0x0000000082900000, 0x0000000082900000|100%| O|  |TAMS 0x0000000082900000, 0x0000000082800000| Untracked 
|  41|0x0000000082900000, 0x0000000082a00000, 0x0000000082a00000|100%| O|  |TAMS 0x0000000082a00000, 0x0000000082900000| Untracked 
|  42|0x0000000082a00000, 0x0000000082b00000, 0x0000000082b00000|100%| O|  |TAMS 0x0000000082b00000, 0x0000000082a00000| Complete 
|  43|0x0000000082b00000, 0x0000000082c00000, 0x0000000082c00000|100%| O|  |TAMS 0x0000000082c00000, 0x0000000082b00000| Untracked 
|  44|0x0000000082c00000, 0x0000000082d00000, 0x0000000082d00000|100%| O|  |TAMS 0x0000000082d00000, 0x0000000082c00000| Complete 
|  45|0x0000000082d00000, 0x0000000082e00000, 0x0000000082e00000|100%| O|  |TAMS 0x0000000082e00000, 0x0000000082d00000| Untracked 
|  46|0x0000000082e00000, 0x0000000082f00000, 0x0000000082f00000|100%| O|  |TAMS 0x0000000082f00000, 0x0000000082e00000| Untracked 
|  47|0x0000000082f00000, 0x0000000083000000, 0x0000000083000000|100%| O|  |TAMS 0x0000000083000000, 0x0000000082f00000| Complete 
|  48|0x0000000083000000, 0x0000000083100000, 0x0000000083100000|100%| O|  |TAMS 0x0000000083100000, 0x0000000083000000| Untracked 
|  49|0x0000000083100000, 0x0000000083200000, 0x0000000083200000|100%| O|  |TAMS 0x0000000083200000, 0x0000000083100000| Complete 
|  50|0x0000000083200000, 0x0000000083300000, 0x0000000083300000|100%| O|  |TAMS 0x0000000083300000, 0x0000000083200000| Untracked 
|  51|0x0000000083300000, 0x0000000083400000, 0x0000000083400000|100%| O|  |TAMS 0x0000000083400000, 0x0000000083300000| Untracked 
|  52|0x0000000083400000, 0x0000000083500000, 0x0000000083500000|100%| O|  |TAMS 0x0000000083500000, 0x0000000083400000| Untracked 
|  53|0x0000000083500000, 0x0000000083600000, 0x0000000083600000|100%| O|  |TAMS 0x0000000083600000, 0x0000000083500000| Complete 
|  54|0x0000000083600000, 0x0000000083700000, 0x0000000083700000|100%| O|  |TAMS 0x0000000083700000, 0x0000000083600000| Complete 
|  55|0x0000000083700000, 0x0000000083800000, 0x0000000083800000|100%| O|  |TAMS 0x0000000083800000, 0x0000000083700000| Complete 
|  56|0x0000000083800000, 0x0000000083900000, 0x0000000083900000|100%| O|  |TAMS 0x0000000083900000, 0x0000000083800000| Complete 
|  57|0x0000000083900000, 0x0000000083a00000, 0x0000000083a00000|100%| O|  |TAMS 0x0000000083a00000, 0x0000000083900000| Untracked 
|  58|0x0000000083a00000, 0x0000000083b00000, 0x0000000083b00000|100%| O|  |TAMS 0x0000000083b00000, 0x0000000083a00000| Untracked 
|  59|0x0000000083b00000, 0x0000000083c00000, 0x0000000083c00000|100%| O|  |TAMS 0x0000000083c00000, 0x0000000083b00000| Complete 
|  60|0x0000000083c00000, 0x0000000083d00000, 0x0000000083d00000|100%| O|  |TAMS 0x0000000083d00000, 0x0000000083c00000| Complete 
|  61|0x0000000083d00000, 0x0000000083e00000, 0x0000000083e00000|100%| O|  |TAMS 0x0000000083e00000, 0x0000000083d00000| Complete 
|  62|0x0000000083e00000, 0x0000000083f00000, 0x0000000083f00000|100%| O|  |TAMS 0x0000000083e00000, 0x0000000083e00000| Untracked 
|  63|0x0000000083f00000, 0x0000000084000000, 0x0000000084000000|100%| O|  |TAMS 0x0000000084000000, 0x0000000083f00000| Untracked 
|  64|0x0000000084000000, 0x0000000084100000, 0x0000000084100000|100%| O|  |TAMS 0x0000000084100000, 0x0000000084000000| Complete 
|  65|0x0000000084100000, 0x0000000084200000, 0x0000000084200000|100%| O|  |TAMS 0x0000000084200000, 0x0000000084100000| Complete 
|  66|0x0000000084200000, 0x0000000084300000, 0x0000000084300000|100%| O|  |TAMS 0x0000000084300000, 0x0000000084200000| Complete 
|  67|0x0000000084300000, 0x0000000084400000, 0x0000000084400000|100%| O|  |TAMS 0x0000000084400000, 0x0000000084300000| Complete 
|  68|0x0000000084400000, 0x0000000084500000, 0x0000000084500000|100%| O|  |TAMS 0x0000000084500000, 0x0000000084400000| Complete 
|  69|0x0000000084500000, 0x0000000084600000, 0x0000000084600000|100%| O|  |TAMS 0x0000000084500000, 0x0000000084500000| Untracked 
|  70|0x0000000084600000, 0x0000000084700000, 0x0000000084700000|100%| O|  |TAMS 0x0000000084700000, 0x0000000084600000| Complete 
|  71|0x0000000084700000, 0x0000000084800000, 0x0000000084800000|100%| O|  |TAMS 0x0000000084700000, 0x0000000084700000| Untracked 
|  72|0x0000000084800000, 0x0000000084900000, 0x0000000084900000|100%| O|  |TAMS 0x0000000084900000, 0x0000000084800000| Complete 
|  73|0x0000000084900000, 0x0000000084a00000, 0x0000000084a00000|100%| O|  |TAMS 0x0000000084a00000, 0x0000000084900000| Untracked 
|  74|0x0000000084a00000, 0x0000000084b00000, 0x0000000084b00000|100%| O|  |TAMS 0x0000000084b00000, 0x0000000084a00000| Untracked 
|  75|0x0000000084b00000, 0x0000000084c00000, 0x0000000084c00000|100%| O|  |TAMS 0x0000000084c00000, 0x0000000084b00000| Untracked 
|  76|0x0000000084c00000, 0x0000000084d00000, 0x0000000084d00000|100%| O|  |TAMS 0x0000000084d00000, 0x0000000084c00000| Untracked 
|  77|0x0000000084d00000, 0x0000000084e00000, 0x0000000084e00000|100%| O|  |TAMS 0x0000000084e00000, 0x0000000084d00000| Untracked 
|  78|0x0000000084e00000, 0x0000000084f00000, 0x0000000084f00000|100%| O|  |TAMS 0x0000000084f00000, 0x0000000084e00000| Untracked 
|  79|0x0000000084f00000, 0x0000000085000000, 0x0000000085000000|100%| O|  |TAMS 0x0000000085000000, 0x0000000084f00000| Complete 
|  80|0x0000000085000000, 0x0000000085100000, 0x0000000085100000|100%| O|  |TAMS 0x0000000085100000, 0x0000000085000000| Untracked 
|  81|0x0000000085100000, 0x0000000085200000, 0x0000000085200000|100%| O|  |TAMS 0x0000000085100000, 0x0000000085100000| Untracked 
|  82|0x0000000085200000, 0x0000000085300000, 0x0000000085300000|100%| O|  |TAMS 0x0000000085300000, 0x0000000085200000| Complete 
|  83|0x0000000085300000, 0x0000000085400000, 0x0000000085400000|100%| O|  |TAMS 0x0000000085300000, 0x0000000085300000| Untracked 
|  84|0x0000000085400000, 0x000000008546a400, 0x0000000085500000| 41%| O|  |TAMS 0x0000000085400000, 0x0000000085400000| Untracked 
|  85|0x0000000085500000, 0x0000000085500000, 0x0000000085600000|  0%| F|  |TAMS 0x0000000085500000, 0x0000000085500000| Untracked 
|  86|0x0000000085600000, 0x0000000085600000, 0x0000000085700000|  0%| F|  |TAMS 0x0000000085600000, 0x0000000085600000| Untracked 
|  87|0x0000000085700000, 0x0000000085800000, 0x0000000085800000|100%| O|  |TAMS 0x0000000085800000, 0x0000000085700000| Complete 
|  88|0x0000000085800000, 0x0000000085900000, 0x0000000085900000|100%| O|  |TAMS 0x0000000085900000, 0x0000000085800000| Complete 
|  89|0x0000000085900000, 0x0000000085900000, 0x0000000085a00000|  0%| F|  |TAMS 0x0000000085900000, 0x0000000085900000| Untracked 
|  90|0x0000000085a00000, 0x0000000085b00000, 0x0000000085b00000|100%| O|  |TAMS 0x0000000085b00000, 0x0000000085a00000| Complete 
|  91|0x0000000085b00000, 0x0000000085b00000, 0x0000000085c00000|  0%| F|  |TAMS 0x0000000085b00000, 0x0000000085b00000| Untracked 
|  92|0x0000000085c00000, 0x0000000085d00000, 0x0000000085d00000|100%| O|  |TAMS 0x0000000085d00000, 0x0000000085c00000| Untracked 
|  93|0x0000000085d00000, 0x0000000085e00000, 0x0000000085e00000|100%| O|  |TAMS 0x0000000085e00000, 0x0000000085d00000| Untracked 
|  94|0x0000000085e00000, 0x0000000085f00000, 0x0000000085f00000|100%| O|  |TAMS 0x0000000085f00000, 0x0000000085e00000| Untracked 
|  95|0x0000000085f00000, 0x0000000086000000, 0x0000000086000000|100%| O|  |TAMS 0x0000000086000000, 0x0000000085f00000| Untracked 
|  96|0x0000000086000000, 0x0000000086100000, 0x0000000086100000|100%| O|  |TAMS 0x0000000086100000, 0x0000000086000000| Untracked 
|  97|0x0000000086100000, 0x0000000086200000, 0x0000000086200000|100%|HS|  |TAMS 0x0000000086200000, 0x0000000086100000| Complete 
|  98|0x0000000086200000, 0x0000000086300000, 0x0000000086300000|100%|HC|  |TAMS 0x0000000086300000, 0x0000000086200000| Complete 
|  99|0x0000000086300000, 0x0000000086400000, 0x0000000086400000|100%| O|  |TAMS 0x0000000086400000, 0x0000000086300000| Untracked 
| 100|0x0000000086400000, 0x0000000086500000, 0x0000000086500000|100%| O|  |TAMS 0x0000000086500000, 0x0000000086400000| Untracked 
| 101|0x0000000086500000, 0x0000000086600000, 0x0000000086600000|100%| O|  |TAMS 0x0000000086600000, 0x0000000086500000| Untracked 
| 102|0x0000000086600000, 0x0000000086700000, 0x0000000086700000|100%| O|  |TAMS 0x0000000086700000, 0x0000000086600000| Complete 
| 103|0x0000000086700000, 0x0000000086700000, 0x0000000086800000|  0%| F|  |TAMS 0x0000000086700000, 0x0000000086700000| Untracked 
| 104|0x0000000086800000, 0x0000000086800000, 0x0000000086900000|  0%| F|  |TAMS 0x0000000086800000, 0x0000000086800000| Untracked 
| 105|0x0000000086900000, 0x0000000086a00000, 0x0000000086a00000|100%| O|  |TAMS 0x0000000086a00000, 0x0000000086900000| Untracked 
| 106|0x0000000086a00000, 0x0000000086b00000, 0x0000000086b00000|100%| O|  |TAMS 0x0000000086b00000, 0x0000000086a00000| Complete 
| 107|0x0000000086b00000, 0x0000000086c00000, 0x0000000086c00000|100%| O|  |TAMS 0x0000000086c00000, 0x0000000086b00000| Untracked 
| 108|0x0000000086c00000, 0x0000000086d00000, 0x0000000086d00000|100%| O|  |TAMS 0x0000000086d00000, 0x0000000086c00000| Untracked 
| 109|0x0000000086d00000, 0x0000000086d00000, 0x0000000086e00000|  0%| F|  |TAMS 0x0000000086d00000, 0x0000000086d00000| Untracked 
| 110|0x0000000086e00000, 0x0000000086f00000, 0x0000000086f00000|100%| O|  |TAMS 0x0000000086f00000, 0x0000000086e00000| Untracked 
| 111|0x0000000086f00000, 0x0000000087000000, 0x0000000087000000|100%| O|  |TAMS 0x0000000087000000, 0x0000000086f00000| Untracked 
| 112|0x0000000087000000, 0x0000000087100000, 0x0000000087100000|100%| O|  |TAMS 0x0000000087100000, 0x0000000087000000| Complete 
| 113|0x0000000087100000, 0x0000000087200000, 0x0000000087200000|100%| O|  |TAMS 0x0000000087200000, 0x0000000087100000| Untracked 
| 114|0x0000000087200000, 0x0000000087300000, 0x0000000087300000|100%| O|  |TAMS 0x0000000087300000, 0x0000000087200000| Untracked 
| 115|0x0000000087300000, 0x0000000087400000, 0x0000000087400000|100%| O|  |TAMS 0x0000000087400000, 0x0000000087300000| Untracked 
| 116|0x0000000087400000, 0x0000000087500000, 0x0000000087500000|100%| O|  |TAMS 0x0000000087500000, 0x0000000087400000| Untracked 
| 117|0x0000000087500000, 0x0000000087500000, 0x0000000087600000|  0%| F|  |TAMS 0x0000000087500000, 0x0000000087500000| Untracked 
| 118|0x0000000087600000, 0x0000000087600000, 0x0000000087700000|  0%| F|  |TAMS 0x0000000087600000, 0x0000000087600000| Untracked 
| 119|0x0000000087700000, 0x0000000087700000, 0x0000000087800000|  0%| F|  |TAMS 0x0000000087700000, 0x0000000087700000| Untracked 
| 120|0x0000000087800000, 0x0000000087800000, 0x0000000087900000|  0%| F|  |TAMS 0x0000000087800000, 0x0000000087800000| Untracked 
| 121|0x0000000087900000, 0x0000000087900000, 0x0000000087a00000|  0%| F|  |TAMS 0x0000000087900000, 0x0000000087900000| Untracked 
| 122|0x0000000087a00000, 0x0000000087b00000, 0x0000000087b00000|100%| O|  |TAMS 0x0000000087b00000, 0x0000000087a00000| Untracked 
| 123|0x0000000087b00000, 0x0000000087b00000, 0x0000000087c00000|  0%| F|  |TAMS 0x0000000087b00000, 0x0000000087b00000| Untracked 
| 124|0x0000000087c00000, 0x0000000087c00000, 0x0000000087d00000|  0%| F|  |TAMS 0x0000000087c00000, 0x0000000087c00000| Untracked 
| 125|0x0000000087d00000, 0x0000000087d00000, 0x0000000087e00000|  0%| F|  |TAMS 0x0000000087d00000, 0x0000000087d00000| Untracked 
| 126|0x0000000087e00000, 0x0000000087e00000, 0x0000000087f00000|  0%| F|  |TAMS 0x0000000087e00000, 0x0000000087e00000| Untracked 
| 127|0x0000000087f00000, 0x0000000087f00000, 0x0000000088000000|  0%| F|  |TAMS 0x0000000087f00000, 0x0000000087f00000| Untracked 
| 128|0x0000000088000000, 0x0000000088000000, 0x0000000088100000|  0%| F|  |TAMS 0x0000000088000000, 0x0000000088000000| Untracked 
| 129|0x0000000088100000, 0x0000000088100000, 0x0000000088200000|  0%| F|  |TAMS 0x0000000088100000, 0x0000000088100000| Untracked 
| 130|0x0000000088200000, 0x0000000088200000, 0x0000000088300000|  0%| F|  |TAMS 0x0000000088200000, 0x0000000088200000| Untracked 
| 131|0x0000000088300000, 0x0000000088300000, 0x0000000088400000|  0%| F|  |TAMS 0x0000000088300000, 0x0000000088300000| Untracked 
| 132|0x0000000088400000, 0x0000000088400000, 0x0000000088500000|  0%| F|  |TAMS 0x0000000088400000, 0x0000000088400000| Untracked 
| 133|0x0000000088500000, 0x0000000088500000, 0x0000000088600000|  0%| F|  |TAMS 0x0000000088500000, 0x0000000088500000| Untracked 
| 134|0x0000000088600000, 0x0000000088600000, 0x0000000088700000|  0%| F|  |TAMS 0x0000000088600000, 0x0000000088600000| Untracked 
| 135|0x0000000088700000, 0x0000000088700000, 0x0000000088800000|  0%| F|  |TAMS 0x0000000088700000, 0x0000000088700000| Untracked 
| 136|0x0000000088800000, 0x0000000088800000, 0x0000000088900000|  0%| F|  |TAMS 0x0000000088800000, 0x0000000088800000| Untracked 
| 137|0x0000000088900000, 0x0000000088900000, 0x0000000088a00000|  0%| F|  |TAMS 0x0000000088900000, 0x0000000088900000| Untracked 
| 138|0x0000000088a00000, 0x0000000088a00000, 0x0000000088b00000|  0%| F|  |TAMS 0x0000000088a00000, 0x0000000088a00000| Untracked 
| 139|0x0000000088b00000, 0x0000000088b00000, 0x0000000088c00000|  0%| F|  |TAMS 0x0000000088b00000, 0x0000000088b00000| Untracked 
| 140|0x0000000088c00000, 0x0000000088c00000, 0x0000000088d00000|  0%| F|  |TAMS 0x0000000088c00000, 0x0000000088c00000| Untracked 
| 141|0x0000000088d00000, 0x0000000088d00000, 0x0000000088e00000|  0%| F|  |TAMS 0x0000000088d00000, 0x0000000088d00000| Untracked 
| 142|0x0000000088e00000, 0x0000000088e00000, 0x0000000088f00000|  0%| F|  |TAMS 0x0000000088e00000, 0x0000000088e00000| Untracked 
| 143|0x0000000088f00000, 0x0000000088f00000, 0x0000000089000000|  0%| F|  |TAMS 0x0000000088f00000, 0x0000000088f00000| Untracked 
| 144|0x0000000089000000, 0x0000000089000000, 0x0000000089100000|  0%| F|  |TAMS 0x0000000089000000, 0x0000000089000000| Untracked 
| 145|0x0000000089100000, 0x0000000089100000, 0x0000000089200000|  0%| F|  |TAMS 0x0000000089100000, 0x0000000089100000| Untracked 
| 146|0x0000000089200000, 0x00000000892776d0, 0x0000000089300000| 46%| S|CS|TAMS 0x0000000089200000, 0x0000000089200000| Complete 
| 147|0x0000000089300000, 0x0000000089400000, 0x0000000089400000|100%| S|CS|TAMS 0x0000000089300000, 0x0000000089300000| Complete 
| 148|0x0000000089400000, 0x0000000089500000, 0x0000000089500000|100%| S|CS|TAMS 0x0000000089400000, 0x0000000089400000| Complete 
| 149|0x0000000089500000, 0x0000000089500000, 0x0000000089600000|  0%| F|  |TAMS 0x0000000089500000, 0x0000000089500000| Untracked 
| 150|0x0000000089600000, 0x0000000089600000, 0x0000000089700000|  0%| F|  |TAMS 0x0000000089600000, 0x0000000089600000| Untracked 
| 151|0x0000000089700000, 0x0000000089700000, 0x0000000089800000|  0%| F|  |TAMS 0x0000000089700000, 0x0000000089700000| Untracked 
| 152|0x0000000089800000, 0x0000000089800000, 0x0000000089900000|  0%| F|  |TAMS 0x0000000089800000, 0x0000000089800000| Untracked 
| 153|0x0000000089900000, 0x0000000089900000, 0x0000000089a00000|  0%| F|  |TAMS 0x0000000089900000, 0x0000000089900000| Untracked 
| 154|0x0000000089a00000, 0x0000000089a00000, 0x0000000089b00000|  0%| F|  |TAMS 0x0000000089a00000, 0x0000000089a00000| Untracked 
| 155|0x0000000089b00000, 0x0000000089b00000, 0x0000000089c00000|  0%| F|  |TAMS 0x0000000089b00000, 0x0000000089b00000| Untracked 
| 156|0x0000000089c00000, 0x0000000089c00000, 0x0000000089d00000|  0%| F|  |TAMS 0x0000000089c00000, 0x0000000089c00000| Untracked 
| 157|0x0000000089d00000, 0x0000000089d00000, 0x0000000089e00000|  0%| F|  |TAMS 0x0000000089d00000, 0x0000000089d00000| Untracked 
| 158|0x0000000089e00000, 0x0000000089e00000, 0x0000000089f00000|  0%| F|  |TAMS 0x0000000089e00000, 0x0000000089e00000| Untracked 
| 159|0x0000000089f00000, 0x0000000089f00000, 0x000000008a000000|  0%| F|  |TAMS 0x0000000089f00000, 0x0000000089f00000| Untracked 
| 160|0x000000008a000000, 0x000000008a000000, 0x000000008a100000|  0%| F|  |TAMS 0x000000008a000000, 0x000000008a000000| Untracked 
| 161|0x000000008a100000, 0x000000008a100000, 0x000000008a200000|  0%| F|  |TAMS 0x000000008a100000, 0x000000008a100000| Untracked 
| 162|0x000000008a200000, 0x000000008a200000, 0x000000008a300000|  0%| F|  |TAMS 0x000000008a200000, 0x000000008a200000| Untracked 
| 163|0x000000008a300000, 0x000000008a300000, 0x000000008a400000|  0%| F|  |TAMS 0x000000008a300000, 0x000000008a300000| Untracked 
| 164|0x000000008a400000, 0x000000008a400000, 0x000000008a500000|  0%| F|  |TAMS 0x000000008a400000, 0x000000008a400000| Untracked 
| 165|0x000000008a500000, 0x000000008a500000, 0x000000008a600000|  0%| F|  |TAMS 0x000000008a500000, 0x000000008a500000| Untracked 
| 166|0x000000008a600000, 0x000000008a600000, 0x000000008a700000|  0%| F|  |TAMS 0x000000008a600000, 0x000000008a600000| Untracked 
| 167|0x000000008a700000, 0x000000008a700000, 0x000000008a800000|  0%| F|  |TAMS 0x000000008a700000, 0x000000008a700000| Untracked 
| 168|0x000000008a800000, 0x000000008a800000, 0x000000008a900000|  0%| F|  |TAMS 0x000000008a800000, 0x000000008a800000| Untracked 
| 169|0x000000008a900000, 0x000000008a900000, 0x000000008aa00000|  0%| F|  |TAMS 0x000000008a900000, 0x000000008a900000| Untracked 
| 170|0x000000008aa00000, 0x000000008aa00000, 0x000000008ab00000|  0%| F|  |TAMS 0x000000008aa00000, 0x000000008aa00000| Untracked 
| 171|0x000000008ab00000, 0x000000008ab00000, 0x000000008ac00000|  0%| F|  |TAMS 0x000000008ab00000, 0x000000008ab00000| Untracked 
| 172|0x000000008ac00000, 0x000000008ac00000, 0x000000008ad00000|  0%| F|  |TAMS 0x000000008ac00000, 0x000000008ac00000| Untracked 
| 173|0x000000008ad00000, 0x000000008ad00000, 0x000000008ae00000|  0%| F|  |TAMS 0x000000008ad00000, 0x000000008ad00000| Untracked 
| 174|0x000000008ae00000, 0x000000008ae00000, 0x000000008af00000|  0%| F|  |TAMS 0x000000008ae00000, 0x000000008ae00000| Untracked 
| 175|0x000000008af00000, 0x000000008af00000, 0x000000008b000000|  0%| F|  |TAMS 0x000000008af00000, 0x000000008af00000| Untracked 
| 176|0x000000008b000000, 0x000000008b000000, 0x000000008b100000|  0%| F|  |TAMS 0x000000008b000000, 0x000000008b000000| Untracked 
| 177|0x000000008b100000, 0x000000008b1f1a68, 0x000000008b200000| 94%| E|  |TAMS 0x000000008b100000, 0x000000008b100000| Complete 
| 178|0x000000008b200000, 0x000000008b300000, 0x000000008b300000|100%| E|  |TAMS 0x000000008b200000, 0x000000008b200000| Complete 
| 179|0x000000008b300000, 0x000000008b400000, 0x000000008b400000|100%| E|CS|TAMS 0x000000008b300000, 0x000000008b300000| Complete 
| 180|0x000000008b400000, 0x000000008b500000, 0x000000008b500000|100%| E|CS|TAMS 0x000000008b400000, 0x000000008b400000| Complete 
| 181|0x000000008b500000, 0x000000008b600000, 0x000000008b600000|100%| E|CS|TAMS 0x000000008b500000, 0x000000008b500000| Complete 
| 182|0x000000008b600000, 0x000000008b700000, 0x000000008b700000|100%| E|CS|TAMS 0x000000008b600000, 0x000000008b600000| Complete 

Card table byte_map: [0x000001bbe4f20000,0x000001bbe5320000] _byte_map_base: 0x000001bbe4b20000

Marking Bits (Prev, Next): (CMBitMap*) 0x000001bbd21da190, (CMBitMap*) 0x000001bbd21da158
 Prev Bits: [0x000001bbe7720000, 0x000001bbe9720000)
 Next Bits: [0x000001bbe5720000, 0x000001bbe7720000)

Polling page: 0x000001bbd0190000

Metaspace:

Usage:
  Non-class:     97.46 MB capacity,    95.76 MB ( 98%) used,     1.36 MB (  1%) free+waste,   341.38 KB ( <1%) overhead. 
      Class:     14.91 MB capacity,    13.78 MB ( 92%) used,   998.91 KB (  7%) free+waste,   152.19 KB ( <1%) overhead. 
       Both:    112.37 MB capacity,   109.55 MB ( 97%) used,     2.34 MB (  2%) free+waste,   493.56 KB ( <1%) overhead. 

Virtual space:
  Non-class space:       98.00 MB reserved,      97.58 MB (>99%) committed 
      Class space:        1.00 GB reserved,      15.00 MB (  1%) committed 
             Both:        1.10 GB reserved,     112.58 MB ( 10%) committed 

Chunk freelists:
   Non-Class:  56.00 KB
       Class:  0 bytes
        Both:  56.00 KB

MaxMetaspaceSize: 17179869184.00 GB
CompressedClassSpaceSize: 1.00 GB

CodeHeap 'non-profiled nmethods': size=120064Kb used=10793Kb max_used=10793Kb free=109270Kb
 bounds [0x000001bbdd5e0000, 0x000001bbde070000, 0x000001bbe4b20000]
CodeHeap 'profiled nmethods': size=120000Kb used=38775Kb max_used=38775Kb free=81224Kb
 bounds [0x000001bbd60b0000, 0x000001bbd86a0000, 0x000001bbdd5e0000]
CodeHeap 'non-nmethods': size=5696Kb used=2339Kb max_used=2385Kb free=3356Kb
 bounds [0x000001bbd5b20000, 0x000001bbd5d90000, 0x000001bbd60b0000]
 total_blobs=17464 nmethods=16494 adapters=880
 compilation: enabled
              stopped_count=0, restarted_count=0
 full_count=0

Compilation events (20 events):
Event: 495.351 Thread 0x000001bbec5b8800 nmethod 17309 0x000001bbd8689310 code [0x000001bbd8689520, 0x000001bbd8689ae8]
Event: 495.356 Thread 0x000001bbec5b8800 17310       3       com.sun.tools.javac.util.List::get (93 bytes)
Event: 495.357 Thread 0x000001bbec5b8800 nmethod 17310 0x000001bbd8689d90 code [0x000001bbd868a0a0, 0x000001bbd868b048]
Event: 495.364 Thread 0x000001bbec5b8800 17311       3       com.sun.tools.javac.comp.Resolve$12::<init> (23 bytes)
Event: 495.365 Thread 0x000001bbec5b8800 nmethod 17311 0x000001bbd868b610 code [0x000001bbd868b7e0, 0x000001bbd868bb08]
Event: 495.365 Thread 0x000001bbec5b8800 17312       3       com.sun.tools.javac.comp.Resolve$12::doLookup (33 bytes)
Event: 495.365 Thread 0x000001bbec5b8800 nmethod 17312 0x000001bbd868bc90 code [0x000001bbd868be60, 0x000001bbd868c108]
Event: 495.365 Thread 0x000001bbec5b8800 17313       3       com.sun.tools.javac.tree.JCTree$JCMethodDecl::<init> (62 bytes)
Event: 495.366 Thread 0x000001bbec5b8800 nmethod 17313 0x000001bbd868c210 code [0x000001bbd868c400, 0x000001bbd868c978]
Event: 495.366 Thread 0x000001bbec5b8800 17314       3       com.sun.tools.javac.code.Symbol$ClassSymbol::markAbstractIfNeeded (79 bytes)
Event: 495.368 Thread 0x000001bbec5b8800 nmethod 17314 0x000001bbd868ca90 code [0x000001bbd868cdc0, 0x000001bbd868e468]
Event: 495.368 Thread 0x000001bbec5b8800 17315       3       com.sun.tools.javac.comp.Check$Validator::visitTypeIdent (36 bytes)
Event: 495.369 Thread 0x000001bbec5b8800 nmethod 17315 0x000001bbd868ec90 code [0x000001bbd868eee0, 0x000001bbd868f8a8]
Event: 495.369 Thread 0x000001bbec5b8800 17316       3       com.sun.tools.javac.tree.JCTree$Visitor::visitTypeIdent (6 bytes)
Event: 495.369 Thread 0x000001bbec5b8800 nmethod 17316 0x000001bbd868fc90 code [0x000001bbd868fe40, 0x000001bbd868ffe8]
Event: 495.392 Thread 0x000001bbec5b8800 17317   !   3       com.sun.tools.javac.comp.Resolve::findFun (621 bytes)
Event: 495.397 Thread 0x000001bbec5b8800 nmethod 17317 0x000001bbd8690090 code [0x000001bbd8690680, 0x000001bbd8693bc8]
Event: 495.402 Thread 0x000001bbec5b8800 17318       3       com.sun.tools.javac.code.Type$StructuralTypeMapping::visitForAll (13 bytes)
Event: 495.403 Thread 0x000001bbec5b8800 nmethod 17318 0x000001bbd8695610 code [0x000001bbd86957e0, 0x000001bbd8695ae8]
Event: 495.412 Thread 0x000001bbec5b8800 17319   !   3       com.sun.tools.javac.comp.Attr::visitNewClass (1559 bytes)

GC Heap History (20 events):
Event: 52.257 GC heap before
{Heap before GC invocations=42 (full 0):
 garbage-first heap   total 155648K, used 129866K [0x0000000080000000, 0x0000000100000000)
  region size 1024K, 22 young (22528K), 4 survivors (4096K)
 Metaspace       used 105328K, capacity 107996K, committed 108240K, reserved 1142784K
  class space    used 13579K, capacity 14639K, committed 14720K, reserved 1048576K
}
Event: 52.275 GC heap after
{Heap after GC invocations=43 (full 0):
 garbage-first heap   total 155648K, used 110385K [0x0000000080000000, 0x0000000100000000)
  region size 1024K, 2 young (2048K), 2 survivors (2048K)
 Metaspace       used 105328K, capacity 107996K, committed 108240K, reserved 1142784K
  class space    used 13579K, capacity 14639K, committed 14720K, reserved 1048576K
}
Event: 52.905 GC heap before
{Heap before GC invocations=43 (full 0):
 garbage-first heap   total 155648K, used 127793K [0x0000000080000000, 0x0000000100000000)
  region size 1024K, 19 young (19456K), 2 survivors (2048K)
 Metaspace       used 106260K, capacity 109103K, committed 109392K, reserved 1144832K
  class space    used 13672K, capacity 14763K, committed 14848K, reserved 1048576K
}
Event: 52.912 GC heap after
{Heap after GC invocations=44 (full 0):
 garbage-first heap   total 155648K, used 111546K [0x0000000080000000, 0x0000000100000000)
  region size 1024K, 3 young (3072K), 3 survivors (3072K)
 Metaspace       used 106260K, capacity 109103K, committed 109392K, reserved 1144832K
  class space    used 13672K, capacity 14763K, committed 14848K, reserved 1048576K
}
Event: 53.268 GC heap before
{Heap before GC invocations=44 (full 0):
 garbage-first heap   total 155648K, used 135098K [0x0000000080000000, 0x0000000100000000)
  region size 1024K, 13 young (13312K), 3 survivors (3072K)
 Metaspace       used 107019K, capacity 109852K, committed 110032K, reserved 1144832K
  class space    used 13783K, capacity 14887K, committed 14976K, reserved 1048576K
}
Event: 53.277 GC heap after
{Heap after GC invocations=45 (full 0):
 garbage-first heap   total 187392K, used 118434K [0x0000000080000000, 0x0000000100000000)
  region size 1024K, 1 young (1024K), 1 survivors (1024K)
 Metaspace       used 107019K, capacity 109852K, committed 110032K, reserved 1144832K
  class space    used 13783K, capacity 14887K, committed 14976K, reserved 1048576K
}
Event: 481.503 GC heap before
{Heap before GC invocations=46 (full 0):
 garbage-first heap   total 187392K, used 149154K [0x0000000080000000, 0x0000000100000000)
  region size 1024K, 28 young (28672K), 1 survivors (1024K)
 Metaspace       used 110920K, capacity 113758K, committed 113872K, reserved 1148928K
  class space    used 14091K, capacity 15205K, committed 15232K, reserved 1048576K
}
Event: 481.511 GC heap after
{Heap after GC invocations=47 (full 0):
 garbage-first heap   total 187392K, used 107339K [0x0000000080000000, 0x0000000100000000)
  region size 1024K, 1 young (1024K), 1 survivors (1024K)
 Metaspace       used 110920K, capacity 113758K, committed 113872K, reserved 1148928K
  class space    used 14091K, capacity 15205K, committed 15232K, reserved 1048576K
}
Event: 490.252 GC heap before
{Heap before GC invocations=47 (full 0):
 garbage-first heap   total 187392K, used 115531K [0x0000000080000000, 0x0000000100000000)
  region size 1024K, 9 young (9216K), 1 survivors (1024K)
 Metaspace       used 111110K, capacity 113994K, committed 114128K, reserved 1148928K
  class space    used 14095K, capacity 15211K, committed 15232K, reserved 1048576K
}
Event: 490.262 GC heap after
{Heap after GC invocations=48 (full 0):
 garbage-first heap   total 187392K, used 101332K [0x0000000080000000, 0x0000000100000000)
  region size 1024K, 2 young (2048K), 2 survivors (2048K)
 Metaspace       used 111110K, capacity 113994K, committed 114128K, reserved 1148928K
  class space    used 14095K, capacity 15211K, committed 15232K, reserved 1048576K
}
Event: 491.591 GC heap before
{Heap before GC invocations=48 (full 0):
 garbage-first heap   total 187392K, used 139220K [0x0000000080000000, 0x0000000100000000)
  region size 1024K, 39 young (39936K), 2 survivors (2048K)
 Metaspace       used 111603K, capacity 114567K, committed 114768K, reserved 1148928K
  class space    used 14109K, capacity 15260K, committed 15360K, reserved 1048576K
}
Event: 491.602 GC heap after
{Heap after GC invocations=49 (full 0):
 garbage-first heap   total 187392K, used 105179K [0x0000000080000000, 0x0000000100000000)
  region size 1024K, 5 young (5120K), 5 survivors (5120K)
 Metaspace       used 111603K, capacity 114567K, committed 114768K, reserved 1148928K
  class space    used 14109K, capacity 15260K, committed 15360K, reserved 1048576K
}
Event: 492.218 GC heap before
{Heap before GC invocations=49 (full 0):
 garbage-first heap   total 187392K, used 142043K [0x0000000080000000, 0x0000000100000000)
  region size 1024K, 42 young (43008K), 5 survivors (5120K)
 Metaspace       used 111637K, capacity 114568K, committed 114768K, reserved 1148928K
  class space    used 14109K, capacity 15260K, committed 15360K, reserved 1048576K
}
Event: 492.232 GC heap after
{Heap after GC invocations=50 (full 0):
 garbage-first heap   total 187392K, used 106548K [0x0000000080000000, 0x0000000100000000)
  region size 1024K, 2 young (2048K), 2 survivors (2048K)
 Metaspace       used 111637K, capacity 114568K, committed 114768K, reserved 1148928K
  class space    used 14109K, capacity 15260K, committed 15360K, reserved 1048576K
}
Event: 493.630 GC heap before
{Heap before GC invocations=51 (full 0):
 garbage-first heap   total 187392K, used 143412K [0x0000000080000000, 0x0000000100000000)
  region size 1024K, 39 young (39936K), 2 survivors (2048K)
 Metaspace       used 111866K, capacity 114788K, committed 115024K, reserved 1148928K
  class space    used 14112K, capacity 15264K, committed 15360K, reserved 1048576K
}
Event: 493.638 GC heap after
{Heap after GC invocations=52 (full 0):
 garbage-first heap   total 187392K, used 109400K [0x0000000080000000, 0x0000000100000000)
  region size 1024K, 5 young (5120K), 5 survivors (5120K)
 Metaspace       used 111866K, capacity 114788K, committed 115024K, reserved 1148928K
  class space    used 14112K, capacity 15264K, committed 15360K, reserved 1048576K
}
Event: 493.678 GC heap before
{Heap before GC invocations=52 (full 0):
 garbage-first heap   total 187392K, used 115544K [0x0000000080000000, 0x0000000100000000)
  region size 1024K, 9 young (9216K), 5 survivors (5120K)
 Metaspace       used 111873K, capacity 114789K, committed 115024K, reserved 1148928K
  class space    used 14112K, capacity 15264K, committed 15360K, reserved 1048576K
}
Event: 493.702 GC heap after
{Heap after GC invocations=53 (full 0):
 garbage-first heap   total 187392K, used 103679K [0x0000000080000000, 0x0000000100000000)
  region size 1024K, 2 young (2048K), 2 survivors (2048K)
 Metaspace       used 111873K, capacity 114789K, committed 115024K, reserved 1148928K
  class space    used 14112K, capacity 15264K, committed 15360K, reserved 1048576K
}
Event: 494.538 GC heap before
{Heap before GC invocations=53 (full 0):
 garbage-first heap   total 187392K, used 143615K [0x0000000080000000, 0x0000000100000000)
  region size 1024K, 41 young (41984K), 2 survivors (2048K)
 Metaspace       used 111953K, capacity 114857K, committed 115024K, reserved 1148928K
  class space    used 14112K, capacity 15264K, committed 15360K, reserved 1048576K
}
Event: 494.558 GC heap after
{Heap after GC invocations=54 (full 0):
 garbage-first heap   total 187392K, used 113664K [0x0000000080000000, 0x0000000100000000)
  region size 1024K, 6 young (6144K), 6 survivors (6144K)
 Metaspace       used 111953K, capacity 114857K, committed 115024K, reserved 1148928K
  class space    used 14112K, capacity 15264K, committed 15360K, reserved 1048576K
}

Deoptimization events (20 events):
Event: 495.155 Thread 0x000001bbef1ac000 Uncommon trap: trap_request=0xffffffc6 fr.pc=0x000001bbddd4eb50 relative=0x0000000000000650
Event: 495.155 Thread 0x000001bbef1ac000 Uncommon trap: reason=bimorphic_or_optimized_type_check action=maybe_recompile pc=0x000001bbddd4eb50 method=com.sun.tools.javac.code.Types$13.visitClassType(Lcom/sun/tools/javac/code/Type$ClassType;Lcom/sun/tools/javac/code/Symbol;)Lcom/sun/tools/javac/co
Event: 495.155 Thread 0x000001bbef1ac000 DEOPT PACKING pc=0x000001bbddd4eb50 sp=0x000000151a0f88b0
Event: 495.155 Thread 0x000001bbef1ac000 DEOPT UNPACKING pc=0x000001bbd5b474af sp=0x000000151a0f87f8 mode 2
Event: 495.156 Thread 0x000001bbef1ac000 Uncommon trap: trap_request=0xffffff4d fr.pc=0x000001bbde05817c relative=0x0000000000001cdc
Event: 495.156 Thread 0x000001bbef1ac000 Uncommon trap: reason=unstable_if action=reinterpret pc=0x000001bbde05817c method=com.sun.tools.javac.code.Symbol$MethodSymbol.overrides(Lcom/sun/tools/javac/code/Symbol;Lcom/sun/tools/javac/code/Symbol$TypeSymbol;Lcom/sun/tools/javac/code/Types;ZZ)Z @ 44
Event: 495.156 Thread 0x000001bbef1ac000 DEOPT PACKING pc=0x000001bbde05817c sp=0x000000151a0f8720
Event: 495.156 Thread 0x000001bbef1ac000 DEOPT UNPACKING pc=0x000001bbd5b474af sp=0x000000151a0f8698 mode 2
Event: 495.156 Thread 0x000001bbef1ac000 Uncommon trap: trap_request=0xffffffc6 fr.pc=0x000001bbddd4eb50 relative=0x0000000000000650
Event: 495.156 Thread 0x000001bbef1ac000 Uncommon trap: reason=bimorphic_or_optimized_type_check action=maybe_recompile pc=0x000001bbddd4eb50 method=com.sun.tools.javac.code.Types$13.visitClassType(Lcom/sun/tools/javac/code/Type$ClassType;Lcom/sun/tools/javac/code/Symbol;)Lcom/sun/tools/javac/co
Event: 495.156 Thread 0x000001bbef1ac000 DEOPT PACKING pc=0x000001bbddd4eb50 sp=0x000000151a0f88b0
Event: 495.156 Thread 0x000001bbef1ac000 DEOPT UNPACKING pc=0x000001bbd5b474af sp=0x000000151a0f87f8 mode 2
Event: 495.157 Thread 0x000001bbef1ac000 Uncommon trap: trap_request=0xffffffc6 fr.pc=0x000001bbddd4eb50 relative=0x0000000000000650
Event: 495.157 Thread 0x000001bbef1ac000 Uncommon trap: reason=bimorphic_or_optimized_type_check action=maybe_recompile pc=0x000001bbddd4eb50 method=com.sun.tools.javac.code.Types$13.visitClassType(Lcom/sun/tools/javac/code/Type$ClassType;Lcom/sun/tools/javac/code/Symbol;)Lcom/sun/tools/javac/co
Event: 495.157 Thread 0x000001bbef1ac000 DEOPT PACKING pc=0x000001bbddd4eb50 sp=0x000000151a0f88b0
Event: 495.157 Thread 0x000001bbef1ac000 DEOPT UNPACKING pc=0x000001bbd5b474af sp=0x000000151a0f87f8 mode 2
Event: 495.191 Thread 0x000001bbef1ac000 Uncommon trap: trap_request=0xffffff4d fr.pc=0x000001bbde067790 relative=0x0000000000000ed0
Event: 495.191 Thread 0x000001bbef1ac000 Uncommon trap: reason=unstable_if action=reinterpret pc=0x000001bbde067790 method=com.sun.tools.javac.util.Position$LineMapImpl.getLineNumber(I)I @ 66 c2
Event: 495.191 Thread 0x000001bbef1ac000 DEOPT PACKING pc=0x000001bbde067790 sp=0x000000151a0f9540
Event: 495.191 Thread 0x000001bbef1ac000 DEOPT UNPACKING pc=0x000001bbd5b474af sp=0x000000151a0f93c0 mode 2

Classes redefined (0 events):
No events

Internal exceptions (20 events):
Event: 495.130 Thread 0x000001bbef1ac000 Exception <a 'sun/nio/fs/WindowsException'{0x000000008a7101b0}> (0x000000008a7101b0) thrown at [./src/hotspot/share/prims/jni.cpp, line 615]
Event: 495.131 Thread 0x000001bbef1ac000 Exception <a 'sun/nio/fs/WindowsException'{0x000000008a710310}> (0x000000008a710310) thrown at [./src/hotspot/share/prims/jni.cpp, line 615]
Event: 495.131 Thread 0x000001bbef1ac000 Exception <a 'sun/nio/fs/WindowsException'{0x000000008a712d78}> (0x000000008a712d78) thrown at [./src/hotspot/share/prims/jni.cpp, line 615]
Event: 495.131 Thread 0x000001bbef1ac000 Exception <a 'sun/nio/fs/WindowsException'{0x000000008a712ee8}> (0x000000008a712ee8) thrown at [./src/hotspot/share/prims/jni.cpp, line 615]
Event: 495.140 Thread 0x000001bbef1ac000 Exception <a 'sun/nio/fs/WindowsException'{0x000000008a7aa628}> (0x000000008a7aa628) thrown at [./src/hotspot/share/prims/jni.cpp, line 615]
Event: 495.140 Thread 0x000001bbef1ac000 Exception <a 'sun/nio/fs/WindowsException'{0x000000008a7aa7a0}> (0x000000008a7aa7a0) thrown at [./src/hotspot/share/prims/jni.cpp, line 615]
Event: 495.140 Thread 0x000001bbef1ac000 Exception <a 'sun/nio/fs/WindowsException'{0x000000008a7ad518}> (0x000000008a7ad518) thrown at [./src/hotspot/share/prims/jni.cpp, line 615]
Event: 495.141 Thread 0x000001bbef1ac000 Exception <a 'sun/nio/fs/WindowsException'{0x000000008a7ad6a0}> (0x000000008a7ad6a0) thrown at [./src/hotspot/share/prims/jni.cpp, line 615]
Event: 495.153 Thread 0x000001bbef1ac000 Exception <a 'sun/nio/fs/WindowsException'{0x000000008a6044b8}> (0x000000008a6044b8) thrown at [./src/hotspot/share/prims/jni.cpp, line 615]
Event: 495.154 Thread 0x000001bbef1ac000 Exception <a 'sun/nio/fs/WindowsException'{0x000000008a604640}> (0x000000008a604640) thrown at [./src/hotspot/share/prims/jni.cpp, line 615]
Event: 495.154 Thread 0x000001bbef1ac000 Exception <a 'sun/nio/fs/WindowsException'{0x000000008a607148}> (0x000000008a607148) thrown at [./src/hotspot/share/prims/jni.cpp, line 615]
Event: 495.154 Thread 0x000001bbef1ac000 Exception <a 'sun/nio/fs/WindowsException'{0x000000008a6072e0}> (0x000000008a6072e0) thrown at [./src/hotspot/share/prims/jni.cpp, line 615]
Event: 495.174 Thread 0x000001bbef1ac000 Exception <a 'sun/nio/fs/WindowsException'{0x000000008a6ec3f0}> (0x000000008a6ec3f0) thrown at [./src/hotspot/share/prims/jni.cpp, line 615]
Event: 495.183 Thread 0x000001bbef1ac000 Exception <a 'sun/nio/fs/WindowsException'{0x000000008a6f4ae8}> (0x000000008a6f4ae8) thrown at [./src/hotspot/share/prims/jni.cpp, line 615]
Event: 495.186 Thread 0x000001bbef1ac000 Exception <a 'sun/nio/fs/WindowsException'{0x000000008a6ff688}> (0x000000008a6ff688) thrown at [./src/hotspot/share/prims/jni.cpp, line 615]
Event: 495.192 Thread 0x000001bbef1ac000 Exception <a 'sun/nio/fs/WindowsException'{0x000000008a510948}> (0x000000008a510948) thrown at [./src/hotspot/share/prims/jni.cpp, line 615]
Event: 495.373 Thread 0x000001bbef1ac000 Exception <a 'sun/nio/fs/WindowsException'{0x0000000089e56960}> (0x0000000089e56960) thrown at [./src/hotspot/share/prims/jni.cpp, line 615]
Event: 495.373 Thread 0x000001bbef1ac000 Exception <a 'sun/nio/fs/WindowsException'{0x0000000089e56ac0}> (0x0000000089e56ac0) thrown at [./src/hotspot/share/prims/jni.cpp, line 615]
Event: 495.374 Thread 0x000001bbef1ac000 Exception <a 'sun/nio/fs/WindowsException'{0x0000000089e59a78}> (0x0000000089e59a78) thrown at [./src/hotspot/share/prims/jni.cpp, line 615]
Event: 495.374 Thread 0x000001bbef1ac000 Exception <a 'sun/nio/fs/WindowsException'{0x0000000089e59be8}> (0x0000000089e59be8) thrown at [./src/hotspot/share/prims/jni.cpp, line 615]

Events (20 events):
Event: 493.647 Thread 0x000001bbef1b0000 Thread exited: 0x000001bbef1b0000
Event: 493.678 Executing VM operation: G1CollectForAllocation
Event: 493.702 Executing VM operation: G1CollectForAllocation done
Event: 493.988 Thread 0x000001bbf0ebe800 Thread exited: 0x000001bbf0ebe800
Event: 493.993 Loaded shared library C:\Program Files\Android\Android Studio\jre\bin\nio.dll
Event: 494.152 Thread 0x000001bbf0ebe800 Thread added: 0x000001bbf0ebe800
Event: 494.477 Executing VM operation: ICBufferFull
Event: 494.478 Executing VM operation: ICBufferFull done
Event: 494.489 Executing VM operation: ICBufferFull
Event: 494.489 Executing VM operation: ICBufferFull done
Event: 494.538 Executing VM operation: G1CollectForAllocation
Event: 494.558 Executing VM operation: G1CollectForAllocation done
Event: 494.881 Executing VM operation: CGC_Operation
Event: 494.898 Executing VM operation: CGC_Operation done
Event: 494.988 Executing VM operation: ICBufferFull
Event: 494.989 Executing VM operation: ICBufferFull done
Event: 495.066 Executing VM operation: CGC_Operation
Event: 495.066 Executing VM operation: CGC_Operation done
Event: 495.317 Executing VM operation: ICBufferFull
Event: 495.318 Executing VM operation: ICBufferFull done


Dynamic libraries:
0x00007ff6b4f90000 - 0x00007ff6b4f9a000 	C:\Program Files\Android\Android Studio\jre\bin\java.exe
0x00007ff9c5a10000 - 0x00007ff9c5c05000 	C:\WINDOWS\SYSTEM32\ntdll.dll
0x00007ff9c4480000 - 0x00007ff9c453e000 	C:\WINDOWS\System32\KERNEL32.DLL
0x00007ff9c31b0000 - 0x00007ff9c3478000 	C:\WINDOWS\System32\KERNELBASE.dll
0x00007ff9c38a0000 - 0x00007ff9c39a0000 	C:\WINDOWS\System32\ucrtbase.dll
0x00007ff9be6d0000 - 0x00007ff9be6e9000 	C:\Program Files\Android\Android Studio\jre\bin\jli.dll
0x00007ff9be6b0000 - 0x00007ff9be6c7000 	C:\Program Files\Android\Android Studio\jre\bin\VCRUNTIME140.dll
0x00007ff9c50d0000 - 0x00007ff9c5271000 	C:\WINDOWS\System32\USER32.dll
0x00007ff9b1dc0000 - 0x00007ff9b205a000 	C:\WINDOWS\WinSxS\amd64_microsoft.windows.common-controls_6595b64144ccf1df_6.0.19041.1110_none_60b5254171f9507e\COMCTL32.dll
0x00007ff9c5030000 - 0x00007ff9c50ce000 	C:\WINDOWS\System32\msvcrt.dll
0x00007ff9c36b0000 - 0x00007ff9c36d2000 	C:\WINDOWS\System32\win32u.dll
0x00007ff9c4680000 - 0x00007ff9c46ab000 	C:\WINDOWS\System32\GDI32.dll
0x00007ff9c36e0000 - 0x00007ff9c37ed000 	C:\WINDOWS\System32\gdi32full.dll
0x00007ff9c3480000 - 0x00007ff9c351d000 	C:\WINDOWS\System32\msvcp_win.dll
0x00007ff9c45f0000 - 0x00007ff9c4620000 	C:\WINDOWS\System32\IMM32.DLL
0x00007ff98f590000 - 0x00007ff98f62d000 	C:\Program Files\Android\Android Studio\jre\bin\msvcp140.dll
0x00007ff97f450000 - 0x00007ff97ff0c000 	C:\Program Files\Android\Android Studio\jre\bin\server\jvm.dll
0x00007ff9c4f80000 - 0x00007ff9c502e000 	C:\WINDOWS\System32\ADVAPI32.dll
0x00007ff9c5720000 - 0x00007ff9c57bc000 	C:\WINDOWS\System32\sechost.dll
0x00007ff9c4e50000 - 0x00007ff9c4f75000 	C:\WINDOWS\System32\RPCRT4.dll
0x00007ff9c4db0000 - 0x00007ff9c4db8000 	C:\WINDOWS\System32\PSAPI.DLL
0x00007ff9c04b0000 - 0x00007ff9c04b9000 	C:\WINDOWS\SYSTEM32\WSOCK32.dll
0x00007ff9c4d30000 - 0x00007ff9c4d9b000 	C:\WINDOWS\System32\WS2_32.dll
0x00007ff9b5b00000 - 0x00007ff9b5b27000 	C:\WINDOWS\SYSTEM32\WINMM.dll
0x00007ff9c18a0000 - 0x00007ff9c18aa000 	C:\WINDOWS\SYSTEM32\VERSION.dll
0x00007ff9c1c80000 - 0x00007ff9c1c92000 	C:\WINDOWS\SYSTEM32\kernel.appcore.dll
0x00007ff9bcee0000 - 0x00007ff9bcef1000 	C:\Program Files\Android\Android Studio\jre\bin\verify.dll
0x00007ff9be720000 - 0x00007ff9be904000 	C:\WINDOWS\SYSTEM32\DBGHELP.DLL
0x00007ff9aed70000 - 0x00007ff9aed9c000 	C:\WINDOWS\SYSTEM32\dbgcore.DLL
0x00007ff9c3120000 - 0x00007ff9c31a2000 	C:\WINDOWS\System32\bcryptPrimitives.dll
0x00007ff9bc660000 - 0x00007ff9bc689000 	C:\Program Files\Android\Android Studio\jre\bin\java.dll
0x00007ff9bcbf0000 - 0x00007ff9bcbfb000 	C:\Program Files\Android\Android Studio\jre\bin\jimage.dll
0x00007ff991e00000 - 0x00007ff991e18000 	C:\Program Files\Android\Android Studio\jre\bin\zip.dll
0x00007ff9c3ae0000 - 0x00007ff9c4224000 	C:\WINDOWS\System32\SHELL32.dll
0x00007ff9c10f0000 - 0x00007ff9c1885000 	C:\WINDOWS\SYSTEM32\windows.storage.dll
0x00007ff9c49d0000 - 0x00007ff9c4d25000 	C:\WINDOWS\System32\combase.dll
0x00007ff9c2b00000 - 0x00007ff9c2b2e000 	C:\WINDOWS\SYSTEM32\Wldp.dll
0x00007ff9c4540000 - 0x00007ff9c45ed000 	C:\WINDOWS\System32\SHCORE.dll
0x00007ff9c4620000 - 0x00007ff9c4675000 	C:\WINDOWS\System32\shlwapi.dll
0x00007ff9c3060000 - 0x00007ff9c307f000 	C:\WINDOWS\SYSTEM32\profapi.dll
0x00007ff991de0000 - 0x00007ff991dfa000 	C:\Program Files\Android\Android Studio\jre\bin\net.dll
0x00007ff9b4650000 - 0x00007ff9b475c000 	C:\WINDOWS\SYSTEM32\WINHTTP.dll
0x00007ff9c2800000 - 0x00007ff9c286a000 	C:\WINDOWS\system32\mswsock.dll
0x00007ff991dc0000 - 0x00007ff991dd4000 	C:\Program Files\Android\Android Studio\jre\bin\nio.dll
0x00007ff9be6f0000 - 0x00007ff9be717000 	C:\Users\Jaswinder\.gradle\native\f6784746aeab05261644944871eae4fe03e0ef1612fff0a4a95f87b438bc6780\windows-amd64\native-platform.dll
0x00007ff9bcbe0000 - 0x00007ff9bcbea000 	C:\Program Files\Android\Android Studio\jre\bin\management.dll
0x00007ff9a0720000 - 0x00007ff9a072c000 	C:\Program Files\Android\Android Studio\jre\bin\management_ext.dll
0x00007ff9c29f0000 - 0x00007ff9c2a08000 	C:\WINDOWS\SYSTEM32\CRYPTSP.dll
0x00007ff9c2180000 - 0x00007ff9c21b4000 	C:\WINDOWS\system32\rsaenh.dll
0x00007ff9c3680000 - 0x00007ff9c36a7000 	C:\WINDOWS\System32\bcrypt.dll
0x00007ff9c3020000 - 0x00007ff9c304e000 	C:\WINDOWS\SYSTEM32\USERENV.dll
0x00007ff9c2a10000 - 0x00007ff9c2a1c000 	C:\WINDOWS\SYSTEM32\CRYPTBASE.dll
0x00007ff9c24f0000 - 0x00007ff9c252b000 	C:\WINDOWS\SYSTEM32\IPHLPAPI.DLL
0x00007ff9c4e40000 - 0x00007ff9c4e48000 	C:\WINDOWS\System32\NSI.dll
0x00007ff9bc840000 - 0x00007ff9bc857000 	C:\WINDOWS\SYSTEM32\dhcpcsvc6.DLL
0x00007ff9bc8a0000 - 0x00007ff9bc8bd000 	C:\WINDOWS\SYSTEM32\dhcpcsvc.DLL
0x00007ff9c2530000 - 0x00007ff9c25fb000 	C:\WINDOWS\SYSTEM32\DNSAPI.dll
0x00007ff9bc860000 - 0x00007ff9bc86b000 	C:\WINDOWS\SYSTEM32\WINNSI.DLL
0x00007ff9be660000 - 0x00007ff9be668000 	C:\Program Files\Android\Android Studio\jre\bin\rmi.dll
0x00007ff97ea00000 - 0x00007ff97ea27000 	C:\Program Files\Android\Android Studio\jre\bin\sunec.dll

dbghelp: loaded successfully - version: 4.0.5 - missing functions: none
symbol engine: initialized successfully - sym options: 0x614 - pdb path: .;C:\Program Files\Android\Android Studio\jre\bin;C:\WINDOWS\SYSTEM32;C:\WINDOWS\WinSxS\amd64_microsoft.windows.common-controls_6595b64144ccf1df_6.0.19041.1110_none_60b5254171f9507e;C:\Program Files\Android\Android Studio\jre\bin\server;C:\Users\Jaswinder\.gradle\native\f6784746aeab05261644944871eae4fe03e0ef1612fff0a4a95f87b438bc6780\windows-amd64

VM Arguments:
jvm_args: --add-opens=java.base/java.util=ALL-UNNAMED --add-opens=java.base/java.lang=ALL-UNNAMED --add-opens=java.base/java.lang.invoke=ALL-UNNAMED --add-opens=java.prefs/java.util.prefs=ALL-UNNAMED -Xmx2048m -Dfile.encoding=UTF-8 -Duser.country=CA -Duser.language=en -Duser.variant 
java_command: org.gradle.launcher.daemon.bootstrap.GradleDaemon 6.5
java_class_path (initial): C:\Users\Jaswinder\.gradle\wrapper\dists\gradle-6.5-bin\6nifqtx7604sqp1q6g8wikw7p\gradle-6.5\lib\gradle-launcher-6.5.jar
Launcher Type: SUN_STANDARD

[Global flags]
     intx CICompilerCount                          = 3                                         {product} {ergonomic}
     uint ConcGCThreads                            = 1                                         {product} {ergonomic}
     uint G1ConcRefinementThreads                  = 4                                         {product} {ergonomic}
   size_t G1HeapRegionSize                         = 1048576                                   {product} {ergonomic}
    uintx GCDrainStackTargetSize                   = 64                                        {product} {ergonomic}
   size_t InitialHeapSize                          = 132120576                                 {product} {ergonomic}
   size_t MarkStackSize                            = 4194304                                   {product} {ergonomic}
   size_t MaxHeapSize                              = 2147483648                                {product} {command line}
   size_t MaxNewSize                               = 1287651328                                {product} {ergonomic}
   size_t MinHeapDeltaBytes                        = 1048576                                   {product} {ergonomic}
    uintx NonNMethodCodeHeapSize                   = 5830732                                {pd product} {ergonomic}
    uintx NonProfiledCodeHeapSize                  = 122913754                              {pd product} {ergonomic}
    uintx ProfiledCodeHeapSize                     = 122913754                              {pd product} {ergonomic}
    uintx ReservedCodeCacheSize                    = 251658240                              {pd product} {ergonomic}
     bool SegmentedCodeCache                       = true                                      {product} {ergonomic}
     bool UseCompressedClassPointers               = true                                 {lp64_product} {ergonomic}
     bool UseCompressedOops                        = true                                 {lp64_product} {ergonomic}
     bool UseG1GC                                  = true                                      {product} {ergonomic}
     bool UseLargePagesIndividualAllocation        = false                                  {pd product} {ergonomic}

Logging:
Log output configuration:
 #0: stdout all=warning uptime,level,tags
 #1: stderr all=off uptime,level,tags

Environment Variables:
PATH=C:\Program Files (x86)\Intel\iCLS Client\;C:\Program Files\Intel\iCLS Client\;C:\windows\system32;C:\windows;C:\windows\System32\Wbem;C:\windows\System32\WindowsPowerShell\v1.0\;C:\Program Files (x86)\Intel\Intel(R) Management Engine Components\DAL;C:\Program Files\Intel\Intel(R) Management Engine Components\DAL;C:\Program Files (x86)\Intel\Intel(R) Management Engine Components\IPT;C:\Program Files\Intel\Intel(R) Management Engine Components\IPT;C:\Program Files (x86)\NVIDIA Corporation\PhysX\Common;C:\WINDOWS\system32;C:\WINDOWS;C:\WINDOWS\System32\Wbem;C:\WINDOWS\System32\WindowsPowerShell\v1.0\;C:\WINDOWS\System32\OpenSSH\;C:\Program Files (x86)\QuickTime\QTSystem\;C:\Program Files\Git\cmd;C:\Users\Jaswinder\AppData\Local\Microsoft\WindowsApps;
USERNAME=Jaswinder
OS=Windows_NT
PROCESSOR_IDENTIFIER=Intel64 Family 6 Model 78 Stepping 3, GenuineIntel



---------------  S Y S T E M  ---------------

OS: Windows 10 , 64 bit Build 19041 (10.0.19041.1466)
OS uptime: 0 days 1:12 hours

CPU:total 4 (initial active 4) (2 cores per cpu, 2 threads per core) family 6 model 78 stepping 3, cmov, cx8, fxsr, mmx, sse, sse2, sse3, ssse3, sse4.1, sse4.2, popcnt, avx, avx2, aes, clmul, erms, 3dnowpref, lzcnt, ht, tsc, tscinvbit, bmi1, bmi2, adx, fma

Memory: 4k page, system-wide physical 8012M (677M free)
TotalPageFile size 8012M (AvailPageFile size 4M)
current process WorkingSet (physical memory assigned to process): 514M, peak: 514M
current process commit charge ("private bytes"): 544M, peak: 544M

vm_info: OpenJDK 64-Bit Server VM (11.0.8+10-b944.6842174) for windows-amd64 JRE (11.0.8+10-b944.6842174), built on Sep 19 2020 01:11:42 by "builder" with MS VC++ 14.0 (VS2015)

END.
