#
# There is insufficient memory for the Java Runtime Environment to continue.
# Native memory allocation (malloc) failed to allocate 1230736 bytes for Chunk::new
# Possible reasons:
#   The system is out of physical RAM or swap space
#   The process is running with CompressedOops enabled, and the Java Heap may be blocking the growth of the native heap
# Possible solutions:
#   Reduce memory load on the system
#   Increase physical memory or swap space
#   Check if swap backing store is full
#   Decrease Java heap size (-Xmx/-Xms)
#   Decrease number of Java threads
#   Decrease Java thread stack sizes (-Xss)
#   Set larger code cache with -XX:ReservedCodeCacheSize=
#   JVM is running with Unscaled Compressed Oops mode in which the Java heap is
#     placed in the first 4GB address space. The Java Heap base address is the
#     maximum limit for the native heap growth. Please use -XX:HeapBaseMinAddress
#     to set the Java Heap base and to place the Java Heap above 4GB virtual address.
# This output file may be truncated or incomplete.
#
#  Out of Memory Error (./src/hotspot/share/memory/arena.cpp:197), pid=12904, tid=12072
#
# JRE version: OpenJDK Runtime Environment (11.0.8+10) (build 11.0.8+10-b944.6842174)
# Java VM: OpenJDK 64-Bit Server VM (11.0.8+10-b944.6842174, mixed mode, tiered, compressed oops, g1 gc, windows-amd64)
# No core dump will be written. Minidumps are not enabled by default on client versions of Windows
#

---------------  S U M M A R Y ------------

Command Line: --add-opens=java.base/java.util=ALL-UNNAMED --add-opens=java.base/java.lang=ALL-UNNAMED --add-opens=java.base/java.lang.invoke=ALL-UNNAMED --add-opens=java.prefs/java.util.prefs=ALL-UNNAMED -Xmx2048m -Dfile.encoding=UTF-8 -Duser.country=CA -Duser.language=en -Duser.variant org.gradle.launcher.daemon.bootstrap.GradleDaemon 6.5

Host: Intel(R) Core(TM) i5-6200U CPU @ 2.30GHz, 4 cores, 7G,  Windows 10 , 64 bit Build 19041 (10.0.19041.1466)
Time: Wed Feb  2 14:55:53 2022 India Standard Time elapsed time: 24 seconds (0d 0h 0m 24s)

---------------  T H R E A D  ---------------

Current thread (0x000001d48aa50000):  JavaThread "C2 CompilerThread1" daemon [_thread_in_native, id=12072, stack(0x00000072a6900000,0x00000072a6a00000)]


Current CompileTask:
C2:  24106 10088       4       com.sun.tools.javac.parser.JavacParser::term3 (2482 bytes)

Stack: [0x00000072a6900000,0x00000072a6a00000]
Native frames: (J=compiled Java code, j=interpreted, Vv=VM code, C=native code)
V  [jvm.dll+0x5de50a]
V  [jvm.dll+0x7122f5]
V  [jvm.dll+0x71384d]
V  [jvm.dll+0x713f03]
V  [jvm.dll+0x23e728]
V  [jvm.dll+0xb899c]
V  [jvm.dll+0xb8e9c]
V  [jvm.dll+0x35024d]
V  [jvm.dll+0x193cbc]
V  [jvm.dll+0x1f780e]
V  [jvm.dll+0x1f68d4]
V  [jvm.dll+0x17f32c]
V  [jvm.dll+0x205047]
V  [jvm.dll+0x203891]
V  [jvm.dll+0x6dad3f]
V  [jvm.dll+0x6d3895]
V  [jvm.dll+0x5dd4a6]
C  [ucrtbase.dll+0x21bb2]
C  [KERNEL32.DLL+0x17034]
C  [ntdll.dll+0x52651]


---------------  P R O C E S S  ---------------

Threads class SMR info:
_java_thread_list=0x000001d48765bdd0, length=162, elements={
0x000001d4ebb7b000, 0x000001d4ff5f3800, 0x000001d4ff5f4800, 0x000001d486042800,
0x000001d4ff604800, 0x000001d4ff607800, 0x000001d4ff60d800, 0x000001d4ff623000,
0x000001d486171000, 0x000001d4861a8800, 0x000001d48806e800, 0x000001d486be5800,
0x000001d4874c5000, 0x000001d4871f6000, 0x000001d4874e7000, 0x000001d4874a4800,
0x000001d4874a6800, 0x000001d487671000, 0x000001d487671800, 0x000001d48752f800,
0x000001d48823b800, 0x000001d488239000, 0x000001d488238000, 0x000001d48823c000,
0x000001d488236800, 0x000001d48823a000, 0x000001d48823a800, 0x000001d48823d000,
0x000001d488237800, 0x000001d488571800, 0x000001d488573800, 0x000001d48856d800,
0x000001d488571000, 0x000001d488574000, 0x000001d488575000, 0x000001d48856f800,
0x000001d488579000, 0x000001d488576800, 0x000001d488578000, 0x000001d48857a800,
0x000001d48857a000, 0x000001d48857b800, 0x000001d488576000, 0x000001d48857c800,
0x000001d488577800, 0x000001d488503000, 0x000001d4884fd000, 0x000001d488502000,
0x000001d488503800, 0x000001d488501800, 0x000001d4884fe000, 0x000001d488504800,
0x000001d4884ff000, 0x000001d488505800, 0x000001d4884ff800, 0x000001d488500800,
0x000001d488508000, 0x000001d488509800, 0x000001d48850a800, 0x000001d488506000,
0x000001d488508800, 0x000001d48850c000, 0x000001d48850b000, 0x000001d488507000,
0x000001d48a7c4000, 0x000001d48a7c5800, 0x000001d48a7c0000, 0x000001d48a7c0800,
0x000001d48a7c4800, 0x000001d48a7c1800, 0x000001d48a7c8000, 0x000001d48a7c3000,
0x000001d48a7c6800, 0x000001d48a7c7000, 0x000001d48a7c2800, 0x000001d48a7ce800,
0x000001d48a7cc000, 0x000001d48a7cd800, 0x000001d48a7c9000, 0x000001d48a7ca800,
0x000001d48a7cb800, 0x000001d48a7c9800, 0x000001d48a7cd000, 0x000001d48b5a4800,
0x000001d48b5a6800, 0x000001d48b5a4000, 0x000001d48b5a7000, 0x000001d48b5a5800,
0x000001d48b5a1800, 0x000001d48b5a8000, 0x000001d48b5a3000, 0x000001d48b5a2800,
0x000001d48b5a9000, 0x000001d48b5a9800, 0x000001d48b5b0000, 0x000001d48b5ad800,
0x000001d48b5aa800, 0x000001d48b5ab000, 0x000001d48b5ac000, 0x000001d48b5ae800,
0x000001d48b5ad000, 0x000001d48b5af800, 0x000001d48a583800, 0x000001d48a583000,
0x000001d48a584800, 0x000001d48a586000, 0x000001d48a585800, 0x000001d48a580800,
0x000001d48a581800, 0x000001d48a587000, 0x000001d48a588000, 0x000001d48a582000,
0x000001d48a58e800, 0x000001d48a58a800, 0x000001d48a58b000, 0x000001d48a58c000,
0x000001d48a58d800, 0x000001d48a588800, 0x000001d48a58c800, 0x000001d48a589800,
0x000001d48a58f000, 0x000001d48a8f4000, 0x000001d48a8f2000, 0x000001d48a8ee800,
0x000001d48a8f3800, 0x000001d48a8ef800, 0x000001d48a8f5000, 0x000001d48a8f6000,
0x000001d48a8f1000, 0x000001d48a8f0000, 0x000001d48a8f6800, 0x000001d48a8f7800,
0x000001d48a8f8800, 0x000001d48a8f2800, 0x000001d48a8fa000, 0x000001d48a8fa800,
0x000001d48a8f9000, 0x000001d48a8fc800, 0x000001d48a8fb800, 0x000001d48a8fd000,
0x000001d48cfea800, 0x000001d48cfeb800, 0x000001d48cfed000, 0x000001d48cfea000,
0x000001d48cfe8000, 0x000001d48cfec000, 0x000001d48cfe9000, 0x000001d48cfe7800,
0x000001d48cfee000, 0x000001d48cff1000, 0x000001d48cff2000, 0x000001d48cff3800,
0x000001d48cff0800, 0x000001d48cfee800, 0x000001d48aa50000, 0x000001d48cff2800,
0x000001d48cff5000, 0x000001d48cff6000, 0x000001d48a5c2000, 0x000001d48a5c5000,
0x000001d48a5c3000, 0x000001d48a5c3800
}

Java Threads: ( => current thread )
  0x000001d4ebb7b000 JavaThread "main" [_thread_blocked, id=5960, stack(0x000000729c900000,0x000000729ca00000)]
  0x000001d4ff5f3800 JavaThread "Reference Handler" daemon [_thread_blocked, id=12728, stack(0x000000729d000000,0x000000729d100000)]
  0x000001d4ff5f4800 JavaThread "Finalizer" daemon [_thread_blocked, id=11380, stack(0x000000729d100000,0x000000729d200000)]
  0x000001d486042800 JavaThread "Signal Dispatcher" daemon [_thread_blocked, id=11672, stack(0x000000729d200000,0x000000729d300000)]
  0x000001d4ff604800 JavaThread "Attach Listener" daemon [_thread_blocked, id=1592, stack(0x000000729d300000,0x000000729d400000)]
  0x000001d4ff607800 JavaThread "C2 CompilerThread0" daemon [_thread_in_native, id=3948, stack(0x000000729d400000,0x000000729d500000)]
  0x000001d4ff60d800 JavaThread "C1 CompilerThread0" daemon [_thread_blocked, id=9212, stack(0x000000729d500000,0x000000729d600000)]
  0x000001d4ff623000 JavaThread "Sweeper thread" daemon [_thread_blocked, id=12668, stack(0x000000729d600000,0x000000729d700000)]
  0x000001d486171000 JavaThread "Common-Cleaner" daemon [_thread_blocked, id=12324, stack(0x000000729d700000,0x000000729d800000)]
  0x000001d4861a8800 JavaThread "Service Thread" daemon [_thread_blocked, id=1568, stack(0x000000729d800000,0x000000729d900000)]
  0x000001d48806e800 JavaThread "Daemon health stats" [_thread_blocked, id=7840, stack(0x000000729dd00000,0x000000729de00000)]
  0x000001d486be5800 JavaThread "Incoming local TCP Connector on port 60176" [_thread_in_native, id=5304, stack(0x000000729df00000,0x000000729e000000)]
  0x000001d4874c5000 JavaThread "Daemon periodic checks" [_thread_blocked, id=6008, stack(0x000000729e000000,0x000000729e100000)]
  0x000001d4871f6000 JavaThread "Daemon" [_thread_blocked, id=11188, stack(0x000000729e100000,0x000000729e200000)]
  0x000001d4874e7000 JavaThread "Handler for socket connection from /127.0.0.1:60176 to /127.0.0.1:60177" [_thread_in_native, id=1908, stack(0x000000729e200000,0x000000729e300000)]
  0x000001d4874a4800 JavaThread "Cancel handler" [_thread_blocked, id=10172, stack(0x000000729e400000,0x000000729e500000)]
  0x000001d4874a6800 JavaThread "Daemon worker" [_thread_in_native, id=8828, stack(0x000000729e500000,0x000000729e600000)]
  0x000001d487671000 JavaThread "Asynchronous log dispatcher for DefaultDaemonConnection: socket connection from /127.0.0.1:60176 to /127.0.0.1:60177" [_thread_blocked, id=5292, stack(0x000000729e600000,0x000000729e700000)]
  0x000001d487671800 JavaThread "Stdin handler" [_thread_blocked, id=4728, stack(0x000000729e700000,0x000000729e800000)]
  0x000001d48752f800 JavaThread "Thread-8" [_thread_blocked, id=5312, stack(0x000000729e800000,0x000000729e900000)]
  0x000001d48823b800 JavaThread "Cache worker for journal cache (C:\Users\Jaswinder\.gradle\caches\journal-1)" [_thread_blocked, id=1712, stack(0x000000729e300000,0x000000729e400000)]
  0x000001d488239000 JavaThread "File lock request listener" [_thread_in_native, id=9164, stack(0x000000729ea00000,0x000000729eb00000)]
  0x000001d488238000 JavaThread "Cache worker for file hash cache (C:\Users\Jaswinder\.gradle\caches\6.5\fileHashes)" [_thread_blocked, id=12012, stack(0x000000729eb00000,0x000000729ec00000)]
  0x000001d48823c000 JavaThread "Cache worker for file hash cache (M:\Amu Data\workProject\daily-reporting-mobile-app-22\.gradle\6.5\fileHashes)" [_thread_blocked, id=6700, stack(0x000000729ed00000,0x000000729ee00000)]
  0x000001d488236800 JavaThread "Cache worker for checksums cache (M:\Amu Data\workProject\daily-reporting-mobile-app-22\.gradle\checksums)" [_thread_blocked, id=4956, stack(0x000000729ee00000,0x000000729ef00000)]
  0x000001d48823a000 JavaThread "Cache worker for cache directory md-supplier (C:\Users\Jaswinder\.gradle\caches\6.5\md-supplier)" [_thread_blocked, id=7748, stack(0x000000729ef00000,0x000000729f000000)]
  0x000001d48823a800 JavaThread "Cache worker for cache directory md-rule (C:\Users\Jaswinder\.gradle\caches\6.5\md-rule)" [_thread_blocked, id=12736, stack(0x000000729f000000,0x000000729f100000)]
  0x000001d48823d000 JavaThread "Cache worker for execution history cache (C:\Users\Jaswinder\.gradle\caches\6.5\executionHistory)" [_thread_blocked, id=5896, stack(0x000000729f100000,0x000000729f200000)]
  0x000001d488237800 JavaThread "jar transforms" [_thread_blocked, id=9340, stack(0x000000729f200000,0x000000729f300000)]
  0x000001d488571800 JavaThread "Cache worker for file content cache (C:\Users\Jaswinder\.gradle\caches\6.5\fileContent)" [_thread_blocked, id=7400, stack(0x000000729f300000,0x000000729f400000)]
  0x000001d488573800 JavaThread "Build operations" [_thread_blocked, id=2540, stack(0x000000729f400000,0x000000729f500000)]
  0x000001d48856d800 JavaThread "Build operations Thread 2" [_thread_blocked, id=8268, stack(0x000000729f500000,0x000000729f600000)]
  0x000001d488571000 JavaThread "Build operations Thread 3" [_thread_blocked, id=11744, stack(0x000000729f600000,0x000000729f700000)]
  0x000001d488574000 JavaThread "Build operations Thread 4" [_thread_blocked, id=5064, stack(0x000000729f700000,0x000000729f800000)]
  0x000001d488575000 JavaThread "jar transforms Thread 2" [_thread_blocked, id=13064, stack(0x000000729f800000,0x000000729f900000)]
  0x000001d48856f800 JavaThread "jar transforms Thread 3" [_thread_blocked, id=5212, stack(0x000000729f900000,0x000000729fa00000)]
  0x000001d488579000 JavaThread "jar transforms Thread 4" [_thread_blocked, id=5044, stack(0x000000729fa00000,0x000000729fb00000)]
  0x000001d488576800 JavaThread "jar transforms Thread 5" [_thread_blocked, id=6084, stack(0x000000729fb00000,0x000000729fc00000)]
  0x000001d488578000 JavaThread "jar transforms Thread 6" [_thread_blocked, id=13060, stack(0x000000729fc00000,0x000000729fd00000)]
  0x000001d48857a800 JavaThread "jar transforms Thread 7" [_thread_blocked, id=8216, stack(0x000000729fd00000,0x000000729fe00000)]
  0x000001d48857a000 JavaThread "jar transforms Thread 8" [_thread_blocked, id=3820, stack(0x000000729fe00000,0x000000729ff00000)]
  0x000001d48857b800 JavaThread "jar transforms Thread 9" [_thread_blocked, id=8248, stack(0x000000729ff00000,0x00000072a0000000)]
  0x000001d488576000 JavaThread "jar transforms Thread 10" [_thread_blocked, id=5852, stack(0x00000072a0000000,0x00000072a0100000)]
  0x000001d48857c800 JavaThread "jar transforms Thread 11" [_thread_blocked, id=9548, stack(0x00000072a0100000,0x00000072a0200000)]
  0x000001d488577800 JavaThread "jar transforms Thread 12" [_thread_blocked, id=3340, stack(0x00000072a0200000,0x00000072a0300000)]
  0x000001d488503000 JavaThread "jar transforms Thread 13" [_thread_blocked, id=7676, stack(0x00000072a0300000,0x00000072a0400000)]
  0x000001d4884fd000 JavaThread "jar transforms Thread 14" [_thread_blocked, id=12908, stack(0x00000072a0400000,0x00000072a0500000)]
  0x000001d488502000 JavaThread "jar transforms Thread 15" [_thread_blocked, id=2996, stack(0x00000072a0500000,0x00000072a0600000)]
  0x000001d488503800 JavaThread "jar transforms Thread 16" [_thread_blocked, id=4544, stack(0x00000072a0600000,0x00000072a0700000)]
  0x000001d488501800 JavaThread "jar transforms Thread 17" [_thread_blocked, id=10044, stack(0x00000072a0700000,0x00000072a0800000)]
  0x000001d4884fe000 JavaThread "jar transforms Thread 18" [_thread_blocked, id=6060, stack(0x00000072a0800000,0x00000072a0900000)]
  0x000001d488504800 JavaThread "jar transforms Thread 19" [_thread_blocked, id=5752, stack(0x00000072a0900000,0x00000072a0a00000)]
  0x000001d4884ff000 JavaThread "jar transforms Thread 20" [_thread_blocked, id=7312, stack(0x00000072a0a00000,0x00000072a0b00000)]
  0x000001d488505800 JavaThread "jar transforms Thread 21" [_thread_blocked, id=5760, stack(0x00000072a0b00000,0x00000072a0c00000)]
  0x000001d4884ff800 JavaThread "jar transforms Thread 22" [_thread_blocked, id=4484, stack(0x00000072a0c00000,0x00000072a0d00000)]
  0x000001d488500800 JavaThread "jar transforms Thread 23" [_thread_blocked, id=12000, stack(0x00000072a0d00000,0x00000072a0e00000)]
  0x000001d488508000 JavaThread "jar transforms Thread 24" [_thread_blocked, id=11596, stack(0x00000072a0e00000,0x00000072a0f00000)]
  0x000001d488509800 JavaThread "jar transforms Thread 25" [_thread_blocked, id=9684, stack(0x00000072a0f00000,0x00000072a1000000)]
  0x000001d48850a800 JavaThread "jar transforms Thread 26" [_thread_blocked, id=12852, stack(0x00000072a1000000,0x00000072a1100000)]
  0x000001d488506000 JavaThread "jar transforms Thread 27" [_thread_blocked, id=5956, stack(0x00000072a1100000,0x00000072a1200000)]
  0x000001d488508800 JavaThread "jar transforms Thread 28" [_thread_blocked, id=4188, stack(0x00000072a1200000,0x00000072a1300000)]
  0x000001d48850c000 JavaThread "jar transforms Thread 29" [_thread_blocked, id=10692, stack(0x00000072a1300000,0x00000072a1400000)]
  0x000001d48850b000 JavaThread "jar transforms Thread 30" [_thread_blocked, id=13124, stack(0x00000072a1400000,0x00000072a1500000)]
  0x000001d488507000 JavaThread "jar transforms Thread 31" [_thread_blocked, id=10128, stack(0x00000072a1500000,0x00000072a1600000)]
  0x000001d48a7c4000 JavaThread "jar transforms Thread 32" [_thread_blocked, id=8788, stack(0x00000072a1600000,0x00000072a1700000)]
  0x000001d48a7c5800 JavaThread "jar transforms Thread 33" [_thread_blocked, id=13008, stack(0x00000072a1700000,0x00000072a1800000)]
  0x000001d48a7c0000 JavaThread "jar transforms Thread 34" [_thread_blocked, id=6124, stack(0x00000072a1800000,0x00000072a1900000)]
  0x000001d48a7c0800 JavaThread "jar transforms Thread 35" [_thread_blocked, id=12412, stack(0x00000072a1900000,0x00000072a1a00000)]
  0x000001d48a7c4800 JavaThread "jar transforms Thread 36" [_thread_blocked, id=8716, stack(0x00000072a1a00000,0x00000072a1b00000)]
  0x000001d48a7c1800 JavaThread "jar transforms Thread 37" [_thread_blocked, id=7928, stack(0x00000072a1b00000,0x00000072a1c00000)]
  0x000001d48a7c8000 JavaThread "jar transforms Thread 38" [_thread_blocked, id=12156, stack(0x00000072a1c00000,0x00000072a1d00000)]
  0x000001d48a7c3000 JavaThread "jar transforms Thread 39" [_thread_blocked, id=10860, stack(0x00000072a1d00000,0x00000072a1e00000)]
  0x000001d48a7c6800 JavaThread "jar transforms Thread 40" [_thread_blocked, id=12764, stack(0x00000072a1e00000,0x00000072a1f00000)]
  0x000001d48a7c7000 JavaThread "jar transforms Thread 41" [_thread_blocked, id=3852, stack(0x00000072a1f00000,0x00000072a2000000)]
  0x000001d48a7c2800 JavaThread "jar transforms Thread 42" [_thread_blocked, id=12016, stack(0x00000072a2000000,0x00000072a2100000)]
  0x000001d48a7ce800 JavaThread "jar transforms Thread 43" [_thread_blocked, id=5184, stack(0x00000072a2100000,0x00000072a2200000)]
  0x000001d48a7cc000 JavaThread "jar transforms Thread 44" [_thread_blocked, id=7420, stack(0x00000072a2200000,0x00000072a2300000)]
  0x000001d48a7cd800 JavaThread "jar transforms Thread 45" [_thread_blocked, id=3168, stack(0x00000072a2300000,0x00000072a2400000)]
  0x000001d48a7c9000 JavaThread "jar transforms Thread 46" [_thread_blocked, id=13232, stack(0x00000072a2400000,0x00000072a2500000)]
  0x000001d48a7ca800 JavaThread "jar transforms Thread 47" [_thread_blocked, id=8680, stack(0x00000072a2500000,0x00000072a2600000)]
  0x000001d48a7cb800 JavaThread "jar transforms Thread 48" [_thread_blocked, id=9588, stack(0x00000072a2600000,0x00000072a2700000)]
  0x000001d48a7c9800 JavaThread "jar transforms Thread 49" [_thread_blocked, id=6348, stack(0x00000072a2700000,0x00000072a2800000)]
  0x000001d48a7cd000 JavaThread "jar transforms Thread 50" [_thread_blocked, id=4356, stack(0x00000072a2800000,0x00000072a2900000)]
  0x000001d48b5a4800 JavaThread "jar transforms Thread 51" [_thread_blocked, id=1040, stack(0x00000072a2900000,0x00000072a2a00000)]
  0x000001d48b5a6800 JavaThread "jar transforms Thread 52" [_thread_blocked, id=2188, stack(0x00000072a2a00000,0x00000072a2b00000)]
  0x000001d48b5a4000 JavaThread "jar transforms Thread 53" [_thread_blocked, id=7716, stack(0x00000072a2b00000,0x00000072a2c00000)]
  0x000001d48b5a7000 JavaThread "jar transforms Thread 54" [_thread_blocked, id=12084, stack(0x00000072a2c00000,0x00000072a2d00000)]
  0x000001d48b5a5800 JavaThread "jar transforms Thread 55" [_thread_blocked, id=3960, stack(0x00000072a2d00000,0x00000072a2e00000)]
  0x000001d48b5a1800 JavaThread "jar transforms Thread 56" [_thread_blocked, id=2128, stack(0x00000072a2e00000,0x00000072a2f00000)]
  0x000001d48b5a8000 JavaThread "jar transforms Thread 57" [_thread_blocked, id=9508, stack(0x00000072a2f00000,0x00000072a3000000)]
  0x000001d48b5a3000 JavaThread "jar transforms Thread 58" [_thread_blocked, id=12552, stack(0x00000072a3000000,0x00000072a3100000)]
  0x000001d48b5a2800 JavaThread "jar transforms Thread 59" [_thread_blocked, id=9576, stack(0x00000072a3100000,0x00000072a3200000)]
  0x000001d48b5a9000 JavaThread "jar transforms Thread 60" [_thread_blocked, id=5180, stack(0x00000072a3200000,0x00000072a3300000)]
  0x000001d48b5a9800 JavaThread "jar transforms Thread 61" [_thread_blocked, id=12028, stack(0x00000072a3300000,0x00000072a3400000)]
  0x000001d48b5b0000 JavaThread "jar transforms Thread 62" [_thread_blocked, id=9308, stack(0x00000072a3400000,0x00000072a3500000)]
  0x000001d48b5ad800 JavaThread "jar transforms Thread 63" [_thread_blocked, id=7084, stack(0x00000072a3500000,0x00000072a3600000)]
  0x000001d48b5aa800 JavaThread "jar transforms Thread 64" [_thread_blocked, id=12944, stack(0x00000072a3600000,0x00000072a3700000)]
  0x000001d48b5ab000 JavaThread "jar transforms Thread 65" [_thread_blocked, id=11736, stack(0x00000072a3700000,0x00000072a3800000)]
  0x000001d48b5ac000 JavaThread "jar transforms Thread 66" [_thread_blocked, id=9604, stack(0x00000072a3800000,0x00000072a3900000)]
  0x000001d48b5ae800 JavaThread "jar transforms Thread 67" [_thread_blocked, id=5572, stack(0x00000072a3900000,0x00000072a3a00000)]
  0x000001d48b5ad000 JavaThread "jar transforms Thread 68" [_thread_blocked, id=1676, stack(0x00000072a3a00000,0x00000072a3b00000)]
  0x000001d48b5af800 JavaThread "jar transforms Thread 69" [_thread_blocked, id=12024, stack(0x00000072a3b00000,0x00000072a3c00000)]
  0x000001d48a583800 JavaThread "jar transforms Thread 70" [_thread_blocked, id=11220, stack(0x00000072a3c00000,0x00000072a3d00000)]
  0x000001d48a583000 JavaThread "jar transforms Thread 71" [_thread_blocked, id=10032, stack(0x00000072a3d00000,0x00000072a3e00000)]
  0x000001d48a584800 JavaThread "jar transforms Thread 72" [_thread_blocked, id=12896, stack(0x00000072a3e00000,0x00000072a3f00000)]
  0x000001d48a586000 JavaThread "jar transforms Thread 73" [_thread_blocked, id=12824, stack(0x00000072a3f00000,0x00000072a4000000)]
  0x000001d48a585800 JavaThread "jar transforms Thread 74" [_thread_blocked, id=9372, stack(0x00000072a4000000,0x00000072a4100000)]
  0x000001d48a580800 JavaThread "jar transforms Thread 75" [_thread_blocked, id=7104, stack(0x00000072a4100000,0x00000072a4200000)]
  0x000001d48a581800 JavaThread "jar transforms Thread 76" [_thread_blocked, id=12164, stack(0x00000072a4200000,0x00000072a4300000)]
  0x000001d48a587000 JavaThread "jar transforms Thread 77" [_thread_blocked, id=2688, stack(0x00000072a4300000,0x00000072a4400000)]
  0x000001d48a588000 JavaThread "jar transforms Thread 78" [_thread_blocked, id=2200, stack(0x00000072a4400000,0x00000072a4500000)]
  0x000001d48a582000 JavaThread "jar transforms Thread 79" [_thread_blocked, id=11748, stack(0x00000072a4500000,0x00000072a4600000)]
  0x000001d48a58e800 JavaThread "jar transforms Thread 80" [_thread_blocked, id=12816, stack(0x00000072a4600000,0x00000072a4700000)]
  0x000001d48a58a800 JavaThread "jar transforms Thread 81" [_thread_blocked, id=12892, stack(0x00000072a4700000,0x00000072a4800000)]
  0x000001d48a58b000 JavaThread "jar transforms Thread 82" [_thread_blocked, id=1308, stack(0x00000072a4800000,0x00000072a4900000)]
  0x000001d48a58c000 JavaThread "jar transforms Thread 83" [_thread_blocked, id=2148, stack(0x00000072a4900000,0x00000072a4a00000)]
  0x000001d48a58d800 JavaThread "jar transforms Thread 84" [_thread_blocked, id=11940, stack(0x00000072a4a00000,0x00000072a4b00000)]
  0x000001d48a588800 JavaThread "jar transforms Thread 85" [_thread_blocked, id=2668, stack(0x00000072a4b00000,0x00000072a4c00000)]
  0x000001d48a58c800 JavaThread "jar transforms Thread 86" [_thread_blocked, id=2448, stack(0x00000072a4c00000,0x00000072a4d00000)]
  0x000001d48a589800 JavaThread "jar transforms Thread 87" [_thread_blocked, id=8412, stack(0x00000072a4d00000,0x00000072a4e00000)]
  0x000001d48a58f000 JavaThread "jar transforms Thread 88" [_thread_blocked, id=12812, stack(0x00000072a4e00000,0x00000072a4f00000)]
  0x000001d48a8f4000 JavaThread "jar transforms Thread 89" [_thread_blocked, id=10772, stack(0x00000072a4f00000,0x00000072a5000000)]
  0x000001d48a8f2000 JavaThread "jar transforms Thread 90" [_thread_blocked, id=7232, stack(0x00000072a5000000,0x00000072a5100000)]
  0x000001d48a8ee800 JavaThread "jar transforms Thread 91" [_thread_blocked, id=6384, stack(0x00000072a5100000,0x00000072a5200000)]
  0x000001d48a8f3800 JavaThread "jar transforms Thread 92" [_thread_blocked, id=11872, stack(0x00000072a5200000,0x00000072a5300000)]
  0x000001d48a8ef800 JavaThread "jar transforms Thread 93" [_thread_blocked, id=5892, stack(0x00000072a5300000,0x00000072a5400000)]
  0x000001d48a8f5000 JavaThread "jar transforms Thread 94" [_thread_blocked, id=12460, stack(0x00000072a5400000,0x00000072a5500000)]
  0x000001d48a8f6000 JavaThread "jar transforms Thread 95" [_thread_blocked, id=5128, stack(0x00000072a5500000,0x00000072a5600000)]
  0x000001d48a8f1000 JavaThread "jar transforms Thread 96" [_thread_blocked, id=10028, stack(0x00000072a5600000,0x00000072a5700000)]
  0x000001d48a8f0000 JavaThread "jar transforms Thread 97" [_thread_blocked, id=9072, stack(0x00000072a5700000,0x00000072a5800000)]
  0x000001d48a8f6800 JavaThread "jar transforms Thread 98" [_thread_blocked, id=11708, stack(0x00000072a5800000,0x00000072a5900000)]
  0x000001d48a8f7800 JavaThread "jar transforms Thread 99" [_thread_blocked, id=12988, stack(0x00000072a5900000,0x00000072a5a00000)]
  0x000001d48a8f8800 JavaThread "jar transforms Thread 100" [_thread_blocked, id=4516, stack(0x00000072a5a00000,0x00000072a5b00000)]
  0x000001d48a8f2800 JavaThread "jar transforms Thread 101" [_thread_blocked, id=1980, stack(0x00000072a5b00000,0x00000072a5c00000)]
  0x000001d48a8fa000 JavaThread "jar transforms Thread 102" [_thread_blocked, id=4260, stack(0x00000072a5c00000,0x00000072a5d00000)]
  0x000001d48a8fa800 JavaThread "jar transforms Thread 103" [_thread_blocked, id=1076, stack(0x00000072a5d00000,0x00000072a5e00000)]
  0x000001d48a8f9000 JavaThread "jar transforms Thread 104" [_thread_blocked, id=3496, stack(0x00000072a5e00000,0x00000072a5f00000)]
  0x000001d48a8fc800 JavaThread "jar transforms Thread 105" [_thread_blocked, id=11680, stack(0x00000072a5f00000,0x00000072a6000000)]
  0x000001d48a8fb800 JavaThread "jar transforms Thread 106" [_thread_blocked, id=8252, stack(0x00000072a6000000,0x00000072a6100000)]
  0x000001d48a8fd000 JavaThread "jar transforms Thread 107" [_thread_blocked, id=7404, stack(0x00000072a6100000,0x00000072a6200000)]
  0x000001d48cfea800 JavaThread "jar transforms Thread 108" [_thread_blocked, id=5548, stack(0x00000072a6200000,0x00000072a6300000)]
  0x000001d48cfeb800 JavaThread "jar transforms Thread 109" [_thread_blocked, id=1948, stack(0x00000072a6300000,0x00000072a6400000)]
  0x000001d48cfed000 JavaThread "jar transforms Thread 110" [_thread_blocked, id=5636, stack(0x00000072a6400000,0x00000072a6500000)]
  0x000001d48cfea000 JavaThread "jar transforms Thread 111" [_thread_blocked, id=13228, stack(0x00000072a6500000,0x00000072a6600000)]
  0x000001d48cfe8000 JavaThread "jar transforms Thread 112" [_thread_blocked, id=10216, stack(0x00000072a6600000,0x00000072a6700000)]
  0x000001d48cfec000 JavaThread "jar transforms Thread 113" [_thread_blocked, id=11492, stack(0x00000072a6700000,0x00000072a6800000)]
  0x000001d48cfe9000 JavaThread "jar transforms Thread 114" [_thread_blocked, id=11208, stack(0x00000072a6800000,0x00000072a6900000)]
  0x000001d48cfe7800 JavaThread "Cache worker for Build Output Cleanup Cache (M:\Amu Data\workProject\daily-reporting-mobile-app-22\.gradle\buildOutputCleanup)" [_thread_blocked, id=4860, stack(0x000000729ec00000,0x000000729ed00000)]
  0x000001d48cfee000 JavaThread "Memory manager" [_thread_blocked, id=12392, stack(0x00000072a6a00000,0x00000072a6b00000)]
  0x000001d48cff1000 JavaThread "Cache worker for file content cache (M:\Amu Data\workProject\daily-reporting-mobile-app-22\.gradle\6.5\fileContent)" [_thread_blocked, id=3500, stack(0x00000072a6b00000,0x00000072a6c00000)]
  0x000001d48cff2000 JavaThread "Execution worker for ':'" [_thread_blocked, id=2232, stack(0x00000072a6c00000,0x00000072a6d00000)]
  0x000001d48cff3800 JavaThread "Execution worker for ':' Thread 2" [_thread_blocked, id=12748, stack(0x00000072a6d00000,0x00000072a6e00000)]
  0x000001d48cff0800 JavaThread "Execution worker for ':' Thread 3" [_thread_blocked, id=5616, stack(0x00000072a6e00000,0x00000072a6f00000)]
  0x000001d48cfee800 JavaThread "Cache worker for execution history cache (M:\Amu Data\workProject\daily-reporting-mobile-app-22\.gradle\6.5\executionHistory)" [_thread_blocked, id=1764, stack(0x00000072a6f00000,0x00000072a7000000)]
=>0x000001d48aa50000 JavaThread "C2 CompilerThread1" daemon [_thread_in_native, id=12072, stack(0x00000072a6900000,0x00000072a6a00000)]
  0x000001d48cff2800 JavaThread "RMI Scheduler(0)" daemon [_thread_blocked, id=10564, stack(0x00000072a7000000,0x00000072a7100000)]
  0x000001d48cff5000 JavaThread "RMI GC Daemon" daemon [_thread_blocked, id=12344, stack(0x00000072a7200000,0x00000072a7300000)]
  0x000001d48cff6000 JavaThread "RMI TCP Accept-0" daemon [_thread_in_native, id=13088, stack(0x00000072a7300000,0x00000072a7400000)]
  0x000001d48a5c2000 JavaThread "RMI Reaper" [_thread_blocked, id=5948, stack(0x00000072a7400000,0x00000072a7500000)]
  0x000001d48a5c5000 JavaThread "RMI TCP Connection(1)-127.0.0.1" daemon [_thread_in_native, id=4452, stack(0x00000072a7500000,0x00000072a7600000)]
  0x000001d48a5c3000 JavaThread "Cache worker for Java compile cache (C:\Users\Jaswinder\.gradle\caches\6.5\javaCompile)" [_thread_blocked, id=10384, stack(0x00000072a7600000,0x00000072a7700000)]
  0x000001d48a5c3800 JavaThread "Cache worker for Java compile cache (M:\Amu Data\workProject\daily-reporting-mobile-app-22\.gradle\6.5\javaCompile)" [_thread_blocked, id=8224, stack(0x00000072a7700000,0x00000072a7800000)]

Other Threads:
  0x000001d4ff5ee800 VMThread "VM Thread" [stack: 0x000000729cf00000,0x000000729d000000] [id=6696]
  0x000001d48619b000 WatcherThread [stack: 0x000000729d900000,0x000000729da00000] [id=12592]
  0x000001d4ebb93800 GCTaskThread "GC Thread#0" [stack: 0x000000729ca00000,0x000000729cb00000] [id=10328]
  0x000001d4865bf000 GCTaskThread "GC Thread#1" [stack: 0x000000729da00000,0x000000729db00000] [id=7016]
  0x000001d4864d8000 GCTaskThread "GC Thread#2" [stack: 0x000000729db00000,0x000000729dc00000] [id=2432]
  0x000001d4872b3000 GCTaskThread "GC Thread#3" [stack: 0x000000729e900000,0x000000729ea00000] [id=3256]
  0x000001d4ebbc4000 ConcurrentGCThread "G1 Main Marker" [stack: 0x000000729cb00000,0x000000729cc00000] [id=11024]
  0x000001d4ebbc6800 ConcurrentGCThread "G1 Conc#0" [stack: 0x000000729cc00000,0x000000729cd00000] [id=7516]
  0x000001d4ebc56800 ConcurrentGCThread "G1 Refine#0" [stack: 0x000000729cd00000,0x000000729ce00000] [id=4712]
  0x000001d4ebc57800 ConcurrentGCThread "G1 Young RemSet Sampling" [stack: 0x000000729ce00000,0x000000729cf00000] [id=6492]

Threads with active compile tasks:
C2 CompilerThread0  24148 10122   !   4       com.sun.tools.javac.parser.JavaTokenizer::readToken (2179 bytes)
C2 CompilerThread1  24148 10088       4       com.sun.tools.javac.parser.JavacParser::term3 (2482 bytes)

VM state:not at safepoint (normal execution)

VM Mutex/Monitor currently owned by a thread: None

Heap address: 0x0000000080000000, size: 2048 MB, Compressed Oops mode: 32-bit
Narrow klass base: 0x0000000000000000, Narrow klass shift: 3
Compressed class space size: 1073741824 Address: 0x0000000100000000

Heap:
 garbage-first heap   total 187392K, used 108256K [0x0000000080000000, 0x0000000100000000)
  region size 1024K, 41 young (41984K), 9 survivors (9216K)
 Metaspace       used 90367K, capacity 92655K, committed 92880K, reserved 1130496K
  class space    used 11697K, capacity 12563K, committed 12672K, reserved 1048576K
Heap Regions: E=young(eden), S=young(survivor), O=old, HS=humongous(starts), HC=humongous(continues), CS=collection set, F=free, A=archive, TAMS=top-at-mark-start (previous, next)
|   0|0x0000000080000000, 0x0000000080100000, 0x0000000080100000|100%| O|  |TAMS 0x0000000080100000, 0x0000000080000000| Untracked 
|   1|0x0000000080100000, 0x0000000080200000, 0x0000000080200000|100%| O|  |TAMS 0x0000000080200000, 0x0000000080100000| Untracked 
|   2|0x0000000080200000, 0x0000000080300000, 0x0000000080300000|100%| O|  |TAMS 0x0000000080300000, 0x0000000080200000| Untracked 
|   3|0x0000000080300000, 0x0000000080400000, 0x0000000080400000|100%|HS|  |TAMS 0x0000000080400000, 0x0000000080300000| Complete 
|   4|0x0000000080400000, 0x0000000080500000, 0x0000000080500000|100%|HC|  |TAMS 0x0000000080500000, 0x0000000080400000| Complete 
|   5|0x0000000080500000, 0x0000000080600000, 0x0000000080600000|100%|HC|  |TAMS 0x0000000080600000, 0x0000000080500000| Complete 
|   6|0x0000000080600000, 0x0000000080700000, 0x0000000080700000|100%| O|  |TAMS 0x0000000080700000, 0x0000000080600000| Untracked 
|   7|0x0000000080700000, 0x0000000080800000, 0x0000000080800000|100%| O|  |TAMS 0x0000000080800000, 0x0000000080700000| Untracked 
|   8|0x0000000080800000, 0x0000000080900000, 0x0000000080900000|100%| O|  |TAMS 0x0000000080900000, 0x0000000080800000| Untracked 
|   9|0x0000000080900000, 0x0000000080a00000, 0x0000000080a00000|100%| O|  |TAMS 0x0000000080a00000, 0x0000000080900000| Untracked 
|  10|0x0000000080a00000, 0x0000000080b00000, 0x0000000080b00000|100%| O|  |TAMS 0x0000000080b00000, 0x0000000080a00000| Untracked 
|  11|0x0000000080b00000, 0x0000000080c00000, 0x0000000080c00000|100%| O|  |TAMS 0x0000000080c00000, 0x0000000080b00000| Untracked 
|  12|0x0000000080c00000, 0x0000000080d00000, 0x0000000080d00000|100%| O|  |TAMS 0x0000000080d00000, 0x0000000080c00000| Untracked 
|  13|0x0000000080d00000, 0x0000000080e00000, 0x0000000080e00000|100%| O|  |TAMS 0x0000000080e00000, 0x0000000080d00000| Untracked 
|  14|0x0000000080e00000, 0x0000000080f00000, 0x0000000080f00000|100%| O|  |TAMS 0x0000000080f00000, 0x0000000080e00000| Untracked 
|  15|0x0000000080f00000, 0x0000000081000000, 0x0000000081000000|100%| O|  |TAMS 0x0000000081000000, 0x0000000080f00000| Untracked 
|  16|0x0000000081000000, 0x0000000081100000, 0x0000000081100000|100%| O|  |TAMS 0x0000000081100000, 0x0000000081000000| Untracked 
|  17|0x0000000081100000, 0x0000000081200000, 0x0000000081200000|100%| O|  |TAMS 0x0000000081200000, 0x0000000081100000| Untracked 
|  18|0x0000000081200000, 0x0000000081300000, 0x0000000081300000|100%| O|  |TAMS 0x0000000081300000, 0x0000000081200000| Untracked 
|  19|0x0000000081300000, 0x0000000081400000, 0x0000000081400000|100%| O|  |TAMS 0x0000000081400000, 0x0000000081300000| Untracked 
|  20|0x0000000081400000, 0x0000000081500000, 0x0000000081500000|100%| O|  |TAMS 0x0000000081500000, 0x0000000081400000| Untracked 
|  21|0x0000000081500000, 0x0000000081600000, 0x0000000081600000|100%|HS|  |TAMS 0x0000000081600000, 0x0000000081500000| Complete 
|  22|0x0000000081600000, 0x0000000081700000, 0x0000000081700000|100%|HS|  |TAMS 0x0000000081700000, 0x0000000081600000| Complete 
|  23|0x0000000081700000, 0x0000000081800000, 0x0000000081800000|100%|HC|  |TAMS 0x0000000081800000, 0x0000000081700000| Complete 
|  24|0x0000000081800000, 0x0000000081900000, 0x0000000081900000|100%|HC|  |TAMS 0x0000000081900000, 0x0000000081800000| Complete 
|  25|0x0000000081900000, 0x0000000081a00000, 0x0000000081a00000|100%|HS|  |TAMS 0x0000000081a00000, 0x0000000081900000| Complete 
|  26|0x0000000081a00000, 0x0000000081b00000, 0x0000000081b00000|100%|HC|  |TAMS 0x0000000081b00000, 0x0000000081a00000| Complete 
|  27|0x0000000081b00000, 0x0000000081c00000, 0x0000000081c00000|100%| O|  |TAMS 0x0000000081c00000, 0x0000000081b00000| Untracked 
|  28|0x0000000081c00000, 0x0000000081d00000, 0x0000000081d00000|100%| O|  |TAMS 0x0000000081d00000, 0x0000000081c00000| Untracked 
|  29|0x0000000081d00000, 0x0000000081e00000, 0x0000000081e00000|100%| O|  |TAMS 0x0000000081e00000, 0x0000000081d00000| Untracked 
|  30|0x0000000081e00000, 0x0000000081f00000, 0x0000000081f00000|100%| O|  |TAMS 0x0000000081f00000, 0x0000000081e00000| Untracked 
|  31|0x0000000081f00000, 0x0000000082000000, 0x0000000082000000|100%| O|  |TAMS 0x0000000082000000, 0x0000000081f00000| Untracked 
|  32|0x0000000082000000, 0x0000000082100000, 0x0000000082100000|100%| O|  |TAMS 0x0000000082100000, 0x0000000082000000| Untracked 
|  33|0x0000000082100000, 0x0000000082200000, 0x0000000082200000|100%| O|  |TAMS 0x0000000082200000, 0x0000000082100000| Untracked 
|  34|0x0000000082200000, 0x0000000082300000, 0x0000000082300000|100%| O|  |TAMS 0x0000000082300000, 0x0000000082200000| Untracked 
|  35|0x0000000082300000, 0x0000000082400000, 0x0000000082400000|100%| O|  |TAMS 0x0000000082400000, 0x0000000082300000| Untracked 
|  36|0x0000000082400000, 0x0000000082500000, 0x0000000082500000|100%| O|  |TAMS 0x0000000082500000, 0x0000000082400000| Untracked 
|  37|0x0000000082500000, 0x0000000082600000, 0x0000000082600000|100%| O|  |TAMS 0x0000000082600000, 0x0000000082500000| Untracked 
|  38|0x0000000082600000, 0x0000000082700000, 0x0000000082700000|100%| O|  |TAMS 0x0000000082700000, 0x0000000082600000| Untracked 
|  39|0x0000000082700000, 0x0000000082800000, 0x0000000082800000|100%| O|  |TAMS 0x0000000082800000, 0x0000000082700000| Untracked 
|  40|0x0000000082800000, 0x0000000082900000, 0x0000000082900000|100%| O|  |TAMS 0x0000000082900000, 0x0000000082800000| Untracked 
|  41|0x0000000082900000, 0x0000000082a00000, 0x0000000082a00000|100%| O|  |TAMS 0x0000000082a00000, 0x0000000082900000| Untracked 
|  42|0x0000000082a00000, 0x0000000082b00000, 0x0000000082b00000|100%| O|  |TAMS 0x0000000082b00000, 0x0000000082a00000| Untracked 
|  43|0x0000000082b00000, 0x0000000082c00000, 0x0000000082c00000|100%| O|  |TAMS 0x0000000082c00000, 0x0000000082b00000| Untracked 
|  44|0x0000000082c00000, 0x0000000082d00000, 0x0000000082d00000|100%| O|  |TAMS 0x0000000082d00000, 0x0000000082c00000| Untracked 
|  45|0x0000000082d00000, 0x0000000082e00000, 0x0000000082e00000|100%| O|  |TAMS 0x0000000082e00000, 0x0000000082d00000| Untracked 
|  46|0x0000000082e00000, 0x0000000082f00000, 0x0000000082f00000|100%| O|  |TAMS 0x0000000082ede600, 0x0000000082e00000| Untracked 
|  47|0x0000000082f00000, 0x0000000083000000, 0x0000000083000000|100%| O|  |TAMS 0x0000000082f00000, 0x0000000082f00000| Untracked 
|  48|0x0000000083000000, 0x0000000083100000, 0x0000000083100000|100%| O|  |TAMS 0x0000000083000000, 0x0000000083000000| Untracked 
|  49|0x0000000083100000, 0x0000000083200000, 0x0000000083200000|100%| O|  |TAMS 0x0000000083100000, 0x0000000083100000| Untracked 
|  50|0x0000000083200000, 0x0000000083300000, 0x0000000083300000|100%| O|  |TAMS 0x0000000083200000, 0x0000000083200000| Untracked 
|  51|0x0000000083300000, 0x0000000083400000, 0x0000000083400000|100%| O|  |TAMS 0x0000000083300000, 0x0000000083300000| Untracked 
|  52|0x0000000083400000, 0x0000000083500000, 0x0000000083500000|100%| O|  |TAMS 0x0000000083400000, 0x0000000083400000| Untracked 
|  53|0x0000000083500000, 0x0000000083600000, 0x0000000083600000|100%| O|  |TAMS 0x0000000083500000, 0x0000000083500000| Untracked 
|  54|0x0000000083600000, 0x0000000083700000, 0x0000000083700000|100%| O|  |TAMS 0x0000000083600000, 0x0000000083600000| Untracked 
|  55|0x0000000083700000, 0x0000000083800000, 0x0000000083800000|100%| O|  |TAMS 0x0000000083700000, 0x0000000083700000| Untracked 
|  56|0x0000000083800000, 0x0000000083900000, 0x0000000083900000|100%| O|  |TAMS 0x0000000083800000, 0x0000000083800000| Untracked 
|  57|0x0000000083900000, 0x0000000083a00000, 0x0000000083a00000|100%| O|  |TAMS 0x0000000083900000, 0x0000000083900000| Untracked 
|  58|0x0000000083a00000, 0x0000000083b00000, 0x0000000083b00000|100%| O|  |TAMS 0x0000000083a00000, 0x0000000083a00000| Untracked 
|  59|0x0000000083b00000, 0x0000000083c00000, 0x0000000083c00000|100%| O|  |TAMS 0x0000000083b00000, 0x0000000083b00000| Untracked 
|  60|0x0000000083c00000, 0x0000000083d00000, 0x0000000083d00000|100%| O|  |TAMS 0x0000000083c00000, 0x0000000083c00000| Untracked 
|  61|0x0000000083d00000, 0x0000000083e00000, 0x0000000083e00000|100%| O|  |TAMS 0x0000000083d00000, 0x0000000083d00000| Untracked 
|  62|0x0000000083e00000, 0x0000000083f00000, 0x0000000083f00000|100%| O|  |TAMS 0x0000000083e00000, 0x0000000083e00000| Untracked 
|  63|0x0000000083f00000, 0x0000000084000000, 0x0000000084000000|100%| O|  |TAMS 0x0000000083f00000, 0x0000000083f00000| Untracked 
|  64|0x0000000084000000, 0x0000000084100000, 0x0000000084100000|100%| O|  |TAMS 0x0000000084000000, 0x0000000084000000| Untracked 
|  65|0x0000000084100000, 0x0000000084200000, 0x0000000084200000|100%| O|  |TAMS 0x0000000084100000, 0x0000000084100000| Untracked 
|  66|0x0000000084200000, 0x00000000842dfc00, 0x0000000084300000| 87%| O|  |TAMS 0x0000000084200000, 0x0000000084200000| Untracked 
|  67|0x0000000084300000, 0x0000000084300000, 0x0000000084400000|  0%| F|  |TAMS 0x0000000084300000, 0x0000000084300000| Untracked 
|  68|0x0000000084400000, 0x0000000084400000, 0x0000000084500000|  0%| F|  |TAMS 0x0000000084400000, 0x0000000084400000| Untracked 
|  69|0x0000000084500000, 0x0000000084500000, 0x0000000084600000|  0%| F|  |TAMS 0x0000000084500000, 0x0000000084500000| Untracked 
|  70|0x0000000084600000, 0x0000000084600000, 0x0000000084700000|  0%| F|  |TAMS 0x0000000084600000, 0x0000000084600000| Untracked 
|  71|0x0000000084700000, 0x0000000084700000, 0x0000000084800000|  0%| F|  |TAMS 0x0000000084700000, 0x0000000084700000| Untracked 
|  72|0x0000000084800000, 0x0000000084800000, 0x0000000084900000|  0%| F|  |TAMS 0x0000000084800000, 0x0000000084800000| Untracked 
|  73|0x0000000084900000, 0x0000000084900000, 0x0000000084a00000|  0%| F|  |TAMS 0x0000000084900000, 0x0000000084900000| Untracked 
|  74|0x0000000084a00000, 0x0000000084a00000, 0x0000000084b00000|  0%| F|  |TAMS 0x0000000084a00000, 0x0000000084a00000| Untracked 
|  75|0x0000000084b00000, 0x0000000084b00000, 0x0000000084c00000|  0%| F|  |TAMS 0x0000000084b00000, 0x0000000084b00000| Untracked 
|  76|0x0000000084c00000, 0x0000000084c00000, 0x0000000084d00000|  0%| F|  |TAMS 0x0000000084c00000, 0x0000000084c00000| Untracked 
|  77|0x0000000084d00000, 0x0000000084d00000, 0x0000000084e00000|  0%| F|  |TAMS 0x0000000084d00000, 0x0000000084d00000| Untracked 
|  78|0x0000000084e00000, 0x0000000084e00000, 0x0000000084f00000|  0%| F|  |TAMS 0x0000000084e00000, 0x0000000084e00000| Untracked 
|  79|0x0000000084f00000, 0x0000000084f00000, 0x0000000085000000|  0%| F|  |TAMS 0x0000000084f00000, 0x0000000084f00000| Untracked 
|  80|0x0000000085000000, 0x0000000085000000, 0x0000000085100000|  0%| F|  |TAMS 0x0000000085000000, 0x0000000085000000| Untracked 
|  81|0x0000000085100000, 0x0000000085100000, 0x0000000085200000|  0%| F|  |TAMS 0x0000000085100000, 0x0000000085100000| Untracked 
|  82|0x0000000085200000, 0x0000000085200000, 0x0000000085300000|  0%| F|  |TAMS 0x0000000085200000, 0x0000000085200000| Untracked 
|  83|0x0000000085300000, 0x0000000085300000, 0x0000000085400000|  0%| F|  |TAMS 0x0000000085300000, 0x0000000085300000| Untracked 
|  84|0x0000000085400000, 0x0000000085400000, 0x0000000085500000|  0%| F|  |TAMS 0x0000000085400000, 0x0000000085400000| Untracked 
|  85|0x0000000085500000, 0x0000000085500000, 0x0000000085600000|  0%| F|  |TAMS 0x0000000085500000, 0x0000000085500000| Untracked 
|  86|0x0000000085600000, 0x0000000085600000, 0x0000000085700000|  0%| F|  |TAMS 0x0000000085600000, 0x0000000085600000| Untracked 
|  87|0x0000000085700000, 0x0000000085700000, 0x0000000085800000|  0%| F|  |TAMS 0x0000000085700000, 0x0000000085700000| Untracked 
|  88|0x0000000085800000, 0x0000000085800000, 0x0000000085900000|  0%| F|  |TAMS 0x0000000085800000, 0x0000000085800000| Untracked 
|  89|0x0000000085900000, 0x0000000085900000, 0x0000000085a00000|  0%| F|  |TAMS 0x0000000085900000, 0x0000000085900000| Untracked 
|  90|0x0000000085a00000, 0x0000000085a00000, 0x0000000085b00000|  0%| F|  |TAMS 0x0000000085a00000, 0x0000000085a00000| Untracked 
|  91|0x0000000085b00000, 0x0000000085b00000, 0x0000000085c00000|  0%| F|  |TAMS 0x0000000085b00000, 0x0000000085b00000| Untracked 
|  92|0x0000000085c00000, 0x0000000085c00000, 0x0000000085d00000|  0%| F|  |TAMS 0x0000000085c00000, 0x0000000085c00000| Untracked 
|  93|0x0000000085d00000, 0x0000000085d00000, 0x0000000085e00000|  0%| F|  |TAMS 0x0000000085d00000, 0x0000000085d00000| Untracked 
|  94|0x0000000085e00000, 0x0000000085e00000, 0x0000000085f00000|  0%| F|  |TAMS 0x0000000085e00000, 0x0000000085e00000| Untracked 
|  95|0x0000000085f00000, 0x0000000085f00000, 0x0000000086000000|  0%| F|  |TAMS 0x0000000085f00000, 0x0000000085f00000| Untracked 
|  96|0x0000000086000000, 0x0000000086000000, 0x0000000086100000|  0%| F|  |TAMS 0x0000000086000000, 0x0000000086000000| Untracked 
|  97|0x0000000086100000, 0x0000000086100000, 0x0000000086200000|  0%| F|  |TAMS 0x0000000086100000, 0x0000000086100000| Untracked 
|  98|0x0000000086200000, 0x0000000086200000, 0x0000000086300000|  0%| F|  |TAMS 0x0000000086200000, 0x0000000086200000| Untracked 
|  99|0x0000000086300000, 0x0000000086300000, 0x0000000086400000|  0%| F|  |TAMS 0x0000000086300000, 0x0000000086300000| Untracked 
| 100|0x0000000086400000, 0x0000000086400000, 0x0000000086500000|  0%| F|  |TAMS 0x0000000086400000, 0x0000000086400000| Untracked 
| 101|0x0000000086500000, 0x0000000086500000, 0x0000000086600000|  0%| F|  |TAMS 0x0000000086500000, 0x0000000086500000| Untracked 
| 102|0x0000000086600000, 0x00000000866d8770, 0x0000000086700000| 84%| S|CS|TAMS 0x0000000086600000, 0x0000000086600000| Complete 
| 103|0x0000000086700000, 0x0000000086800000, 0x0000000086800000|100%| S|CS|TAMS 0x0000000086700000, 0x0000000086700000| Complete 
| 104|0x0000000086800000, 0x0000000086900000, 0x0000000086900000|100%| S|CS|TAMS 0x0000000086800000, 0x0000000086800000| Complete 
| 105|0x0000000086900000, 0x0000000086a00000, 0x0000000086a00000|100%| S|CS|TAMS 0x0000000086900000, 0x0000000086900000| Complete 
| 106|0x0000000086a00000, 0x0000000086b00000, 0x0000000086b00000|100%| S|CS|TAMS 0x0000000086a00000, 0x0000000086a00000| Complete 
| 107|0x0000000086b00000, 0x0000000086c00000, 0x0000000086c00000|100%| S|CS|TAMS 0x0000000086b00000, 0x0000000086b00000| Complete 
| 108|0x0000000086c00000, 0x0000000086d00000, 0x0000000086d00000|100%| S|CS|TAMS 0x0000000086c00000, 0x0000000086c00000| Complete 
| 109|0x0000000086d00000, 0x0000000086e00000, 0x0000000086e00000|100%| S|CS|TAMS 0x0000000086d00000, 0x0000000086d00000| Complete 
| 110|0x0000000086e00000, 0x0000000086f00000, 0x0000000086f00000|100%| S|CS|TAMS 0x0000000086e00000, 0x0000000086e00000| Complete 
| 111|0x0000000086f00000, 0x0000000086f00000, 0x0000000087000000|  0%| F|  |TAMS 0x0000000086f00000, 0x0000000086f00000| Untracked 
| 112|0x0000000087000000, 0x0000000087000000, 0x0000000087100000|  0%| F|  |TAMS 0x0000000087000000, 0x0000000087000000| Untracked 
| 113|0x0000000087100000, 0x0000000087100000, 0x0000000087200000|  0%| F|  |TAMS 0x0000000087100000, 0x0000000087100000| Untracked 
| 114|0x0000000087200000, 0x0000000087200000, 0x0000000087300000|  0%| F|  |TAMS 0x0000000087200000, 0x0000000087200000| Untracked 
| 115|0x0000000087300000, 0x0000000087300000, 0x0000000087400000|  0%| F|  |TAMS 0x0000000087300000, 0x0000000087300000| Untracked 
| 116|0x0000000087400000, 0x0000000087400000, 0x0000000087500000|  0%| F|  |TAMS 0x0000000087400000, 0x0000000087400000| Untracked 
| 117|0x0000000087500000, 0x0000000087500000, 0x0000000087600000|  0%| F|  |TAMS 0x0000000087500000, 0x0000000087500000| Untracked 
| 118|0x0000000087600000, 0x0000000087600000, 0x0000000087700000|  0%| F|  |TAMS 0x0000000087600000, 0x0000000087600000| Untracked 
| 119|0x0000000087700000, 0x0000000087700000, 0x0000000087800000|  0%| F|  |TAMS 0x0000000087700000, 0x0000000087700000| Untracked 
| 120|0x0000000087800000, 0x0000000087800000, 0x0000000087900000|  0%| F|  |TAMS 0x0000000087800000, 0x0000000087800000| Untracked 
| 121|0x0000000087900000, 0x0000000087900000, 0x0000000087a00000|  0%| F|  |TAMS 0x0000000087900000, 0x0000000087900000| Untracked 
| 122|0x0000000087a00000, 0x0000000087a00000, 0x0000000087b00000|  0%| F|  |TAMS 0x0000000087a00000, 0x0000000087a00000| Untracked 
| 123|0x0000000087b00000, 0x0000000087b00000, 0x0000000087c00000|  0%| F|  |TAMS 0x0000000087b00000, 0x0000000087b00000| Untracked 
| 124|0x0000000087c00000, 0x0000000087c00000, 0x0000000087d00000|  0%| F|  |TAMS 0x0000000087c00000, 0x0000000087c00000| Untracked 
| 125|0x0000000087d00000, 0x0000000087d00000, 0x0000000087e00000|  0%| F|  |TAMS 0x0000000087d00000, 0x0000000087d00000| Untracked 
| 126|0x0000000087e00000, 0x0000000087e00000, 0x0000000087f00000|  0%| F|  |TAMS 0x0000000087e00000, 0x0000000087e00000| Untracked 
| 127|0x0000000087f00000, 0x0000000087f00000, 0x0000000088000000|  0%| F|  |TAMS 0x0000000087f00000, 0x0000000087f00000| Untracked 
| 128|0x0000000088000000, 0x0000000088000000, 0x0000000088100000|  0%| F|  |TAMS 0x0000000088000000, 0x0000000088000000| Untracked 
| 129|0x0000000088100000, 0x0000000088100000, 0x0000000088200000|  0%| F|  |TAMS 0x0000000088100000, 0x0000000088100000| Untracked 
| 130|0x0000000088200000, 0x0000000088200000, 0x0000000088300000|  0%| F|  |TAMS 0x0000000088200000, 0x0000000088200000| Untracked 
| 131|0x0000000088300000, 0x0000000088300000, 0x0000000088400000|  0%| F|  |TAMS 0x0000000088300000, 0x0000000088300000| Untracked 
| 132|0x0000000088400000, 0x0000000088400000, 0x0000000088500000|  0%| F|  |TAMS 0x0000000088400000, 0x0000000088400000| Untracked 
| 133|0x0000000088500000, 0x0000000088500000, 0x0000000088600000|  0%| F|  |TAMS 0x0000000088500000, 0x0000000088500000| Untracked 
| 134|0x0000000088600000, 0x0000000088600000, 0x0000000088700000|  0%| F|  |TAMS 0x0000000088600000, 0x0000000088600000| Untracked 
| 135|0x0000000088700000, 0x0000000088700000, 0x0000000088800000|  0%| F|  |TAMS 0x0000000088700000, 0x0000000088700000| Untracked 
| 136|0x0000000088800000, 0x0000000088800000, 0x0000000088900000|  0%| F|  |TAMS 0x0000000088800000, 0x0000000088800000| Untracked 
| 137|0x0000000088900000, 0x0000000088900000, 0x0000000088a00000|  0%| F|  |TAMS 0x0000000088900000, 0x0000000088900000| Untracked 
| 138|0x0000000088a00000, 0x0000000088a00000, 0x0000000088b00000|  0%| F|  |TAMS 0x0000000088a00000, 0x0000000088a00000| Untracked 
| 139|0x0000000088b00000, 0x0000000088b00000, 0x0000000088c00000|  0%| F|  |TAMS 0x0000000088b00000, 0x0000000088b00000| Untracked 
| 140|0x0000000088c00000, 0x0000000088c00000, 0x0000000088d00000|  0%| F|  |TAMS 0x0000000088c00000, 0x0000000088c00000| Untracked 
| 141|0x0000000088d00000, 0x0000000088d00000, 0x0000000088e00000|  0%| F|  |TAMS 0x0000000088d00000, 0x0000000088d00000| Untracked 
| 142|0x0000000088e00000, 0x0000000088e00000, 0x0000000088f00000|  0%| F|  |TAMS 0x0000000088e00000, 0x0000000088e00000| Untracked 
| 143|0x0000000088f00000, 0x0000000088f00000, 0x0000000089000000|  0%| F|  |TAMS 0x0000000088f00000, 0x0000000088f00000| Untracked 
| 144|0x0000000089000000, 0x0000000089000000, 0x0000000089100000|  0%| F|  |TAMS 0x0000000089000000, 0x0000000089000000| Untracked 
| 145|0x0000000089100000, 0x0000000089100000, 0x0000000089200000|  0%| F|  |TAMS 0x0000000089100000, 0x0000000089100000| Untracked 
| 146|0x0000000089200000, 0x0000000089200000, 0x0000000089300000|  0%| F|  |TAMS 0x0000000089200000, 0x0000000089200000| Untracked 
| 147|0x0000000089300000, 0x0000000089300000, 0x0000000089400000|  0%| F|  |TAMS 0x0000000089300000, 0x0000000089300000| Untracked 
| 148|0x0000000089400000, 0x0000000089400000, 0x0000000089500000|  0%| F|  |TAMS 0x0000000089400000, 0x0000000089400000| Untracked 
| 149|0x0000000089500000, 0x0000000089500000, 0x0000000089600000|  0%| F|  |TAMS 0x0000000089500000, 0x0000000089500000| Untracked 
| 150|0x0000000089600000, 0x0000000089600000, 0x0000000089700000|  0%| F|  |TAMS 0x0000000089600000, 0x0000000089600000| Untracked 
| 151|0x0000000089700000, 0x0000000089780800, 0x0000000089800000| 50%| E|  |TAMS 0x0000000089700000, 0x0000000089700000| Complete 
| 152|0x0000000089800000, 0x0000000089900000, 0x0000000089900000|100%| E|CS|TAMS 0x0000000089800000, 0x0000000089800000| Complete 
| 153|0x0000000089900000, 0x0000000089a00000, 0x0000000089a00000|100%| E|CS|TAMS 0x0000000089900000, 0x0000000089900000| Complete 
| 154|0x0000000089a00000, 0x0000000089b00000, 0x0000000089b00000|100%| E|CS|TAMS 0x0000000089a00000, 0x0000000089a00000| Complete 
| 155|0x0000000089b00000, 0x0000000089c00000, 0x0000000089c00000|100%| E|CS|TAMS 0x0000000089b00000, 0x0000000089b00000| Complete 
| 156|0x0000000089c00000, 0x0000000089d00000, 0x0000000089d00000|100%| E|CS|TAMS 0x0000000089c00000, 0x0000000089c00000| Complete 
| 157|0x0000000089d00000, 0x0000000089e00000, 0x0000000089e00000|100%| E|CS|TAMS 0x0000000089d00000, 0x0000000089d00000| Complete 
| 158|0x0000000089e00000, 0x0000000089f00000, 0x0000000089f00000|100%| E|CS|TAMS 0x0000000089e00000, 0x0000000089e00000| Complete 
| 159|0x0000000089f00000, 0x000000008a000000, 0x000000008a000000|100%| E|CS|TAMS 0x0000000089f00000, 0x0000000089f00000| Complete 
| 160|0x000000008a000000, 0x000000008a100000, 0x000000008a100000|100%| E|CS|TAMS 0x000000008a000000, 0x000000008a000000| Complete 
| 161|0x000000008a100000, 0x000000008a200000, 0x000000008a200000|100%| E|CS|TAMS 0x000000008a100000, 0x000000008a100000| Complete 
| 162|0x000000008a200000, 0x000000008a300000, 0x000000008a300000|100%| E|CS|TAMS 0x000000008a200000, 0x000000008a200000| Complete 
| 163|0x000000008a300000, 0x000000008a400000, 0x000000008a400000|100%| E|CS|TAMS 0x000000008a300000, 0x000000008a300000| Complete 
| 164|0x000000008a400000, 0x000000008a500000, 0x000000008a500000|100%| E|CS|TAMS 0x000000008a400000, 0x000000008a400000| Complete 
| 165|0x000000008a500000, 0x000000008a600000, 0x000000008a600000|100%| E|CS|TAMS 0x000000008a500000, 0x000000008a500000| Complete 
| 166|0x000000008a600000, 0x000000008a700000, 0x000000008a700000|100%| E|CS|TAMS 0x000000008a600000, 0x000000008a600000| Complete 
| 167|0x000000008a700000, 0x000000008a800000, 0x000000008a800000|100%| E|CS|TAMS 0x000000008a700000, 0x000000008a700000| Complete 
| 168|0x000000008a800000, 0x000000008a900000, 0x000000008a900000|100%| E|CS|TAMS 0x000000008a800000, 0x000000008a800000| Complete 
| 169|0x000000008a900000, 0x000000008aa00000, 0x000000008aa00000|100%| E|CS|TAMS 0x000000008a900000, 0x000000008a900000| Complete 
| 170|0x000000008aa00000, 0x000000008ab00000, 0x000000008ab00000|100%| E|CS|TAMS 0x000000008aa00000, 0x000000008aa00000| Complete 
| 171|0x000000008ab00000, 0x000000008ac00000, 0x000000008ac00000|100%| E|CS|TAMS 0x000000008ab00000, 0x000000008ab00000| Complete 
| 172|0x000000008ac00000, 0x000000008ad00000, 0x000000008ad00000|100%| E|CS|TAMS 0x000000008ac00000, 0x000000008ac00000| Complete 
| 173|0x000000008ad00000, 0x000000008ae00000, 0x000000008ae00000|100%| E|CS|TAMS 0x000000008ad00000, 0x000000008ad00000| Complete 
| 174|0x000000008ae00000, 0x000000008af00000, 0x000000008af00000|100%| E|CS|TAMS 0x000000008ae00000, 0x000000008ae00000| Complete 
| 175|0x000000008af00000, 0x000000008b000000, 0x000000008b000000|100%| E|CS|TAMS 0x000000008af00000, 0x000000008af00000| Complete 
| 176|0x000000008b000000, 0x000000008b100000, 0x000000008b100000|100%| E|CS|TAMS 0x000000008b000000, 0x000000008b000000| Complete 
| 177|0x000000008b100000, 0x000000008b200000, 0x000000008b200000|100%| E|CS|TAMS 0x000000008b100000, 0x000000008b100000| Complete 
| 178|0x000000008b200000, 0x000000008b300000, 0x000000008b300000|100%| E|CS|TAMS 0x000000008b200000, 0x000000008b200000| Complete 
| 179|0x000000008b300000, 0x000000008b400000, 0x000000008b400000|100%| E|CS|TAMS 0x000000008b300000, 0x000000008b300000| Complete 
| 180|0x000000008b400000, 0x000000008b500000, 0x000000008b500000|100%| E|CS|TAMS 0x000000008b400000, 0x000000008b400000| Complete 
| 181|0x000000008b500000, 0x000000008b600000, 0x000000008b600000|100%| E|CS|TAMS 0x000000008b500000, 0x000000008b500000| Complete 
| 182|0x000000008b600000, 0x000000008b700000, 0x000000008b700000|100%| E|  |TAMS 0x000000008b600000, 0x000000008b600000| Complete 

Card table byte_map: [0x000001d4fe900000,0x000001d4fed00000] _byte_map_base: 0x000001d4fe500000

Marking Bits (Prev, Next): (CMBitMap*) 0x000001d4ebbbb2f8, (CMBitMap*) 0x000001d4ebbbb330
 Prev Bits: [0x000001d480000000, 0x000001d482000000)
 Next Bits: [0x000001d482000000, 0x000001d484000000)

Polling page: 0x000001d4e9a20000

Metaspace:

Usage:
  Non-class:     78.21 MB capacity,    76.83 MB ( 98%) used,     1.16 MB (  1%) free+waste,   238.56 KB ( <1%) overhead. 
      Class:     12.27 MB capacity,    11.42 MB ( 93%) used,   755.85 KB (  6%) free+waste,   109.19 KB ( <1%) overhead. 
       Both:     90.48 MB capacity,    88.25 MB ( 98%) used,     1.89 MB (  2%) free+waste,   347.75 KB ( <1%) overhead. 

Virtual space:
  Non-class space:       80.00 MB reserved,      78.33 MB ( 98%) committed 
      Class space:        1.00 GB reserved,      12.38 MB (  1%) committed 
             Both:        1.08 GB reserved,      90.70 MB (  8%) committed 

Chunk freelists:
   Non-Class:  52.00 KB
       Class:  13.00 KB
        Both:  65.00 KB

MaxMetaspaceSize: 17179869184.00 GB
CompressedClassSpaceSize: 1.00 GB

CodeHeap 'non-profiled nmethods': size=120064Kb used=5633Kb max_used=5633Kb free=114430Kb
 bounds [0x000001d4f6fc0000, 0x000001d4f7550000, 0x000001d4fe500000]
CodeHeap 'profiled nmethods': size=120000Kb used=21741Kb max_used=21741Kb free=98258Kb
 bounds [0x000001d4efa90000, 0x000001d4f0fd0000, 0x000001d4f6fc0000]
CodeHeap 'non-nmethods': size=5696Kb used=2289Kb max_used=2333Kb free=3406Kb
 bounds [0x000001d4ef500000, 0x000001d4ef770000, 0x000001d4efa90000]
 total_blobs=10759 nmethods=9859 adapters=811
 compilation: enabled
              stopped_count=0, restarted_count=0
 full_count=0

Compilation events (20 events):
Event: 23.979 Thread 0x000001d4ff60d800 10126       3       java.nio.file.Files::newInputStream (10 bytes)
Event: 23.979 Thread 0x000001d4ff60d800 nmethod 10126 0x000001d4f0fc9810 code [0x000001d4f0fc9a00, 0x000001d4f0fc9d88]
Event: 24.032 Thread 0x000001d4ff60d800 10128       2       com.sun.tools.javac.tree.JCTree$JCFieldAccess::getTag (4 bytes)
Event: 24.032 Thread 0x000001d4ff60d800 nmethod 10128 0x000001d4f0fc9f10 code [0x000001d4f0fca0c0, 0x000001d4f0fca1b8]
Event: 24.036 Thread 0x000001d4ff60d800 10130       1       com.sun.tools.javac.util.ListBuffer::size (5 bytes)
Event: 24.036 Thread 0x000001d4ff60d800 nmethod 10130 0x000001d4f753ff10 code [0x000001d4f75400c0, 0x000001d4f7540178]
Event: 24.072 Thread 0x000001d4ff60d800 10131       2       com.sun.tools.javac.code.Preview::isPreview (5 bytes)
Event: 24.072 Thread 0x000001d4ff60d800 nmethod 10131 0x000001d4f0fca290 code [0x000001d4f0fca440, 0x000001d4f0fca538]
Event: 24.072 Thread 0x000001d4ff60d800 10132       2       com.sun.tools.javac.parser.JavacParser::merge (104 bytes)
Event: 24.073 Thread 0x000001d4ff60d800 nmethod 10132 0x000001d4f0fca610 code [0x000001d4f0fca900, 0x000001d4f0fcb3f8]
Event: 24.089 Thread 0x000001d4ff60d800 10133       2       com.sun.tools.javac.parser.JavacParser::foldIfNeeded (60 bytes)
Event: 24.089 Thread 0x000001d4ff60d800 nmethod 10133 0x000001d4f0fcbb10 code [0x000001d4f0fcbd20, 0x000001d4f0fcc0c8]
Event: 24.089 Thread 0x000001d4ff60d800 10134       2       com.sun.tools.javac.parser.JavacParser::stringLiteral (29 bytes)
Event: 24.090 Thread 0x000001d4ff60d800 nmethod 10134 0x000001d4f0fcc390 code [0x000001d4f0fcc560, 0x000001d4f0fcc728]
Event: 24.090 Thread 0x000001d4ff60d800 10136       2       com.sun.tools.javac.util.AbstractLog::getSource (50 bytes)
Event: 24.090 Thread 0x000001d4ff60d800 nmethod 10136 0x000001d4f0fcc890 code [0x000001d4f0fcca60, 0x000001d4f0fccd58]
Event: 24.096 Thread 0x000001d4ff60d800 10137       2       com.sun.tools.javac.tree.JCTree$JCLiteral::getTag (4 bytes)
Event: 24.096 Thread 0x000001d4ff60d800 nmethod 10137 0x000001d4f0fcce90 code [0x000001d4f0fcd040, 0x000001d4f0fcd138]
Event: 24.098 Thread 0x000001d4ff60d800 10138       2       com.sun.tools.javac.parser.JavacParser::classOrInterfaceBody (134 bytes)
Event: 24.100 Thread 0x000001d4ff60d800 nmethod 10138 0x000001d4f0fcd210 code [0x000001d4f0fcd460, 0x000001d4f0fcda98]

GC Heap History (20 events):
Event: 8.820 GC heap before
{Heap before GC invocations=9 (full 0):
 garbage-first heap   total 129024K, used 77394K [0x0000000080000000, 0x0000000100000000)
  region size 1024K, 59 young (60416K), 6 survivors (6144K)
 Metaspace       used 39910K, capacity 40730K, committed 40912K, reserved 1085440K
  class space    used 5090K, capacity 5418K, committed 5504K, reserved 1048576K
}
Event: 8.836 GC heap after
{Heap after GC invocations=10 (full 0):
 garbage-first heap   total 129024K, used 25097K [0x0000000080000000, 0x0000000100000000)
  region size 1024K, 8 young (8192K), 8 survivors (8192K)
 Metaspace       used 39910K, capacity 40730K, committed 40912K, reserved 1085440K
  class space    used 5090K, capacity 5418K, committed 5504K, reserved 1048576K
}
Event: 10.061 GC heap before
{Heap before GC invocations=10 (full 0):
 garbage-first heap   total 129024K, used 83465K [0x0000000080000000, 0x0000000100000000)
  region size 1024K, 65 young (66560K), 8 survivors (8192K)
 Metaspace       used 43389K, capacity 44359K, committed 44496K, reserved 1087488K
  class space    used 5542K, capacity 5904K, committed 6016K, reserved 1048576K
}
Event: 10.078 GC heap after
{Heap after GC invocations=11 (full 0):
 garbage-first heap   total 129024K, used 28797K [0x0000000080000000, 0x0000000100000000)
  region size 1024K, 8 young (8192K), 8 survivors (8192K)
 Metaspace       used 43389K, capacity 44359K, committed 44496K, reserved 1087488K
  class space    used 5542K, capacity 5904K, committed 6016K, reserved 1048576K
}
Event: 11.286 GC heap before
{Heap before GC invocations=11 (full 0):
 garbage-first heap   total 129024K, used 98429K [0x0000000080000000, 0x0000000100000000)
  region size 1024K, 71 young (72704K), 8 survivors (8192K)
 Metaspace       used 50587K, capacity 51763K, committed 51792K, reserved 1093632K
  class space    used 6438K, capacity 6906K, committed 6912K, reserved 1048576K
}
Event: 11.304 GC heap after
{Heap after GC invocations=12 (full 0):
 garbage-first heap   total 155648K, used 42995K [0x0000000080000000, 0x0000000100000000)
  region size 1024K, 9 young (9216K), 9 survivors (9216K)
 Metaspace       used 50587K, capacity 51763K, committed 51792K, reserved 1093632K
  class space    used 6438K, capacity 6906K, committed 6912K, reserved 1048576K
}
Event: 12.958 GC heap before
{Heap before GC invocations=12 (full 0):
 garbage-first heap   total 155648K, used 105459K [0x0000000080000000, 0x0000000100000000)
  region size 1024K, 71 young (72704K), 9 survivors (9216K)
 Metaspace       used 58918K, capacity 60227K, committed 60240K, reserved 1101824K
  class space    used 7410K, capacity 7928K, committed 7936K, reserved 1048576K
}
Event: 12.983 GC heap after
{Heap after GC invocations=13 (full 0):
 garbage-first heap   total 155648K, used 49050K [0x0000000080000000, 0x0000000100000000)
  region size 1024K, 6 young (6144K), 6 survivors (6144K)
 Metaspace       used 58918K, capacity 60227K, committed 60240K, reserved 1101824K
  class space    used 7410K, capacity 7928K, committed 7936K, reserved 1048576K
}
Event: 14.426 GC heap before
{Heap before GC invocations=14 (full 0):
 garbage-first heap   total 155648K, used 113562K [0x0000000080000000, 0x0000000100000000)
  region size 1024K, 69 young (70656K), 6 survivors (6144K)
 Metaspace       used 64547K, capacity 66024K, committed 66256K, reserved 1107968K
  class space    used 8232K, capacity 8799K, committed 8832K, reserved 1048576K
}
Event: 14.442 GC heap after
{Heap after GC invocations=15 (full 0):
 garbage-first heap   total 155648K, used 53904K [0x0000000080000000, 0x0000000100000000)
  region size 1024K, 6 young (6144K), 6 survivors (6144K)
 Metaspace       used 64547K, capacity 66024K, committed 66256K, reserved 1107968K
  class space    used 8232K, capacity 8799K, committed 8832K, reserved 1048576K
}
Event: 16.259 GC heap before
{Heap before GC invocations=16 (full 0):
 garbage-first heap   total 155648K, used 117392K [0x0000000080000000, 0x0000000100000000)
  region size 1024K, 68 young (69632K), 6 survivors (6144K)
 Metaspace       used 70566K, capacity 72110K, committed 72400K, reserved 1112064K
  class space    used 9149K, capacity 9786K, committed 9856K, reserved 1048576K
}
Event: 16.276 GC heap after
{Heap after GC invocations=17 (full 0):
 garbage-first heap   total 155648K, used 58080K [0x0000000080000000, 0x0000000100000000)
  region size 1024K, 4 young (4096K), 4 survivors (4096K)
 Metaspace       used 70566K, capacity 72110K, committed 72400K, reserved 1112064K
  class space    used 9149K, capacity 9786K, committed 9856K, reserved 1048576K
}
Event: 18.262 GC heap before
{Heap before GC invocations=17 (full 0):
 garbage-first heap   total 155648K, used 120544K [0x0000000080000000, 0x0000000100000000)
  region size 1024K, 65 young (66560K), 4 survivors (4096K)
 Metaspace       used 75569K, capacity 77342K, committed 77520K, reserved 1116160K
  class space    used 9838K, capacity 10513K, committed 10624K, reserved 1048576K
}
Event: 18.286 GC heap after
{Heap after GC invocations=18 (full 0):
 garbage-first heap   total 187392K, used 63465K [0x0000000080000000, 0x0000000100000000)
  region size 1024K, 9 young (9216K), 9 survivors (9216K)
 Metaspace       used 75569K, capacity 77342K, committed 77520K, reserved 1116160K
  class space    used 9838K, capacity 10513K, committed 10624K, reserved 1048576K
}
Event: 19.748 GC heap before
{Heap before GC invocations=18 (full 0):
 garbage-first heap   total 187392K, used 137193K [0x0000000080000000, 0x0000000100000000)
  region size 1024K, 81 young (82944K), 9 survivors (9216K)
 Metaspace       used 76230K, capacity 77965K, committed 78288K, reserved 1118208K
  class space    used 9854K, capacity 10528K, committed 10624K, reserved 1048576K
}
Event: 19.769 GC heap after
{Heap after GC invocations=19 (full 0):
 garbage-first heap   total 187392K, used 68901K [0x0000000080000000, 0x0000000100000000)
  region size 1024K, 11 young (11264K), 11 survivors (11264K)
 Metaspace       used 76230K, capacity 77965K, committed 78288K, reserved 1118208K
  class space    used 9854K, capacity 10528K, committed 10624K, reserved 1048576K
}
Event: 20.900 GC heap before
{Heap before GC invocations=19 (full 0):
 garbage-first heap   total 187392K, used 141605K [0x0000000080000000, 0x0000000100000000)
  region size 1024K, 83 young (84992K), 11 survivors (11264K)
 Metaspace       used 79167K, capacity 80982K, committed 81232K, reserved 1120256K
  class space    used 10233K, capacity 10921K, committed 11008K, reserved 1048576K
}
Event: 20.920 GC heap after
{Heap after GC invocations=20 (full 0):
 garbage-first heap   total 187392K, used 72900K [0x0000000080000000, 0x0000000100000000)
  region size 1024K, 10 young (10240K), 10 survivors (10240K)
 Metaspace       used 79167K, capacity 80982K, committed 81232K, reserved 1120256K
  class space    used 10233K, capacity 10921K, committed 11008K, reserved 1048576K
}
Event: 23.002 GC heap before
{Heap before GC invocations=20 (full 0):
 garbage-first heap   total 187392K, used 146628K [0x0000000080000000, 0x0000000100000000)
  region size 1024K, 82 young (83968K), 10 survivors (10240K)
 Metaspace       used 86100K, capacity 88275K, committed 88528K, reserved 1126400K
  class space    used 11187K, capacity 12038K, committed 12160K, reserved 1048576K
}
Event: 23.020 GC heap after
{Heap after GC invocations=21 (full 0):
 garbage-first heap   total 187392K, used 77536K [0x0000000080000000, 0x0000000100000000)
  region size 1024K, 9 young (9216K), 9 survivors (9216K)
 Metaspace       used 86100K, capacity 88275K, committed 88528K, reserved 1126400K
  class space    used 11187K, capacity 12038K, committed 12160K, reserved 1048576K
}

Deoptimization events (20 events):
Event: 23.898 Thread 0x000001d4874a6800 DEOPT PACKING pc=0x000001d4f0fa18c5 sp=0x000000729e5f76b0
Event: 23.898 Thread 0x000001d4874a6800 DEOPT UNPACKING pc=0x000001d4ef5272ce sp=0x000000729e5f6b58 mode 0
Event: 23.902 Thread 0x000001d4874a6800 DEOPT PACKING pc=0x000001d4f0fa18c5 sp=0x000000729e5f76b0
Event: 23.902 Thread 0x000001d4874a6800 DEOPT UNPACKING pc=0x000001d4ef5272ce sp=0x000000729e5f6b58 mode 0
Event: 23.911 Thread 0x000001d4874a6800 DEOPT PACKING pc=0x000001d4f0fa18c5 sp=0x000000729e5f76b0
Event: 23.911 Thread 0x000001d4874a6800 DEOPT UNPACKING pc=0x000001d4ef5272ce sp=0x000000729e5f6b58 mode 0
Event: 23.941 Thread 0x000001d4874a6800 DEOPT PACKING pc=0x000001d4f0fa18c5 sp=0x000000729e5f76b0
Event: 23.941 Thread 0x000001d4874a6800 DEOPT UNPACKING pc=0x000001d4ef5272ce sp=0x000000729e5f6b58 mode 0
Event: 23.949 Thread 0x000001d4874a6800 DEOPT PACKING pc=0x000001d4f0fa18c5 sp=0x000000729e5f76b0
Event: 23.949 Thread 0x000001d4874a6800 DEOPT UNPACKING pc=0x000001d4ef5272ce sp=0x000000729e5f6b58 mode 0
Event: 23.974 Thread 0x000001d4874a6800 DEOPT PACKING pc=0x000001d4f0fa18c5 sp=0x000000729e5f76b0
Event: 23.974 Thread 0x000001d4874a6800 DEOPT UNPACKING pc=0x000001d4ef5272ce sp=0x000000729e5f6b58 mode 0
Event: 23.979 Thread 0x000001d4874a6800 DEOPT PACKING pc=0x000001d4f0fa18c5 sp=0x000000729e5f76b0
Event: 23.979 Thread 0x000001d4874a6800 DEOPT UNPACKING pc=0x000001d4ef5272ce sp=0x000000729e5f6b58 mode 0
Event: 24.018 Thread 0x000001d4874a6800 DEOPT PACKING pc=0x000001d4f0fa18c5 sp=0x000000729e5f76b0
Event: 24.018 Thread 0x000001d4874a6800 DEOPT UNPACKING pc=0x000001d4ef5272ce sp=0x000000729e5f6b58 mode 0
Event: 24.036 Thread 0x000001d4874a6800 DEOPT PACKING pc=0x000001d4f0fa18c5 sp=0x000000729e5f76b0
Event: 24.036 Thread 0x000001d4874a6800 DEOPT UNPACKING pc=0x000001d4ef5272ce sp=0x000000729e5f6b58 mode 0
Event: 24.089 Thread 0x000001d4874a6800 DEOPT PACKING pc=0x000001d4f0fa18c5 sp=0x000000729e5f76b0
Event: 24.089 Thread 0x000001d4874a6800 DEOPT UNPACKING pc=0x000001d4ef5272ce sp=0x000000729e5f6b58 mode 0

Classes redefined (0 events):
No events

Internal exceptions (20 events):
Event: 21.841 Thread 0x000001d48cff4800 Exception <a 'java/lang/NoSuchMethodError'{0x0000000088c08058}: 'java.lang.Object java.lang.invoke.DirectMethodHandle$Holder.invokeStatic(java.lang.Object, java.lang.Object, int, java.lang.Object, long)'> (0x0000000088c08058) thrown at [./src/hotspot/share/interpreter/linkResolver.cpp, line 773]
Event: 21.855 Thread 0x000001d4874a6800 Exception <a 'java/lang/NoSuchMethodError'{0x0000000088c29640}: <clinit>> (0x0000000088c29640) thrown at [./src/hotspot/share/prims/jni.cpp, line 1362]
Event: 21.856 Thread 0x000001d4874a6800 Exception <a 'java/lang/NoSuchMethodError'{0x0000000088c3f3f8}: <clinit>> (0x0000000088c3f3f8) thrown at [./src/hotspot/share/prims/jni.cpp, line 1362]
Event: 21.858 Thread 0x000001d4874a6800 Exception <a 'java/lang/NoSuchMethodError'{0x0000000088c546e8}: <clinit>> (0x0000000088c546e8) thrown at [./src/hotspot/share/prims/jni.cpp, line 1362]
Event: 21.867 Thread 0x000001d4874a6800 Exception <a 'java/lang/NoSuchMethodError'{0x0000000088c9e020}: <clinit>> (0x0000000088c9e020) thrown at [./src/hotspot/share/prims/jni.cpp, line 1362]
Event: 21.898 Thread 0x000001d4874a6800 Exception <a 'java/lang/NoSuchMethodError'{0x0000000088bc6868}: <clinit>> (0x0000000088bc6868) thrown at [./src/hotspot/share/prims/jni.cpp, line 1362]
Event: 21.905 Thread 0x000001d4874a6800 Exception <a 'java/lang/NoSuchMethodError'{0x0000000088a43b88}: <clinit>> (0x0000000088a43b88) thrown at [./src/hotspot/share/prims/jni.cpp, line 1362]
Event: 21.942 Thread 0x000001d48a5c5000 Exception <a 'java/lang/NoSuchMethodError'{0x00000000888560f8}: 'java.lang.Object java.lang.invoke.DirectMethodHandle$Holder.invokeStatic(java.lang.Object, java.lang.Object, java.lang.Object, java.lang.Object, java.lang.Object, java.lang.Object, java.lang.Object, java.lang.Object, java.lang.Object, java.lang.Object, java.lang.Object, java.lang.Object, java.lang.Object, int)'> (0x00000000888560f8) thrown at [./src/hotspot/share/interpreter/linkResolver.cpp, line 773]
Event: 21.944 Thread 0x000001d48a5c5000 Exception <a 'java/lang/NoSuchMethodError'{0x0000000088862b68}: 'java.lang.Object java.lang.invoke.DirectMethodHandle$Holder.invokeStatic(java.lang.Object, java.lang.Object, java.lang.Object, java.lang.Object, java.lang.Object, java.lang.Object, java.lang.Object, java.lang.Object, java.lang.Object, java.lang.Object, java.lang.Object, java.lang.Object, java.lang.Object, int, int)'> (0x0000000088862b68) thrown at [./src/hotspot/share/interpreter/linkResolver.cpp, line 773]
Event: 22.137 Thread 0x000001d48752f800 Exception <a 'java/lang/NoSuchMethodError'{0x00000000886016d8}: <clinit>> (0x00000000886016d8) thrown at [./src/hotspot/share/prims/jni.cpp, line 1362]
Event: 22.208 Thread 0x000001d4874a6800 Exception <a 'sun/nio/fs/WindowsException'{0x00000000881c0510}> (0x00000000881c0510) thrown at [./src/hotspot/share/prims/jni.cpp, line 615]
Event: 22.209 Thread 0x000001d4874a6800 Exception <a 'sun/nio/fs/WindowsException'{0x00000000881c16b0}> (0x00000000881c16b0) thrown at [./src/hotspot/share/prims/jni.cpp, line 615]
Event: 22.212 Thread 0x000001d4874a6800 Exception <a 'sun/nio/fs/WindowsException'{0x00000000881c8710}> (0x00000000881c8710) thrown at [./src/hotspot/share/prims/jni.cpp, line 615]
Event: 22.213 Thread 0x000001d4874a6800 Exception <a 'sun/nio/fs/WindowsException'{0x00000000881c98f8}> (0x00000000881c98f8) thrown at [./src/hotspot/share/prims/jni.cpp, line 615]
Event: 22.213 Thread 0x000001d4874a6800 Exception <a 'sun/nio/fs/WindowsException'{0x00000000881cbd48}> (0x00000000881cbd48) thrown at [./src/hotspot/share/prims/jni.cpp, line 615]
Event: 22.213 Thread 0x000001d4874a6800 Exception <a 'sun/nio/fs/WindowsException'{0x00000000881ccf40}> (0x00000000881ccf40) thrown at [./src/hotspot/share/prims/jni.cpp, line 615]
Event: 22.224 Thread 0x000001d4874a6800 Exception <a 'java/lang/NoSuchMethodError'{0x000000008800a1f8}: 'void java.lang.invoke.DirectMethodHandle$Holder.invokeStatic(java.lang.Object, java.lang.Object, java.lang.Object, java.lang.Object, int, java.lang.Object)'> (0x000000008800a1f8) thrown at [./src/hotspot/share/interpreter/linkResolver.cpp, line 773]
Event: 22.930 Thread 0x000001d4874a6800 Exception <a 'sun/nio/fs/WindowsException'{0x0000000087181f18}> (0x0000000087181f18) thrown at [./src/hotspot/share/prims/jni.cpp, line 615]
Event: 22.931 Thread 0x000001d4874a6800 Exception <a 'java/lang/NoSuchMethodError'{0x000000008718df40}: 'java.lang.Object java.lang.invoke.Invokers$Holder.linkToTargetMethod(java.lang.Object, java.lang.Object, java.lang.Object, int, int, java.lang.Object)'> (0x000000008718df40) thrown at [./src/hotspot/share/interpreter/linkResolver.cpp, line 773]
Event: 22.966 Thread 0x000001d4874a6800 Exception <a 'java/lang/NoSuchMethodError'{0x00000000870343b0}: 'int java.lang.invoke.DirectMethodHandle$Holder.invokeVirtual(java.lang.Object, java.lang.Object, java.lang.Object)'> (0x00000000870343b0) thrown at [./src/hotspot/share/interpreter/linkResolver.cpp, line 773]

Events (20 events):
Event: 23.322 loading class jdk/internal/math/FloatingDecimal$HexFloatPattern
Event: 23.322 loading class jdk/internal/math/FloatingDecimal$HexFloatPattern done
Event: 23.333 loading class com/sun/tools/javac/parser/Tokens$TokenKind
Event: 23.333 loading class com/sun/tools/javac/parser/Tokens$TokenKind done
Event: 23.333 loading class com/sun/tools/javac/parser/Tokens$TokenKind
Event: 23.333 loading class com/sun/tools/javac/parser/Tokens$TokenKind done
Event: 23.333 loading class com/sun/tools/javac/util/Filter
Event: 23.333 loading class com/sun/tools/javac/util/Filter done
Event: 23.353 Executing VM operation: Deoptimize
Event: 23.355 Executing VM operation: Deoptimize done
Event: 23.448 loading class com/sun/tools/javac/tree/JCTree
Event: 23.448 loading class com/sun/tools/javac/tree/JCTree done
Event: 23.448 loading class com/sun/tools/javac/tree/JCTree
Event: 23.448 loading class com/sun/tools/javac/tree/JCTree done
Event: 23.673 Executing VM operation: ICBufferFull
Event: 23.673 Executing VM operation: ICBufferFull done
Event: 24.086 loading class com/sun/tools/javac/tree/JCTree$JCLiteral
Event: 24.086 loading class com/sun/tools/javac/tree/JCTree$JCLiteral done
Event: 24.087 loading class com/sun/tools/javac/tree/JCTree$JCLiteral
Event: 24.087 loading class com/sun/tools/javac/tree/JCTree$JCLiteral done


Dynamic libraries:
0x00007ff6b4f90000 - 0x00007ff6b4f9a000 	C:\Program Files\Android\Android Studio\jre\bin\java.exe
0x00007ff9c5a10000 - 0x00007ff9c5c05000 	C:\WINDOWS\SYSTEM32\ntdll.dll
0x00007ff9c4480000 - 0x00007ff9c453e000 	C:\WINDOWS\System32\KERNEL32.DLL
0x00007ff9c31b0000 - 0x00007ff9c3478000 	C:\WINDOWS\System32\KERNELBASE.dll
0x00007ff9c38a0000 - 0x00007ff9c39a0000 	C:\WINDOWS\System32\ucrtbase.dll
0x00007ff9be6d0000 - 0x00007ff9be6e9000 	C:\Program Files\Android\Android Studio\jre\bin\jli.dll
0x00007ff9be6b0000 - 0x00007ff9be6c7000 	C:\Program Files\Android\Android Studio\jre\bin\VCRUNTIME140.dll
0x00007ff9c50d0000 - 0x00007ff9c5271000 	C:\WINDOWS\System32\USER32.dll
0x00007ff9c36b0000 - 0x00007ff9c36d2000 	C:\WINDOWS\System32\win32u.dll
0x00007ff9c4680000 - 0x00007ff9c46ab000 	C:\WINDOWS\System32\GDI32.dll
0x00007ff9b1dc0000 - 0x00007ff9b205a000 	C:\WINDOWS\WinSxS\amd64_microsoft.windows.common-controls_6595b64144ccf1df_6.0.19041.1110_none_60b5254171f9507e\COMCTL32.dll
0x00007ff9c36e0000 - 0x00007ff9c37ed000 	C:\WINDOWS\System32\gdi32full.dll
0x00007ff9c3480000 - 0x00007ff9c351d000 	C:\WINDOWS\System32\msvcp_win.dll
0x00007ff9c5030000 - 0x00007ff9c50ce000 	C:\WINDOWS\System32\msvcrt.dll
0x00007ff9c45f0000 - 0x00007ff9c4620000 	C:\WINDOWS\System32\IMM32.DLL
0x00007ff98f590000 - 0x00007ff98f62d000 	C:\Program Files\Android\Android Studio\jre\bin\msvcp140.dll
0x00007ff97f450000 - 0x00007ff97ff0c000 	C:\Program Files\Android\Android Studio\jre\bin\server\jvm.dll
0x00007ff9c4f80000 - 0x00007ff9c502e000 	C:\WINDOWS\System32\ADVAPI32.dll
0x00007ff9c5720000 - 0x00007ff9c57bc000 	C:\WINDOWS\System32\sechost.dll
0x00007ff9c4e50000 - 0x00007ff9c4f75000 	C:\WINDOWS\System32\RPCRT4.dll
0x00007ff9c4db0000 - 0x00007ff9c4db8000 	C:\WINDOWS\System32\PSAPI.DLL
0x00007ff9c04b0000 - 0x00007ff9c04b9000 	C:\WINDOWS\SYSTEM32\WSOCK32.dll
0x00007ff9c4d30000 - 0x00007ff9c4d9b000 	C:\WINDOWS\System32\WS2_32.dll
0x00007ff9c18a0000 - 0x00007ff9c18aa000 	C:\WINDOWS\SYSTEM32\VERSION.dll
0x00007ff9b5b00000 - 0x00007ff9b5b27000 	C:\WINDOWS\SYSTEM32\WINMM.dll
0x00007ff9c1c80000 - 0x00007ff9c1c92000 	C:\WINDOWS\SYSTEM32\kernel.appcore.dll
0x00007ff9bcee0000 - 0x00007ff9bcef1000 	C:\Program Files\Android\Android Studio\jre\bin\verify.dll
0x00007ff9be720000 - 0x00007ff9be904000 	C:\WINDOWS\SYSTEM32\DBGHELP.DLL
0x00007ff9aed70000 - 0x00007ff9aed9c000 	C:\WINDOWS\SYSTEM32\dbgcore.DLL
0x00007ff9c3120000 - 0x00007ff9c31a2000 	C:\WINDOWS\System32\bcryptPrimitives.dll
0x00007ff9bc660000 - 0x00007ff9bc689000 	C:\Program Files\Android\Android Studio\jre\bin\java.dll
0x00007ff9bcbf0000 - 0x00007ff9bcbfb000 	C:\Program Files\Android\Android Studio\jre\bin\jimage.dll
0x00007ff991e00000 - 0x00007ff991e18000 	C:\Program Files\Android\Android Studio\jre\bin\zip.dll
0x00007ff9c3ae0000 - 0x00007ff9c4224000 	C:\WINDOWS\System32\SHELL32.dll
0x00007ff9c10f0000 - 0x00007ff9c1885000 	C:\WINDOWS\SYSTEM32\windows.storage.dll
0x00007ff9c49d0000 - 0x00007ff9c4d25000 	C:\WINDOWS\System32\combase.dll
0x00007ff9c2b00000 - 0x00007ff9c2b2e000 	C:\WINDOWS\SYSTEM32\Wldp.dll
0x00007ff9c4540000 - 0x00007ff9c45ed000 	C:\WINDOWS\System32\SHCORE.dll
0x00007ff9c4620000 - 0x00007ff9c4675000 	C:\WINDOWS\System32\shlwapi.dll
0x00007ff9c3060000 - 0x00007ff9c307f000 	C:\WINDOWS\SYSTEM32\profapi.dll
0x00007ff991de0000 - 0x00007ff991dfa000 	C:\Program Files\Android\Android Studio\jre\bin\net.dll
0x00007ff9b4650000 - 0x00007ff9b475c000 	C:\WINDOWS\SYSTEM32\WINHTTP.dll
0x00007ff9c2800000 - 0x00007ff9c286a000 	C:\WINDOWS\system32\mswsock.dll
0x00007ff991dc0000 - 0x00007ff991dd4000 	C:\Program Files\Android\Android Studio\jre\bin\nio.dll
0x00007ff9be6f0000 - 0x00007ff9be717000 	C:\Users\Jaswinder\.gradle\native\f6784746aeab05261644944871eae4fe03e0ef1612fff0a4a95f87b438bc6780\windows-amd64\native-platform.dll
0x00007ff9bcbe0000 - 0x00007ff9bcbea000 	C:\Program Files\Android\Android Studio\jre\bin\management.dll
0x00007ff9a0720000 - 0x00007ff9a072c000 	C:\Program Files\Android\Android Studio\jre\bin\management_ext.dll
0x00007ff9c29f0000 - 0x00007ff9c2a08000 	C:\WINDOWS\SYSTEM32\CRYPTSP.dll
0x00007ff9c2180000 - 0x00007ff9c21b4000 	C:\WINDOWS\system32\rsaenh.dll
0x00007ff9c3680000 - 0x00007ff9c36a7000 	C:\WINDOWS\System32\bcrypt.dll
0x00007ff9c3020000 - 0x00007ff9c304e000 	C:\WINDOWS\SYSTEM32\USERENV.dll
0x00007ff9c2a10000 - 0x00007ff9c2a1c000 	C:\WINDOWS\SYSTEM32\CRYPTBASE.dll
0x00007ff9c24f0000 - 0x00007ff9c252b000 	C:\WINDOWS\SYSTEM32\IPHLPAPI.DLL
0x00007ff9c4e40000 - 0x00007ff9c4e48000 	C:\WINDOWS\System32\NSI.dll
0x00007ff9bc840000 - 0x00007ff9bc857000 	C:\WINDOWS\SYSTEM32\dhcpcsvc6.DLL
0x00007ff9bc8a0000 - 0x00007ff9bc8bd000 	C:\WINDOWS\SYSTEM32\dhcpcsvc.DLL
0x00007ff9c2530000 - 0x00007ff9c25fb000 	C:\WINDOWS\SYSTEM32\DNSAPI.dll
0x00007ff9bc860000 - 0x00007ff9bc86b000 	C:\WINDOWS\SYSTEM32\WINNSI.DLL
0x00007ff9be660000 - 0x00007ff9be668000 	C:\Program Files\Android\Android Studio\jre\bin\rmi.dll

dbghelp: loaded successfully - version: 4.0.5 - missing functions: none
symbol engine: initialized successfully - sym options: 0x614 - pdb path: .;C:\Program Files\Android\Android Studio\jre\bin;C:\WINDOWS\SYSTEM32;C:\WINDOWS\WinSxS\amd64_microsoft.windows.common-controls_6595b64144ccf1df_6.0.19041.1110_none_60b5254171f9507e;C:\Program Files\Android\Android Studio\jre\bin\server;C:\Users\Jaswinder\.gradle\native\f6784746aeab05261644944871eae4fe03e0ef1612fff0a4a95f87b438bc6780\windows-amd64

VM Arguments:
jvm_args: --add-opens=java.base/java.util=ALL-UNNAMED --add-opens=java.base/java.lang=ALL-UNNAMED --add-opens=java.base/java.lang.invoke=ALL-UNNAMED --add-opens=java.prefs/java.util.prefs=ALL-UNNAMED -Xmx2048m -Dfile.encoding=UTF-8 -Duser.country=CA -Duser.language=en -Duser.variant 
java_command: org.gradle.launcher.daemon.bootstrap.GradleDaemon 6.5
java_class_path (initial): C:\Users\Jaswinder\.gradle\wrapper\dists\gradle-6.5-bin\6nifqtx7604sqp1q6g8wikw7p\gradle-6.5\lib\gradle-launcher-6.5.jar
Launcher Type: SUN_STANDARD

[Global flags]
     intx CICompilerCount                          = 3                                         {product} {ergonomic}
     uint ConcGCThreads                            = 1                                         {product} {ergonomic}
     uint G1ConcRefinementThreads                  = 4                                         {product} {ergonomic}
   size_t G1HeapRegionSize                         = 1048576                                   {product} {ergonomic}
    uintx GCDrainStackTargetSize                   = 64                                        {product} {ergonomic}
   size_t InitialHeapSize                          = 132120576                                 {product} {ergonomic}
   size_t MarkStackSize                            = 4194304                                   {product} {ergonomic}
   size_t MaxHeapSize                              = 2147483648                                {product} {command line}
   size_t MaxNewSize                               = 1287651328                                {product} {ergonomic}
   size_t MinHeapDeltaBytes                        = 1048576                                   {product} {ergonomic}
    uintx NonNMethodCodeHeapSize                   = 5830732                                {pd product} {ergonomic}
    uintx NonProfiledCodeHeapSize                  = 122913754                              {pd product} {ergonomic}
    uintx ProfiledCodeHeapSize                     = 122913754                              {pd product} {ergonomic}
    uintx ReservedCodeCacheSize                    = 251658240                              {pd product} {ergonomic}
     bool SegmentedCodeCache                       = true                                      {product} {ergonomic}
     bool UseCompressedClassPointers               = true                                 {lp64_product} {ergonomic}
     bool UseCompressedOops                        = true                                 {lp64_product} {ergonomic}
     bool UseG1GC                                  = true                                      {product} {ergonomic}
     bool UseLargePagesIndividualAllocation        = false                                  {pd product} {ergonomic}

Logging:
Log output configuration:
 #0: stdout all=warning uptime,level,tags
 #1: stderr all=off uptime,level,tags

Environment Variables:
PATH=C:\Program Files (x86)\Intel\iCLS Client\;C:\Program Files\Intel\iCLS Client\;C:\windows\system32;C:\windows;C:\windows\System32\Wbem;C:\windows\System32\WindowsPowerShell\v1.0\;C:\Program Files (x86)\Intel\Intel(R) Management Engine Components\DAL;C:\Program Files\Intel\Intel(R) Management Engine Components\DAL;C:\Program Files (x86)\Intel\Intel(R) Management Engine Components\IPT;C:\Program Files\Intel\Intel(R) Management Engine Components\IPT;C:\Program Files (x86)\NVIDIA Corporation\PhysX\Common;C:\WINDOWS\system32;C:\WINDOWS;C:\WINDOWS\System32\Wbem;C:\WINDOWS\System32\WindowsPowerShell\v1.0\;C:\WINDOWS\System32\OpenSSH\;C:\Program Files (x86)\QuickTime\QTSystem\;C:\Program Files\Git\cmd;C:\Users\Jaswinder\AppData\Local\Microsoft\WindowsApps;
USERNAME=Jaswinder
OS=Windows_NT
PROCESSOR_IDENTIFIER=Intel64 Family 6 Model 78 Stepping 3, GenuineIntel



---------------  S Y S T E M  ---------------

OS: Windows 10 , 64 bit Build 19041 (10.0.19041.1466)
OS uptime: 0 days 1:34 hours

CPU:total 4 (initial active 4) (2 cores per cpu, 2 threads per core) family 6 model 78 stepping 3, cmov, cx8, fxsr, mmx, sse, sse2, sse3, ssse3, sse4.1, sse4.2, popcnt, avx, avx2, aes, clmul, erms, 3dnowpref, lzcnt, ht, tsc, tscinvbit, bmi1, bmi2, adx, fma

Memory: 4k page, system-wide physical 8012M (736M free)
TotalPageFile size 8012M (AvailPageFile size 5M)
current process WorkingSet (physical memory assigned to process): 433M, peak: 434M
current process commit charge ("private bytes"): 467M, peak: 468M

vm_info: OpenJDK 64-Bit Server VM (11.0.8+10-b944.6842174) for windows-amd64 JRE (11.0.8+10-b944.6842174), built on Sep 19 2020 01:11:42 by "builder" with MS VC++ 14.0 (VS2015)

END.
